Mplus VERSION 8.5 (Mac)
MUTHEN & MUTHEN
06/19/2023   5:37 PM

INPUT INSTRUCTIONS

  TITLE:
  Step3 - 3step LSAY - Lab9
  DATA:
  FILE = "./Step1_MPlus_Outcomes.dat";

  VARIABLE:
  NAMES = W4_SMOKE W5_SMOKE W6_SMOKE W7_SMOKE W8_SMOKE W4_DRINK W5_DRINK W6_DRINK
       W7_DRINK W8_DRINK W4_PA W5_PA W6_PA W7_PA W8_PA W4_FV W5_FV W6_FV W7_FV W8_FV
       FEMALE AGE PAT_INT PAT_HIG SELF_INT SELF_HIG EDU_UPP EDU_TER WEALTH_2 WEALTH_3
       EYE_4 CIRCUL_4 ENDOCR_4 MUSCUL_4 RESPIR_4 NEOPLA_4 NERVOU_4 MENTAL_4 MULTI_4
       CMULTI_4 LUNCAN_4 EYE CIRCUL ENDOCR MUSCUL RESPIR NEOPLA NERVOU MENTAL MULTI
       CMULTI LUNCAN CPROB1 CPROB2 CPROB3 CPROB4 CPROB5 CPROB6 CPROB7 N WEIGHTS;
   MISSING=.;
   nominal=N;
    usevar = n;
    USEOBSERVATIONS = Female NE -99 AND Age NE -99 AND
    Pat_Int NE -99 AND
  Pat_Hig NE -99 AND Self_Int NE -99 AND
  Self_Hig NE -99 AND Edu_Upp NE -99 AND
  Edu_Ter NE -99 AND
  Wealth_2 NE -99 AND Wealth_3 NE -99;
    missing are all (-99);
    classes = c(7);
    CATEGORICAL = Respir;
    usevar = Female Age
     Pat_Int Pat_Hig Self_Int Self_Hig Edu_Upp
     Edu_Ter Wealth_2 Wealth_3 Respir Respir_4;
    WEIGHT  = Weights;
  ANALYSIS:
  estimator = mlr;
    type = mixture;
    starts = 0;
    ITERATIONS = 1000;
  MODEL:
  %OVERALL%

  Respir ON Female Age
     Pat_Int Pat_Hig Self_Int Self_Hig Edu_Upp
     Edu_Ter Wealth_2 Wealth_3 Respir_4;         ! covariate as predictor of distal

      %C#1%
      [n#1@5.894];
      [n#2@-0.212];
      [n#3@2.744];
      [n#4@2.929];
      [n#5@2.767];
      [n#6@2.614];
    [Respir$1](m1);

     %C#2%
    [n#1@0.943];
    [n#2@5.57];
    [n#3@0.299];
    [n#4@-0.836];
    [n#5@2.064];
    [n#6@1.486];
    [Respir$1](m2);


    %C#3%
   [n#1@-0.647];
    [n#2@-3.884];
    [n#3@3.041];
    [n#4@-2.079];
    [n#5@0.435];
    [n#6@-0.381];

    [Respir$1](m3);


     %C#4%
    [n#1@0.517];
    [n#2@-4.099];
    [n#3@-1.011];
    [n#4@2.936];
    [n#5@-3.339];
    [n#6@-2.198];

    [Respir$1](m4);



     %C#5%
    [n#1@-1.493];
    [n#2@-1.348];
    [n#3@1.153];
    [n#4@-4.366];
    [n#5@4.073];
    [n#6@0.948];

    [Respir$1](m5);


      %C#6%
    [n#1@-0.017];
    [n#2@-1.78];
    [n#3@0.663];
    [n#4@-1.502];
    [n#5@1.069];
    [n#6@3.456];
      [Respir$1](m6);

    %C#7%
    [n#1@-6.144];
    [n#2@-7.357];
    [n#3@-2.764];
    [n#4@-3.487];
    [n#5@-3.163];
    [n#6@-3.576];
    [Respir$1](m7);
  MODEL CONSTRAINT:
  New (diff12 diff13 diff23 diff14
    diff24 diff34 diff15 diff16 diff25
    diff26 diff35 diff36 diff45
    diff46 diff56 diff17 diff27 diff37
    diff47 diff57 diff67);
    diff12 = m1-m2;  ! test pairwise distal mean differences
    diff13 = m1-m3;
    diff23 = m2-m3;
    diff14 = m1-m4;
    diff24 = m2-m4;
    diff34 = m3-m4;
    diff15 = m1-m5;
    diff16 = m1-m6;
    diff25 = m2-m5;
    diff26 = m2-m6;
    diff35 = m3-m5;
    diff36 = m3-m6;
    diff45 = m4-m5;
    diff46 = m4-m6;
    diff56 = m5-m6;
    diff17 = m1-m7;   ! additional pairwise difference
    diff27 = m2-m7;
    diff37 = m3-m7;
    diff47 = m4-m7;
    diff57 = m5-m7;
    diff67 = m6-m7;
  MODEL TEST:
  0=m1-m2;
     0=m2-m3;
     0=m3-m4; ! omnibus test of distal thresholds
     0=m4-m5;
     0=m5-m6;
     0=m6-m7;
  OUTPUT:
  sampstat residual TECH11 TECH14;



*** WARNING
  One or more observations has a value of 0 for the WEIGHT variable.
*** WARNING in OUTPUT command
  TECH11 option is not available in conjunction with nonlinear constraints
  through the use of MODEL CONSTRAINT.  Request for TECH11 is ignored.
*** WARNING in OUTPUT command
  TECH14 option is not available for TYPE=MIXTURE with weights.
  Request for TECH14 is ignored.
*** WARNING
  Data set contains cases with missing on x-variables.
  These cases were not included in the analysis.
  Number of cases with missing on x-variables:  2
   4 WARNING(S) FOUND IN THE INPUT INSTRUCTIONS




Step3 - 3step LSAY - Lab9

SUMMARY OF ANALYSIS

Number of groups                                                 1
Number of observations                                        4757

Number of dependent variables                                    2
Number of independent variables                                 11
Number of continuous latent variables                            0
Number of categorical latent variables                           1

Observed dependent variables

  Binary and ordered categorical (ordinal)
   RESPIR

  Unordered categorical (nominal)
   N

Observed independent variables
   FEMALE      AGE         PAT_INT     PAT_HIG     SELF_INT    SELF_HIG
   EDU_UPP     EDU_TER     WEALTH_2    WEALTH_3    RESPIR_4

Categorical latent variables
   C

Variables with special functions

  Weight variable       WEIGHTS

Estimator                                                      MLR
Information matrix                                        OBSERVED
Optimization Specifications for the Quasi-Newton Algorithm for
Continuous Outcomes
  Maximum number of iterations                                1000
  Convergence criterion                                  0.100D-05
Optimization Specifications for the EM Algorithm
  Maximum number of iterations                                 500
  Convergence criteria
    Loglikelihood change                                 0.100D-06
    Relative loglikelihood change                        0.100D-06
    Derivative                                           0.100D-05
Optimization Specifications for the M step of the EM Algorithm for
Categorical Latent variables
  Number of M step iterations                                    1
  M step convergence criterion                           0.100D-05
  Basis for M step termination                           ITERATION
Optimization Specifications for the M step of the EM Algorithm for
Censored, Binary or Ordered Categorical (Ordinal), Unordered
Categorical (Nominal) and Count Outcomes
  Number of M step iterations                                    1
  M step convergence criterion                           0.100D-05
  Basis for M step termination                           ITERATION
  Maximum value for logit thresholds                            15
  Minimum value for logit thresholds                           -15
  Minimum expected cell size for chi-square              0.100D-01
Maximum number of iterations for H1                           2000
Convergence criterion for H1                             0.100D-03
Optimization algorithm                                         EMA
Link                                                         LOGIT

Input data file(s)
  ./Step1_MPlus_Outcomes.dat
Input data format  FREE


SUMMARY OF DATA

     Number of missing data patterns             2
     Number of y missing data patterns           0
     Number of u missing data patterns           2


COVARIANCE COVERAGE OF DATA

Minimum covariance coverage value   0.100


     PROPORTION OF DATA PRESENT FOR U


           Covariance Coverage
              RESPIR
              ________
 RESPIR         1.000


UNIVARIATE PROPORTIONS AND COUNTS FOR CATEGORICAL VARIABLES

    RESPIR
      Category 1    0.857         4077.405
      Category 2    0.143          677.822
    N
      Category 1    0.140          668.039
      Category 2    0.104          495.409
      Category 3    0.172          820.489
      Category 4    0.109          520.325
      Category 5    0.212         1008.522
      Category 6    0.128          606.900
      Category 7    0.134          637.318


SAMPLE STATISTICS


     SAMPLE STATISTICS


           Means
              FEMALE        AGE           PAT_INT       PAT_HIG       SELF_INT
              ________      ________      ________      ________      ________
                0.535        63.590         0.333         0.376         0.251


           Means
              SELF_HIG      EDU_UPP       EDU_TER       WEALTH_2      WEALTH_3
              ________      ________      ________      ________      ________
                0.346         0.568         0.169         0.340         0.356


           Means
              RESPIR_4
              ________
                0.118


           Covariances
              FEMALE        AGE           PAT_INT       PAT_HIG       SELF_INT
              ________      ________      ________      ________      ________
 FEMALE         0.249
 AGE            0.260        65.146
 PAT_INT       -0.011        -0.029         0.222
 PAT_HIG        0.009        -0.156        -0.125         0.235
 SELF_INT       0.023         0.023         0.000         0.006         0.188
 SELF_HIG      -0.034        -0.446        -0.010         0.046        -0.087
 EDU_UPP       -0.004        -0.330         0.002         0.010         0.026
 EDU_TER       -0.023        -0.406        -0.014         0.037        -0.015
 WEALTH_2       0.001        -0.008         0.010        -0.009         0.005
 WEALTH_3      -0.011        -0.231        -0.018         0.056         0.013
 RESPIR_4       0.006         0.049        -0.004         0.000        -0.005


           Covariances
              SELF_HIG      EDU_UPP       EDU_TER       WEALTH_2      WEALTH_3
              ________      ________      ________      ________      ________
 SELF_HIG       0.226
 EDU_UPP       -0.008         0.245
 EDU_TER        0.071        -0.096         0.140
 WEALTH_2      -0.010         0.017        -0.012         0.225
 WEALTH_3       0.059         0.002         0.045        -0.121         0.229
 RESPIR_4      -0.002        -0.006        -0.003        -0.001        -0.011


           Covariances
              RESPIR_4
              ________
 RESPIR_4       0.104


           Correlations
              FEMALE        AGE           PAT_INT       PAT_HIG       SELF_INT
              ________      ________      ________      ________      ________
 FEMALE         1.000
 AGE            0.065         1.000
 PAT_INT       -0.045        -0.008         1.000
 PAT_HIG        0.039        -0.040        -0.548         1.000
 SELF_INT       0.107         0.007         0.001         0.030         1.000
 SELF_HIG      -0.145        -0.116        -0.044         0.199        -0.421
 EDU_UPP       -0.017        -0.083         0.011         0.041         0.120
 EDU_TER       -0.124        -0.134        -0.080         0.205        -0.094
 WEALTH_2       0.005        -0.002         0.045        -0.041         0.023
 WEALTH_3      -0.047        -0.060        -0.078         0.243         0.063
 RESPIR_4       0.036         0.019        -0.023        -0.002        -0.034


           Correlations
              SELF_HIG      EDU_UPP       EDU_TER       WEALTH_2      WEALTH_3
              ________      ________      ________      ________      ________
 SELF_HIG       1.000
 EDU_UPP       -0.034         1.000
 EDU_TER        0.398        -0.517         1.000
 WEALTH_2      -0.045         0.073        -0.069         1.000
 WEALTH_3       0.257         0.008         0.252        -0.535         1.000
 RESPIR_4      -0.012        -0.035        -0.022        -0.008        -0.070


           Correlations
              RESPIR_4
              ________
 RESPIR_4       1.000


UNIVARIATE SAMPLE STATISTICS


     UNIVARIATE HIGHER-ORDER MOMENT DESCRIPTIVE STATISTICS

         Variable/         Mean/     Skewness/   Minimum/ % with                Percentiles
        Sample Size      Variance    Kurtosis    Maximum  Min/Max      20%/60%    40%/80%    Median

     FEMALE                0.535      -0.140       0.000   43.73%       0.000      0.000      1.000
            4757.000       0.249      -1.981       1.000   56.27%       1.000      1.000
     AGE                  63.590       0.607      33.000    0.02%      56.000     60.000     62.000
            4757.000      65.146      -0.424      99.000    0.02%      64.000     71.000
     PAT_INT               0.333       0.708       0.000   67.84%       0.000      0.000      0.000
            4757.000       0.222      -1.498       1.000   32.16%       0.000      1.000
     PAT_HIG               0.376       0.512       0.000   59.45%       0.000      0.000      0.000
            4757.000       0.235      -1.738       1.000   40.55%       1.000      1.000
     SELF_INT              0.251       1.147       0.000   73.85%       0.000      0.000      0.000
            4757.000       0.188      -0.683       1.000   26.15%       0.000      1.000
     SELF_HIG              0.346       0.649       0.000   60.75%       0.000      0.000      0.000
            4757.000       0.226      -1.579       1.000   39.25%       0.000      1.000
     EDU_UPP               0.568      -0.276       0.000   41.03%       0.000      0.000      1.000
            4757.000       0.245      -1.924       1.000   58.97%       1.000      1.000
     EDU_TER               0.169       1.771       0.000   79.10%       0.000      0.000      0.000
            4757.000       0.140       1.136       1.000   20.90%       0.000      1.000
     WEALTH_2              0.340       0.673       0.000   66.07%       0.000      0.000      0.000
            4757.000       0.225      -1.547       1.000   33.93%       0.000      1.000
     WEALTH_3              0.356       0.599       0.000   60.42%       0.000      0.000      0.000
            4757.000       0.229      -1.641       1.000   39.58%       0.000      1.000
     RESPIR_4              0.118       2.368       0.000   88.48%       0.000      0.000      0.000
            4757.000       0.104       3.607       1.000   11.52%       0.000      0.000


THE MODEL ESTIMATION TERMINATED NORMALLY



MODEL FIT INFORMATION

Number of Free Parameters                       24

Loglikelihood

          H0 Value                      -10320.027
          H0 Scaling Correction Factor      1.2392
            for MLR

Information Criteria

          Akaike (AIC)                   20688.055
          Bayesian (BIC)                 20843.272
          Sample-Size Adjusted BIC       20767.008
            (n* = (n + 2) / 24)

Wald Test of Parameter Constraints

          Value                             35.998
          Degrees of Freedom                     6
          P-Value                           0.0000



FINAL CLASS COUNTS AND PROPORTIONS FOR THE LATENT CLASSES
BASED ON THE ESTIMATED MODEL

    Latent
   Classes

       1        690.97237          0.14525
       2        518.85415          0.10907
       3        798.56469          0.16787
       4        543.96529          0.11435
       5        953.29496          0.20040
       6        613.40814          0.12895
       7        637.94040          0.13411


FINAL CLASS COUNTS AND PROPORTIONS FOR THE LATENT CLASSES
BASED ON ESTIMATED POSTERIOR PROBABILITIES

    Latent
   Classes

       1        690.97237          0.14525
       2        518.85415          0.10907
       3        798.56469          0.16787
       4        543.96529          0.11435
       5        953.29496          0.20040
       6        613.40814          0.12895
       7        637.94040          0.13411


FINAL CLASS COUNTS AND PROPORTIONS FOR THE LATENT CLASSES
BASED ON THEIR MOST LIKELY LATENT CLASS MEMBERSHIP

Class Counts and Proportions

    Latent
   Classes

       1              668          0.14043
       2              495          0.10414
       3              820          0.17248
       4              520          0.10938
       5             1009          0.21201
       6              607          0.12758
       7              637          0.13397


CLASSIFICATION QUALITY

     Entropy                         0.697


Average Latent Class Probabilities for Most Likely Latent Class Membership (Row)
by Latent Class (Column)

           1        2        3        4        5        6        7

    1   0.876    0.007    0.025    0.062    0.005    0.023    0.002
    2   0.003    0.981    0.001    0.001    0.008    0.005    0.001
    3   0.031    0.003    0.820    0.011    0.056    0.037    0.042
    4   0.058    0.002    0.008    0.893    0.000    0.007    0.032
    5   0.025    0.014    0.049    0.001    0.841    0.046    0.023
    6   0.036    0.013    0.036    0.005    0.061    0.823    0.025
    7   0.003    0.003    0.050    0.039    0.023    0.025    0.858


Classification Probabilities for the Most Likely Latent Class Membership (Column)
by Latent Class (Row)

           1        2        3        4        5        6        7

    1   0.847    0.002    0.036    0.044    0.037    0.032    0.002
    2   0.009    0.937    0.005    0.002    0.028    0.016    0.004
    3   0.021    0.001    0.843    0.005    0.062    0.028    0.040
    4   0.076    0.001    0.017    0.855    0.002    0.005    0.045
    5   0.003    0.004    0.048    0.000    0.890    0.039    0.015
    6   0.025    0.004    0.050    0.006    0.075    0.814    0.026
    7   0.002    0.001    0.054    0.026    0.036    0.024    0.857


Logits for the Classification Probabilities for the Most Likely Latent Class Membership (Column)
by Latent Class (Row)

              1        2        3        4        5        6        7

    1      5.894   -0.203    2.744    2.929    2.767    2.614    0.000
    2      0.948    5.573    0.296   -0.830    2.067    1.484    0.000
    3     -0.647   -3.877    3.041   -2.079    0.435   -0.381    0.000
    4      0.517   -4.088   -1.011    2.936   -3.339   -2.198    0.000
    5     -1.492   -1.343    1.153   -4.365    4.073    0.948    0.000
    6     -0.017   -1.767    0.662   -1.502    1.069    3.456    0.000
    7     -6.144   -7.341   -2.765   -3.487   -3.163   -3.576    0.000


MODEL RESULTS

                                                    Two-Tailed
                    Estimate       S.E.  Est./S.E.    P-Value

Latent Class 1

 RESPIR     ON
    FEMALE            -0.077      0.132     -0.580      0.562
    AGE                0.004      0.008      0.511      0.609
    PAT_INT            0.114      0.161      0.708      0.479
    PAT_HIG            0.475      0.162      2.928      0.003
    SELF_INT          -0.014      0.166     -0.087      0.931
    SELF_HIG          -0.455      0.173     -2.625      0.009
    EDU_UPP           -0.213      0.165     -1.290      0.197
    EDU_TER           -0.397      0.234     -1.697      0.090
    WEALTH_2          -0.060      0.162     -0.367      0.713
    WEALTH_3          -0.017      0.175     -0.100      0.921
    RESPIR_4           4.107      0.147     28.024      0.000

 Means
    N#1                5.894      0.000    999.000    999.000
    N#2               -0.212      0.000    999.000    999.000
    N#3                2.744      0.000    999.000    999.000
    N#4                2.929      0.000    999.000    999.000
    N#5                2.767      0.000    999.000    999.000
    N#6                2.614      0.000    999.000    999.000

 Thresholds
    RESPIR$1           3.087      0.642      4.811      0.000

Latent Class 2

 RESPIR     ON
    FEMALE            -0.077      0.132     -0.580      0.562
    AGE                0.004      0.008      0.511      0.609
    PAT_INT            0.114      0.161      0.708      0.479
    PAT_HIG            0.475      0.162      2.928      0.003
    SELF_INT          -0.014      0.166     -0.087      0.931
    SELF_HIG          -0.455      0.173     -2.625      0.009
    EDU_UPP           -0.213      0.165     -1.290      0.197
    EDU_TER           -0.397      0.234     -1.697      0.090
    WEALTH_2          -0.060      0.162     -0.367      0.713
    WEALTH_3          -0.017      0.175     -0.100      0.921
    RESPIR_4           4.107      0.147     28.024      0.000

 Means
    N#1                0.943      0.000    999.000    999.000
    N#2                5.570      0.000    999.000    999.000
    N#3                0.299      0.000    999.000    999.000
    N#4               -0.836      0.000    999.000    999.000
    N#5                2.064      0.000    999.000    999.000
    N#6                1.486      0.000    999.000    999.000

 Thresholds
    RESPIR$1           2.009      0.582      3.453      0.001

Latent Class 3

 RESPIR     ON
    FEMALE            -0.077      0.132     -0.580      0.562
    AGE                0.004      0.008      0.511      0.609
    PAT_INT            0.114      0.161      0.708      0.479
    PAT_HIG            0.475      0.162      2.928      0.003
    SELF_INT          -0.014      0.166     -0.087      0.931
    SELF_HIG          -0.455      0.173     -2.625      0.009
    EDU_UPP           -0.213      0.165     -1.290      0.197
    EDU_TER           -0.397      0.234     -1.697      0.090
    WEALTH_2          -0.060      0.162     -0.367      0.713
    WEALTH_3          -0.017      0.175     -0.100      0.921
    RESPIR_4           4.107      0.147     28.024      0.000

 Means
    N#1               -0.647      0.000    999.000    999.000
    N#2               -3.884      0.000    999.000    999.000
    N#3                3.041      0.000    999.000    999.000
    N#4               -2.079      0.000    999.000    999.000
    N#5                0.435      0.000    999.000    999.000
    N#6               -0.381      0.000    999.000    999.000

 Thresholds
    RESPIR$1           2.959      0.662      4.467      0.000

Latent Class 4

 RESPIR     ON
    FEMALE            -0.077      0.132     -0.580      0.562
    AGE                0.004      0.008      0.511      0.609
    PAT_INT            0.114      0.161      0.708      0.479
    PAT_HIG            0.475      0.162      2.928      0.003
    SELF_INT          -0.014      0.166     -0.087      0.931
    SELF_HIG          -0.455      0.173     -2.625      0.009
    EDU_UPP           -0.213      0.165     -1.290      0.197
    EDU_TER           -0.397      0.234     -1.697      0.090
    WEALTH_2          -0.060      0.162     -0.367      0.713
    WEALTH_3          -0.017      0.175     -0.100      0.921
    RESPIR_4           4.107      0.147     28.024      0.000

 Means
    N#1                0.517      0.000    999.000    999.000
    N#2               -4.099      0.000    999.000    999.000
    N#3               -1.011      0.000    999.000    999.000
    N#4                2.936      0.000    999.000    999.000
    N#5               -3.339      0.000    999.000    999.000
    N#6               -2.198      0.000    999.000    999.000

 Thresholds
    RESPIR$1           3.174      0.625      5.078      0.000

Latent Class 5

 RESPIR     ON
    FEMALE            -0.077      0.132     -0.580      0.562
    AGE                0.004      0.008      0.511      0.609
    PAT_INT            0.114      0.161      0.708      0.479
    PAT_HIG            0.475      0.162      2.928      0.003
    SELF_INT          -0.014      0.166     -0.087      0.931
    SELF_HIG          -0.455      0.173     -2.625      0.009
    EDU_UPP           -0.213      0.165     -1.290      0.197
    EDU_TER           -0.397      0.234     -1.697      0.090
    WEALTH_2          -0.060      0.162     -0.367      0.713
    WEALTH_3          -0.017      0.175     -0.100      0.921
    RESPIR_4           4.107      0.147     28.024      0.000

 Means
    N#1               -1.493      0.000    999.000    999.000
    N#2               -1.348      0.000    999.000    999.000
    N#3                1.153      0.000    999.000    999.000
    N#4               -4.366      0.000    999.000    999.000
    N#5                4.073      0.000    999.000    999.000
    N#6                0.948      0.000    999.000    999.000

 Thresholds
    RESPIR$1           2.750      0.642      4.283      0.000

Latent Class 6

 RESPIR     ON
    FEMALE            -0.077      0.132     -0.580      0.562
    AGE                0.004      0.008      0.511      0.609
    PAT_INT            0.114      0.161      0.708      0.479
    PAT_HIG            0.475      0.162      2.928      0.003
    SELF_INT          -0.014      0.166     -0.087      0.931
    SELF_HIG          -0.455      0.173     -2.625      0.009
    EDU_UPP           -0.213      0.165     -1.290      0.197
    EDU_TER           -0.397      0.234     -1.697      0.090
    WEALTH_2          -0.060      0.162     -0.367      0.713
    WEALTH_3          -0.017      0.175     -0.100      0.921
    RESPIR_4           4.107      0.147     28.024      0.000

 Means
    N#1               -0.017      0.000    999.000    999.000
    N#2               -1.780      0.000    999.000    999.000
    N#3                0.663      0.000    999.000    999.000
    N#4               -1.502      0.000    999.000    999.000
    N#5                1.069      0.000    999.000    999.000
    N#6                3.456      0.000    999.000    999.000

 Thresholds
    RESPIR$1           3.277      0.658      4.978      0.000

Latent Class 7

 RESPIR     ON
    FEMALE            -0.077      0.132     -0.580      0.562
    AGE                0.004      0.008      0.511      0.609
    PAT_INT            0.114      0.161      0.708      0.479
    PAT_HIG            0.475      0.162      2.928      0.003
    SELF_INT          -0.014      0.166     -0.087      0.931
    SELF_HIG          -0.455      0.173     -2.625      0.009
    EDU_UPP           -0.213      0.165     -1.290      0.197
    EDU_TER           -0.397      0.234     -1.697      0.090
    WEALTH_2          -0.060      0.162     -0.367      0.713
    WEALTH_3          -0.017      0.175     -0.100      0.921
    RESPIR_4           4.107      0.147     28.024      0.000

 Means
    N#1               -6.144      0.000    999.000    999.000
    N#2               -7.357      0.000    999.000    999.000
    N#3               -2.764      0.000    999.000    999.000
    N#4               -3.487      0.000    999.000    999.000
    N#5               -3.163      0.000    999.000    999.000
    N#6               -3.576      0.000    999.000    999.000

 Thresholds
    RESPIR$1           3.441      0.633      5.438      0.000

Categorical Latent Variables

 Means
    C#1                0.080      0.069      1.157      0.247
    C#2               -0.207      0.074     -2.810      0.005
    C#3                0.225      0.072      3.119      0.002
    C#4               -0.159      0.075     -2.121      0.034
    C#5                0.402      0.068      5.890      0.000
    C#6               -0.039      0.078     -0.502      0.616

New/Additional Parameters
    DIFF12             1.078      0.281      3.833      0.000
    DIFF13             0.128      0.272      0.473      0.636
    DIFF23            -0.950      0.254     -3.737      0.000
    DIFF14            -0.086      0.323     -0.267      0.789
    DIFF24            -1.165      0.289     -4.025      0.000
    DIFF34            -0.215      0.285     -0.753      0.451
    DIFF15             0.337      0.274      1.229      0.219
    DIFF16            -0.190      0.322     -0.591      0.555
    DIFF25            -0.741      0.246     -3.009      0.003
    DIFF26            -1.268      0.295     -4.305      0.000
    DIFF35             0.209      0.238      0.876      0.381
    DIFF36            -0.319      0.290     -1.100      0.271
    DIFF45             0.424      0.285      1.486      0.137
    DIFF46            -0.104      0.328     -0.316      0.752
    DIFF56            -0.528      0.290     -1.819      0.069
    DIFF17            -0.354      0.298     -1.189      0.234
    DIFF27            -1.432      0.290     -4.937      0.000
    DIFF37            -0.483      0.290     -1.667      0.096
    DIFF47            -0.268      0.329     -0.814      0.415
    DIFF57            -0.691      0.286     -2.414      0.016
    DIFF67            -0.164      0.331     -0.495      0.620


RESULTS IN PROBABILITY SCALE

                    Estimate

Latent Class 1

 RESPIR
    Category 1         0.872
    Category 2         0.128

Latent Class 2

 RESPIR
    Category 1         0.771
    Category 2         0.229

Latent Class 3

 RESPIR
    Category 1         0.853
    Category 2         0.147

Latent Class 4

 RESPIR
    Category 1         0.901
    Category 2         0.099

Latent Class 5

 RESPIR
    Category 1         0.822
    Category 2         0.178

Latent Class 6

 RESPIR
    Category 1         0.886
    Category 2         0.114

Latent Class 7

 RESPIR
    Category 1         0.904
    Category 2         0.096


LOGISTIC REGRESSION ODDS RATIO RESULTS

                                                95% C.I.
                    Estimate       S.E.  Lower 2.5% Upper 2.5%

Latent Class 1

 RESPIR     ON
    FEMALE             0.926      0.123      0.715      1.200
    AGE                1.004      0.009      0.988      1.021
    PAT_INT            1.121      0.181      0.817      1.538
    PAT_HIG            1.608      0.261      1.170      2.211
    SELF_INT           0.986      0.163      0.712      1.364
    SELF_HIG           0.634      0.110      0.451      0.891
    EDU_UPP            0.808      0.133      0.585      1.117
    EDU_TER            0.672      0.157      0.425      1.063
    WEALTH_2           0.942      0.153      0.686      1.295
    WEALTH_3           0.983      0.172      0.697      1.385
    RESPIR_4          60.790      8.910     45.611     81.020

Latent Class 2

 RESPIR     ON
    FEMALE             0.926      0.123      0.715      1.200
    AGE                1.004      0.009      0.988      1.021
    PAT_INT            1.121      0.181      0.817      1.538
    PAT_HIG            1.608      0.261      1.170      2.211
    SELF_INT           0.986      0.163      0.712      1.364
    SELF_HIG           0.634      0.110      0.451      0.891
    EDU_UPP            0.808      0.133      0.585      1.117
    EDU_TER            0.672      0.157      0.425      1.063
    WEALTH_2           0.942      0.153      0.686      1.295
    WEALTH_3           0.983      0.172      0.697      1.385
    RESPIR_4          60.790      8.910     45.611     81.020

Latent Class 3

 RESPIR     ON
    FEMALE             0.926      0.123      0.715      1.200
    AGE                1.004      0.009      0.988      1.021
    PAT_INT            1.121      0.181      0.817      1.538
    PAT_HIG            1.608      0.261      1.170      2.211
    SELF_INT           0.986      0.163      0.712      1.364
    SELF_HIG           0.634      0.110      0.451      0.891
    EDU_UPP            0.808      0.133      0.585      1.117
    EDU_TER            0.672      0.157      0.425      1.063
    WEALTH_2           0.942      0.153      0.686      1.295
    WEALTH_3           0.983      0.172      0.697      1.385
    RESPIR_4          60.790      8.910     45.611     81.020

Latent Class 4

 RESPIR     ON
    FEMALE             0.926      0.123      0.715      1.200
    AGE                1.004      0.009      0.988      1.021
    PAT_INT            1.121      0.181      0.817      1.538
    PAT_HIG            1.608      0.261      1.170      2.211
    SELF_INT           0.986      0.163      0.712      1.364
    SELF_HIG           0.634      0.110      0.451      0.891
    EDU_UPP            0.808      0.133      0.585      1.117
    EDU_TER            0.672      0.157      0.425      1.063
    WEALTH_2           0.942      0.153      0.686      1.295
    WEALTH_3           0.983      0.172      0.697      1.385
    RESPIR_4          60.790      8.910     45.611     81.020

Latent Class 5

 RESPIR     ON
    FEMALE             0.926      0.123      0.715      1.200
    AGE                1.004      0.009      0.988      1.021
    PAT_INT            1.121      0.181      0.817      1.538
    PAT_HIG            1.608      0.261      1.170      2.211
    SELF_INT           0.986      0.163      0.712      1.364
    SELF_HIG           0.634      0.110      0.451      0.891
    EDU_UPP            0.808      0.133      0.585      1.117
    EDU_TER            0.672      0.157      0.425      1.063
    WEALTH_2           0.942      0.153      0.686      1.295
    WEALTH_3           0.983      0.172      0.697      1.385
    RESPIR_4          60.790      8.910     45.611     81.020

Latent Class 6

 RESPIR     ON
    FEMALE             0.926      0.123      0.715      1.200
    AGE                1.004      0.009      0.988      1.021
    PAT_INT            1.121      0.181      0.817      1.538
    PAT_HIG            1.608      0.261      1.170      2.211
    SELF_INT           0.986      0.163      0.712      1.364
    SELF_HIG           0.634      0.110      0.451      0.891
    EDU_UPP            0.808      0.133      0.585      1.117
    EDU_TER            0.672      0.157      0.425      1.063
    WEALTH_2           0.942      0.153      0.686      1.295
    WEALTH_3           0.983      0.172      0.697      1.385
    RESPIR_4          60.790      8.910     45.611     81.020

Latent Class 7

 RESPIR     ON
    FEMALE             0.926      0.123      0.715      1.200
    AGE                1.004      0.009      0.988      1.021
    PAT_INT            1.121      0.181      0.817      1.538
    PAT_HIG            1.608      0.261      1.170      2.211
    SELF_INT           0.986      0.163      0.712      1.364
    SELF_HIG           0.634      0.110      0.451      0.891
    EDU_UPP            0.808      0.133      0.585      1.117
    EDU_TER            0.672      0.157      0.425      1.063
    WEALTH_2           0.942      0.153      0.686      1.295
    WEALTH_3           0.983      0.172      0.697      1.385
    RESPIR_4          60.790      8.910     45.611     81.020


QUALITY OF NUMERICAL RESULTS

     Condition Number for the Information Matrix              0.202E-03
       (ratio of smallest to largest eigenvalue)


RESIDUAL OUTPUT


     ESTIMATED MODEL AND RESIDUALS (OBSERVED - ESTIMATED) FOR CLASS 1


           Model Estimated Means
              FEMALE        AGE           PAT_INT       PAT_HIG       SELF_INT
              ________      ________      ________      ________      ________
                0.358        63.062         0.298         0.445         0.235


           Model Estimated Means
              SELF_HIG      EDU_UPP       EDU_TER       WEALTH_2      WEALTH_3
              ________      ________      ________      ________      ________
                0.441         0.610         0.230         0.312         0.468


           Model Estimated Means
              RESPIR_4
              ________
                0.116


           Residuals for Means
              FEMALE        AGE           PAT_INT       PAT_HIG       SELF_INT
              ________      ________      ________      ________      ________
                0.000         0.000         0.000         0.000         0.000


           Residuals for Means
              SELF_HIG      EDU_UPP       EDU_TER       WEALTH_2      WEALTH_3
              ________      ________      ________      ________      ________
                0.000         0.000         0.000         0.000         0.000


           Residuals for Means
              RESPIR_4
              ________
                0.000


           Model Estimated Covariances
              FEMALE        AGE           PAT_INT       PAT_HIG       SELF_INT
              ________      ________      ________      ________      ________
 FEMALE         0.230
 AGE            0.091        56.985
 PAT_INT        0.000         0.000         0.209
 PAT_HIG        0.021         0.110         0.000         0.247
 SELF_INT       0.035         0.002         0.000         0.006         0.180
 SELF_HIG       0.000         0.000         0.000         0.053         0.000
 EDU_UPP        0.001         0.000         0.011         0.000         0.019
 EDU_TER        0.000         0.000         0.000         0.048         0.000
 WEALTH_2       0.003         0.000         0.007         0.000         0.000
 WEALTH_3       0.003         0.106         0.000         0.071         0.006
 RESPIR_4       0.008         0.132         0.000         0.002         0.000


           Model Estimated Covariances
              SELF_HIG      EDU_UPP       EDU_TER       WEALTH_2      WEALTH_3
              ________      ________      ________      ________      ________
 SELF_HIG       0.246
 EDU_UPP        0.000         0.238
 EDU_TER        0.081         0.000         0.177
 WEALTH_2       0.000         0.023         0.000         0.215
 WEALTH_3       0.068         0.000         0.052         0.000         0.249
 RESPIR_4       0.000         0.004         0.000         0.008         0.000


           Model Estimated Covariances
              RESPIR_4
              ________
 RESPIR_4       0.103


           Residuals for Covariances
              FEMALE        AGE           PAT_INT       PAT_HIG       SELF_INT
              ________      ________      ________      ________      ________
 FEMALE         0.000
 AGE            0.000         0.000
 PAT_INT        0.000         0.000         0.000
 PAT_HIG        0.000         0.000         0.000         0.000
 SELF_INT       0.000         0.000         0.000         0.000         0.000
 SELF_HIG       0.000         0.000         0.000         0.000         0.000
 EDU_UPP        0.000         0.000         0.000         0.000         0.000
 EDU_TER        0.000         0.000         0.000         0.000         0.000
 WEALTH_2       0.000         0.000         0.000         0.000         0.000
 WEALTH_3       0.000         0.000         0.000         0.000         0.000
 RESPIR_4       0.000         0.000         0.000         0.000         0.000


           Residuals for Covariances
              SELF_HIG      EDU_UPP       EDU_TER       WEALTH_2      WEALTH_3
              ________      ________      ________      ________      ________
 SELF_HIG       0.000
 EDU_UPP        0.000         0.000
 EDU_TER        0.000         0.000         0.000
 WEALTH_2       0.000         0.000         0.000         0.000
 WEALTH_3       0.000         0.000         0.000         0.000         0.000
 RESPIR_4       0.000         0.000         0.000         0.000         0.000


           Residuals for Covariances
              RESPIR_4
              ________
 RESPIR_4       0.000


     ESTIMATED MODEL AND RESIDUALS (OBSERVED - ESTIMATED) FOR CLASS 2


           Model Estimated Means
              FEMALE        AGE           PAT_INT       PAT_HIG       SELF_INT
              ________      ________      ________      ________      ________
                0.550        60.876         0.397         0.248         0.221


           Model Estimated Means
              SELF_HIG      EDU_UPP       EDU_TER       WEALTH_2      WEALTH_3
              ________      ________      ________      ________      ________
                0.245         0.516         0.087         0.309         0.195


           Model Estimated Means
              RESPIR_4
              ________
                0.126


           Residuals for Means
              FEMALE        AGE           PAT_INT       PAT_HIG       SELF_INT
              ________      ________      ________      ________      ________
                0.000         0.000         0.000         0.000         0.000


           Residuals for Means
              SELF_HIG      EDU_UPP       EDU_TER       WEALTH_2      WEALTH_3
              ________      ________      ________      ________      ________
                0.000         0.000         0.000         0.000         0.000


           Residuals for Means
              RESPIR_4
              ________
                0.000


           Model Estimated Covariances
              FEMALE        AGE           PAT_INT       PAT_HIG       SELF_INT
              ________      ________      ________      ________      ________
 FEMALE         0.247
 AGE            0.215        49.594
 PAT_INT        0.010         0.029         0.239
 PAT_HIG        0.000         0.000         0.000         0.187
 SELF_INT       0.015         0.034         0.001         0.006         0.172
 SELF_HIG       0.000         0.000         0.007         0.028         0.000
 EDU_UPP        0.000         0.000         0.005         0.020         0.010
 EDU_TER        0.000         0.000         0.000         0.022         0.000
 WEALTH_2       0.012         0.000         0.009         0.000         0.011
 WEALTH_3       0.000         0.000         0.000         0.040         0.010
 RESPIR_4       0.009         0.033         0.013         0.005         0.000


           Model Estimated Covariances
              SELF_HIG      EDU_UPP       EDU_TER       WEALTH_2      WEALTH_3
              ________      ________      ________      ________      ________
 SELF_HIG       0.185
 EDU_UPP        0.035         0.250
 EDU_TER        0.033         0.000         0.079
 WEALTH_2       0.000         0.010         0.000         0.213
 WEALTH_3       0.044         0.007         0.028         0.000         0.157
 RESPIR_4       0.000         0.000         0.000         0.000         0.000


           Model Estimated Covariances
              RESPIR_4
              ________
 RESPIR_4       0.110


           Residuals for Covariances
              FEMALE        AGE           PAT_INT       PAT_HIG       SELF_INT
              ________      ________      ________      ________      ________
 FEMALE         0.000
 AGE            0.000         0.000
 PAT_INT        0.000         0.000         0.000
 PAT_HIG        0.000         0.000         0.000         0.000
 SELF_INT       0.000         0.000         0.000         0.000         0.000
 SELF_HIG       0.000         0.000         0.000         0.000         0.000
 EDU_UPP        0.000         0.000         0.000         0.000         0.000
 EDU_TER        0.000         0.000         0.000         0.000         0.000
 WEALTH_2       0.000         0.000         0.000         0.000         0.000
 WEALTH_3       0.000         0.000         0.000         0.000         0.000
 RESPIR_4       0.000         0.000         0.000         0.000         0.000


           Residuals for Covariances
              SELF_HIG      EDU_UPP       EDU_TER       WEALTH_2      WEALTH_3
              ________      ________      ________      ________      ________
 SELF_HIG       0.000
 EDU_UPP        0.000         0.000
 EDU_TER        0.000         0.000         0.000
 WEALTH_2       0.000         0.000         0.000         0.000
 WEALTH_3       0.000         0.000         0.000         0.000         0.000
 RESPIR_4       0.000         0.000         0.000         0.000         0.000


           Residuals for Covariances
              RESPIR_4
              ________
 RESPIR_4       0.000


     ESTIMATED MODEL AND RESIDUALS (OBSERVED - ESTIMATED) FOR CLASS 3


           Model Estimated Means
              FEMALE        AGE           PAT_INT       PAT_HIG       SELF_INT
              ________      ________      ________      ________      ________
                0.617        64.931         0.304         0.415         0.269


           Model Estimated Means
              SELF_HIG      EDU_UPP       EDU_TER       WEALTH_2      WEALTH_3
              ________      ________      ________      ________      ________
                0.346         0.599         0.154         0.365         0.365


           Model Estimated Means
              RESPIR_4
              ________
                0.127


           Residuals for Means
              FEMALE        AGE           PAT_INT       PAT_HIG       SELF_INT
              ________      ________      ________      ________      ________
                0.000         0.000         0.000         0.000         0.000


           Residuals for Means
              SELF_HIG      EDU_UPP       EDU_TER       WEALTH_2      WEALTH_3
              ________      ________      ________      ________      ________
                0.000         0.000         0.000         0.000         0.000


           Residuals for Means
              RESPIR_4
              ________
                0.000


           Model Estimated Covariances
              FEMALE        AGE           PAT_INT       PAT_HIG       SELF_INT
              ________      ________      ________      ________      ________
 FEMALE         0.236
 AGE            0.004        66.140
 PAT_INT        0.000         0.000         0.212
 PAT_HIG        0.017         0.057         0.000         0.243
 SELF_INT       0.025         0.176         0.000         0.007         0.197
 SELF_HIG       0.000         0.000         0.000         0.045         0.000
 EDU_UPP        0.004         0.000         0.002         0.002         0.028
 EDU_TER        0.000         0.000         0.000         0.040         0.000
 WEALTH_2       0.000         0.000         0.010         0.000         0.000
 WEALTH_3       0.002         0.000         0.000         0.066         0.022
 RESPIR_4       0.000         0.000         0.000         0.007         0.000


           Model Estimated Covariances
              SELF_HIG      EDU_UPP       EDU_TER       WEALTH_2      WEALTH_3
              ________      ________      ________      ________      ________
 SELF_HIG       0.226
 EDU_UPP        0.000         0.240
 EDU_TER        0.066         0.000         0.131
 WEALTH_2       0.000         0.015         0.000         0.232
 WEALTH_3       0.048         0.007         0.035         0.000         0.232
 RESPIR_4       0.000         0.000         0.002         0.003         0.000


           Model Estimated Covariances
              RESPIR_4
              ________
 RESPIR_4       0.111


           Residuals for Covariances
              FEMALE        AGE           PAT_INT       PAT_HIG       SELF_INT
              ________      ________      ________      ________      ________
 FEMALE         0.000
 AGE            0.000         0.000
 PAT_INT        0.000         0.000         0.000
 PAT_HIG        0.000         0.000         0.000         0.000
 SELF_INT       0.000         0.000         0.000         0.000         0.000
 SELF_HIG       0.000         0.000         0.000         0.000         0.000
 EDU_UPP        0.000         0.000         0.000         0.000         0.000
 EDU_TER        0.000         0.000         0.000         0.000         0.000
 WEALTH_2       0.000         0.000         0.000         0.000         0.000
 WEALTH_3       0.000         0.000         0.000         0.000         0.000
 RESPIR_4       0.000         0.000         0.000         0.000         0.000


           Residuals for Covariances
              SELF_HIG      EDU_UPP       EDU_TER       WEALTH_2      WEALTH_3
              ________      ________      ________      ________      ________
 SELF_HIG       0.000
 EDU_UPP        0.000         0.000
 EDU_TER        0.000         0.000         0.000
 WEALTH_2       0.000         0.000         0.000         0.000
 WEALTH_3       0.000         0.000         0.000         0.000         0.000
 RESPIR_4       0.000         0.000         0.000         0.000         0.000


           Residuals for Covariances
              RESPIR_4
              ________
 RESPIR_4       0.000


     ESTIMATED MODEL AND RESIDUALS (OBSERVED - ESTIMATED) FOR CLASS 4


           Model Estimated Means
              FEMALE        AGE           PAT_INT       PAT_HIG       SELF_INT
              ________      ________      ________      ________      ________
                0.350        60.911         0.301         0.480         0.259


           Model Estimated Means
              SELF_HIG      EDU_UPP       EDU_TER       WEALTH_2      WEALTH_3
              ________      ________      ________      ________      ________
                0.520         0.547         0.327         0.291         0.586


           Model Estimated Means
              RESPIR_4
              ________
                0.087


           Residuals for Means
              FEMALE        AGE           PAT_INT       PAT_HIG       SELF_INT
              ________      ________      ________      ________      ________
                0.000         0.000         0.000         0.000         0.000


           Residuals for Means
              SELF_HIG      EDU_UPP       EDU_TER       WEALTH_2      WEALTH_3
              ________      ________      ________      ________      ________
                0.000         0.000         0.000         0.000         0.000


           Residuals for Means
              RESPIR_4
              ________
                0.000


           Model Estimated Covariances
              FEMALE        AGE           PAT_INT       PAT_HIG       SELF_INT
              ________      ________      ________      ________      ________
 FEMALE         0.228
 AGE            0.000        42.089
 PAT_INT        0.000         0.000         0.210
 PAT_HIG        0.033         0.034         0.000         0.250
 SELF_INT       0.024         0.090         0.000         0.000         0.192
 SELF_HIG       0.000         0.000         0.000         0.041         0.000
 EDU_UPP        0.018         0.000         0.012         0.000         0.040
 EDU_TER        0.000         0.000         0.000         0.040         0.000
 WEALTH_2       0.002         0.000         0.014         0.000         0.006
 WEALTH_3       0.011         0.106         0.000         0.049         0.000
 RESPIR_4       0.000         0.010         0.000         0.000         0.000


           Model Estimated Covariances
              SELF_HIG      EDU_UPP       EDU_TER       WEALTH_2      WEALTH_3
              ________      ________      ________      ________      ________
 SELF_HIG       0.250
 EDU_UPP        0.000         0.248
 EDU_TER        0.098         0.000         0.220
 WEALTH_2       0.000         0.015         0.000         0.206
 WEALTH_3       0.057         0.000         0.056         0.000         0.243
 RESPIR_4       0.004         0.000         0.000         0.003         0.000


           Model Estimated Covariances
              RESPIR_4
              ________
 RESPIR_4       0.080


           Residuals for Covariances
              FEMALE        AGE           PAT_INT       PAT_HIG       SELF_INT
              ________      ________      ________      ________      ________
 FEMALE         0.000
 AGE            0.000         0.000
 PAT_INT        0.000         0.000         0.000
 PAT_HIG        0.000         0.000         0.000         0.000
 SELF_INT       0.000         0.000         0.000         0.000         0.000
 SELF_HIG       0.000         0.000         0.000         0.000         0.000
 EDU_UPP        0.000         0.000         0.000         0.000         0.000
 EDU_TER        0.000         0.000         0.000         0.000         0.000
 WEALTH_2       0.000         0.000         0.000         0.000         0.000
 WEALTH_3       0.000         0.000         0.000         0.000         0.000
 RESPIR_4       0.000         0.000         0.000         0.000         0.000


           Residuals for Covariances
              SELF_HIG      EDU_UPP       EDU_TER       WEALTH_2      WEALTH_3
              ________      ________      ________      ________      ________
 SELF_HIG       0.000
 EDU_UPP        0.000         0.000
 EDU_TER        0.000         0.000         0.000
 WEALTH_2       0.000         0.000         0.000         0.000
 WEALTH_3       0.000         0.000         0.000         0.000         0.000
 RESPIR_4       0.000         0.000         0.000         0.000         0.000


           Residuals for Covariances
              RESPIR_4
              ________
 RESPIR_4       0.000


     ESTIMATED MODEL AND RESIDUALS (OBSERVED - ESTIMATED) FOR CLASS 5


           Model Estimated Means
              FEMALE        AGE           PAT_INT       PAT_HIG       SELF_INT
              ________      ________      ________      ________      ________
                0.693        66.018         0.340         0.309         0.236


           Model Estimated Means
              SELF_HIG      EDU_UPP       EDU_TER       WEALTH_2      WEALTH_3
              ________      ________      ________      ________      ________
                0.246         0.530         0.080         0.346         0.223


           Model Estimated Means
              RESPIR_4
              ________
                0.145


           Residuals for Means
              FEMALE        AGE           PAT_INT       PAT_HIG       SELF_INT
              ________      ________      ________      ________      ________
                0.000         0.000         0.000         0.000         0.000


           Residuals for Means
              SELF_HIG      EDU_UPP       EDU_TER       WEALTH_2      WEALTH_3
              ________      ________      ________      ________      ________
                0.000         0.000         0.000         0.000         0.000


           Residuals for Means
              RESPIR_4
              ________
                0.000


           Model Estimated Covariances
              FEMALE        AGE           PAT_INT       PAT_HIG       SELF_INT
              ________      ________      ________      ________      ________
 FEMALE         0.213
 AGE            0.224        78.346
 PAT_INT        0.000         0.069         0.224
 PAT_HIG        0.027         0.000         0.000         0.214
 SELF_INT       0.019         0.050         0.000         0.014         0.180
 SELF_HIG       0.000         0.000         0.000         0.037         0.000
 EDU_UPP        0.000         0.000         0.000         0.034         0.023
 EDU_TER        0.000         0.000         0.000         0.020         0.000
 WEALTH_2       0.009         0.000         0.016         0.006         0.009
 WEALTH_3       0.000         0.000         0.000         0.030         0.024
 RESPIR_4       0.002         0.092         0.000         0.000         0.000


           Model Estimated Covariances
              SELF_HIG      EDU_UPP       EDU_TER       WEALTH_2      WEALTH_3
              ________      ________      ________      ________      ________
 SELF_HIG       0.186
 EDU_UPP        0.027         0.249
 EDU_TER        0.036         0.000         0.074
 WEALTH_2       0.003         0.012         0.000         0.226
 WEALTH_3       0.027         0.016         0.013         0.000         0.173
 RESPIR_4       0.000         0.000         0.001         0.000         0.000


           Model Estimated Covariances
              RESPIR_4
              ________
 RESPIR_4       0.124


           Residuals for Covariances
              FEMALE        AGE           PAT_INT       PAT_HIG       SELF_INT
              ________      ________      ________      ________      ________
 FEMALE         0.000
 AGE            0.000         0.000
 PAT_INT        0.000         0.000         0.000
 PAT_HIG        0.000         0.000         0.000         0.000
 SELF_INT       0.000         0.000         0.000         0.000         0.000
 SELF_HIG       0.000         0.000         0.000         0.000         0.000
 EDU_UPP        0.000         0.000         0.000         0.000         0.000
 EDU_TER        0.000         0.000         0.000         0.000         0.000
 WEALTH_2       0.000         0.000         0.000         0.000         0.000
 WEALTH_3       0.000         0.000         0.000         0.000         0.000
 RESPIR_4       0.000         0.000         0.000         0.000         0.000


           Residuals for Covariances
              SELF_HIG      EDU_UPP       EDU_TER       WEALTH_2      WEALTH_3
              ________      ________      ________      ________      ________
 SELF_HIG       0.000
 EDU_UPP        0.000         0.000
 EDU_TER        0.000         0.000         0.000
 WEALTH_2       0.000         0.000         0.000         0.000
 WEALTH_3       0.000         0.000         0.000         0.000         0.000
 RESPIR_4       0.000         0.000         0.000         0.000         0.000


           Residuals for Covariances
              RESPIR_4
              ________
 RESPIR_4       0.000


     ESTIMATED MODEL AND RESIDUALS (OBSERVED - ESTIMATED) FOR CLASS 6


           Model Estimated Means
              FEMALE        AGE           PAT_INT       PAT_HIG       SELF_INT
              ________      ________      ________      ________      ________
                0.519        64.816         0.365         0.337         0.271


           Model Estimated Means
              SELF_HIG      EDU_UPP       EDU_TER       WEALTH_2      WEALTH_3
              ________      ________      ________      ________      ________
                0.282         0.594         0.110         0.388         0.256


           Model Estimated Means
              RESPIR_4
              ________
                0.106


           Residuals for Means
              FEMALE        AGE           PAT_INT       PAT_HIG       SELF_INT
              ________      ________      ________      ________      ________
                0.000         0.000         0.000         0.000         0.000


           Residuals for Means
              SELF_HIG      EDU_UPP       EDU_TER       WEALTH_2      WEALTH_3
              ________      ________      ________      ________      ________
                0.000         0.000         0.000         0.000         0.000


           Residuals for Means
              RESPIR_4
              ________
                0.000


           Model Estimated Covariances
              FEMALE        AGE           PAT_INT       PAT_HIG       SELF_INT
              ________      ________      ________      ________      ________
 FEMALE         0.250
 AGE            0.202        75.818
 PAT_INT        0.000         0.003         0.232
 PAT_HIG        0.000         0.000         0.000         0.224
 SELF_INT       0.029         0.000         0.000         0.023         0.197
 SELF_HIG       0.000         0.000         0.000         0.026         0.000
 EDU_UPP        0.000         0.000         0.004         0.022         0.030
 EDU_TER        0.000         0.000         0.000         0.018         0.000
 WEALTH_2       0.000         0.000         0.002         0.002         0.000
 WEALTH_3       0.000         0.000         0.000         0.038         0.020
 RESPIR_4       0.008         0.000         0.000         0.000         0.000


           Model Estimated Covariances
              SELF_HIG      EDU_UPP       EDU_TER       WEALTH_2      WEALTH_3
              ________      ________      ________      ________      ________
 SELF_HIG       0.203
 EDU_UPP        0.006         0.241
 EDU_TER        0.046         0.000         0.098
 WEALTH_2       0.015         0.033         0.000         0.238
 WEALTH_3       0.035         0.014         0.025         0.000         0.191
 RESPIR_4       0.000         0.000         0.001         0.000         0.000


           Model Estimated Covariances
              RESPIR_4
              ________
 RESPIR_4       0.095


           Residuals for Covariances
              FEMALE        AGE           PAT_INT       PAT_HIG       SELF_INT
              ________      ________      ________      ________      ________
 FEMALE         0.000
 AGE            0.000         0.000
 PAT_INT        0.000         0.000         0.000
 PAT_HIG        0.000         0.000         0.000         0.000
 SELF_INT       0.000         0.000         0.000         0.000         0.000
 SELF_HIG       0.000         0.000         0.000         0.000         0.000
 EDU_UPP        0.000         0.000         0.000         0.000         0.000
 EDU_TER        0.000         0.000         0.000         0.000         0.000
 WEALTH_2       0.000         0.000         0.000         0.000         0.000
 WEALTH_3       0.000         0.000         0.000         0.000         0.000
 RESPIR_4       0.000         0.000         0.000         0.000         0.000


           Residuals for Covariances
              SELF_HIG      EDU_UPP       EDU_TER       WEALTH_2      WEALTH_3
              ________      ________      ________      ________      ________
 SELF_HIG       0.000
 EDU_UPP        0.000         0.000
 EDU_TER        0.000         0.000         0.000
 WEALTH_2       0.000         0.000         0.000         0.000
 WEALTH_3       0.000         0.000         0.000         0.000         0.000
 RESPIR_4       0.000         0.000         0.000         0.000         0.000


           Residuals for Covariances
              RESPIR_4
              ________
 RESPIR_4       0.000


     ESTIMATED MODEL AND RESIDUALS (OBSERVED - ESTIMATED) FOR CLASS 7


           Model Estimated Means
              FEMALE        AGE           PAT_INT       PAT_HIG       SELF_INT
              ________      ________      ________      ________      ________
                0.547        62.170         0.342         0.405         0.268


           Model Estimated Means
              SELF_HIG      EDU_UPP       EDU_TER       WEALTH_2      WEALTH_3
              ________      ________      ________      ________      ________
                0.385         0.579         0.239         0.353         0.455


           Model Estimated Means
              RESPIR_4
              ________
                0.099


           Residuals for Means
              FEMALE        AGE           PAT_INT       PAT_HIG       SELF_INT
              ________      ________      ________      ________      ________
                0.000         0.000         0.000         0.000         0.000


           Residuals for Means
              SELF_HIG      EDU_UPP       EDU_TER       WEALTH_2      WEALTH_3
              ________      ________      ________      ________      ________
                0.000         0.000         0.000         0.000         0.000


           Residuals for Means
              RESPIR_4
              ________
                0.000


           Model Estimated Covariances
              FEMALE        AGE           PAT_INT       PAT_HIG       SELF_INT
              ________      ________      ________      ________      ________
 FEMALE         0.248
 AGE            0.070        48.125
 PAT_INT        0.000         0.053         0.225
 PAT_HIG        0.019         0.000         0.000         0.241
 SELF_INT       0.014         0.002         0.011         0.000         0.196
 SELF_HIG       0.000         0.000         0.000         0.043         0.000
 EDU_UPP        0.005         0.000         0.000         0.003         0.027
 EDU_TER        0.000         0.000         0.000         0.038         0.000
 WEALTH_2       0.000         0.244         0.008         0.000         0.011
 WEALTH_3       0.014         0.000         0.000         0.039         0.001
 RESPIR_4       0.006         0.006         0.000         0.004         0.005


           Model Estimated Covariances
              SELF_HIG      EDU_UPP       EDU_TER       WEALTH_2      WEALTH_3
              ________      ________      ________      ________      ________
 SELF_HIG       0.237
 EDU_UPP        0.000         0.244
 EDU_TER        0.094         0.000         0.182
 WEALTH_2       0.000         0.011         0.000         0.228
 WEALTH_3       0.058         0.000         0.042         0.000         0.248
 RESPIR_4       0.000         0.000         0.000         0.011         0.000


           Model Estimated Covariances
              RESPIR_4
              ________
 RESPIR_4       0.089


           Residuals for Covariances
              FEMALE        AGE           PAT_INT       PAT_HIG       SELF_INT
              ________      ________      ________      ________      ________
 FEMALE         0.000
 AGE            0.000         0.000
 PAT_INT        0.000         0.000         0.000
 PAT_HIG        0.000         0.000         0.000         0.000
 SELF_INT       0.000         0.000         0.000         0.000         0.000
 SELF_HIG       0.000         0.000         0.000         0.000         0.000
 EDU_UPP        0.000         0.000         0.000         0.000         0.000
 EDU_TER        0.000         0.000         0.000         0.000         0.000
 WEALTH_2       0.000         0.000         0.000         0.000         0.000
 WEALTH_3       0.000         0.000         0.000         0.000         0.000
 RESPIR_4       0.000         0.000         0.000         0.000         0.000


           Residuals for Covariances
              SELF_HIG      EDU_UPP       EDU_TER       WEALTH_2      WEALTH_3
              ________      ________      ________      ________      ________
 SELF_HIG       0.000
 EDU_UPP        0.000         0.000
 EDU_TER        0.000         0.000         0.000
 WEALTH_2       0.000         0.000         0.000         0.000
 WEALTH_3       0.000         0.000         0.000         0.000         0.000
 RESPIR_4       0.000         0.000         0.000         0.000         0.000


           Residuals for Covariances
              RESPIR_4
              ________
 RESPIR_4       0.000


     UNIVARIATE DISTRIBUTION FIT FOR CLASS 1

     Variable          Observed      Estimated      Residual (Obs.-Est.)    Stand. Residual
     N
       Category 0        0.847          0.847                  0.000               -0.001
       Category 1        0.002          0.002                  0.000                0.011
       Category 2        0.036          0.036                  0.000                0.000
       Category 3        0.044          0.044                  0.000                0.000
       Category 4        0.037          0.037                  0.000                0.000
       Category 5        0.032          0.032                  0.000               -0.001
       Category 6        0.002          0.002                  0.000                0.000


     UNIVARIATE DISTRIBUTION FIT FOR CLASS 2

     Variable          Observed      Estimated      Residual (Obs.-Est.)    Stand. Residual
     N
       Category 0        0.009          0.009                  0.000                0.005
       Category 1        0.937          0.937                  0.000                0.006
       Category 2        0.005          0.005                  0.000               -0.008
       Category 3        0.002          0.002                  0.000                0.003
       Category 4        0.028          0.028                  0.000                0.002
       Category 5        0.016          0.016                  0.000               -0.013
       Category 6        0.004          0.004                  0.000               -0.004


     UNIVARIATE DISTRIBUTION FIT FOR CLASS 3

     Variable          Observed      Estimated      Residual (Obs.-Est.)    Stand. Residual
     N
       Category 0        0.021          0.021                  0.000                0.000
       Category 1        0.001          0.001                  0.000                0.006
       Category 2        0.843          0.843                  0.000                0.001
       Category 3        0.005          0.005                  0.000                0.000
       Category 4        0.062          0.062                  0.000                0.000
       Category 5        0.028          0.028                  0.000               -0.001
       Category 6        0.040          0.040                  0.000               -0.001


     UNIVARIATE DISTRIBUTION FIT FOR CLASS 4

     Variable          Observed      Estimated      Residual (Obs.-Est.)    Stand. Residual
     N
       Category 0        0.076          0.076                  0.000                0.000
       Category 1        0.001          0.001                  0.000                0.007
       Category 2        0.017          0.017                  0.000               -0.001
       Category 3        0.855          0.855                  0.000                0.000
       Category 4        0.002          0.002                  0.000                0.000
       Category 5        0.005          0.005                  0.000                0.000
       Category 6        0.045          0.045                  0.000                0.000


     UNIVARIATE DISTRIBUTION FIT FOR CLASS 5

     Variable          Observed      Estimated      Residual (Obs.-Est.)    Stand. Residual
     N
       Category 0        0.003          0.003                  0.000                0.000
       Category 1        0.004          0.004                  0.000                0.008
       Category 2        0.048          0.048                  0.000               -0.001
       Category 3        0.000          0.000                  0.000                0.000
       Category 4        0.890          0.890                  0.000                0.003
       Category 5        0.039          0.039                  0.000               -0.004
       Category 6        0.015          0.015                  0.000               -0.002


     UNIVARIATE DISTRIBUTION FIT FOR CLASS 6

     Variable          Observed      Estimated      Residual (Obs.-Est.)    Stand. Residual
     N
       Category 0        0.025          0.025                  0.000                0.000
       Category 1        0.004          0.004                  0.000                0.021
       Category 2        0.050          0.050                  0.000               -0.003
       Category 3        0.006          0.006                  0.000                0.000
       Category 4        0.075          0.075                  0.000                0.001
       Category 5        0.814          0.814                  0.000               -0.003
       Category 6        0.026          0.026                  0.000                0.000


     UNIVARIATE DISTRIBUTION FIT FOR CLASS 7

     Variable          Observed      Estimated      Residual (Obs.-Est.)    Stand. Residual
     N
       Category 0        0.002          0.002                  0.000                0.000
       Category 1        0.001          0.001                  0.000                0.010
       Category 2        0.054          0.054                  0.000               -0.007
       Category 3        0.026          0.026                  0.000                0.000
       Category 4        0.036          0.036                  0.000                0.002
       Category 5        0.024          0.024                  0.000                0.000
       Category 6        0.857          0.857                  0.000                0.003


     UNIVARIATE DISTRIBUTION FIT FOR CLASS 1

     Variable          Observed      Estimated      Residual (Obs.-Est.)    Stand. Residual
     RESPIR
       Category 1        0.872          0.872                  0.000                0.000
       Category 2        0.128          0.128                  0.000                0.000


     UNIVARIATE DISTRIBUTION FIT FOR CLASS 2

     Variable          Observed      Estimated      Residual (Obs.-Est.)    Stand. Residual
     RESPIR
       Category 1        0.773          0.771                  0.002                0.124
       Category 2        0.227          0.229                 -0.002               -0.124


     UNIVARIATE DISTRIBUTION FIT FOR CLASS 3

     Variable          Observed      Estimated      Residual (Obs.-Est.)    Stand. Residual
     RESPIR
       Category 1        0.853          0.853                  0.000                0.000
       Category 2        0.147          0.147                  0.000                0.000


     UNIVARIATE DISTRIBUTION FIT FOR CLASS 4

     Variable          Observed      Estimated      Residual (Obs.-Est.)    Stand. Residual
     RESPIR
       Category 1        0.901          0.901                  0.000                0.000
       Category 2        0.099          0.099                  0.000                0.000


     UNIVARIATE DISTRIBUTION FIT FOR CLASS 5

     Variable          Observed      Estimated      Residual (Obs.-Est.)    Stand. Residual
     RESPIR
       Category 1        0.822          0.822                  0.000                0.001
       Category 2        0.178          0.178                  0.000               -0.001


     UNIVARIATE DISTRIBUTION FIT FOR CLASS 6

     Variable          Observed      Estimated      Residual (Obs.-Est.)    Stand. Residual
     RESPIR
       Category 1        0.886          0.886                  0.000                0.001
       Category 2        0.114          0.114                  0.000               -0.001


     UNIVARIATE DISTRIBUTION FIT FOR CLASS 7

     Variable          Observed      Estimated      Residual (Obs.-Est.)    Stand. Residual
     RESPIR
       Category 1        0.904          0.904                  0.000                0.000
       Category 2        0.096          0.096                  0.000                0.000


     Beginning Time:  17:37:08
        Ending Time:  17:37:08
       Elapsed Time:  00:00:00



MUTHEN & MUTHEN
3463 Stoner Ave.
Los Angeles, CA  90066

Tel: (310) 391-9971
Fax: (310) 391-8971
Web: www.StatModel.com
Support: Support@StatModel.com

Copyright (c) 1998-2020 Muthen & Muthen
