Mplus VERSION 8.5 (Mac)
MUTHEN & MUTHEN
06/19/2023   5:37 PM

INPUT INSTRUCTIONS

  TITLE:
  Step3 - 3step LSAY - Lab9
  DATA:
  FILE = "./Step1_MPlus_Outcomes.dat";

  VARIABLE:
  NAMES = W4_SMOKE W5_SMOKE W6_SMOKE W7_SMOKE W8_SMOKE W4_DRINK W5_DRINK W6_DRINK
       W7_DRINK W8_DRINK W4_PA W5_PA W6_PA W7_PA W8_PA W4_FV W5_FV W6_FV W7_FV W8_FV
       FEMALE AGE PAT_INT PAT_HIG SELF_INT SELF_HIG EDU_UPP EDU_TER WEALTH_2 WEALTH_3
       EYE_4 CIRCUL_4 ENDOCR_4 MUSCUL_4 RESPIR_4 NEOPLA_4 NERVOU_4 MENTAL_4 MULTI_4
       CMULTI_4 LUNCAN_4 EYE CIRCUL ENDOCR MUSCUL RESPIR NEOPLA NERVOU MENTAL MULTI
       CMULTI LUNCAN CPROB1 CPROB2 CPROB3 CPROB4 CPROB5 CPROB6 CPROB7 N WEIGHTS;
   MISSING=.;
   nominal=N;
    usevar = n;
    USEOBSERVATIONS = Female NE -99 AND Age NE -99 AND
    Pat_Int NE -99 AND
  Pat_Hig NE -99 AND Self_Int NE -99 AND
  Self_Hig NE -99 AND Edu_Upp NE -99 AND
  Edu_Ter NE -99 AND
  Wealth_2 NE -99 AND Wealth_3 NE -99;
    missing are all (-99);
    classes = c(7);
    CATEGORICAL = CMulti;
    usevar = Female Age
     Pat_Int Pat_Hig Self_Int Self_Hig Edu_Upp
     Edu_Ter Wealth_2 Wealth_3 CMulti CMulti_4;
    WEIGHT  = Weights;
  ANALYSIS:
  estimator = mlr;
    type = mixture;
    starts = 0;
    ITERATIONS = 1000;
  MODEL:
  %OVERALL%

  CMulti ON Female Age
     Pat_Int Pat_Hig Self_Int Self_Hig Edu_Upp
     Edu_Ter Wealth_2 Wealth_3 CMulti_4;         ! covariate as predictor of distal

      %C#1%
      [n#1@5.894];
      [n#2@-0.212];
      [n#3@2.744];
      [n#4@2.929];
      [n#5@2.767];
      [n#6@2.614];
    [CMulti$1](m1);

     %C#2%
    [n#1@0.943];
    [n#2@5.57];
    [n#3@0.299];
    [n#4@-0.836];
    [n#5@2.064];
    [n#6@1.486];
    [CMulti$1](m2);


    %C#3%
   [n#1@-0.647];
    [n#2@-3.884];
    [n#3@3.041];
    [n#4@-2.079];
    [n#5@0.435];
    [n#6@-0.381];

    [CMulti$1](m3);


     %C#4%
    [n#1@0.517];
    [n#2@-4.099];
    [n#3@-1.011];
    [n#4@2.936];
    [n#5@-3.339];
    [n#6@-2.198];

    [CMulti$1](m4);



     %C#5%
    [n#1@-1.493];
    [n#2@-1.348];
    [n#3@1.153];
    [n#4@-4.366];
    [n#5@4.073];
    [n#6@0.948];

    [CMulti$1](m5);


      %C#6%
    [n#1@-0.017];
    [n#2@-1.78];
    [n#3@0.663];
    [n#4@-1.502];
    [n#5@1.069];
    [n#6@3.456];
      [CMulti$1](m6);

    %C#7%
    [n#1@-6.144];
    [n#2@-7.357];
    [n#3@-2.764];
    [n#4@-3.487];
    [n#5@-3.163];
    [n#6@-3.576];
    [CMulti$1](m7);
  MODEL CONSTRAINT:
  New (diff12 diff13 diff23 diff14
    diff24 diff34 diff15 diff16 diff25
    diff26 diff35 diff36 diff45
    diff46 diff56 diff17 diff27 diff37
    diff47 diff57 diff67);
    diff12 = m1-m2;  ! test pairwise distal mean differences
    diff13 = m1-m3;
    diff23 = m2-m3;
    diff14 = m1-m4;
    diff24 = m2-m4;
    diff34 = m3-m4;
    diff15 = m1-m5;
    diff16 = m1-m6;
    diff25 = m2-m5;
    diff26 = m2-m6;
    diff35 = m3-m5;
    diff36 = m3-m6;
    diff45 = m4-m5;
    diff46 = m4-m6;
    diff56 = m5-m6;
    diff17 = m1-m7;   ! additional pairwise difference
    diff27 = m2-m7;
    diff37 = m3-m7;
    diff47 = m4-m7;
    diff57 = m5-m7;
    diff67 = m6-m7;
  MODEL TEST:
  0=m1-m2;
     0=m2-m3;
     0=m3-m4; ! omnibus test of distal thresholds
     0=m4-m5;
     0=m5-m6;
     0=m6-m7;
  OUTPUT:
  sampstat residual TECH11 TECH14;



*** WARNING
  One or more observations has a value of 0 for the WEIGHT variable.
*** WARNING in OUTPUT command
  TECH11 option is not available in conjunction with nonlinear constraints
  through the use of MODEL CONSTRAINT.  Request for TECH11 is ignored.
*** WARNING in OUTPUT command
  TECH14 option is not available for TYPE=MIXTURE with weights.
  Request for TECH14 is ignored.
   3 WARNING(S) FOUND IN THE INPUT INSTRUCTIONS




Step3 - 3step LSAY - Lab9

SUMMARY OF ANALYSIS

Number of groups                                                 1
Number of observations                                        4759

Number of dependent variables                                    2
Number of independent variables                                 11
Number of continuous latent variables                            0
Number of categorical latent variables                           1

Observed dependent variables

  Binary and ordered categorical (ordinal)
   CMULTI

  Unordered categorical (nominal)
   N

Observed independent variables
   FEMALE      AGE         PAT_INT     PAT_HIG     SELF_INT    SELF_HIG
   EDU_UPP     EDU_TER     WEALTH_2    WEALTH_3    CMULTI_4

Categorical latent variables
   C

Variables with special functions

  Weight variable       WEIGHTS

Estimator                                                      MLR
Information matrix                                        OBSERVED
Optimization Specifications for the Quasi-Newton Algorithm for
Continuous Outcomes
  Maximum number of iterations                                1000
  Convergence criterion                                  0.100D-05
Optimization Specifications for the EM Algorithm
  Maximum number of iterations                                 500
  Convergence criteria
    Loglikelihood change                                 0.100D-06
    Relative loglikelihood change                        0.100D-06
    Derivative                                           0.100D-05
Optimization Specifications for the M step of the EM Algorithm for
Categorical Latent variables
  Number of M step iterations                                    1
  M step convergence criterion                           0.100D-05
  Basis for M step termination                           ITERATION
Optimization Specifications for the M step of the EM Algorithm for
Censored, Binary or Ordered Categorical (Ordinal), Unordered
Categorical (Nominal) and Count Outcomes
  Number of M step iterations                                    1
  M step convergence criterion                           0.100D-05
  Basis for M step termination                           ITERATION
  Maximum value for logit thresholds                            15
  Minimum value for logit thresholds                           -15
  Minimum expected cell size for chi-square              0.100D-01
Maximum number of iterations for H1                           2000
Convergence criterion for H1                             0.100D-03
Optimization algorithm                                         EMA
Link                                                         LOGIT

Input data file(s)
  ./Step1_MPlus_Outcomes.dat
Input data format  FREE


SUMMARY OF DATA

     Number of missing data patterns             1
     Number of y missing data patterns           0
     Number of u missing data patterns           1


COVARIANCE COVERAGE OF DATA

Minimum covariance coverage value   0.100


UNIVARIATE PROPORTIONS AND COUNTS FOR CATEGORICAL VARIABLES

    CMULTI
      Category 1    0.721         3429.173
      Category 2    0.279         1329.827
    N
      Category 1    0.141          669.020
      Category 2    0.104          495.532
      Category 3    0.172          820.693
      Category 4    0.109          520.455
      Category 5    0.212         1008.773
      Category 6    0.128          607.051
      Category 7    0.134          637.477


SAMPLE STATISTICS


     SAMPLE STATISTICS


           Means
              FEMALE        AGE           PAT_INT       PAT_HIG       SELF_INT
              ________      ________      ________      ________      ________
                0.535        63.591         0.333         0.376         0.251


           Means
              SELF_HIG      EDU_UPP       EDU_TER       WEALTH_2      WEALTH_3
              ________      ________      ________      ________      ________
                0.346         0.569         0.169         0.340         0.357


           Means
              CMULTI_4
              ________
                0.134


           Covariances
              FEMALE        AGE           PAT_INT       PAT_HIG       SELF_INT
              ________      ________      ________      ________      ________
 FEMALE         0.249
 AGE            0.260        65.135
 PAT_INT       -0.011        -0.029         0.222
 PAT_HIG        0.009        -0.156        -0.125         0.235
 SELF_INT       0.023         0.023         0.000         0.006         0.188
 SELF_HIG      -0.034        -0.445        -0.010         0.046        -0.087
 EDU_UPP       -0.004        -0.330         0.002         0.010         0.026
 EDU_TER       -0.023        -0.406        -0.014         0.037        -0.015
 WEALTH_2       0.001        -0.008         0.010        -0.009         0.005
 WEALTH_3      -0.011        -0.230        -0.018         0.057         0.013
 CMULTI_4       0.013         0.622         0.001        -0.010        -0.003


           Covariances
              SELF_HIG      EDU_UPP       EDU_TER       WEALTH_2      WEALTH_3
              ________      ________      ________      ________      ________
 SELF_HIG       0.226
 EDU_UPP       -0.008         0.245
 EDU_TER        0.071        -0.096         0.140
 WEALTH_2      -0.010         0.017        -0.012         0.225
 WEALTH_3       0.059         0.002         0.045        -0.121         0.229
 CMULTI_4      -0.012        -0.009        -0.010        -0.002        -0.020


           Covariances
              CMULTI_4
              ________
 CMULTI_4       0.116


           Correlations
              FEMALE        AGE           PAT_INT       PAT_HIG       SELF_INT
              ________      ________      ________      ________      ________
 FEMALE         1.000
 AGE            0.065         1.000
 PAT_INT       -0.045        -0.008         1.000
 PAT_HIG        0.039        -0.040        -0.549         1.000
 SELF_INT       0.107         0.007         0.001         0.030         1.000
 SELF_HIG      -0.144        -0.116        -0.044         0.199        -0.421
 EDU_UPP       -0.017        -0.082         0.010         0.041         0.120
 EDU_TER       -0.124        -0.134        -0.080         0.205        -0.094
 WEALTH_2       0.005        -0.002         0.045        -0.041         0.023
 WEALTH_3      -0.047        -0.060        -0.078         0.244         0.063
 CMULTI_4       0.075         0.226         0.007        -0.061        -0.023


           Correlations
              SELF_HIG      EDU_UPP       EDU_TER       WEALTH_2      WEALTH_3
              ________      ________      ________      ________      ________
 SELF_HIG       1.000
 EDU_UPP       -0.034         1.000
 EDU_TER        0.398        -0.517         1.000
 WEALTH_2      -0.045         0.073        -0.069         1.000
 WEALTH_3       0.257         0.008         0.251        -0.535         1.000
 CMULTI_4      -0.076        -0.055        -0.078        -0.014        -0.122


           Correlations
              CMULTI_4
              ________
 CMULTI_4       1.000


UNIVARIATE SAMPLE STATISTICS


     UNIVARIATE HIGHER-ORDER MOMENT DESCRIPTIVE STATISTICS

         Variable/         Mean/     Skewness/   Minimum/ % with                Percentiles
        Sample Size      Variance    Kurtosis    Maximum  Min/Max      20%/60%    40%/80%    Median

     FEMALE                0.535      -0.140       0.000   43.73%       0.000      0.000      1.000
            4759.000       0.249      -1.980       1.000   56.27%       1.000      1.000
     AGE                  63.591       0.606      33.000    0.02%      56.000     60.000     62.000
            4759.000      65.135      -0.424      99.000    0.02%      64.000     71.000
     PAT_INT               0.333       0.709       0.000   67.85%       0.000      0.000      0.000
            4759.000       0.222      -1.498       1.000   32.15%       0.000      1.000
     PAT_HIG               0.376       0.512       0.000   59.45%       0.000      0.000      0.000
            4759.000       0.235      -1.738       1.000   40.55%       1.000      1.000
     SELF_INT              0.251       1.148       0.000   73.84%       0.000      0.000      0.000
            4759.000       0.188      -0.683       1.000   26.16%       0.000      1.000
     SELF_HIG              0.346       0.648       0.000   60.75%       0.000      0.000      0.000
            4759.000       0.226      -1.580       1.000   39.25%       0.000      1.000
     EDU_UPP               0.569      -0.277       0.000   41.02%       0.000      0.000      1.000
            4759.000       0.245      -1.923       1.000   58.98%       1.000      1.000
     EDU_TER               0.169       1.771       0.000   79.11%       0.000      0.000      0.000
            4759.000       0.140       1.137       1.000   20.89%       0.000      1.000
     WEALTH_2              0.340       0.674       0.000   66.06%       0.000      0.000      0.000
            4759.000       0.225      -1.546       1.000   33.94%       0.000      1.000
     WEALTH_3              0.357       0.599       0.000   60.41%       0.000      0.000      0.000
            4759.000       0.229      -1.641       1.000   39.59%       0.000      1.000
     CMULTI_4              0.134       2.147       0.000   87.64%       0.000      0.000      0.000
            4759.000       0.116       2.611       1.000   12.36%       0.000      0.000


THE MODEL ESTIMATION TERMINATED NORMALLY



MODEL FIT INFORMATION

Number of Free Parameters                       24

Loglikelihood

          H0 Value                      -11504.646
          H0 Scaling Correction Factor      1.2416
            for MLR

Information Criteria

          Akaike (AIC)                   23057.291
          Bayesian (BIC)                 23212.518
          Sample-Size Adjusted BIC       23136.255
            (n* = (n + 2) / 24)

Wald Test of Parameter Constraints

          Value                             31.326
          Degrees of Freedom                     6
          P-Value                           0.0000



FINAL CLASS COUNTS AND PROPORTIONS FOR THE LATENT CLASSES
BASED ON THE ESTIMATED MODEL

    Latent
   Classes

       1        692.10426          0.14543
       2        519.09712          0.10908
       3        798.55859          0.16780
       4        544.09060          0.11433
       5        953.41230          0.20034
       6        613.48552          0.12891
       7        638.25162          0.13411


FINAL CLASS COUNTS AND PROPORTIONS FOR THE LATENT CLASSES
BASED ON ESTIMATED POSTERIOR PROBABILITIES

    Latent
   Classes

       1        692.10426          0.14543
       2        519.09712          0.10908
       3        798.55859          0.16780
       4        544.09060          0.11433
       5        953.41230          0.20034
       6        613.48552          0.12891
       7        638.25162          0.13411


FINAL CLASS COUNTS AND PROPORTIONS FOR THE LATENT CLASSES
BASED ON THEIR MOST LIKELY LATENT CLASS MEMBERSHIP

Class Counts and Proportions

    Latent
   Classes

       1              669          0.14058
       2              496          0.10413
       3              821          0.17245
       4              520          0.10936
       5             1009          0.21197
       6              607          0.12756
       7              637          0.13395


CLASSIFICATION QUALITY

     Entropy                         0.697


Average Latent Class Probabilities for Most Likely Latent Class Membership (Row)
by Latent Class (Column)

           1        2        3        4        5        6        7

    1   0.876    0.007    0.025    0.062    0.005    0.023    0.002
    2   0.003    0.982    0.001    0.001    0.008    0.005    0.001
    3   0.031    0.003    0.820    0.011    0.056    0.037    0.042
    4   0.058    0.002    0.008    0.894    0.000    0.007    0.032
    5   0.025    0.014    0.049    0.001    0.841    0.046    0.023
    6   0.036    0.013    0.036    0.005    0.061    0.823    0.025
    7   0.003    0.003    0.050    0.039    0.023    0.025    0.858


Classification Probabilities for the Most Likely Latent Class Membership (Column)
by Latent Class (Row)

           1        2        3        4        5        6        7

    1   0.847    0.002    0.036    0.044    0.037    0.032    0.002
    2   0.009    0.937    0.005    0.002    0.028    0.016    0.004
    3   0.021    0.001    0.843    0.005    0.062    0.028    0.040
    4   0.076    0.001    0.017    0.855    0.002    0.005    0.045
    5   0.003    0.004    0.048    0.000    0.890    0.039    0.015
    6   0.025    0.004    0.050    0.006    0.075    0.814    0.026
    7   0.002    0.001    0.054    0.026    0.036    0.024    0.857


Logits for the Classification Probabilities for the Most Likely Latent Class Membership (Column)
by Latent Class (Row)

              1        2        3        4        5        6        7

    1      5.895   -0.211    2.745    2.928    2.768    2.615    0.000
    2      0.944    5.571    0.300   -0.837    2.065    1.487    0.000
    3     -0.646   -3.883    3.042   -2.080    0.436   -0.380    0.000
    4      0.517   -4.099   -1.009    2.936   -3.335   -2.198    0.000
    5     -1.492   -1.347    1.154   -4.367    4.074    0.949    0.000
    6     -0.017   -1.780    0.663   -1.502    1.070    3.456    0.000
    7     -6.144   -7.357   -2.763   -3.487   -3.161   -3.576    0.000


MODEL RESULTS

                                                    Two-Tailed
                    Estimate       S.E.  Est./S.E.    P-Value

Latent Class 1

 CMULTI     ON
    FEMALE             0.348      0.085      4.073      0.000
    AGE                0.047      0.006      8.540      0.000
    PAT_INT            0.087      0.102      0.848      0.396
    PAT_HIG            0.032      0.105      0.300      0.764
    SELF_INT          -0.112      0.106     -1.064      0.287
    SELF_HIG          -0.149      0.108     -1.378      0.168
    EDU_UPP            0.032      0.105      0.306      0.759
    EDU_TER            0.015      0.151      0.099      0.921
    WEALTH_2          -0.078      0.103     -0.760      0.447
    WEALTH_3          -0.341      0.114     -2.983      0.003
    CMULTI_4           1.924      0.117     16.461      0.000

 Means
    N#1                5.894      0.000    999.000    999.000
    N#2               -0.212      0.000    999.000    999.000
    N#3                2.744      0.000    999.000    999.000
    N#4                2.929      0.000    999.000    999.000
    N#5                2.767      0.000    999.000    999.000
    N#6                2.614      0.000    999.000    999.000

 Thresholds
    CMULTI$1           4.249      0.404     10.505      0.000

Latent Class 2

 CMULTI     ON
    FEMALE             0.348      0.085      4.073      0.000
    AGE                0.047      0.006      8.540      0.000
    PAT_INT            0.087      0.102      0.848      0.396
    PAT_HIG            0.032      0.105      0.300      0.764
    SELF_INT          -0.112      0.106     -1.064      0.287
    SELF_HIG          -0.149      0.108     -1.378      0.168
    EDU_UPP            0.032      0.105      0.306      0.759
    EDU_TER            0.015      0.151      0.099      0.921
    WEALTH_2          -0.078      0.103     -0.760      0.447
    WEALTH_3          -0.341      0.114     -2.983      0.003
    CMULTI_4           1.924      0.117     16.461      0.000

 Means
    N#1                0.943      0.000    999.000    999.000
    N#2                5.570      0.000    999.000    999.000
    N#3                0.299      0.000    999.000    999.000
    N#4               -0.836      0.000    999.000    999.000
    N#5                2.064      0.000    999.000    999.000
    N#6                1.486      0.000    999.000    999.000

 Thresholds
    CMULTI$1           4.186      0.383     10.922      0.000

Latent Class 3

 CMULTI     ON
    FEMALE             0.348      0.085      4.073      0.000
    AGE                0.047      0.006      8.540      0.000
    PAT_INT            0.087      0.102      0.848      0.396
    PAT_HIG            0.032      0.105      0.300      0.764
    SELF_INT          -0.112      0.106     -1.064      0.287
    SELF_HIG          -0.149      0.108     -1.378      0.168
    EDU_UPP            0.032      0.105      0.306      0.759
    EDU_TER            0.015      0.151      0.099      0.921
    WEALTH_2          -0.078      0.103     -0.760      0.447
    WEALTH_3          -0.341      0.114     -2.983      0.003
    CMULTI_4           1.924      0.117     16.461      0.000

 Means
    N#1               -0.647      0.000    999.000    999.000
    N#2               -3.884      0.000    999.000    999.000
    N#3                3.041      0.000    999.000    999.000
    N#4               -2.079      0.000    999.000    999.000
    N#5                0.435      0.000    999.000    999.000
    N#6               -0.381      0.000    999.000    999.000

 Thresholds
    CMULTI$1           4.214      0.409     10.296      0.000

Latent Class 4

 CMULTI     ON
    FEMALE             0.348      0.085      4.073      0.000
    AGE                0.047      0.006      8.540      0.000
    PAT_INT            0.087      0.102      0.848      0.396
    PAT_HIG            0.032      0.105      0.300      0.764
    SELF_INT          -0.112      0.106     -1.064      0.287
    SELF_HIG          -0.149      0.108     -1.378      0.168
    EDU_UPP            0.032      0.105      0.306      0.759
    EDU_TER            0.015      0.151      0.099      0.921
    WEALTH_2          -0.078      0.103     -0.760      0.447
    WEALTH_3          -0.341      0.114     -2.983      0.003
    CMULTI_4           1.924      0.117     16.461      0.000

 Means
    N#1                0.517      0.000    999.000    999.000
    N#2               -4.099      0.000    999.000    999.000
    N#3               -1.011      0.000    999.000    999.000
    N#4                2.936      0.000    999.000    999.000
    N#5               -3.339      0.000    999.000    999.000
    N#6               -2.198      0.000    999.000    999.000

 Thresholds
    CMULTI$1           4.945      0.408     12.126      0.000

Latent Class 5

 CMULTI     ON
    FEMALE             0.348      0.085      4.073      0.000
    AGE                0.047      0.006      8.540      0.000
    PAT_INT            0.087      0.102      0.848      0.396
    PAT_HIG            0.032      0.105      0.300      0.764
    SELF_INT          -0.112      0.106     -1.064      0.287
    SELF_HIG          -0.149      0.108     -1.378      0.168
    EDU_UPP            0.032      0.105      0.306      0.759
    EDU_TER            0.015      0.151      0.099      0.921
    WEALTH_2          -0.078      0.103     -0.760      0.447
    WEALTH_3          -0.341      0.114     -2.983      0.003
    CMULTI_4           1.924      0.117     16.461      0.000

 Means
    N#1               -1.493      0.000    999.000    999.000
    N#2               -1.348      0.000    999.000    999.000
    N#3                1.153      0.000    999.000    999.000
    N#4               -4.366      0.000    999.000    999.000
    N#5                4.073      0.000    999.000    999.000
    N#6                0.948      0.000    999.000    999.000

 Thresholds
    CMULTI$1           4.063      0.406     10.016      0.000

Latent Class 6

 CMULTI     ON
    FEMALE             0.348      0.085      4.073      0.000
    AGE                0.047      0.006      8.540      0.000
    PAT_INT            0.087      0.102      0.848      0.396
    PAT_HIG            0.032      0.105      0.300      0.764
    SELF_INT          -0.112      0.106     -1.064      0.287
    SELF_HIG          -0.149      0.108     -1.378      0.168
    EDU_UPP            0.032      0.105      0.306      0.759
    EDU_TER            0.015      0.151      0.099      0.921
    WEALTH_2          -0.078      0.103     -0.760      0.447
    WEALTH_3          -0.341      0.114     -2.983      0.003
    CMULTI_4           1.924      0.117     16.461      0.000

 Means
    N#1               -0.017      0.000    999.000    999.000
    N#2               -1.780      0.000    999.000    999.000
    N#3                0.663      0.000    999.000    999.000
    N#4               -1.502      0.000    999.000    999.000
    N#5                1.069      0.000    999.000    999.000
    N#6                3.456      0.000    999.000    999.000

 Thresholds
    CMULTI$1           4.523      0.419     10.788      0.000

Latent Class 7

 CMULTI     ON
    FEMALE             0.348      0.085      4.073      0.000
    AGE                0.047      0.006      8.540      0.000
    PAT_INT            0.087      0.102      0.848      0.396
    PAT_HIG            0.032      0.105      0.300      0.764
    SELF_INT          -0.112      0.106     -1.064      0.287
    SELF_HIG          -0.149      0.108     -1.378      0.168
    EDU_UPP            0.032      0.105      0.306      0.759
    EDU_TER            0.015      0.151      0.099      0.921
    WEALTH_2          -0.078      0.103     -0.760      0.447
    WEALTH_3          -0.341      0.114     -2.983      0.003
    CMULTI_4           1.924      0.117     16.461      0.000

 Means
    N#1               -6.144      0.000    999.000    999.000
    N#2               -7.357      0.000    999.000    999.000
    N#3               -2.764      0.000    999.000    999.000
    N#4               -3.487      0.000    999.000    999.000
    N#5               -3.163      0.000    999.000    999.000
    N#6               -3.576      0.000    999.000    999.000

 Thresholds
    CMULTI$1           4.713      0.406     11.603      0.000

Categorical Latent Variables

 Means
    C#1                0.081      0.069      1.174      0.240
    C#2               -0.207      0.074     -2.811      0.005
    C#3                0.224      0.072      3.111      0.002
    C#4               -0.160      0.075     -2.124      0.034
    C#5                0.401      0.068      5.884      0.000
    C#6               -0.040      0.078     -0.507      0.612

New/Additional Parameters
    DIFF12             0.063      0.181      0.350      0.727
    DIFF13             0.035      0.167      0.207      0.836
    DIFF23            -0.029      0.174     -0.165      0.869
    DIFF14            -0.696      0.210     -3.316      0.001
    DIFF24            -0.760      0.212     -3.575      0.000
    DIFF34            -0.731      0.200     -3.647      0.000
    DIFF15             0.187      0.167      1.120      0.263
    DIFF16            -0.274      0.194     -1.411      0.158
    DIFF25             0.123      0.171      0.721      0.471
    DIFF26            -0.337      0.197     -1.713      0.087
    DIFF35             0.152      0.162      0.935      0.350
    DIFF36            -0.308      0.187     -1.644      0.100
    DIFF45             0.883      0.201      4.398      0.000
    DIFF46             0.423      0.222      1.904      0.057
    DIFF56            -0.460      0.188     -2.450      0.014
    DIFF17            -0.464      0.178     -2.602      0.009
    DIFF27            -0.527      0.191     -2.762      0.006
    DIFF37            -0.499      0.184     -2.710      0.007
    DIFF47             0.232      0.218      1.064      0.287
    DIFF57            -0.651      0.179     -3.642      0.000
    DIFF67            -0.191      0.205     -0.931      0.352


RESULTS IN PROBABILITY SCALE

                    Estimate

Latent Class 1

 CMULTI
    Category 1         0.735
    Category 2         0.265

Latent Class 2

 CMULTI
    Category 1         0.711
    Category 2         0.289

Latent Class 3

 CMULTI
    Category 1         0.672
    Category 2         0.328

Latent Class 4

 CMULTI
    Category 1         0.877
    Category 2         0.123

Latent Class 5

 CMULTI
    Category 1         0.594
    Category 2         0.406

Latent Class 6

 CMULTI
    Category 1         0.730
    Category 2         0.270

Latent Class 7

 CMULTI
    Category 1         0.820
    Category 2         0.180


LOGISTIC REGRESSION ODDS RATIO RESULTS

                                                95% C.I.
                    Estimate       S.E.  Lower 2.5% Upper 2.5%

Latent Class 1

 CMULTI     ON
    FEMALE             1.416      0.121      1.198      1.674
    AGE                1.048      0.006      1.037      1.060
    PAT_INT            1.091      0.111      0.893      1.332
    PAT_HIG            1.032      0.109      0.839      1.269
    SELF_INT           0.894      0.094      0.726      1.099
    SELF_HIG           0.862      0.093      0.698      1.065
    EDU_UPP            1.033      0.108      0.841      1.268
    EDU_TER            1.015      0.153      0.755      1.365
    WEALTH_2           0.925      0.095      0.756      1.131
    WEALTH_3           0.711      0.081      0.569      0.890
    CMULTI_4           6.847      0.800      5.445      8.609

Latent Class 2

 CMULTI     ON
    FEMALE             1.416      0.121      1.198      1.674
    AGE                1.048      0.006      1.037      1.060
    PAT_INT            1.091      0.111      0.893      1.332
    PAT_HIG            1.032      0.109      0.839      1.269
    SELF_INT           0.894      0.094      0.726      1.099
    SELF_HIG           0.862      0.093      0.698      1.065
    EDU_UPP            1.033      0.108      0.841      1.268
    EDU_TER            1.015      0.153      0.755      1.365
    WEALTH_2           0.925      0.095      0.756      1.131
    WEALTH_3           0.711      0.081      0.569      0.890
    CMULTI_4           6.847      0.800      5.445      8.609

Latent Class 3

 CMULTI     ON
    FEMALE             1.416      0.121      1.198      1.674
    AGE                1.048      0.006      1.037      1.060
    PAT_INT            1.091      0.111      0.893      1.332
    PAT_HIG            1.032      0.109      0.839      1.269
    SELF_INT           0.894      0.094      0.726      1.099
    SELF_HIG           0.862      0.093      0.698      1.065
    EDU_UPP            1.033      0.108      0.841      1.268
    EDU_TER            1.015      0.153      0.755      1.365
    WEALTH_2           0.925      0.095      0.756      1.131
    WEALTH_3           0.711      0.081      0.569      0.890
    CMULTI_4           6.847      0.800      5.445      8.609

Latent Class 4

 CMULTI     ON
    FEMALE             1.416      0.121      1.198      1.674
    AGE                1.048      0.006      1.037      1.060
    PAT_INT            1.091      0.111      0.893      1.332
    PAT_HIG            1.032      0.109      0.839      1.269
    SELF_INT           0.894      0.094      0.726      1.099
    SELF_HIG           0.862      0.093      0.698      1.065
    EDU_UPP            1.033      0.108      0.841      1.268
    EDU_TER            1.015      0.153      0.755      1.365
    WEALTH_2           0.925      0.095      0.756      1.131
    WEALTH_3           0.711      0.081      0.569      0.890
    CMULTI_4           6.847      0.800      5.445      8.609

Latent Class 5

 CMULTI     ON
    FEMALE             1.416      0.121      1.198      1.674
    AGE                1.048      0.006      1.037      1.060
    PAT_INT            1.091      0.111      0.893      1.332
    PAT_HIG            1.032      0.109      0.839      1.269
    SELF_INT           0.894      0.094      0.726      1.099
    SELF_HIG           0.862      0.093      0.698      1.065
    EDU_UPP            1.033      0.108      0.841      1.268
    EDU_TER            1.015      0.153      0.755      1.365
    WEALTH_2           0.925      0.095      0.756      1.131
    WEALTH_3           0.711      0.081      0.569      0.890
    CMULTI_4           6.847      0.800      5.445      8.609

Latent Class 6

 CMULTI     ON
    FEMALE             1.416      0.121      1.198      1.674
    AGE                1.048      0.006      1.037      1.060
    PAT_INT            1.091      0.111      0.893      1.332
    PAT_HIG            1.032      0.109      0.839      1.269
    SELF_INT           0.894      0.094      0.726      1.099
    SELF_HIG           0.862      0.093      0.698      1.065
    EDU_UPP            1.033      0.108      0.841      1.268
    EDU_TER            1.015      0.153      0.755      1.365
    WEALTH_2           0.925      0.095      0.756      1.131
    WEALTH_3           0.711      0.081      0.569      0.890
    CMULTI_4           6.847      0.800      5.445      8.609

Latent Class 7

 CMULTI     ON
    FEMALE             1.416      0.121      1.198      1.674
    AGE                1.048      0.006      1.037      1.060
    PAT_INT            1.091      0.111      0.893      1.332
    PAT_HIG            1.032      0.109      0.839      1.269
    SELF_INT           0.894      0.094      0.726      1.099
    SELF_HIG           0.862      0.093      0.698      1.065
    EDU_UPP            1.033      0.108      0.841      1.268
    EDU_TER            1.015      0.153      0.755      1.365
    WEALTH_2           0.925      0.095      0.756      1.131
    WEALTH_3           0.711      0.081      0.569      0.890
    CMULTI_4           6.847      0.800      5.445      8.609


QUALITY OF NUMERICAL RESULTS

     Condition Number for the Information Matrix              0.236E-06
       (ratio of smallest to largest eigenvalue)


RESIDUAL OUTPUT


     ESTIMATED MODEL AND RESIDUALS (OBSERVED - ESTIMATED) FOR CLASS 1


           Model Estimated Means
              FEMALE        AGE           PAT_INT       PAT_HIG       SELF_INT
              ________      ________      ________      ________      ________
                0.358        63.076         0.298         0.445         0.234


           Model Estimated Means
              SELF_HIG      EDU_UPP       EDU_TER       WEALTH_2      WEALTH_3
              ________      ________      ________      ________      ________
                0.441         0.610         0.229         0.311         0.469


           Model Estimated Means
              CMULTI_4
              ________
                0.121


           Residuals for Means
              FEMALE        AGE           PAT_INT       PAT_HIG       SELF_INT
              ________      ________      ________      ________      ________
                0.000         0.000         0.000         0.000         0.000


           Residuals for Means
              SELF_HIG      EDU_UPP       EDU_TER       WEALTH_2      WEALTH_3
              ________      ________      ________      ________      ________
                0.000         0.000         0.000         0.000         0.000


           Residuals for Means
              CMULTI_4
              ________
                0.000


           Model Estimated Covariances
              FEMALE        AGE           PAT_INT       PAT_HIG       SELF_INT
              ________      ________      ________      ________      ________
 FEMALE         0.230
 AGE            0.095        56.869
 PAT_INT        0.000         0.000         0.209
 PAT_HIG        0.021         0.106         0.000         0.247
 SELF_INT       0.035         0.000         0.000         0.006         0.179
 SELF_HIG       0.000         0.000         0.000         0.053         0.000
 EDU_UPP        0.001         0.000         0.011         0.000         0.019
 EDU_TER        0.000         0.000         0.000         0.048         0.000
 WEALTH_2       0.003         0.000         0.007         0.000         0.000
 WEALTH_3       0.004         0.112         0.000         0.072         0.006
 CMULTI_4       0.009         0.436         0.000         0.000         0.000


           Model Estimated Covariances
              SELF_HIG      EDU_UPP       EDU_TER       WEALTH_2      WEALTH_3
              ________      ________      ________      ________      ________
 SELF_HIG       0.247
 EDU_UPP        0.000         0.238
 EDU_TER        0.080         0.000         0.177
 WEALTH_2       0.000         0.022         0.000         0.214
 WEALTH_3       0.068         0.000         0.052         0.000         0.249
 CMULTI_4       0.000         0.000         0.000         0.008         0.000


           Model Estimated Covariances
              CMULTI_4
              ________
 CMULTI_4       0.107


           Residuals for Covariances
              FEMALE        AGE           PAT_INT       PAT_HIG       SELF_INT
              ________      ________      ________      ________      ________
 FEMALE         0.000
 AGE            0.000         0.000
 PAT_INT        0.000         0.000         0.000
 PAT_HIG        0.000         0.000         0.000         0.000
 SELF_INT       0.000         0.000         0.000         0.000         0.000
 SELF_HIG       0.000         0.000         0.000         0.000         0.000
 EDU_UPP        0.000         0.000         0.000         0.000         0.000
 EDU_TER        0.000         0.000         0.000         0.000         0.000
 WEALTH_2       0.000         0.000         0.000         0.000         0.000
 WEALTH_3       0.000         0.000         0.000         0.000         0.000
 CMULTI_4       0.000         0.000         0.000         0.000         0.000


           Residuals for Covariances
              SELF_HIG      EDU_UPP       EDU_TER       WEALTH_2      WEALTH_3
              ________      ________      ________      ________      ________
 SELF_HIG       0.000
 EDU_UPP        0.000         0.000
 EDU_TER        0.000         0.000         0.000
 WEALTH_2       0.000         0.000         0.000         0.000
 WEALTH_3       0.000         0.000         0.000         0.000         0.000
 CMULTI_4       0.000         0.000         0.000         0.000         0.000


           Residuals for Covariances
              CMULTI_4
              ________
 CMULTI_4       0.000


     ESTIMATED MODEL AND RESIDUALS (OBSERVED - ESTIMATED) FOR CLASS 2


           Model Estimated Means
              FEMALE        AGE           PAT_INT       PAT_HIG       SELF_INT
              ________      ________      ________      ________      ________
                0.550        60.879         0.397         0.248         0.221


           Model Estimated Means
              SELF_HIG      EDU_UPP       EDU_TER       WEALTH_2      WEALTH_3
              ________      ________      ________      ________      ________
                0.245         0.516         0.087         0.309         0.195


           Model Estimated Means
              CMULTI_4
              ________
                0.117


           Residuals for Means
              FEMALE        AGE           PAT_INT       PAT_HIG       SELF_INT
              ________      ________      ________      ________      ________
                0.000         0.000         0.000         0.000         0.000


           Residuals for Means
              SELF_HIG      EDU_UPP       EDU_TER       WEALTH_2      WEALTH_3
              ________      ________      ________      ________      ________
                0.000         0.000         0.000         0.000         0.000


           Residuals for Means
              CMULTI_4
              ________
                0.000


           Model Estimated Covariances
              FEMALE        AGE           PAT_INT       PAT_HIG       SELF_INT
              ________      ________      ________      ________      ________
 FEMALE         0.247
 AGE            0.214        49.744
 PAT_INT        0.010         0.030         0.239
 PAT_HIG        0.000         0.000         0.000         0.186
 SELF_INT       0.015         0.034         0.001         0.006         0.172
 SELF_HIG       0.000         0.000         0.007         0.028         0.000
 EDU_UPP        0.000         0.000         0.006         0.019         0.010
 EDU_TER        0.000         0.000         0.000         0.022         0.000
 WEALTH_2       0.012         0.000         0.009         0.000         0.011
 WEALTH_3       0.000         0.000         0.000         0.040         0.010
 CMULTI_4       0.010         0.436         0.000         0.000         0.000


           Model Estimated Covariances
              SELF_HIG      EDU_UPP       EDU_TER       WEALTH_2      WEALTH_3
              ________      ________      ________      ________      ________
 SELF_HIG       0.185
 EDU_UPP        0.035         0.250
 EDU_TER        0.033         0.000         0.079
 WEALTH_2       0.000         0.010         0.000         0.214
 WEALTH_3       0.044         0.007         0.028         0.000         0.157
 CMULTI_4       0.000         0.000         0.000         0.000         0.000


           Model Estimated Covariances
              CMULTI_4
              ________
 CMULTI_4       0.103


           Residuals for Covariances
              FEMALE        AGE           PAT_INT       PAT_HIG       SELF_INT
              ________      ________      ________      ________      ________
 FEMALE         0.000
 AGE            0.000         0.000
 PAT_INT        0.000         0.000         0.000
 PAT_HIG        0.000         0.000         0.000         0.000
 SELF_INT       0.000         0.000         0.000         0.000         0.000
 SELF_HIG       0.000         0.000         0.000         0.000         0.000
 EDU_UPP        0.000         0.000         0.000         0.000         0.000
 EDU_TER        0.000         0.000         0.000         0.000         0.000
 WEALTH_2       0.000         0.000         0.000         0.000         0.000
 WEALTH_3       0.000         0.000         0.000         0.000         0.000
 CMULTI_4       0.000         0.000         0.000         0.000         0.000


           Residuals for Covariances
              SELF_HIG      EDU_UPP       EDU_TER       WEALTH_2      WEALTH_3
              ________      ________      ________      ________      ________
 SELF_HIG       0.000
 EDU_UPP        0.000         0.000
 EDU_TER        0.000         0.000         0.000
 WEALTH_2       0.000         0.000         0.000         0.000
 WEALTH_3       0.000         0.000         0.000         0.000         0.000
 CMULTI_4       0.000         0.000         0.000         0.000         0.000


           Residuals for Covariances
              CMULTI_4
              ________
 CMULTI_4       0.000


     ESTIMATED MODEL AND RESIDUALS (OBSERVED - ESTIMATED) FOR CLASS 3


           Model Estimated Means
              FEMALE        AGE           PAT_INT       PAT_HIG       SELF_INT
              ________      ________      ________      ________      ________
                0.616        64.943         0.304         0.415         0.269


           Model Estimated Means
              SELF_HIG      EDU_UPP       EDU_TER       WEALTH_2      WEALTH_3
              ________      ________      ________      ________      ________
                0.346         0.599         0.154         0.364         0.365


           Model Estimated Means
              CMULTI_4
              ________
                0.161


           Residuals for Means
              FEMALE        AGE           PAT_INT       PAT_HIG       SELF_INT
              ________      ________      ________      ________      ________
                0.000         0.000         0.000         0.000         0.000


           Residuals for Means
              SELF_HIG      EDU_UPP       EDU_TER       WEALTH_2      WEALTH_3
              ________      ________      ________      ________      ________
                0.000         0.000         0.000         0.000         0.000


           Residuals for Means
              CMULTI_4
              ________
                0.000


           Model Estimated Covariances
              FEMALE        AGE           PAT_INT       PAT_HIG       SELF_INT
              ________      ________      ________      ________      ________
 FEMALE         0.236
 AGE            0.002        66.079
 PAT_INT        0.000         0.000         0.212
 PAT_HIG        0.017         0.054         0.000         0.243
 SELF_INT       0.025         0.173         0.000         0.007         0.196
 SELF_HIG       0.000         0.000         0.000         0.045         0.000
 EDU_UPP        0.004         0.000         0.002         0.002         0.028
 EDU_TER        0.000         0.000         0.000         0.040         0.000
 WEALTH_2       0.000         0.000         0.010         0.000         0.000
 WEALTH_3       0.002         0.000         0.000         0.067         0.022
 CMULTI_4       0.000         0.646         0.000         0.000         0.000


           Model Estimated Covariances
              SELF_HIG      EDU_UPP       EDU_TER       WEALTH_2      WEALTH_3
              ________      ________      ________      ________      ________
 SELF_HIG       0.226
 EDU_UPP        0.000         0.240
 EDU_TER        0.066         0.000         0.130
 WEALTH_2       0.000         0.015         0.000         0.232
 WEALTH_3       0.048         0.007         0.035         0.000         0.232
 CMULTI_4       0.000         0.000         0.000         0.000         0.000


           Model Estimated Covariances
              CMULTI_4
              ________
 CMULTI_4       0.135


           Residuals for Covariances
              FEMALE        AGE           PAT_INT       PAT_HIG       SELF_INT
              ________      ________      ________      ________      ________
 FEMALE         0.000
 AGE            0.000         0.000
 PAT_INT        0.000         0.000         0.000
 PAT_HIG        0.000         0.000         0.000         0.000
 SELF_INT       0.000         0.000         0.000         0.000         0.000
 SELF_HIG       0.000         0.000         0.000         0.000         0.000
 EDU_UPP        0.000         0.000         0.000         0.000         0.000
 EDU_TER        0.000         0.000         0.000         0.000         0.000
 WEALTH_2       0.000         0.000         0.000         0.000         0.000
 WEALTH_3       0.000         0.000         0.000         0.000         0.000
 CMULTI_4       0.000         0.000         0.000         0.000         0.000


           Residuals for Covariances
              SELF_HIG      EDU_UPP       EDU_TER       WEALTH_2      WEALTH_3
              ________      ________      ________      ________      ________
 SELF_HIG       0.000
 EDU_UPP        0.000         0.000
 EDU_TER        0.000         0.000         0.000
 WEALTH_2       0.000         0.000         0.000         0.000
 WEALTH_3       0.000         0.000         0.000         0.000         0.000
 CMULTI_4       0.000         0.000         0.000         0.000         0.000


           Residuals for Covariances
              CMULTI_4
              ________
 CMULTI_4       0.000


     ESTIMATED MODEL AND RESIDUALS (OBSERVED - ESTIMATED) FOR CLASS 4


           Model Estimated Means
              FEMALE        AGE           PAT_INT       PAT_HIG       SELF_INT
              ________      ________      ________      ________      ________
                0.351        60.894         0.301         0.480         0.259


           Model Estimated Means
              SELF_HIG      EDU_UPP       EDU_TER       WEALTH_2      WEALTH_3
              ________      ________      ________      ________      ________
                0.520         0.548         0.328         0.292         0.586


           Model Estimated Means
              CMULTI_4
              ________
                0.051


           Residuals for Means
              FEMALE        AGE           PAT_INT       PAT_HIG       SELF_INT
              ________      ________      ________      ________      ________
                0.000         0.000         0.000         0.000         0.000


           Residuals for Means
              SELF_HIG      EDU_UPP       EDU_TER       WEALTH_2      WEALTH_3
              ________      ________      ________      ________      ________
                0.000         0.000         0.000         0.000         0.000


           Residuals for Means
              CMULTI_4
              ________
                0.000


           Model Estimated Covariances
              FEMALE        AGE           PAT_INT       PAT_HIG       SELF_INT
              ________      ________      ________      ________      ________
 FEMALE         0.228
 AGE            0.000        42.149
 PAT_INT        0.000         0.000         0.210
 PAT_HIG        0.034         0.044         0.000         0.250
 SELF_INT       0.024         0.091         0.000         0.000         0.192
 SELF_HIG       0.000         0.000         0.000         0.041         0.000
 EDU_UPP        0.018         0.000         0.012         0.000         0.040
 EDU_TER        0.000         0.000         0.000         0.039         0.000
 WEALTH_2       0.001         0.000         0.014         0.000         0.006
 WEALTH_3       0.011         0.099         0.000         0.049         0.000
 CMULTI_4       0.003         0.149         0.000         0.000         0.002


           Model Estimated Covariances
              SELF_HIG      EDU_UPP       EDU_TER       WEALTH_2      WEALTH_3
              ________      ________      ________      ________      ________
 SELF_HIG       0.250
 EDU_UPP        0.000         0.248
 EDU_TER        0.098         0.000         0.220
 WEALTH_2       0.000         0.015         0.000         0.207
 WEALTH_3       0.057         0.000         0.056         0.000         0.243
 CMULTI_4       0.000         0.009         0.000         0.000         0.000


           Model Estimated Covariances
              CMULTI_4
              ________
 CMULTI_4       0.049


           Residuals for Covariances
              FEMALE        AGE           PAT_INT       PAT_HIG       SELF_INT
              ________      ________      ________      ________      ________
 FEMALE         0.000
 AGE            0.000         0.000
 PAT_INT        0.000         0.000         0.000
 PAT_HIG        0.000         0.000         0.000         0.000
 SELF_INT       0.000         0.000         0.000         0.000         0.000
 SELF_HIG       0.000         0.000         0.000         0.000         0.000
 EDU_UPP        0.000         0.000         0.000         0.000         0.000
 EDU_TER        0.000         0.000         0.000         0.000         0.000
 WEALTH_2       0.000         0.000         0.000         0.000         0.000
 WEALTH_3       0.000         0.000         0.000         0.000         0.000
 CMULTI_4       0.000         0.000         0.000         0.000         0.000


           Residuals for Covariances
              SELF_HIG      EDU_UPP       EDU_TER       WEALTH_2      WEALTH_3
              ________      ________      ________      ________      ________
 SELF_HIG       0.000
 EDU_UPP        0.000         0.000
 EDU_TER        0.000         0.000         0.000
 WEALTH_2       0.000         0.000         0.000         0.000
 WEALTH_3       0.000         0.000         0.000         0.000         0.000
 CMULTI_4       0.000         0.000         0.000         0.000         0.000


           Residuals for Covariances
              CMULTI_4
              ________
 CMULTI_4       0.000


     ESTIMATED MODEL AND RESIDUALS (OBSERVED - ESTIMATED) FOR CLASS 5


           Model Estimated Means
              FEMALE        AGE           PAT_INT       PAT_HIG       SELF_INT
              ________      ________      ________      ________      ________
                0.694        66.012         0.339         0.309         0.236


           Model Estimated Means
              SELF_HIG      EDU_UPP       EDU_TER       WEALTH_2      WEALTH_3
              ________      ________      ________      ________      ________
                0.246         0.529         0.080         0.347         0.223


           Model Estimated Means
              CMULTI_4
              ________
                0.213


           Residuals for Means
              FEMALE        AGE           PAT_INT       PAT_HIG       SELF_INT
              ________      ________      ________      ________      ________
                0.000         0.000         0.000         0.000         0.000


           Residuals for Means
              SELF_HIG      EDU_UPP       EDU_TER       WEALTH_2      WEALTH_3
              ________      ________      ________      ________      ________
                0.000         0.000         0.000         0.000         0.000


           Residuals for Means
              CMULTI_4
              ________
                0.000


           Model Estimated Covariances
              FEMALE        AGE           PAT_INT       PAT_HIG       SELF_INT
              ________      ________      ________      ________      ________
 FEMALE         0.213
 AGE            0.222        78.086
 PAT_INT        0.000         0.072         0.224
 PAT_HIG        0.027         0.000         0.000         0.214
 SELF_INT       0.019         0.051         0.001         0.014         0.181
 SELF_HIG       0.000         0.000         0.000         0.037         0.000
 EDU_UPP        0.000         0.000         0.000         0.034         0.023
 EDU_TER        0.000         0.000         0.000         0.020         0.000
 WEALTH_2       0.009         0.000         0.016         0.006         0.009
 WEALTH_3       0.000         0.000         0.000         0.030         0.024
 CMULTI_4       0.014         0.909         0.005         0.000         0.000


           Model Estimated Covariances
              SELF_HIG      EDU_UPP       EDU_TER       WEALTH_2      WEALTH_3
              ________      ________      ________      ________      ________
 SELF_HIG       0.185
 EDU_UPP        0.027         0.249
 EDU_TER        0.036         0.000         0.074
 WEALTH_2       0.003         0.012         0.000         0.227
 WEALTH_3       0.027         0.016         0.013         0.000         0.173
 CMULTI_4       0.000         0.000         0.000         0.000         0.000


           Model Estimated Covariances
              CMULTI_4
              ________
 CMULTI_4       0.168


           Residuals for Covariances
              FEMALE        AGE           PAT_INT       PAT_HIG       SELF_INT
              ________      ________      ________      ________      ________
 FEMALE         0.000
 AGE            0.000         0.000
 PAT_INT        0.000         0.000         0.000
 PAT_HIG        0.000         0.000         0.000         0.000
 SELF_INT       0.000         0.000         0.000         0.000         0.000
 SELF_HIG       0.000         0.000         0.000         0.000         0.000
 EDU_UPP        0.000         0.000         0.000         0.000         0.000
 EDU_TER        0.000         0.000         0.000         0.000         0.000
 WEALTH_2       0.000         0.000         0.000         0.000         0.000
 WEALTH_3       0.000         0.000         0.000         0.000         0.000
 CMULTI_4       0.000         0.000         0.000         0.000         0.000


           Residuals for Covariances
              SELF_HIG      EDU_UPP       EDU_TER       WEALTH_2      WEALTH_3
              ________      ________      ________      ________      ________
 SELF_HIG       0.000
 EDU_UPP        0.000         0.000
 EDU_TER        0.000         0.000         0.000
 WEALTH_2       0.000         0.000         0.000         0.000
 WEALTH_3       0.000         0.000         0.000         0.000         0.000
 CMULTI_4       0.000         0.000         0.000         0.000         0.000


           Residuals for Covariances
              CMULTI_4
              ________
 CMULTI_4       0.000


     ESTIMATED MODEL AND RESIDUALS (OBSERVED - ESTIMATED) FOR CLASS 6


           Model Estimated Means
              FEMALE        AGE           PAT_INT       PAT_HIG       SELF_INT
              ________      ________      ________      ________      ________
                0.519        64.816         0.364         0.338         0.270


           Model Estimated Means
              SELF_HIG      EDU_UPP       EDU_TER       WEALTH_2      WEALTH_3
              ________      ________      ________      ________      ________
                0.283         0.595         0.110         0.388         0.257


           Model Estimated Means
              CMULTI_4
              ________
                0.145


           Residuals for Means
              FEMALE        AGE           PAT_INT       PAT_HIG       SELF_INT
              ________      ________      ________      ________      ________
                0.000         0.000         0.000         0.000         0.000


           Residuals for Means
              SELF_HIG      EDU_UPP       EDU_TER       WEALTH_2      WEALTH_3
              ________      ________      ________      ________      ________
                0.000         0.000         0.000         0.000         0.000


           Residuals for Means
              CMULTI_4
              ________
                0.000


           Model Estimated Covariances
              FEMALE        AGE           PAT_INT       PAT_HIG       SELF_INT
              ________      ________      ________      ________      ________
 FEMALE         0.250
 AGE            0.207        75.994
 PAT_INT        0.000         0.000         0.232
 PAT_HIG        0.000         0.000         0.000         0.224
 SELF_INT       0.029         0.000         0.000         0.023         0.197
 SELF_HIG       0.000         0.000         0.000         0.026         0.000
 EDU_UPP        0.000         0.000         0.004         0.022         0.031
 EDU_TER        0.000         0.000         0.000         0.018         0.000
 WEALTH_2       0.000         0.000         0.002         0.002         0.000
 WEALTH_3       0.000         0.000         0.000         0.038         0.020
 CMULTI_4       0.020         0.564         0.008         0.000         0.000


           Model Estimated Covariances
              SELF_HIG      EDU_UPP       EDU_TER       WEALTH_2      WEALTH_3
              ________      ________      ________      ________      ________
 SELF_HIG       0.203
 EDU_UPP        0.006         0.241
 EDU_TER        0.046         0.000         0.098
 WEALTH_2       0.014         0.033         0.000         0.238
 WEALTH_3       0.034         0.014         0.025         0.000         0.191
 CMULTI_4       0.000         0.000         0.000         0.000         0.000


           Model Estimated Covariances
              CMULTI_4
              ________
 CMULTI_4       0.124


           Residuals for Covariances
              FEMALE        AGE           PAT_INT       PAT_HIG       SELF_INT
              ________      ________      ________      ________      ________
 FEMALE         0.000
 AGE            0.000         0.000
 PAT_INT        0.000         0.000         0.000
 PAT_HIG        0.000         0.000         0.000         0.000
 SELF_INT       0.000         0.000         0.000         0.000         0.000
 SELF_HIG       0.000         0.000         0.000         0.000         0.000
 EDU_UPP        0.000         0.000         0.000         0.000         0.000
 EDU_TER        0.000         0.000         0.000         0.000         0.000
 WEALTH_2       0.000         0.000         0.000         0.000         0.000
 WEALTH_3       0.000         0.000         0.000         0.000         0.000
 CMULTI_4       0.000         0.000         0.000         0.000         0.000


           Residuals for Covariances
              SELF_HIG      EDU_UPP       EDU_TER       WEALTH_2      WEALTH_3
              ________      ________      ________      ________      ________
 SELF_HIG       0.000
 EDU_UPP        0.000         0.000
 EDU_TER        0.000         0.000         0.000
 WEALTH_2       0.000         0.000         0.000         0.000
 WEALTH_3       0.000         0.000         0.000         0.000         0.000
 CMULTI_4       0.000         0.000         0.000         0.000         0.000


           Residuals for Covariances
              CMULTI_4
              ________
 CMULTI_4       0.000


     ESTIMATED MODEL AND RESIDUALS (OBSERVED - ESTIMATED) FOR CLASS 7


           Model Estimated Means
              FEMALE        AGE           PAT_INT       PAT_HIG       SELF_INT
              ________      ________      ________      ________      ________
                0.547        62.167         0.342         0.405         0.268


           Model Estimated Means
              SELF_HIG      EDU_UPP       EDU_TER       WEALTH_2      WEALTH_3
              ________      ________      ________      ________      ________
                0.386         0.579         0.239         0.353         0.455


           Model Estimated Means
              CMULTI_4
              ________
                0.070


           Residuals for Means
              FEMALE        AGE           PAT_INT       PAT_HIG       SELF_INT
              ________      ________      ________      ________      ________
                0.000         0.000         0.000         0.000         0.000


           Residuals for Means
              SELF_HIG      EDU_UPP       EDU_TER       WEALTH_2      WEALTH_3
              ________      ________      ________      ________      ________
                0.000         0.000         0.000         0.000         0.000


           Residuals for Means
              CMULTI_4
              ________
                0.000


           Model Estimated Covariances
              FEMALE        AGE           PAT_INT       PAT_HIG       SELF_INT
              ________      ________      ________      ________      ________
 FEMALE         0.248
 AGE            0.072        48.267
 PAT_INT        0.000         0.051         0.225
 PAT_HIG        0.019         0.000         0.000         0.241
 SELF_INT       0.014         0.001         0.010         0.000         0.196
 SELF_HIG       0.000         0.000         0.000         0.043         0.000
 EDU_UPP        0.005         0.000         0.000         0.003         0.027
 EDU_TER        0.000         0.000         0.000         0.038         0.000
 WEALTH_2       0.000         0.243         0.008         0.000         0.011
 WEALTH_3       0.014         0.000         0.000         0.038         0.001
 CMULTI_4       0.008         0.301         0.003         0.000         0.001


           Model Estimated Covariances
              SELF_HIG      EDU_UPP       EDU_TER       WEALTH_2      WEALTH_3
              ________      ________      ________      ________      ________
 SELF_HIG       0.237
 EDU_UPP        0.000         0.244
 EDU_TER        0.094         0.000         0.182
 WEALTH_2       0.000         0.012         0.000         0.228
 WEALTH_3       0.058         0.000         0.042         0.000         0.248
 CMULTI_4       0.000         0.003         0.000         0.007         0.000


           Model Estimated Covariances
              CMULTI_4
              ________
 CMULTI_4       0.065


           Residuals for Covariances
              FEMALE        AGE           PAT_INT       PAT_HIG       SELF_INT
              ________      ________      ________      ________      ________
 FEMALE         0.000
 AGE            0.000         0.000
 PAT_INT        0.000         0.000         0.000
 PAT_HIG        0.000         0.000         0.000         0.000
 SELF_INT       0.000         0.000         0.000         0.000         0.000
 SELF_HIG       0.000         0.000         0.000         0.000         0.000
 EDU_UPP        0.000         0.000         0.000         0.000         0.000
 EDU_TER        0.000         0.000         0.000         0.000         0.000
 WEALTH_2       0.000         0.000         0.000         0.000         0.000
 WEALTH_3       0.000         0.000         0.000         0.000         0.000
 CMULTI_4       0.000         0.000         0.000         0.000         0.000


           Residuals for Covariances
              SELF_HIG      EDU_UPP       EDU_TER       WEALTH_2      WEALTH_3
              ________      ________      ________      ________      ________
 SELF_HIG       0.000
 EDU_UPP        0.000         0.000
 EDU_TER        0.000         0.000         0.000
 WEALTH_2       0.000         0.000         0.000         0.000
 WEALTH_3       0.000         0.000         0.000         0.000         0.000
 CMULTI_4       0.000         0.000         0.000         0.000         0.000


           Residuals for Covariances
              CMULTI_4
              ________
 CMULTI_4       0.000


     UNIVARIATE DISTRIBUTION FIT FOR CLASS 1

     Variable          Observed      Estimated      Residual (Obs.-Est.)    Stand. Residual
     N
       Category 0        0.847          0.847                  0.000                0.004
       Category 1        0.002          0.002                  0.000                0.000
       Category 2        0.036          0.036                  0.000                0.000
       Category 3        0.044          0.044                  0.000               -0.008
       Category 4        0.037          0.037                  0.000                0.001
       Category 5        0.032          0.032                  0.000                0.000
       Category 6        0.002          0.002                  0.000               -0.001


     UNIVARIATE DISTRIBUTION FIT FOR CLASS 2

     Variable          Observed      Estimated      Residual (Obs.-Est.)    Stand. Residual
     N
       Category 0        0.009          0.009                  0.000                0.000
       Category 1        0.937          0.937                  0.000                0.000
       Category 2        0.005          0.005                  0.000                0.000
       Category 3        0.002          0.002                  0.000               -0.002
       Category 4        0.028          0.028                  0.000                0.000
       Category 5        0.016          0.016                  0.000                0.000
       Category 6        0.004          0.004                  0.000               -0.001


     UNIVARIATE DISTRIBUTION FIT FOR CLASS 3

     Variable          Observed      Estimated      Residual (Obs.-Est.)    Stand. Residual
     N
       Category 0        0.021          0.021                  0.000                0.000
       Category 1        0.001          0.001                  0.000                0.000
       Category 2        0.843          0.843                  0.000                0.002
       Category 3        0.005          0.005                  0.000               -0.003
       Category 4        0.062          0.062                  0.000                0.001
       Category 5        0.028          0.028                  0.000                0.000
       Category 6        0.040          0.040                  0.000               -0.004


     UNIVARIATE DISTRIBUTION FIT FOR CLASS 4

     Variable          Observed      Estimated      Residual (Obs.-Est.)    Stand. Residual
     N
       Category 0        0.076          0.076                  0.000               -0.005
       Category 1        0.001          0.001                  0.000                0.000
       Category 2        0.017          0.017                  0.000                0.004
       Category 3        0.855          0.855                  0.000                0.003
       Category 4        0.002          0.002                  0.000                0.004
       Category 5        0.005          0.005                  0.000               -0.001
       Category 6        0.045          0.045                  0.000               -0.002


     UNIVARIATE DISTRIBUTION FIT FOR CLASS 5

     Variable          Observed      Estimated      Residual (Obs.-Est.)    Stand. Residual
     N
       Category 0        0.003          0.003                  0.000                0.000
       Category 1        0.004          0.004                  0.000                0.000
       Category 2        0.048          0.048                  0.000                0.001
       Category 3        0.000          0.000                  0.000               -0.001
       Category 4        0.890          0.890                  0.000                0.002
       Category 5        0.039          0.039                  0.000               -0.001
       Category 6        0.015          0.015                  0.000               -0.005


     UNIVARIATE DISTRIBUTION FIT FOR CLASS 6

     Variable          Observed      Estimated      Residual (Obs.-Est.)    Stand. Residual
     N
       Category 0        0.025          0.025                  0.000                0.000
       Category 1        0.004          0.004                  0.000                0.000
       Category 2        0.050          0.050                  0.000                0.001
       Category 3        0.006          0.006                  0.000               -0.001
       Category 4        0.075          0.075                  0.000                0.007
       Category 5        0.814          0.814                  0.000               -0.005
       Category 6        0.026          0.026                  0.000               -0.001


     UNIVARIATE DISTRIBUTION FIT FOR CLASS 7

     Variable          Observed      Estimated      Residual (Obs.-Est.)    Stand. Residual
     N
       Category 0        0.002          0.002                  0.000                0.000
       Category 1        0.001          0.001                  0.000                0.000
       Category 2        0.054          0.054                  0.000                0.003
       Category 3        0.026          0.026                  0.000                0.000
       Category 4        0.036          0.036                  0.000                0.010
       Category 5        0.024          0.024                  0.000               -0.001
       Category 6        0.857          0.857                  0.000               -0.007


     UNIVARIATE DISTRIBUTION FIT FOR CLASS 1

     Variable          Observed      Estimated      Residual (Obs.-Est.)    Stand. Residual
     CMULTI
       Category 1        0.735          0.735                  0.000                0.000
       Category 2        0.265          0.265                  0.000                0.000


     UNIVARIATE DISTRIBUTION FIT FOR CLASS 2

     Variable          Observed      Estimated      Residual (Obs.-Est.)    Stand. Residual
     CMULTI
       Category 1        0.711          0.711                  0.000                0.000
       Category 2        0.289          0.289                  0.000                0.000


     UNIVARIATE DISTRIBUTION FIT FOR CLASS 3

     Variable          Observed      Estimated      Residual (Obs.-Est.)    Stand. Residual
     CMULTI
       Category 1        0.672          0.672                  0.000                0.000
       Category 2        0.328          0.328                  0.000                0.000


     UNIVARIATE DISTRIBUTION FIT FOR CLASS 4

     Variable          Observed      Estimated      Residual (Obs.-Est.)    Stand. Residual
     CMULTI
       Category 1        0.877          0.877                  0.000                0.000
       Category 2        0.123          0.123                  0.000                0.000


     UNIVARIATE DISTRIBUTION FIT FOR CLASS 5

     Variable          Observed      Estimated      Residual (Obs.-Est.)    Stand. Residual
     CMULTI
       Category 1        0.594          0.594                  0.000                0.000
       Category 2        0.406          0.406                  0.000                0.000


     UNIVARIATE DISTRIBUTION FIT FOR CLASS 6

     Variable          Observed      Estimated      Residual (Obs.-Est.)    Stand. Residual
     CMULTI
       Category 1        0.730          0.730                  0.000                0.000
       Category 2        0.270          0.270                  0.000                0.000


     UNIVARIATE DISTRIBUTION FIT FOR CLASS 7

     Variable          Observed      Estimated      Residual (Obs.-Est.)    Stand. Residual
     CMULTI
       Category 1        0.820          0.820                  0.000                0.000
       Category 2        0.180          0.180                  0.000                0.000


     Beginning Time:  17:37:06
        Ending Time:  17:37:07
       Elapsed Time:  00:00:01



MUTHEN & MUTHEN
3463 Stoner Ave.
Los Angeles, CA  90066

Tel: (310) 391-9971
Fax: (310) 391-8971
Web: www.StatModel.com
Support: Support@StatModel.com

Copyright (c) 1998-2020 Muthen & Muthen
