Mplus VERSION 8.5 (Mac)
MUTHEN & MUTHEN
06/19/2023   5:37 PM

INPUT INSTRUCTIONS

  TITLE:
  Step3 - 3step LSAY - Lab9
  DATA:
  FILE = "./Step1_MPlus_Outcomes.dat";

  VARIABLE:
  NAMES = W4_SMOKE W5_SMOKE W6_SMOKE W7_SMOKE W8_SMOKE W4_DRINK W5_DRINK W6_DRINK
       W7_DRINK W8_DRINK W4_PA W5_PA W6_PA W7_PA W8_PA W4_FV W5_FV W6_FV W7_FV W8_FV
       FEMALE AGE PAT_INT PAT_HIG SELF_INT SELF_HIG EDU_UPP EDU_TER WEALTH_2 WEALTH_3
       EYE_4 CIRCUL_4 ENDOCR_4 MUSCUL_4 RESPIR_4 NEOPLA_4 NERVOU_4 MENTAL_4 MULTI_4
       CMULTI_4 LUNCAN_4 EYE CIRCUL ENDOCR MUSCUL RESPIR NEOPLA NERVOU MENTAL MULTI
       CMULTI LUNCAN CPROB1 CPROB2 CPROB3 CPROB4 CPROB5 CPROB6 CPROB7 N WEIGHTS;
   MISSING=.;
   nominal=N;
    usevar = n;
    USEOBSERVATIONS = Female NE -99 AND Age NE -99 AND
    Pat_Int NE -99 AND
  Pat_Hig NE -99 AND Self_Int NE -99 AND
  Self_Hig NE -99 AND Edu_Upp NE -99 AND
  Edu_Ter NE -99 AND
  Wealth_2 NE -99 AND Wealth_3 NE -99;
    missing are all (-99);
    classes = c(7);
    CATEGORICAL = Neopla;
    usevar = Female Age
     Pat_Int Pat_Hig Self_Int Self_Hig Edu_Upp
     Edu_Ter Wealth_2 Wealth_3 Neopla Neopla_4;
    WEIGHT  = Weights;
  ANALYSIS:
  estimator = mlr;
    type = mixture;
    starts = 0;
    ITERATIONS = 1000;
  MODEL:
  %OVERALL%

  Neopla ON Female Age
     Pat_Int Pat_Hig Self_Int Self_Hig Edu_Upp
     Edu_Ter Wealth_2 Wealth_3 Neopla_4;         ! covariate as predictor of distal

      %C#1%
      [n#1@5.894];
      [n#2@-0.212];
      [n#3@2.744];
      [n#4@2.929];
      [n#5@2.767];
      [n#6@2.614];
    [Neopla$1](m1);

     %C#2%
    [n#1@0.943];
    [n#2@5.57];
    [n#3@0.299];
    [n#4@-0.836];
    [n#5@2.064];
    [n#6@1.486];
    [Neopla$1](m2);


    %C#3%
   [n#1@-0.647];
    [n#2@-3.884];
    [n#3@3.041];
    [n#4@-2.079];
    [n#5@0.435];
    [n#6@-0.381];

    [Neopla$1](m3);


     %C#4%
    [n#1@0.517];
    [n#2@-4.099];
    [n#3@-1.011];
    [n#4@2.936];
    [n#5@-3.339];
    [n#6@-2.198];

    [Neopla$1](m4);



     %C#5%
    [n#1@-1.493];
    [n#2@-1.348];
    [n#3@1.153];
    [n#4@-4.366];
    [n#5@4.073];
    [n#6@0.948];

    [Neopla$1](m5);


      %C#6%
    [n#1@-0.017];
    [n#2@-1.78];
    [n#3@0.663];
    [n#4@-1.502];
    [n#5@1.069];
    [n#6@3.456];
      [Neopla$1](m6);

    %C#7%
    [n#1@-6.144];
    [n#2@-7.357];
    [n#3@-2.764];
    [n#4@-3.487];
    [n#5@-3.163];
    [n#6@-3.576];
    [Neopla$1](m7);
  MODEL CONSTRAINT:
  New (diff12 diff13 diff23 diff14
    diff24 diff34 diff15 diff16 diff25
    diff26 diff35 diff36 diff45
    diff46 diff56 diff17 diff27 diff37
    diff47 diff57 diff67);
    diff12 = m1-m2;  ! test pairwise distal mean differences
    diff13 = m1-m3;
    diff23 = m2-m3;
    diff14 = m1-m4;
    diff24 = m2-m4;
    diff34 = m3-m4;
    diff15 = m1-m5;
    diff16 = m1-m6;
    diff25 = m2-m5;
    diff26 = m2-m6;
    diff35 = m3-m5;
    diff36 = m3-m6;
    diff45 = m4-m5;
    diff46 = m4-m6;
    diff56 = m5-m6;
    diff17 = m1-m7;   ! additional pairwise difference
    diff27 = m2-m7;
    diff37 = m3-m7;
    diff47 = m4-m7;
    diff57 = m5-m7;
    diff67 = m6-m7;
  MODEL TEST:
  0=m1-m2;
     0=m2-m3;
     0=m3-m4; ! omnibus test of distal thresholds
     0=m4-m5;
     0=m5-m6;
     0=m6-m7;
  OUTPUT:
  sampstat residual TECH11 TECH14;



*** WARNING
  One or more observations has a value of 0 for the WEIGHT variable.
*** WARNING in OUTPUT command
  TECH11 option is not available in conjunction with nonlinear constraints
  through the use of MODEL CONSTRAINT.  Request for TECH11 is ignored.
*** WARNING in OUTPUT command
  TECH14 option is not available for TYPE=MIXTURE with weights.
  Request for TECH14 is ignored.
*** WARNING
  Data set contains cases with missing on x-variables.
  These cases were not included in the analysis.
  Number of cases with missing on x-variables:  3
   4 WARNING(S) FOUND IN THE INPUT INSTRUCTIONS




Step3 - 3step LSAY - Lab9

SUMMARY OF ANALYSIS

Number of groups                                                 1
Number of observations                                        4756

Number of dependent variables                                    2
Number of independent variables                                 11
Number of continuous latent variables                            0
Number of categorical latent variables                           1

Observed dependent variables

  Binary and ordered categorical (ordinal)
   NEOPLA

  Unordered categorical (nominal)
   N

Observed independent variables
   FEMALE      AGE         PAT_INT     PAT_HIG     SELF_INT    SELF_HIG
   EDU_UPP     EDU_TER     WEALTH_2    WEALTH_3    NEOPLA_4

Categorical latent variables
   C

Variables with special functions

  Weight variable       WEIGHTS

Estimator                                                      MLR
Information matrix                                        OBSERVED
Optimization Specifications for the Quasi-Newton Algorithm for
Continuous Outcomes
  Maximum number of iterations                                1000
  Convergence criterion                                  0.100D-05
Optimization Specifications for the EM Algorithm
  Maximum number of iterations                                 500
  Convergence criteria
    Loglikelihood change                                 0.100D-06
    Relative loglikelihood change                        0.100D-06
    Derivative                                           0.100D-05
Optimization Specifications for the M step of the EM Algorithm for
Categorical Latent variables
  Number of M step iterations                                    1
  M step convergence criterion                           0.100D-05
  Basis for M step termination                           ITERATION
Optimization Specifications for the M step of the EM Algorithm for
Censored, Binary or Ordered Categorical (Ordinal), Unordered
Categorical (Nominal) and Count Outcomes
  Number of M step iterations                                    1
  M step convergence criterion                           0.100D-05
  Basis for M step termination                           ITERATION
  Maximum value for logit thresholds                            15
  Minimum value for logit thresholds                           -15
  Minimum expected cell size for chi-square              0.100D-01
Maximum number of iterations for H1                           2000
Convergence criterion for H1                             0.100D-03
Optimization algorithm                                         EMA
Link                                                         LOGIT

Input data file(s)
  ./Step1_MPlus_Outcomes.dat
Input data format  FREE


SUMMARY OF DATA

     Number of missing data patterns             2
     Number of y missing data patterns           0
     Number of u missing data patterns           2


COVARIANCE COVERAGE OF DATA

Minimum covariance coverage value   0.100


     PROPORTION OF DATA PRESENT FOR U


           Covariance Coverage
              NEOPLA
              ________
 NEOPLA         1.000


UNIVARIATE PROPORTIONS AND COUNTS FOR CATEGORICAL VARIABLES

    NEOPLA
      Category 1    0.948         4507.720
      Category 2    0.052          246.507
    N
      Category 1    0.140          668.065
      Category 2    0.104          495.429
      Category 3    0.172          819.330
      Category 4    0.109          520.346
      Category 5    0.212         1008.562
      Category 6    0.128          606.924
      Category 7    0.134          637.343


SAMPLE STATISTICS


     SAMPLE STATISTICS


           Means
              FEMALE        AGE           PAT_INT       PAT_HIG       SELF_INT
              ________      ________      ________      ________      ________
                0.535        63.589         0.333         0.376         0.251


           Means
              SELF_HIG      EDU_UPP       EDU_TER       WEALTH_2      WEALTH_3
              ________      ________      ________      ________      ________
                0.346         0.568         0.169         0.341         0.356


           Means
              NEOPLA_4
              ________
                0.029


           Covariances
              FEMALE        AGE           PAT_INT       PAT_HIG       SELF_INT
              ________      ________      ________      ________      ________
 FEMALE         0.249
 AGE            0.260        65.152
 PAT_INT       -0.011        -0.028         0.222
 PAT_HIG        0.009        -0.157        -0.125         0.235
 SELF_INT       0.023         0.022         0.000         0.006         0.188
 SELF_HIG      -0.034        -0.445        -0.010         0.046        -0.087
 EDU_UPP       -0.004        -0.331         0.003         0.010         0.026
 EDU_TER       -0.023        -0.406        -0.014         0.037        -0.015
 WEALTH_2       0.001        -0.007         0.010        -0.009         0.005
 WEALTH_3      -0.011        -0.232        -0.018         0.056         0.013
 NEOPLA_4       0.002         0.042         0.000        -0.002        -0.001


           Covariances
              SELF_HIG      EDU_UPP       EDU_TER       WEALTH_2      WEALTH_3
              ________      ________      ________      ________      ________
 SELF_HIG       0.226
 EDU_UPP       -0.008         0.245
 EDU_TER        0.071        -0.096         0.140
 WEALTH_2      -0.010         0.017        -0.012         0.225
 WEALTH_3       0.059         0.002         0.045        -0.121         0.229
 NEOPLA_4       0.000         0.001        -0.001         0.000        -0.001


           Covariances
              NEOPLA_4
              ________
 NEOPLA_4       0.028


           Correlations
              FEMALE        AGE           PAT_INT       PAT_HIG       SELF_INT
              ________      ________      ________      ________      ________
 FEMALE         1.000
 AGE            0.064         1.000
 PAT_INT       -0.045        -0.007         1.000
 PAT_HIG        0.038        -0.040        -0.548         1.000
 SELF_INT       0.106         0.006         0.002         0.030         1.000
 SELF_HIG      -0.145        -0.116        -0.044         0.199        -0.421
 EDU_UPP       -0.017        -0.083         0.011         0.040         0.119
 EDU_TER       -0.124        -0.134        -0.080         0.205        -0.094
 WEALTH_2       0.005        -0.002         0.045        -0.040         0.024
 WEALTH_3      -0.047        -0.060        -0.078         0.243         0.062
 NEOPLA_4       0.023         0.031        -0.004        -0.022        -0.018


           Correlations
              SELF_HIG      EDU_UPP       EDU_TER       WEALTH_2      WEALTH_3
              ________      ________      ________      ________      ________
 SELF_HIG       1.000
 EDU_UPP       -0.034         1.000
 EDU_TER        0.398        -0.517         1.000
 WEALTH_2      -0.045         0.073        -0.069         1.000
 WEALTH_3       0.257         0.008         0.252        -0.535         1.000
 NEOPLA_4      -0.001         0.012        -0.017         0.004        -0.007


           Correlations
              NEOPLA_4
              ________
 NEOPLA_4       1.000


UNIVARIATE SAMPLE STATISTICS


     UNIVARIATE HIGHER-ORDER MOMENT DESCRIPTIVE STATISTICS

         Variable/         Mean/     Skewness/   Minimum/ % with                Percentiles
        Sample Size      Variance    Kurtosis    Maximum  Min/Max      20%/60%    40%/80%    Median

     FEMALE                0.535      -0.139       0.000   43.73%       0.000      0.000      1.000
            4756.000       0.249      -1.981       1.000   56.27%       1.000      1.000
     AGE                  63.589       0.607      33.000    0.02%      56.000     60.000     62.000
            4756.000      65.152      -0.424      99.000    0.02%      64.000     71.000
     PAT_INT               0.333       0.708       0.000   67.83%       0.000      0.000      0.000
            4756.000       0.222      -1.499       1.000   32.17%       0.000      1.000
     PAT_HIG               0.376       0.513       0.000   59.46%       0.000      0.000      0.000
            4756.000       0.235      -1.737       1.000   40.54%       1.000      1.000
     SELF_INT              0.251       1.149       0.000   73.86%       0.000      0.000      0.000
            4756.000       0.188      -0.681       1.000   26.14%       0.000      1.000
     SELF_HIG              0.346       0.648       0.000   60.74%       0.000      0.000      0.000
            4756.000       0.226      -1.580       1.000   39.26%       0.000      1.000
     EDU_UPP               0.568      -0.276       0.000   41.04%       0.000      0.000      1.000
            4756.000       0.245      -1.924       1.000   58.96%       1.000      1.000
     EDU_TER               0.169       1.770       0.000   79.10%       0.000      0.000      0.000
            4756.000       0.140       1.135       1.000   20.90%       0.000      1.000
     WEALTH_2              0.341       0.673       0.000   66.06%       0.000      0.000      0.000
            4756.000       0.225      -1.547       1.000   33.94%       0.000      1.000
     WEALTH_3              0.356       0.600       0.000   60.43%       0.000      0.000      0.000
            4756.000       0.229      -1.640       1.000   39.57%       0.000      1.000
     NEOPLA_4              0.029       5.633       0.000   97.06%       0.000      0.000      0.000
            4756.000       0.028      29.733       1.000    2.94%       0.000      0.000


THE MODEL ESTIMATION TERMINATED NORMALLY



MODEL FIT INFORMATION

Number of Free Parameters                       24

Loglikelihood

          H0 Value                      -10039.224
          H0 Scaling Correction Factor      1.2666
            for MLR

Information Criteria

          Akaike (AIC)                   20126.448
          Bayesian (BIC)                 20281.660
          Sample-Size Adjusted BIC       20205.397
            (n* = (n + 2) / 24)

Wald Test of Parameter Constraints

          Value                              2.879
          Degrees of Freedom                     6
          P-Value                           0.8239



FINAL CLASS COUNTS AND PROPORTIONS FOR THE LATENT CLASSES
BASED ON THE ESTIMATED MODEL

    Latent
   Classes

       1        691.04079          0.14530
       2        518.99223          0.10912
       3        797.09058          0.16760
       4        543.99316          0.11438
       5        953.48564          0.20048
       6        613.35076          0.12896
       7        638.04683          0.13416


FINAL CLASS COUNTS AND PROPORTIONS FOR THE LATENT CLASSES
BASED ON ESTIMATED POSTERIOR PROBABILITIES

    Latent
   Classes

       1        691.04079          0.14530
       2        518.99223          0.10912
       3        797.09058          0.16760
       4        543.99316          0.11438
       5        953.48564          0.20048
       6        613.35076          0.12896
       7        638.04683          0.13416


FINAL CLASS COUNTS AND PROPORTIONS FOR THE LATENT CLASSES
BASED ON THEIR MOST LIKELY LATENT CLASS MEMBERSHIP

Class Counts and Proportions

    Latent
   Classes

       1              668          0.14047
       2              495          0.10417
       3              819          0.17227
       4              520          0.10941
       5             1009          0.21206
       6              607          0.12761
       7              637          0.13401


CLASSIFICATION QUALITY

     Entropy                         0.696


Average Latent Class Probabilities for Most Likely Latent Class Membership (Row)
by Latent Class (Column)

           1        2        3        4        5        6        7

    1   0.876    0.007    0.025    0.062    0.005    0.023    0.002
    2   0.003    0.982    0.001    0.001    0.008    0.005    0.001
    3   0.031    0.003    0.820    0.011    0.056    0.037    0.042
    4   0.058    0.002    0.008    0.894    0.000    0.007    0.032
    5   0.025    0.014    0.049    0.001    0.842    0.046    0.023
    6   0.036    0.013    0.036    0.005    0.061    0.823    0.025
    7   0.003    0.003    0.050    0.039    0.023    0.025    0.858


Classification Probabilities for the Most Likely Latent Class Membership (Column)
by Latent Class (Row)

           1        2        3        4        5        6        7

    1   0.847    0.002    0.036    0.044    0.037    0.032    0.002
    2   0.009    0.937    0.005    0.002    0.028    0.016    0.004
    3   0.021    0.001    0.843    0.005    0.062    0.028    0.040
    4   0.076    0.001    0.017    0.855    0.002    0.005    0.045
    5   0.003    0.004    0.048    0.000    0.890    0.039    0.015
    6   0.025    0.004    0.050    0.006    0.075    0.814    0.026
    7   0.002    0.001    0.054    0.026    0.036    0.024    0.857


Logits for the Classification Probabilities for the Most Likely Latent Class Membership (Column)
by Latent Class (Row)

              1        2        3        4        5        6        7

    1      5.894   -0.212    2.744    2.929    2.767    2.614    0.000
    2      0.943    5.570    0.299   -0.836    2.064    1.486    0.000
    3     -0.647   -3.884    3.041   -2.079    0.435   -0.381    0.000
    4      0.517   -4.099   -1.011    2.936   -3.339   -2.198    0.000
    5     -1.493   -1.348    1.153   -4.366    4.073    0.948    0.000
    6     -0.017   -1.780    0.663   -1.502    1.069    3.456    0.000
    7     -6.144   -7.357   -2.764   -3.487   -3.163   -3.576    0.000


MODEL RESULTS

                                                    Two-Tailed
                    Estimate       S.E.  Est./S.E.    P-Value

Latent Class 1

 NEOPLA     ON
    FEMALE            -0.463      0.162     -2.858      0.004
    AGE                0.047      0.010      4.770      0.000
    PAT_INT           -0.210      0.186     -1.127      0.260
    PAT_HIG           -0.144      0.199     -0.725      0.469
    SELF_INT           0.187      0.200      0.936      0.350
    SELF_HIG           0.132      0.204      0.646      0.518
    EDU_UPP           -0.039      0.198     -0.197      0.844
    EDU_TER           -0.030      0.286     -0.105      0.917
    WEALTH_2           0.059      0.190      0.309      0.757
    WEALTH_3          -0.290      0.205     -1.413      0.158
    NEOPLA_4           1.584      0.278      5.707      0.000

 Means
    N#1                5.894      0.000    999.000    999.000
    N#2               -0.212      0.000    999.000    999.000
    N#3                2.744      0.000    999.000    999.000
    N#4                2.929      0.000    999.000    999.000
    N#5                2.767      0.000    999.000    999.000
    N#6                2.614      0.000    999.000    999.000

 Thresholds
    NEOPLA$1           5.689      0.764      7.445      0.000

Latent Class 2

 NEOPLA     ON
    FEMALE            -0.463      0.162     -2.858      0.004
    AGE                0.047      0.010      4.770      0.000
    PAT_INT           -0.210      0.186     -1.127      0.260
    PAT_HIG           -0.144      0.199     -0.725      0.469
    SELF_INT           0.187      0.200      0.936      0.350
    SELF_HIG           0.132      0.204      0.646      0.518
    EDU_UPP           -0.039      0.198     -0.197      0.844
    EDU_TER           -0.030      0.286     -0.105      0.917
    WEALTH_2           0.059      0.190      0.309      0.757
    WEALTH_3          -0.290      0.205     -1.413      0.158
    NEOPLA_4           1.584      0.278      5.707      0.000

 Means
    N#1                0.943      0.000    999.000    999.000
    N#2                5.570      0.000    999.000    999.000
    N#3                0.299      0.000    999.000    999.000
    N#4               -0.836      0.000    999.000    999.000
    N#5                2.064      0.000    999.000    999.000
    N#6                1.486      0.000    999.000    999.000

 Thresholds
    NEOPLA$1           5.787      0.726      7.975      0.000

Latent Class 3

 NEOPLA     ON
    FEMALE            -0.463      0.162     -2.858      0.004
    AGE                0.047      0.010      4.770      0.000
    PAT_INT           -0.210      0.186     -1.127      0.260
    PAT_HIG           -0.144      0.199     -0.725      0.469
    SELF_INT           0.187      0.200      0.936      0.350
    SELF_HIG           0.132      0.204      0.646      0.518
    EDU_UPP           -0.039      0.198     -0.197      0.844
    EDU_TER           -0.030      0.286     -0.105      0.917
    WEALTH_2           0.059      0.190      0.309      0.757
    WEALTH_3          -0.290      0.205     -1.413      0.158
    NEOPLA_4           1.584      0.278      5.707      0.000

 Means
    N#1               -0.647      0.000    999.000    999.000
    N#2               -3.884      0.000    999.000    999.000
    N#3                3.041      0.000    999.000    999.000
    N#4               -2.079      0.000    999.000    999.000
    N#5                0.435      0.000    999.000    999.000
    N#6               -0.381      0.000    999.000    999.000

 Thresholds
    NEOPLA$1           5.763      0.768      7.499      0.000

Latent Class 4

 NEOPLA     ON
    FEMALE            -0.463      0.162     -2.858      0.004
    AGE                0.047      0.010      4.770      0.000
    PAT_INT           -0.210      0.186     -1.127      0.260
    PAT_HIG           -0.144      0.199     -0.725      0.469
    SELF_INT           0.187      0.200      0.936      0.350
    SELF_HIG           0.132      0.204      0.646      0.518
    EDU_UPP           -0.039      0.198     -0.197      0.844
    EDU_TER           -0.030      0.286     -0.105      0.917
    WEALTH_2           0.059      0.190      0.309      0.757
    WEALTH_3          -0.290      0.205     -1.413      0.158
    NEOPLA_4           1.584      0.278      5.707      0.000

 Means
    N#1                0.517      0.000    999.000    999.000
    N#2               -4.099      0.000    999.000    999.000
    N#3               -1.011      0.000    999.000    999.000
    N#4                2.936      0.000    999.000    999.000
    N#5               -3.339      0.000    999.000    999.000
    N#6               -2.198      0.000    999.000    999.000

 Thresholds
    NEOPLA$1           5.558      0.699      7.946      0.000

Latent Class 5

 NEOPLA     ON
    FEMALE            -0.463      0.162     -2.858      0.004
    AGE                0.047      0.010      4.770      0.000
    PAT_INT           -0.210      0.186     -1.127      0.260
    PAT_HIG           -0.144      0.199     -0.725      0.469
    SELF_INT           0.187      0.200      0.936      0.350
    SELF_HIG           0.132      0.204      0.646      0.518
    EDU_UPP           -0.039      0.198     -0.197      0.844
    EDU_TER           -0.030      0.286     -0.105      0.917
    WEALTH_2           0.059      0.190      0.309      0.757
    WEALTH_3          -0.290      0.205     -1.413      0.158
    NEOPLA_4           1.584      0.278      5.707      0.000

 Means
    N#1               -1.493      0.000    999.000    999.000
    N#2               -1.348      0.000    999.000    999.000
    N#3                1.153      0.000    999.000    999.000
    N#4               -4.366      0.000    999.000    999.000
    N#5                4.073      0.000    999.000    999.000
    N#6                0.948      0.000    999.000    999.000

 Thresholds
    NEOPLA$1           5.575      0.769      7.254      0.000

Latent Class 6

 NEOPLA     ON
    FEMALE            -0.463      0.162     -2.858      0.004
    AGE                0.047      0.010      4.770      0.000
    PAT_INT           -0.210      0.186     -1.127      0.260
    PAT_HIG           -0.144      0.199     -0.725      0.469
    SELF_INT           0.187      0.200      0.936      0.350
    SELF_HIG           0.132      0.204      0.646      0.518
    EDU_UPP           -0.039      0.198     -0.197      0.844
    EDU_TER           -0.030      0.286     -0.105      0.917
    WEALTH_2           0.059      0.190      0.309      0.757
    WEALTH_3          -0.290      0.205     -1.413      0.158
    NEOPLA_4           1.584      0.278      5.707      0.000

 Means
    N#1               -0.017      0.000    999.000    999.000
    N#2               -1.780      0.000    999.000    999.000
    N#3                0.663      0.000    999.000    999.000
    N#4               -1.502      0.000    999.000    999.000
    N#5                1.069      0.000    999.000    999.000
    N#6                3.456      0.000    999.000    999.000

 Thresholds
    NEOPLA$1           5.442      0.761      7.154      0.000

Latent Class 7

 NEOPLA     ON
    FEMALE            -0.463      0.162     -2.858      0.004
    AGE                0.047      0.010      4.770      0.000
    PAT_INT           -0.210      0.186     -1.127      0.260
    PAT_HIG           -0.144      0.199     -0.725      0.469
    SELF_INT           0.187      0.200      0.936      0.350
    SELF_HIG           0.132      0.204      0.646      0.518
    EDU_UPP           -0.039      0.198     -0.197      0.844
    EDU_TER           -0.030      0.286     -0.105      0.917
    WEALTH_2           0.059      0.190      0.309      0.757
    WEALTH_3          -0.290      0.205     -1.413      0.158
    NEOPLA_4           1.584      0.278      5.707      0.000

 Means
    N#1               -6.144      0.000    999.000    999.000
    N#2               -7.357      0.000    999.000    999.000
    N#3               -2.764      0.000    999.000    999.000
    N#4               -3.487      0.000    999.000    999.000
    N#5               -3.163      0.000    999.000    999.000
    N#6               -3.576      0.000    999.000    999.000

 Thresholds
    NEOPLA$1           5.998      0.755      7.944      0.000

Categorical Latent Variables

 Means
    C#1                0.080      0.069      1.156      0.248
    C#2               -0.207      0.074     -2.809      0.005
    C#3                0.223      0.072      3.089      0.002
    C#4               -0.159      0.075     -2.122      0.034
    C#5                0.402      0.068      5.892      0.000
    C#6               -0.039      0.078     -0.505      0.613

New/Additional Parameters
    DIFF12            -0.097      0.364     -0.268      0.789
    DIFF13            -0.073      0.329     -0.224      0.823
    DIFF23             0.024      0.364      0.066      0.947
    DIFF14             0.131      0.341      0.384      0.701
    DIFF24             0.229      0.363      0.630      0.529
    DIFF34             0.205      0.334      0.612      0.540
    DIFF15             0.114      0.309      0.369      0.712
    DIFF16             0.247      0.332      0.744      0.457
    DIFF25             0.211      0.345      0.612      0.540
    DIFF26             0.344      0.367      0.937      0.349
    DIFF35             0.187      0.318      0.589      0.556
    DIFF36             0.320      0.331      0.967      0.334
    DIFF45            -0.017      0.318     -0.054      0.957
    DIFF46             0.116      0.329      0.351      0.725
    DIFF56             0.133      0.324      0.410      0.682
    DIFF17            -0.309      0.368     -0.838      0.402
    DIFF27            -0.211      0.411     -0.514      0.607
    DIFF37            -0.235      0.387     -0.607      0.544
    DIFF47            -0.440      0.387     -1.135      0.256
    DIFF57            -0.422      0.370     -1.141      0.254
    DIFF67            -0.555      0.382     -1.454      0.146


RESULTS IN PROBABILITY SCALE

                    Estimate

Latent Class 1

 NEOPLA
    Category 1         0.948
    Category 2         0.052

Latent Class 2

 NEOPLA
    Category 1         0.958
    Category 2         0.042

Latent Class 3

 NEOPLA
    Category 1         0.951
    Category 2         0.049

Latent Class 4

 NEOPLA
    Category 1         0.949
    Category 2         0.051

Latent Class 5

 NEOPLA
    Category 1         0.938
    Category 2         0.062

Latent Class 6

 NEOPLA
    Category 1         0.933
    Category 2         0.067

Latent Class 7

 NEOPLA
    Category 1         0.967
    Category 2         0.033


LOGISTIC REGRESSION ODDS RATIO RESULTS

                                                95% C.I.
                    Estimate       S.E.  Lower 2.5% Upper 2.5%

Latent Class 1

 NEOPLA     ON
    FEMALE             0.629      0.102      0.458      0.865
    AGE                1.048      0.010      1.028      1.068
    PAT_INT            0.811      0.151      0.563      1.168
    PAT_HIG            0.865      0.173      0.585      1.279
    SELF_INT           1.206      0.241      0.815      1.785
    SELF_HIG           1.141      0.232      0.765      1.701
    EDU_UPP            0.962      0.191      0.652      1.418
    EDU_TER            0.971      0.278      0.554      1.700
    WEALTH_2           1.060      0.201      0.731      1.538
    WEALTH_3           0.748      0.154      0.500      1.119
    NEOPLA_4           4.875      1.353      2.829      8.399

Latent Class 2

 NEOPLA     ON
    FEMALE             0.629      0.102      0.458      0.865
    AGE                1.048      0.010      1.028      1.068
    PAT_INT            0.811      0.151      0.563      1.168
    PAT_HIG            0.865      0.173      0.585      1.279
    SELF_INT           1.206      0.241      0.815      1.785
    SELF_HIG           1.141      0.232      0.765      1.701
    EDU_UPP            0.962      0.191      0.652      1.418
    EDU_TER            0.971      0.278      0.554      1.700
    WEALTH_2           1.060      0.201      0.731      1.538
    WEALTH_3           0.748      0.154      0.500      1.119
    NEOPLA_4           4.875      1.353      2.829      8.399

Latent Class 3

 NEOPLA     ON
    FEMALE             0.629      0.102      0.458      0.865
    AGE                1.048      0.010      1.028      1.068
    PAT_INT            0.811      0.151      0.563      1.168
    PAT_HIG            0.865      0.173      0.585      1.279
    SELF_INT           1.206      0.241      0.815      1.785
    SELF_HIG           1.141      0.232      0.765      1.701
    EDU_UPP            0.962      0.191      0.652      1.418
    EDU_TER            0.971      0.278      0.554      1.700
    WEALTH_2           1.060      0.201      0.731      1.538
    WEALTH_3           0.748      0.154      0.500      1.119
    NEOPLA_4           4.875      1.353      2.829      8.399

Latent Class 4

 NEOPLA     ON
    FEMALE             0.629      0.102      0.458      0.865
    AGE                1.048      0.010      1.028      1.068
    PAT_INT            0.811      0.151      0.563      1.168
    PAT_HIG            0.865      0.173      0.585      1.279
    SELF_INT           1.206      0.241      0.815      1.785
    SELF_HIG           1.141      0.232      0.765      1.701
    EDU_UPP            0.962      0.191      0.652      1.418
    EDU_TER            0.971      0.278      0.554      1.700
    WEALTH_2           1.060      0.201      0.731      1.538
    WEALTH_3           0.748      0.154      0.500      1.119
    NEOPLA_4           4.875      1.353      2.829      8.399

Latent Class 5

 NEOPLA     ON
    FEMALE             0.629      0.102      0.458      0.865
    AGE                1.048      0.010      1.028      1.068
    PAT_INT            0.811      0.151      0.563      1.168
    PAT_HIG            0.865      0.173      0.585      1.279
    SELF_INT           1.206      0.241      0.815      1.785
    SELF_HIG           1.141      0.232      0.765      1.701
    EDU_UPP            0.962      0.191      0.652      1.418
    EDU_TER            0.971      0.278      0.554      1.700
    WEALTH_2           1.060      0.201      0.731      1.538
    WEALTH_3           0.748      0.154      0.500      1.119
    NEOPLA_4           4.875      1.353      2.829      8.399

Latent Class 6

 NEOPLA     ON
    FEMALE             0.629      0.102      0.458      0.865
    AGE                1.048      0.010      1.028      1.068
    PAT_INT            0.811      0.151      0.563      1.168
    PAT_HIG            0.865      0.173      0.585      1.279
    SELF_INT           1.206      0.241      0.815      1.785
    SELF_HIG           1.141      0.232      0.765      1.701
    EDU_UPP            0.962      0.191      0.652      1.418
    EDU_TER            0.971      0.278      0.554      1.700
    WEALTH_2           1.060      0.201      0.731      1.538
    WEALTH_3           0.748      0.154      0.500      1.119
    NEOPLA_4           4.875      1.353      2.829      8.399

Latent Class 7

 NEOPLA     ON
    FEMALE             0.629      0.102      0.458      0.865
    AGE                1.048      0.010      1.028      1.068
    PAT_INT            0.811      0.151      0.563      1.168
    PAT_HIG            0.865      0.173      0.585      1.279
    SELF_INT           1.206      0.241      0.815      1.785
    SELF_HIG           1.141      0.232      0.765      1.701
    EDU_UPP            0.962      0.191      0.652      1.418
    EDU_TER            0.971      0.278      0.554      1.700
    WEALTH_2           1.060      0.201      0.731      1.538
    WEALTH_3           0.748      0.154      0.500      1.119
    NEOPLA_4           4.875      1.353      2.829      8.399


QUALITY OF NUMERICAL RESULTS

     Condition Number for the Information Matrix              0.756E-06
       (ratio of smallest to largest eigenvalue)


RESIDUAL OUTPUT


     ESTIMATED MODEL AND RESIDUALS (OBSERVED - ESTIMATED) FOR CLASS 1


           Model Estimated Means
              FEMALE        AGE           PAT_INT       PAT_HIG       SELF_INT
              ________      ________      ________      ________      ________
                0.358        63.059         0.298         0.445         0.235


           Model Estimated Means
              SELF_HIG      EDU_UPP       EDU_TER       WEALTH_2      WEALTH_3
              ________      ________      ________      ________      ________
                0.441         0.610         0.230         0.312         0.468


           Model Estimated Means
              NEOPLA_4
              ________
                0.033


           Residuals for Means
              FEMALE        AGE           PAT_INT       PAT_HIG       SELF_INT
              ________      ________      ________      ________      ________
                0.000         0.000         0.000         0.000         0.000


           Residuals for Means
              SELF_HIG      EDU_UPP       EDU_TER       WEALTH_2      WEALTH_3
              ________      ________      ________      ________      ________
                0.000         0.000         0.000         0.000         0.000


           Residuals for Means
              NEOPLA_4
              ________
                0.000


           Model Estimated Covariances
              FEMALE        AGE           PAT_INT       PAT_HIG       SELF_INT
              ________      ________      ________      ________      ________
 FEMALE         0.230
 AGE            0.090        56.950
 PAT_INT        0.000         0.000         0.209
 PAT_HIG        0.021         0.112         0.000         0.247
 SELF_INT       0.035         0.002         0.000         0.006         0.180
 SELF_HIG       0.000         0.000         0.000         0.053         0.000
 EDU_UPP        0.001         0.000         0.011         0.000         0.019
 EDU_TER        0.000         0.000         0.000         0.048         0.000
 WEALTH_2       0.003         0.000         0.007         0.000         0.000
 WEALTH_3       0.003         0.107         0.000         0.071         0.006
 NEOPLA_4       0.005         0.151         0.000         0.002         0.001


           Model Estimated Covariances
              SELF_HIG      EDU_UPP       EDU_TER       WEALTH_2      WEALTH_3
              ________      ________      ________      ________      ________
 SELF_HIG       0.246
 EDU_UPP        0.000         0.238
 EDU_TER        0.081         0.000         0.177
 WEALTH_2       0.000         0.023         0.000         0.215
 WEALTH_3       0.068         0.000         0.052         0.000         0.249
 NEOPLA_4       0.001         0.000         0.000         0.000         0.000


           Model Estimated Covariances
              NEOPLA_4
              ________
 NEOPLA_4       0.032


           Residuals for Covariances
              FEMALE        AGE           PAT_INT       PAT_HIG       SELF_INT
              ________      ________      ________      ________      ________
 FEMALE         0.000
 AGE            0.000         0.000
 PAT_INT        0.000         0.000         0.000
 PAT_HIG        0.000         0.000         0.000         0.000
 SELF_INT       0.000         0.000         0.000         0.000         0.000
 SELF_HIG       0.000         0.000         0.000         0.000         0.000
 EDU_UPP        0.000         0.000         0.000         0.000         0.000
 EDU_TER        0.000         0.000         0.000         0.000         0.000
 WEALTH_2       0.000         0.000         0.000         0.000         0.000
 WEALTH_3       0.000         0.000         0.000         0.000         0.000
 NEOPLA_4       0.000         0.000         0.000         0.000         0.000


           Residuals for Covariances
              SELF_HIG      EDU_UPP       EDU_TER       WEALTH_2      WEALTH_3
              ________      ________      ________      ________      ________
 SELF_HIG       0.000
 EDU_UPP        0.000         0.000
 EDU_TER        0.000         0.000         0.000
 WEALTH_2       0.000         0.000         0.000         0.000
 WEALTH_3       0.000         0.000         0.000         0.000         0.000
 NEOPLA_4       0.000         0.000         0.000         0.000         0.000


           Residuals for Covariances
              NEOPLA_4
              ________
 NEOPLA_4       0.000


     ESTIMATED MODEL AND RESIDUALS (OBSERVED - ESTIMATED) FOR CLASS 2


           Model Estimated Means
              FEMALE        AGE           PAT_INT       PAT_HIG       SELF_INT
              ________      ________      ________      ________      ________
                0.550        60.877         0.397         0.248         0.221


           Model Estimated Means
              SELF_HIG      EDU_UPP       EDU_TER       WEALTH_2      WEALTH_3
              ________      ________      ________      ________      ________
                0.245         0.516         0.087         0.309         0.195


           Model Estimated Means
              NEOPLA_4
              ________
                0.033


           Residuals for Means
              FEMALE        AGE           PAT_INT       PAT_HIG       SELF_INT
              ________      ________      ________      ________      ________
                0.000         0.000         0.000         0.000         0.000


           Residuals for Means
              SELF_HIG      EDU_UPP       EDU_TER       WEALTH_2      WEALTH_3
              ________      ________      ________      ________      ________
                0.000         0.000         0.000         0.000         0.000


           Residuals for Means
              NEOPLA_4
              ________
                0.000


           Model Estimated Covariances
              FEMALE        AGE           PAT_INT       PAT_HIG       SELF_INT
              ________      ________      ________      ________      ________
 FEMALE         0.247
 AGE            0.214        49.735
 PAT_INT        0.010         0.029         0.239
 PAT_HIG        0.000         0.000         0.000         0.186
 SELF_INT       0.015         0.035         0.001         0.006         0.172
 SELF_HIG       0.000         0.000         0.007         0.028         0.000
 EDU_UPP        0.000         0.000         0.006         0.019         0.010
 EDU_TER        0.000         0.000         0.000         0.022         0.000
 WEALTH_2       0.012         0.000         0.009         0.000         0.011
 WEALTH_3       0.000         0.000         0.000         0.040         0.010
 NEOPLA_4       0.008         0.089         0.005         0.000         0.000


           Model Estimated Covariances
              SELF_HIG      EDU_UPP       EDU_TER       WEALTH_2      WEALTH_3
              ________      ________      ________      ________      ________
 SELF_HIG       0.185
 EDU_UPP        0.035         0.250
 EDU_TER        0.033         0.000         0.079
 WEALTH_2       0.000         0.010         0.000         0.213
 WEALTH_3       0.044         0.007         0.029         0.000         0.157
 NEOPLA_4       0.000         0.000         0.000         0.003         0.000


           Model Estimated Covariances
              NEOPLA_4
              ________
 NEOPLA_4       0.032


           Residuals for Covariances
              FEMALE        AGE           PAT_INT       PAT_HIG       SELF_INT
              ________      ________      ________      ________      ________
 FEMALE         0.000
 AGE            0.000         0.000
 PAT_INT        0.000         0.000         0.000
 PAT_HIG        0.000         0.000         0.000         0.000
 SELF_INT       0.000         0.000         0.000         0.000         0.000
 SELF_HIG       0.000         0.000         0.000         0.000         0.000
 EDU_UPP        0.000         0.000         0.000         0.000         0.000
 EDU_TER        0.000         0.000         0.000         0.000         0.000
 WEALTH_2       0.000         0.000         0.000         0.000         0.000
 WEALTH_3       0.000         0.000         0.000         0.000         0.000
 NEOPLA_4       0.000         0.000         0.000         0.000         0.000


           Residuals for Covariances
              SELF_HIG      EDU_UPP       EDU_TER       WEALTH_2      WEALTH_3
              ________      ________      ________      ________      ________
 SELF_HIG       0.000
 EDU_UPP        0.000         0.000
 EDU_TER        0.000         0.000         0.000
 WEALTH_2       0.000         0.000         0.000         0.000
 WEALTH_3       0.000         0.000         0.000         0.000         0.000
 NEOPLA_4       0.000         0.000         0.000         0.000         0.000


           Residuals for Covariances
              NEOPLA_4
              ________
 NEOPLA_4       0.000


     ESTIMATED MODEL AND RESIDUALS (OBSERVED - ESTIMATED) FOR CLASS 3


           Model Estimated Means
              FEMALE        AGE           PAT_INT       PAT_HIG       SELF_INT
              ________      ________      ________      ________      ________
                0.616        64.924         0.305         0.414         0.268


           Model Estimated Means
              SELF_HIG      EDU_UPP       EDU_TER       WEALTH_2      WEALTH_3
              ________      ________      ________      ________      ________
                0.346         0.599         0.154         0.365         0.365


           Model Estimated Means
              NEOPLA_4
              ________
                0.030


           Residuals for Means
              FEMALE        AGE           PAT_INT       PAT_HIG       SELF_INT
              ________      ________      ________      ________      ________
                0.000         0.000         0.000         0.000         0.000


           Residuals for Means
              SELF_HIG      EDU_UPP       EDU_TER       WEALTH_2      WEALTH_3
              ________      ________      ________      ________      ________
                0.000         0.000         0.000         0.000         0.000


           Residuals for Means
              NEOPLA_4
              ________
                0.000


           Model Estimated Covariances
              FEMALE        AGE           PAT_INT       PAT_HIG       SELF_INT
              ________      ________      ________      ________      ________
 FEMALE         0.237
 AGE            0.002        66.231
 PAT_INT        0.000         0.000         0.212
 PAT_HIG        0.017         0.055         0.000         0.243
 SELF_INT       0.025         0.172         0.000         0.006         0.196
 SELF_HIG       0.000         0.000         0.000         0.045         0.000
 EDU_UPP        0.004         0.000         0.002         0.002         0.028
 EDU_TER        0.000         0.000         0.000         0.040         0.000
 WEALTH_2       0.000         0.000         0.010         0.000         0.000
 WEALTH_3       0.002         0.000         0.000         0.066         0.022
 NEOPLA_4       0.000         0.000         0.000         0.000         0.000


           Model Estimated Covariances
              SELF_HIG      EDU_UPP       EDU_TER       WEALTH_2      WEALTH_3
              ________      ________      ________      ________      ________
 SELF_HIG       0.226
 EDU_UPP        0.000         0.240
 EDU_TER        0.066         0.000         0.131
 WEALTH_2       0.000         0.015         0.000         0.232
 WEALTH_3       0.048         0.007         0.036         0.000         0.232
 NEOPLA_4       0.001         0.000         0.002         0.000         0.000


           Model Estimated Covariances
              NEOPLA_4
              ________
 NEOPLA_4       0.029


           Residuals for Covariances
              FEMALE        AGE           PAT_INT       PAT_HIG       SELF_INT
              ________      ________      ________      ________      ________
 FEMALE         0.000
 AGE            0.000         0.000
 PAT_INT        0.000         0.000         0.000
 PAT_HIG        0.000         0.000         0.000         0.000
 SELF_INT       0.000         0.000         0.000         0.000         0.000
 SELF_HIG       0.000         0.000         0.000         0.000         0.000
 EDU_UPP        0.000         0.000         0.000         0.000         0.000
 EDU_TER        0.000         0.000         0.000         0.000         0.000
 WEALTH_2       0.000         0.000         0.000         0.000         0.000
 WEALTH_3       0.000         0.000         0.000         0.000         0.000
 NEOPLA_4       0.000         0.000         0.000         0.000         0.000


           Residuals for Covariances
              SELF_HIG      EDU_UPP       EDU_TER       WEALTH_2      WEALTH_3
              ________      ________      ________      ________      ________
 SELF_HIG       0.000
 EDU_UPP        0.000         0.000
 EDU_TER        0.000         0.000         0.000
 WEALTH_2       0.000         0.000         0.000         0.000
 WEALTH_3       0.000         0.000         0.000         0.000         0.000
 NEOPLA_4       0.000         0.000         0.000         0.000         0.000


           Residuals for Covariances
              NEOPLA_4
              ________
 NEOPLA_4       0.000


     ESTIMATED MODEL AND RESIDUALS (OBSERVED - ESTIMATED) FOR CLASS 4


           Model Estimated Means
              FEMALE        AGE           PAT_INT       PAT_HIG       SELF_INT
              ________      ________      ________      ________      ________
                0.350        60.915         0.301         0.480         0.260


           Model Estimated Means
              SELF_HIG      EDU_UPP       EDU_TER       WEALTH_2      WEALTH_3
              ________      ________      ________      ________      ________
                0.520         0.547         0.327         0.291         0.586


           Model Estimated Means
              NEOPLA_4
              ________
                0.032


           Residuals for Means
              FEMALE        AGE           PAT_INT       PAT_HIG       SELF_INT
              ________      ________      ________      ________      ________
                0.000         0.000         0.000         0.000         0.000


           Residuals for Means
              SELF_HIG      EDU_UPP       EDU_TER       WEALTH_2      WEALTH_3
              ________      ________      ________      ________      ________
                0.000         0.000         0.000         0.000         0.000


           Residuals for Means
              NEOPLA_4
              ________
                0.000


           Model Estimated Covariances
              FEMALE        AGE           PAT_INT       PAT_HIG       SELF_INT
              ________      ________      ________      ________      ________
 FEMALE         0.228
 AGE            0.000        42.120
 PAT_INT        0.000         0.002         0.210
 PAT_HIG        0.033         0.031         0.000         0.250
 SELF_INT       0.023         0.092         0.000         0.000         0.192
 SELF_HIG       0.000         0.000         0.000         0.041         0.000
 EDU_UPP        0.018         0.000         0.012         0.000         0.040
 EDU_TER        0.000         0.000         0.000         0.040         0.000
 WEALTH_2       0.002         0.000         0.014         0.000         0.006
 WEALTH_3       0.011         0.105         0.000         0.049         0.000
 NEOPLA_4       0.001         0.005         0.000         0.000         0.000


           Model Estimated Covariances
              SELF_HIG      EDU_UPP       EDU_TER       WEALTH_2      WEALTH_3
              ________      ________      ________      ________      ________
 SELF_HIG       0.250
 EDU_UPP        0.000         0.248
 EDU_TER        0.098         0.000         0.220
 WEALTH_2       0.000         0.015         0.000         0.206
 WEALTH_3       0.057         0.000         0.056         0.000         0.243
 NEOPLA_4       0.000         0.008         0.000         0.000         0.006


           Model Estimated Covariances
              NEOPLA_4
              ________
 NEOPLA_4       0.031


           Residuals for Covariances
              FEMALE        AGE           PAT_INT       PAT_HIG       SELF_INT
              ________      ________      ________      ________      ________
 FEMALE         0.000
 AGE            0.000         0.000
 PAT_INT        0.000         0.000         0.000
 PAT_HIG        0.000         0.000         0.000         0.000
 SELF_INT       0.000         0.000         0.000         0.000         0.000
 SELF_HIG       0.000         0.000         0.000         0.000         0.000
 EDU_UPP        0.000         0.000         0.000         0.000         0.000
 EDU_TER        0.000         0.000         0.000         0.000         0.000
 WEALTH_2       0.000         0.000         0.000         0.000         0.000
 WEALTH_3       0.000         0.000         0.000         0.000         0.000
 NEOPLA_4       0.000         0.000         0.000         0.000         0.000


           Residuals for Covariances
              SELF_HIG      EDU_UPP       EDU_TER       WEALTH_2      WEALTH_3
              ________      ________      ________      ________      ________
 SELF_HIG       0.000
 EDU_UPP        0.000         0.000
 EDU_TER        0.000         0.000         0.000
 WEALTH_2       0.000         0.000         0.000         0.000
 WEALTH_3       0.000         0.000         0.000         0.000         0.000
 NEOPLA_4       0.000         0.000         0.000         0.000         0.000


           Residuals for Covariances
              NEOPLA_4
              ________
 NEOPLA_4       0.000


     ESTIMATED MODEL AND RESIDUALS (OBSERVED - ESTIMATED) FOR CLASS 5


           Model Estimated Means
              FEMALE        AGE           PAT_INT       PAT_HIG       SELF_INT
              ________      ________      ________      ________      ________
                0.693        66.027         0.339         0.309         0.236


           Model Estimated Means
              SELF_HIG      EDU_UPP       EDU_TER       WEALTH_2      WEALTH_3
              ________      ________      ________      ________      ________
                0.246         0.530         0.080         0.346         0.223


           Model Estimated Means
              NEOPLA_4
              ________
                0.035


           Residuals for Means
              FEMALE        AGE           PAT_INT       PAT_HIG       SELF_INT
              ________      ________      ________      ________      ________
                0.000         0.000         0.000         0.000         0.000


           Residuals for Means
              SELF_HIG      EDU_UPP       EDU_TER       WEALTH_2      WEALTH_3
              ________      ________      ________      ________      ________
                0.000         0.000         0.000         0.000         0.000


           Residuals for Means
              NEOPLA_4
              ________
                0.000


           Model Estimated Covariances
              FEMALE        AGE           PAT_INT       PAT_HIG       SELF_INT
              ________      ________      ________      ________      ________
 FEMALE         0.213
 AGE            0.224        78.452
 PAT_INT        0.000         0.071         0.224
 PAT_HIG        0.027         0.000         0.000         0.213
 SELF_INT       0.019         0.049         0.000         0.014         0.180
 SELF_HIG       0.000         0.000         0.000         0.037         0.000
 EDU_UPP        0.000         0.000         0.000         0.034         0.023
 EDU_TER        0.000         0.000         0.000         0.020         0.000
 WEALTH_2       0.009         0.000         0.016         0.006         0.009
 WEALTH_3       0.000         0.000         0.000         0.030         0.024
 NEOPLA_4       0.000         0.070         0.000         0.000         0.000


           Model Estimated Covariances
              SELF_HIG      EDU_UPP       EDU_TER       WEALTH_2      WEALTH_3
              ________      ________      ________      ________      ________
 SELF_HIG       0.185
 EDU_UPP        0.027         0.249
 EDU_TER        0.036         0.000         0.074
 WEALTH_2       0.003         0.012         0.000         0.226
 WEALTH_3       0.027         0.016         0.013         0.000         0.173
 NEOPLA_4       0.002         0.004         0.000         0.002         0.000


           Model Estimated Covariances
              NEOPLA_4
              ________
 NEOPLA_4       0.034


           Residuals for Covariances
              FEMALE        AGE           PAT_INT       PAT_HIG       SELF_INT
              ________      ________      ________      ________      ________
 FEMALE         0.000
 AGE            0.000         0.000
 PAT_INT        0.000         0.000         0.000
 PAT_HIG        0.000         0.000         0.000         0.000
 SELF_INT       0.000         0.000         0.000         0.000         0.000
 SELF_HIG       0.000         0.000         0.000         0.000         0.000
 EDU_UPP        0.000         0.000         0.000         0.000         0.000
 EDU_TER        0.000         0.000         0.000         0.000         0.000
 WEALTH_2       0.000         0.000         0.000         0.000         0.000
 WEALTH_3       0.000         0.000         0.000         0.000         0.000
 NEOPLA_4       0.000         0.000         0.000         0.000         0.000


           Residuals for Covariances
              SELF_HIG      EDU_UPP       EDU_TER       WEALTH_2      WEALTH_3
              ________      ________      ________      ________      ________
 SELF_HIG       0.000
 EDU_UPP        0.000         0.000
 EDU_TER        0.000         0.000         0.000
 WEALTH_2       0.000         0.000         0.000         0.000
 WEALTH_3       0.000         0.000         0.000         0.000         0.000
 NEOPLA_4       0.000         0.000         0.000         0.000         0.000


           Residuals for Covariances
              NEOPLA_4
              ________
 NEOPLA_4       0.000


     ESTIMATED MODEL AND RESIDUALS (OBSERVED - ESTIMATED) FOR CLASS 6


           Model Estimated Means
              FEMALE        AGE           PAT_INT       PAT_HIG       SELF_INT
              ________      ________      ________      ________      ________
                0.519        64.810         0.365         0.337         0.270


           Model Estimated Means
              SELF_HIG      EDU_UPP       EDU_TER       WEALTH_2      WEALTH_3
              ________      ________      ________      ________      ________
                0.283         0.594         0.110         0.388         0.256


           Model Estimated Means
              NEOPLA_4
              ________
                0.020


           Residuals for Means
              FEMALE        AGE           PAT_INT       PAT_HIG       SELF_INT
              ________      ________      ________      ________      ________
                0.000         0.000         0.000         0.000         0.000


           Residuals for Means
              SELF_HIG      EDU_UPP       EDU_TER       WEALTH_2      WEALTH_3
              ________      ________      ________      ________      ________
                0.000         0.000         0.000         0.000         0.000


           Residuals for Means
              NEOPLA_4
              ________
                0.000


           Model Estimated Covariances
              FEMALE        AGE           PAT_INT       PAT_HIG       SELF_INT
              ________      ________      ________      ________      ________
 FEMALE         0.250
 AGE            0.202        75.599
 PAT_INT        0.000         0.004         0.232
 PAT_HIG        0.000         0.000         0.000         0.223
 SELF_INT       0.029         0.000         0.000         0.022         0.197
 SELF_HIG       0.000         0.000         0.000         0.026         0.000
 EDU_UPP        0.000         0.000         0.004         0.022         0.030
 EDU_TER        0.000         0.000         0.000         0.018         0.000
 WEALTH_2       0.000         0.000         0.002         0.002         0.000
 WEALTH_3       0.000         0.000         0.000         0.037         0.020
 NEOPLA_4       0.004         0.000         0.003         0.000         0.000


           Model Estimated Covariances
              SELF_HIG      EDU_UPP       EDU_TER       WEALTH_2      WEALTH_3
              ________      ________      ________      ________      ________
 SELF_HIG       0.203
 EDU_UPP        0.006         0.241
 EDU_TER        0.046         0.000         0.098
 WEALTH_2       0.015         0.033         0.000         0.238
 WEALTH_3       0.034         0.014         0.025         0.000         0.191
 NEOPLA_4       0.001         0.001         0.000         0.000         0.000


           Model Estimated Covariances
              NEOPLA_4
              ________
 NEOPLA_4       0.019


           Residuals for Covariances
              FEMALE        AGE           PAT_INT       PAT_HIG       SELF_INT
              ________      ________      ________      ________      ________
 FEMALE         0.000
 AGE            0.000         0.000
 PAT_INT        0.000         0.000         0.000
 PAT_HIG        0.000         0.000         0.000         0.000
 SELF_INT       0.000         0.000         0.000         0.000         0.000
 SELF_HIG       0.000         0.000         0.000         0.000         0.000
 EDU_UPP        0.000         0.000         0.000         0.000         0.000
 EDU_TER        0.000         0.000         0.000         0.000         0.000
 WEALTH_2       0.000         0.000         0.000         0.000         0.000
 WEALTH_3       0.000         0.000         0.000         0.000         0.000
 NEOPLA_4       0.000         0.000         0.000         0.000         0.000


           Residuals for Covariances
              SELF_HIG      EDU_UPP       EDU_TER       WEALTH_2      WEALTH_3
              ________      ________      ________      ________      ________
 SELF_HIG       0.000
 EDU_UPP        0.000         0.000
 EDU_TER        0.000         0.000         0.000
 WEALTH_2       0.000         0.000         0.000         0.000
 WEALTH_3       0.000         0.000         0.000         0.000         0.000
 NEOPLA_4       0.000         0.000         0.000         0.000         0.000


           Residuals for Covariances
              NEOPLA_4
              ________
 NEOPLA_4       0.000


     ESTIMATED MODEL AND RESIDUALS (OBSERVED - ESTIMATED) FOR CLASS 7


           Model Estimated Means
              FEMALE        AGE           PAT_INT       PAT_HIG       SELF_INT
              ________      ________      ________      ________      ________
                0.547        62.162         0.342         0.405         0.268


           Model Estimated Means
              SELF_HIG      EDU_UPP       EDU_TER       WEALTH_2      WEALTH_3
              ________      ________      ________      ________      ________
                0.386         0.579         0.239         0.353         0.455


           Model Estimated Means
              NEOPLA_4
              ________
                0.016


           Residuals for Means
              FEMALE        AGE           PAT_INT       PAT_HIG       SELF_INT
              ________      ________      ________      ________      ________
                0.000         0.000         0.000         0.000         0.000


           Residuals for Means
              SELF_HIG      EDU_UPP       EDU_TER       WEALTH_2      WEALTH_3
              ________      ________      ________      ________      ________
                0.000         0.000         0.000         0.000         0.000


           Residuals for Means
              NEOPLA_4
              ________
                0.000


           Model Estimated Covariances
              FEMALE        AGE           PAT_INT       PAT_HIG       SELF_INT
              ________      ________      ________      ________      ________
 FEMALE         0.248
 AGE            0.071        47.981
 PAT_INT        0.000         0.051         0.225
 PAT_HIG        0.019         0.000         0.000         0.241
 SELF_INT       0.014         0.000         0.011         0.000         0.196
 SELF_HIG       0.000         0.000         0.000         0.043         0.000
 EDU_UPP        0.005         0.000         0.000         0.003         0.027
 EDU_TER        0.000         0.000         0.000         0.038         0.000
 WEALTH_2       0.000         0.248         0.008         0.000         0.011
 WEALTH_3       0.014         0.000         0.000         0.038         0.001
 NEOPLA_4       0.003         0.000         0.000         0.000         0.001


           Model Estimated Covariances
              SELF_HIG      EDU_UPP       EDU_TER       WEALTH_2      WEALTH_3
              ________      ________      ________      ________      ________
 SELF_HIG       0.237
 EDU_UPP        0.000         0.244
 EDU_TER        0.094         0.000         0.182
 WEALTH_2       0.000         0.012         0.000         0.229
 WEALTH_3       0.058         0.000         0.042         0.000         0.248
 NEOPLA_4       0.000         0.002         0.000         0.002         0.000


           Model Estimated Covariances
              NEOPLA_4
              ________
 NEOPLA_4       0.016


           Residuals for Covariances
              FEMALE        AGE           PAT_INT       PAT_HIG       SELF_INT
              ________      ________      ________      ________      ________
 FEMALE         0.000
 AGE            0.000         0.000
 PAT_INT        0.000         0.000         0.000
 PAT_HIG        0.000         0.000         0.000         0.000
 SELF_INT       0.000         0.000         0.000         0.000         0.000
 SELF_HIG       0.000         0.000         0.000         0.000         0.000
 EDU_UPP        0.000         0.000         0.000         0.000         0.000
 EDU_TER        0.000         0.000         0.000         0.000         0.000
 WEALTH_2       0.000         0.000         0.000         0.000         0.000
 WEALTH_3       0.000         0.000         0.000         0.000         0.000
 NEOPLA_4       0.000         0.000         0.000         0.000         0.000


           Residuals for Covariances
              SELF_HIG      EDU_UPP       EDU_TER       WEALTH_2      WEALTH_3
              ________      ________      ________      ________      ________
 SELF_HIG       0.000
 EDU_UPP        0.000         0.000
 EDU_TER        0.000         0.000         0.000
 WEALTH_2       0.000         0.000         0.000         0.000
 WEALTH_3       0.000         0.000         0.000         0.000         0.000
 NEOPLA_4       0.000         0.000         0.000         0.000         0.000


           Residuals for Covariances
              NEOPLA_4
              ________
 NEOPLA_4       0.000


     UNIVARIATE DISTRIBUTION FIT FOR CLASS 1

     Variable          Observed      Estimated      Residual (Obs.-Est.)    Stand. Residual
     N
       Category 0        0.847          0.847                  0.000                0.000
       Category 1        0.002          0.002                  0.000                0.000
       Category 2        0.036          0.036                  0.000                0.000
       Category 3        0.044          0.044                  0.000                0.000
       Category 4        0.037          0.037                  0.000                0.000
       Category 5        0.032          0.032                  0.000                0.000
       Category 6        0.002          0.002                  0.000                0.000


     UNIVARIATE DISTRIBUTION FIT FOR CLASS 2

     Variable          Observed      Estimated      Residual (Obs.-Est.)    Stand. Residual
     N
       Category 0        0.009          0.009                  0.000                0.000
       Category 1        0.937          0.937                  0.000                0.000
       Category 2        0.005          0.005                  0.000                0.000
       Category 3        0.002          0.002                  0.000                0.000
       Category 4        0.028          0.028                  0.000                0.000
       Category 5        0.016          0.016                  0.000                0.000
       Category 6        0.004          0.004                  0.000                0.000


     UNIVARIATE DISTRIBUTION FIT FOR CLASS 3

     Variable          Observed      Estimated      Residual (Obs.-Est.)    Stand. Residual
     N
       Category 0        0.021          0.021                  0.000                0.000
       Category 1        0.001          0.001                  0.000                0.000
       Category 2        0.843          0.843                  0.000                0.000
       Category 3        0.005          0.005                  0.000                0.000
       Category 4        0.062          0.062                  0.000                0.000
       Category 5        0.028          0.028                  0.000                0.000
       Category 6        0.040          0.040                  0.000                0.000


     UNIVARIATE DISTRIBUTION FIT FOR CLASS 4

     Variable          Observed      Estimated      Residual (Obs.-Est.)    Stand. Residual
     N
       Category 0        0.076          0.076                  0.000                0.000
       Category 1        0.001          0.001                  0.000                0.000
       Category 2        0.017          0.017                  0.000                0.000
       Category 3        0.855          0.855                  0.000                0.000
       Category 4        0.002          0.002                  0.000                0.000
       Category 5        0.005          0.005                  0.000                0.000
       Category 6        0.045          0.045                  0.000                0.000


     UNIVARIATE DISTRIBUTION FIT FOR CLASS 5

     Variable          Observed      Estimated      Residual (Obs.-Est.)    Stand. Residual
     N
       Category 0        0.003          0.003                  0.000                0.000
       Category 1        0.004          0.004                  0.000                0.000
       Category 2        0.048          0.048                  0.000                0.000
       Category 3        0.000          0.000                  0.000                0.000
       Category 4        0.890          0.890                  0.000                0.000
       Category 5        0.039          0.039                  0.000                0.000
       Category 6        0.015          0.015                  0.000                0.000


     UNIVARIATE DISTRIBUTION FIT FOR CLASS 6

     Variable          Observed      Estimated      Residual (Obs.-Est.)    Stand. Residual
     N
       Category 0        0.025          0.025                  0.000                0.000
       Category 1        0.004          0.004                  0.000                0.000
       Category 2        0.050          0.050                  0.000               -0.001
       Category 3        0.006          0.006                  0.000                0.000
       Category 4        0.075          0.075                  0.000                0.000
       Category 5        0.814          0.814                  0.000                0.000
       Category 6        0.026          0.026                  0.000                0.000


     UNIVARIATE DISTRIBUTION FIT FOR CLASS 7

     Variable          Observed      Estimated      Residual (Obs.-Est.)    Stand. Residual
     N
       Category 0        0.002          0.002                  0.000                0.000
       Category 1        0.001          0.001                  0.000                0.000
       Category 2        0.054          0.054                  0.000                0.000
       Category 3        0.026          0.026                  0.000                0.000
       Category 4        0.036          0.036                  0.000                0.000
       Category 5        0.024          0.024                  0.000               -0.001
       Category 6        0.857          0.857                  0.000                0.000


     UNIVARIATE DISTRIBUTION FIT FOR CLASS 1

     Variable          Observed      Estimated      Residual (Obs.-Est.)    Stand. Residual
     NEOPLA
       Category 1        0.948          0.948                  0.000                0.000
       Category 2        0.052          0.052                  0.000                0.000


     UNIVARIATE DISTRIBUTION FIT FOR CLASS 2

     Variable          Observed      Estimated      Residual (Obs.-Est.)    Stand. Residual
     NEOPLA
       Category 1        0.958          0.958                  0.000               -0.008
       Category 2        0.042          0.042                  0.000                0.008


     UNIVARIATE DISTRIBUTION FIT FOR CLASS 3

     Variable          Observed      Estimated      Residual (Obs.-Est.)    Stand. Residual
     NEOPLA
       Category 1        0.951          0.951                  0.000                0.000
       Category 2        0.049          0.049                  0.000                0.000


     UNIVARIATE DISTRIBUTION FIT FOR CLASS 4

     Variable          Observed      Estimated      Residual (Obs.-Est.)    Stand. Residual
     NEOPLA
       Category 1        0.949          0.949                  0.000                0.000
       Category 2        0.051          0.051                  0.000                0.000


     UNIVARIATE DISTRIBUTION FIT FOR CLASS 5

     Variable          Observed      Estimated      Residual (Obs.-Est.)    Stand. Residual
     NEOPLA
       Category 1        0.938          0.938                  0.000                0.000
       Category 2        0.062          0.062                  0.000                0.000


     UNIVARIATE DISTRIBUTION FIT FOR CLASS 6

     Variable          Observed      Estimated      Residual (Obs.-Est.)    Stand. Residual
     NEOPLA
       Category 1        0.933          0.933                  0.000                0.000
       Category 2        0.067          0.067                  0.000                0.000


     UNIVARIATE DISTRIBUTION FIT FOR CLASS 7

     Variable          Observed      Estimated      Residual (Obs.-Est.)    Stand. Residual
     NEOPLA
       Category 1        0.967          0.967                  0.000                0.000
       Category 2        0.033          0.033                  0.000                0.000


     Beginning Time:  17:37:09
        Ending Time:  17:37:10
       Elapsed Time:  00:00:01



MUTHEN & MUTHEN
3463 Stoner Ave.
Los Angeles, CA  90066

Tel: (310) 391-9971
Fax: (310) 391-8971
Web: www.StatModel.com
Support: Support@StatModel.com

Copyright (c) 1998-2020 Muthen & Muthen
