Mplus VERSION 8.5 (Mac)
MUTHEN & MUTHEN
06/19/2023   5:38 PM

INPUT INSTRUCTIONS

  TITLE:
  Step3 - 3step LSAY - Lab9
  DATA:
  FILE = "./Step1_MPlus_Outcomes.dat";

  VARIABLE:
  NAMES = W4_SMOKE W5_SMOKE W6_SMOKE W7_SMOKE W8_SMOKE W4_DRINK W5_DRINK W6_DRINK
       W7_DRINK W8_DRINK W4_PA W5_PA W6_PA W7_PA W8_PA W4_FV W5_FV W6_FV W7_FV W8_FV
       FEMALE AGE PAT_INT PAT_HIG SELF_INT SELF_HIG EDU_UPP EDU_TER WEALTH_2 WEALTH_3
       EYE_4 CIRCUL_4 ENDOCR_4 MUSCUL_4 RESPIR_4 NEOPLA_4 NERVOU_4 MENTAL_4 MULTI_4
       CMULTI_4 LUNCAN_4 EYE CIRCUL ENDOCR MUSCUL RESPIR NEOPLA NERVOU MENTAL MULTI
       CMULTI LUNCAN CPROB1 CPROB2 CPROB3 CPROB4 CPROB5 CPROB6 CPROB7 N WEIGHTS;
   MISSING=.;
   nominal=N;
    usevar = n;
    USEOBSERVATIONS = Female NE -99 AND Age NE -99 AND
    Pat_Int NE -99 AND
  Pat_Hig NE -99 AND Self_Int NE -99 AND
  Self_Hig NE -99 AND Edu_Upp NE -99 AND
  Edu_Ter NE -99 AND
  Wealth_2 NE -99 AND Wealth_3 NE -99;
    missing are all (-99);
    classes = c(7);
    CATEGORICAL = Muscul;
    usevar = Female Age
     Pat_Int Pat_Hig Self_Int Self_Hig Edu_Upp
     Edu_Ter Wealth_2 Wealth_3 Muscul Muscul_4;
    WEIGHT  = Weights;
  ANALYSIS:
  estimator = mlr;
    type = mixture;
    starts = 0;
    ITERATIONS = 1000;
  MODEL:
  %OVERALL%

  Muscul ON Female Age
     Pat_Int Pat_Hig Self_Int Self_Hig Edu_Upp
     Edu_Ter Wealth_2 Wealth_3 Muscul_4;         ! covariate as predictor of distal

      %C#1%
      [n#1@5.894];
      [n#2@-0.212];
      [n#3@2.744];
      [n#4@2.929];
      [n#5@2.767];
      [n#6@2.614];
    [Muscul$1](m1);

     %C#2%
    [n#1@0.943];
    [n#2@5.57];
    [n#3@0.299];
    [n#4@-0.836];
    [n#5@2.064];
    [n#6@1.486];
    [Muscul$1](m2);


    %C#3%
   [n#1@-0.647];
    [n#2@-3.884];
    [n#3@3.041];
    [n#4@-2.079];
    [n#5@0.435];
    [n#6@-0.381];

    [Muscul$1](m3);


     %C#4%
    [n#1@0.517];
    [n#2@-4.099];
    [n#3@-1.011];
    [n#4@2.936];
    [n#5@-3.339];
    [n#6@-2.198];

    [Muscul$1](m4);



     %C#5%
    [n#1@-1.493];
    [n#2@-1.348];
    [n#3@1.153];
    [n#4@-4.366];
    [n#5@4.073];
    [n#6@0.948];

    [Muscul$1](m5);


      %C#6%
    [n#1@-0.017];
    [n#2@-1.78];
    [n#3@0.663];
    [n#4@-1.502];
    [n#5@1.069];
    [n#6@3.456];
      [Muscul$1](m6);

    %C#7%
    [n#1@-6.144];
    [n#2@-7.357];
    [n#3@-2.764];
    [n#4@-3.487];
    [n#5@-3.163];
    [n#6@-3.576];
    [Muscul$1](m7);
  MODEL CONSTRAINT:
  New (diff12 diff13 diff23 diff14
    diff24 diff34 diff15 diff16 diff25
    diff26 diff35 diff36 diff45
    diff46 diff56 diff17 diff27 diff37
    diff47 diff57 diff67);
    diff12 = m1-m2;  ! test pairwise distal mean differences
    diff13 = m1-m3;
    diff23 = m2-m3;
    diff14 = m1-m4;
    diff24 = m2-m4;
    diff34 = m3-m4;
    diff15 = m1-m5;
    diff16 = m1-m6;
    diff25 = m2-m5;
    diff26 = m2-m6;
    diff35 = m3-m5;
    diff36 = m3-m6;
    diff45 = m4-m5;
    diff46 = m4-m6;
    diff56 = m5-m6;
    diff17 = m1-m7;   ! additional pairwise difference
    diff27 = m2-m7;
    diff37 = m3-m7;
    diff47 = m4-m7;
    diff57 = m5-m7;
    diff67 = m6-m7;
  MODEL TEST:
  0=m1-m2;
     0=m2-m3;
     0=m3-m4; ! omnibus test of distal thresholds
     0=m4-m5;
     0=m5-m6;
     0=m6-m7;
  OUTPUT:
  sampstat residual TECH11 TECH14;



*** WARNING
  One or more observations has a value of 0 for the WEIGHT variable.
*** WARNING in OUTPUT command
  TECH11 option is not available in conjunction with nonlinear constraints
  through the use of MODEL CONSTRAINT.  Request for TECH11 is ignored.
*** WARNING in OUTPUT command
  TECH14 option is not available for TYPE=MIXTURE with weights.
  Request for TECH14 is ignored.
*** WARNING
  Data set contains cases with missing on x-variables.
  These cases were not included in the analysis.
  Number of cases with missing on x-variables:  4
   4 WARNING(S) FOUND IN THE INPUT INSTRUCTIONS




Step3 - 3step LSAY - Lab9

SUMMARY OF ANALYSIS

Number of groups                                                 1
Number of observations                                        4755

Number of dependent variables                                    2
Number of independent variables                                 11
Number of continuous latent variables                            0
Number of categorical latent variables                           1

Observed dependent variables

  Binary and ordered categorical (ordinal)
   MUSCUL

  Unordered categorical (nominal)
   N

Observed independent variables
   FEMALE      AGE         PAT_INT     PAT_HIG     SELF_INT    SELF_HIG
   EDU_UPP     EDU_TER     WEALTH_2    WEALTH_3    MUSCUL_4

Categorical latent variables
   C

Variables with special functions

  Weight variable       WEIGHTS

Estimator                                                      MLR
Information matrix                                        OBSERVED
Optimization Specifications for the Quasi-Newton Algorithm for
Continuous Outcomes
  Maximum number of iterations                                1000
  Convergence criterion                                  0.100D-05
Optimization Specifications for the EM Algorithm
  Maximum number of iterations                                 500
  Convergence criteria
    Loglikelihood change                                 0.100D-06
    Relative loglikelihood change                        0.100D-06
    Derivative                                           0.100D-05
Optimization Specifications for the M step of the EM Algorithm for
Categorical Latent variables
  Number of M step iterations                                    1
  M step convergence criterion                           0.100D-05
  Basis for M step termination                           ITERATION
Optimization Specifications for the M step of the EM Algorithm for
Censored, Binary or Ordered Categorical (Ordinal), Unordered
Categorical (Nominal) and Count Outcomes
  Number of M step iterations                                    1
  M step convergence criterion                           0.100D-05
  Basis for M step termination                           ITERATION
  Maximum value for logit thresholds                            15
  Minimum value for logit thresholds                           -15
  Minimum expected cell size for chi-square              0.100D-01
Maximum number of iterations for H1                           2000
Convergence criterion for H1                             0.100D-03
Optimization algorithm                                         EMA
Link                                                         LOGIT

Input data file(s)
  ./Step1_MPlus_Outcomes.dat
Input data format  FREE


SUMMARY OF DATA

     Number of missing data patterns             1
     Number of y missing data patterns           0
     Number of u missing data patterns           1


COVARIANCE COVERAGE OF DATA

Minimum covariance coverage value   0.100


UNIVARIATE PROPORTIONS AND COUNTS FOR CATEGORICAL VARIABLES

    MUSCUL
      Category 1    0.516         2453.701
      Category 2    0.484         2301.299
    N
      Category 1    0.140          668.055
      Category 2    0.104          495.421
      Category 3    0.172          819.316
      Category 4    0.109          519.416
      Category 5    0.212         1008.544
      Category 6    0.128          606.914
      Category 7    0.134          637.333


SAMPLE STATISTICS


     SAMPLE STATISTICS


           Means
              FEMALE        AGE           PAT_INT       PAT_HIG       SELF_INT
              ________      ________      ________      ________      ________
                0.535        63.589         0.333         0.376         0.251


           Means
              SELF_HIG      EDU_UPP       EDU_TER       WEALTH_2      WEALTH_3
              ________      ________      ________      ________      ________
                0.346         0.568         0.169         0.341         0.356


           Means
              MUSCUL_4
              ________
                0.350


           Covariances
              FEMALE        AGE           PAT_INT       PAT_HIG       SELF_INT
              ________      ________      ________      ________      ________
 FEMALE         0.249
 AGE            0.259        65.163
 PAT_INT       -0.011        -0.029         0.222
 PAT_HIG        0.009        -0.158        -0.125         0.235
 SELF_INT       0.023         0.022         0.000         0.006         0.188
 SELF_HIG      -0.034        -0.446        -0.010         0.046        -0.087
 EDU_UPP       -0.004        -0.331         0.003         0.010         0.026
 EDU_TER       -0.023        -0.406        -0.014         0.037        -0.015
 WEALTH_2       0.001        -0.007         0.010        -0.009         0.005
 WEALTH_3      -0.011        -0.232        -0.018         0.056         0.013
 MUSCUL_4       0.044         0.708         0.002        -0.010        -0.001


           Covariances
              SELF_HIG      EDU_UPP       EDU_TER       WEALTH_2      WEALTH_3
              ________      ________      ________      ________      ________
 SELF_HIG       0.226
 EDU_UPP       -0.008         0.245
 EDU_TER        0.071        -0.096         0.140
 WEALTH_2      -0.010         0.017        -0.012         0.225
 WEALTH_3       0.059         0.002         0.045        -0.121         0.229
 MUSCUL_4      -0.025        -0.008        -0.016        -0.002        -0.026


           Covariances
              MUSCUL_4
              ________
 MUSCUL_4       0.227


           Correlations
              FEMALE        AGE           PAT_INT       PAT_HIG       SELF_INT
              ________      ________      ________      ________      ________
 FEMALE         1.000
 AGE            0.064         1.000
 PAT_INT       -0.045        -0.007         1.000
 PAT_HIG        0.038        -0.040        -0.549         1.000
 SELF_INT       0.106         0.006         0.002         0.030         1.000
 SELF_HIG      -0.145        -0.116        -0.044         0.199        -0.421
 EDU_UPP       -0.017        -0.083         0.011         0.040         0.119
 EDU_TER       -0.124        -0.134        -0.080         0.205        -0.094
 WEALTH_2       0.005        -0.002         0.045        -0.040         0.023
 WEALTH_3      -0.048        -0.060        -0.078         0.243         0.062
 MUSCUL_4       0.184         0.184         0.007        -0.041        -0.003


           Correlations
              SELF_HIG      EDU_UPP       EDU_TER       WEALTH_2      WEALTH_3
              ________      ________      ________      ________      ________
 SELF_HIG       1.000
 EDU_UPP       -0.034         1.000
 EDU_TER        0.398        -0.517         1.000
 WEALTH_2      -0.045         0.074        -0.069         1.000
 WEALTH_3       0.257         0.008         0.252        -0.535         1.000
 MUSCUL_4      -0.108        -0.032        -0.091        -0.008        -0.114


           Correlations
              MUSCUL_4
              ________
 MUSCUL_4       1.000


UNIVARIATE SAMPLE STATISTICS


     UNIVARIATE HIGHER-ORDER MOMENT DESCRIPTIVE STATISTICS

         Variable/         Mean/     Skewness/   Minimum/ % with                Percentiles
        Sample Size      Variance    Kurtosis    Maximum  Min/Max      20%/60%    40%/80%    Median

     FEMALE                0.535      -0.139       0.000   43.72%       0.000      0.000      1.000
            4755.000       0.249      -1.981       1.000   56.28%       1.000      1.000
     AGE                  63.589       0.607      33.000    0.02%      56.000     60.000     62.000
            4755.000      65.163      -0.424      99.000    0.02%      64.000     71.000
     PAT_INT               0.333       0.708       0.000   67.82%       0.000      0.000      0.000
            4755.000       0.222      -1.499       1.000   32.18%       0.000      1.000
     PAT_HIG               0.376       0.513       0.000   59.45%       0.000      0.000      0.000
            4755.000       0.235      -1.737       1.000   40.55%       1.000      1.000
     SELF_INT              0.251       1.148       0.000   73.86%       0.000      0.000      0.000
            4755.000       0.188      -0.681       1.000   26.14%       0.000      1.000
     SELF_HIG              0.346       0.648       0.000   60.74%       0.000      0.000      0.000
            4755.000       0.226      -1.580       1.000   39.26%       0.000      1.000
     EDU_UPP               0.568      -0.276       0.000   41.05%       0.000      0.000      1.000
            4755.000       0.245      -1.924       1.000   58.95%       1.000      1.000
     EDU_TER               0.169       1.770       0.000   79.10%       0.000      0.000      0.000
            4755.000       0.140       1.134       1.000   20.90%       0.000      1.000
     WEALTH_2              0.341       0.673       0.000   66.06%       0.000      0.000      0.000
            4755.000       0.225      -1.548       1.000   33.94%       0.000      1.000
     WEALTH_3              0.356       0.600       0.000   60.42%       0.000      0.000      0.000
            4755.000       0.229      -1.640       1.000   39.58%       0.000      1.000
     MUSCUL_4              0.350       0.629       0.000   66.37%       0.000      0.000      0.000
            4755.000       0.227      -1.604       1.000   33.63%       0.000      1.000


THE MODEL ESTIMATION TERMINATED NORMALLY



MODEL FIT INFORMATION

Number of Free Parameters                       24

Loglikelihood

          H0 Value                      -11481.153
          H0 Scaling Correction Factor      1.2789
            for MLR

Information Criteria

          Akaike (AIC)                   23010.306
          Bayesian (BIC)                 23165.512
          Sample-Size Adjusted BIC       23089.249
            (n* = (n + 2) / 24)

Wald Test of Parameter Constraints

          Value                              2.554
          Degrees of Freedom                     6
          P-Value                           0.8623



FINAL CLASS COUNTS AND PROPORTIONS FOR THE LATENT CLASSES
BASED ON THE ESTIMATED MODEL

    Latent
   Classes

       1        691.12689          0.14535
       2        518.98458          0.10915
       3        797.09004          0.16763
       4        542.90025          0.11417
       5        953.46778          0.20052
       6        613.33983          0.12899
       7        638.09063          0.13419


FINAL CLASS COUNTS AND PROPORTIONS FOR THE LATENT CLASSES
BASED ON ESTIMATED POSTERIOR PROBABILITIES

    Latent
   Classes

       1        691.12689          0.14535
       2        518.98458          0.10915
       3        797.09004          0.16763
       4        542.90025          0.11417
       5        953.46778          0.20052
       6        613.33983          0.12899
       7        638.09063          0.13419


FINAL CLASS COUNTS AND PROPORTIONS FOR THE LATENT CLASSES
BASED ON THEIR MOST LIKELY LATENT CLASS MEMBERSHIP

Class Counts and Proportions

    Latent
   Classes

       1              668          0.14050
       2              495          0.10419
       3              819          0.17231
       4              519          0.10924
       5             1009          0.21210
       6              607          0.12764
       7              637          0.13403


CLASSIFICATION QUALITY

     Entropy                         0.696


Average Latent Class Probabilities for Most Likely Latent Class Membership (Row)
by Latent Class (Column)

           1        2        3        4        5        6        7

    1   0.876    0.007    0.025    0.062    0.005    0.023    0.002
    2   0.003    0.982    0.001    0.001    0.008    0.005    0.001
    3   0.031    0.003    0.820    0.011    0.056    0.037    0.042
    4   0.058    0.002    0.008    0.893    0.000    0.007    0.032
    5   0.025    0.014    0.049    0.001    0.842    0.046    0.023
    6   0.036    0.013    0.036    0.005    0.061    0.823    0.025
    7   0.003    0.003    0.050    0.039    0.023    0.025    0.858


Classification Probabilities for the Most Likely Latent Class Membership (Column)
by Latent Class (Row)

           1        2        3        4        5        6        7

    1   0.847    0.002    0.036    0.044    0.037    0.032    0.002
    2   0.009    0.937    0.005    0.002    0.028    0.016    0.004
    3   0.021    0.001    0.843    0.005    0.062    0.028    0.040
    4   0.076    0.001    0.017    0.855    0.002    0.005    0.045
    5   0.003    0.004    0.048    0.000    0.890    0.039    0.015
    6   0.025    0.004    0.050    0.006    0.075    0.814    0.026
    7   0.002    0.001    0.054    0.026    0.036    0.024    0.857


Logits for the Classification Probabilities for the Most Likely Latent Class Membership (Column)
by Latent Class (Row)

              1        2        3        4        5        6        7

    1      5.894   -0.212    2.744    2.929    2.767    2.614    0.000
    2      0.943    5.570    0.299   -0.836    2.064    1.486    0.000
    3     -0.647   -3.884    3.041   -2.079    0.435   -0.381    0.000
    4      0.517   -4.099   -1.011    2.936   -3.339   -2.198    0.000
    5     -1.493   -1.348    1.153   -4.366    4.073    0.948    0.000
    6     -0.017   -1.780    0.663   -1.502    1.069    3.456    0.000
    7     -6.144   -7.357   -2.764   -3.487   -3.163   -3.576    0.000


MODEL RESULTS

                                                    Two-Tailed
                    Estimate       S.E.  Est./S.E.    P-Value

Latent Class 1

 MUSCUL     ON
    FEMALE             0.734      0.086      8.566      0.000
    AGE                0.007      0.006      1.210      0.226
    PAT_INT            0.015      0.104      0.148      0.882
    PAT_HIG           -0.206      0.111     -1.846      0.065
    SELF_INT           0.017      0.109      0.156      0.876
    SELF_HIG          -0.005      0.110     -0.042      0.967
    EDU_UPP            0.060      0.115      0.520      0.603
    EDU_TER            0.086      0.152      0.566      0.572
    WEALTH_2          -0.005      0.109     -0.049      0.961
    WEALTH_3          -0.171      0.117     -1.471      0.141
    MUSCUL_4           2.876      0.100     28.714      0.000

 Means
    N#1                5.894      0.000    999.000    999.000
    N#2               -0.212      0.000    999.000    999.000
    N#3                2.744      0.000    999.000    999.000
    N#4                2.929      0.000    999.000    999.000
    N#5                2.767      0.000    999.000    999.000
    N#6                2.614      0.000    999.000    999.000

 Thresholds
    MUSCUL$1           1.673      0.429      3.897      0.000

Latent Class 2

 MUSCUL     ON
    FEMALE             0.734      0.086      8.566      0.000
    AGE                0.007      0.006      1.210      0.226
    PAT_INT            0.015      0.104      0.148      0.882
    PAT_HIG           -0.206      0.111     -1.846      0.065
    SELF_INT           0.017      0.109      0.156      0.876
    SELF_HIG          -0.005      0.110     -0.042      0.967
    EDU_UPP            0.060      0.115      0.520      0.603
    EDU_TER            0.086      0.152      0.566      0.572
    WEALTH_2          -0.005      0.109     -0.049      0.961
    WEALTH_3          -0.171      0.117     -1.471      0.141
    MUSCUL_4           2.876      0.100     28.714      0.000

 Means
    N#1                0.943      0.000    999.000    999.000
    N#2                5.570      0.000    999.000    999.000
    N#3                0.299      0.000    999.000    999.000
    N#4               -0.836      0.000    999.000    999.000
    N#5                2.064      0.000    999.000    999.000
    N#6                1.486      0.000    999.000    999.000

 Thresholds
    MUSCUL$1           1.691      0.411      4.117      0.000

Latent Class 3

 MUSCUL     ON
    FEMALE             0.734      0.086      8.566      0.000
    AGE                0.007      0.006      1.210      0.226
    PAT_INT            0.015      0.104      0.148      0.882
    PAT_HIG           -0.206      0.111     -1.846      0.065
    SELF_INT           0.017      0.109      0.156      0.876
    SELF_HIG          -0.005      0.110     -0.042      0.967
    EDU_UPP            0.060      0.115      0.520      0.603
    EDU_TER            0.086      0.152      0.566      0.572
    WEALTH_2          -0.005      0.109     -0.049      0.961
    WEALTH_3          -0.171      0.117     -1.471      0.141
    MUSCUL_4           2.876      0.100     28.714      0.000

 Means
    N#1               -0.647      0.000    999.000    999.000
    N#2               -3.884      0.000    999.000    999.000
    N#3                3.041      0.000    999.000    999.000
    N#4               -2.079      0.000    999.000    999.000
    N#5                0.435      0.000    999.000    999.000
    N#6               -0.381      0.000    999.000    999.000

 Thresholds
    MUSCUL$1           1.602      0.431      3.718      0.000

Latent Class 4

 MUSCUL     ON
    FEMALE             0.734      0.086      8.566      0.000
    AGE                0.007      0.006      1.210      0.226
    PAT_INT            0.015      0.104      0.148      0.882
    PAT_HIG           -0.206      0.111     -1.846      0.065
    SELF_INT           0.017      0.109      0.156      0.876
    SELF_HIG          -0.005      0.110     -0.042      0.967
    EDU_UPP            0.060      0.115      0.520      0.603
    EDU_TER            0.086      0.152      0.566      0.572
    WEALTH_2          -0.005      0.109     -0.049      0.961
    WEALTH_3          -0.171      0.117     -1.471      0.141
    MUSCUL_4           2.876      0.100     28.714      0.000

 Means
    N#1                0.517      0.000    999.000    999.000
    N#2               -4.099      0.000    999.000    999.000
    N#3               -1.011      0.000    999.000    999.000
    N#4                2.936      0.000    999.000    999.000
    N#5               -3.339      0.000    999.000    999.000
    N#6               -2.198      0.000    999.000    999.000

 Thresholds
    MUSCUL$1           1.683      0.427      3.943      0.000

Latent Class 5

 MUSCUL     ON
    FEMALE             0.734      0.086      8.566      0.000
    AGE                0.007      0.006      1.210      0.226
    PAT_INT            0.015      0.104      0.148      0.882
    PAT_HIG           -0.206      0.111     -1.846      0.065
    SELF_INT           0.017      0.109      0.156      0.876
    SELF_HIG          -0.005      0.110     -0.042      0.967
    EDU_UPP            0.060      0.115      0.520      0.603
    EDU_TER            0.086      0.152      0.566      0.572
    WEALTH_2          -0.005      0.109     -0.049      0.961
    WEALTH_3          -0.171      0.117     -1.471      0.141
    MUSCUL_4           2.876      0.100     28.714      0.000

 Means
    N#1               -1.493      0.000    999.000    999.000
    N#2               -1.348      0.000    999.000    999.000
    N#3                1.153      0.000    999.000    999.000
    N#4               -4.366      0.000    999.000    999.000
    N#5                4.073      0.000    999.000    999.000
    N#6                0.948      0.000    999.000    999.000

 Thresholds
    MUSCUL$1           1.843      0.432      4.267      0.000

Latent Class 6

 MUSCUL     ON
    FEMALE             0.734      0.086      8.566      0.000
    AGE                0.007      0.006      1.210      0.226
    PAT_INT            0.015      0.104      0.148      0.882
    PAT_HIG           -0.206      0.111     -1.846      0.065
    SELF_INT           0.017      0.109      0.156      0.876
    SELF_HIG          -0.005      0.110     -0.042      0.967
    EDU_UPP            0.060      0.115      0.520      0.603
    EDU_TER            0.086      0.152      0.566      0.572
    WEALTH_2          -0.005      0.109     -0.049      0.961
    WEALTH_3          -0.171      0.117     -1.471      0.141
    MUSCUL_4           2.876      0.100     28.714      0.000

 Means
    N#1               -0.017      0.000    999.000    999.000
    N#2               -1.780      0.000    999.000    999.000
    N#3                0.663      0.000    999.000    999.000
    N#4               -1.502      0.000    999.000    999.000
    N#5                1.069      0.000    999.000    999.000
    N#6                3.456      0.000    999.000    999.000

 Thresholds
    MUSCUL$1           1.805      0.442      4.085      0.000

Latent Class 7

 MUSCUL     ON
    FEMALE             0.734      0.086      8.566      0.000
    AGE                0.007      0.006      1.210      0.226
    PAT_INT            0.015      0.104      0.148      0.882
    PAT_HIG           -0.206      0.111     -1.846      0.065
    SELF_INT           0.017      0.109      0.156      0.876
    SELF_HIG          -0.005      0.110     -0.042      0.967
    EDU_UPP            0.060      0.115      0.520      0.603
    EDU_TER            0.086      0.152      0.566      0.572
    WEALTH_2          -0.005      0.109     -0.049      0.961
    WEALTH_3          -0.171      0.117     -1.471      0.141
    MUSCUL_4           2.876      0.100     28.714      0.000

 Means
    N#1               -6.144      0.000    999.000    999.000
    N#2               -7.357      0.000    999.000    999.000
    N#3               -2.764      0.000    999.000    999.000
    N#4               -3.487      0.000    999.000    999.000
    N#5               -3.163      0.000    999.000    999.000
    N#6               -3.576      0.000    999.000    999.000

 Thresholds
    MUSCUL$1           1.766      0.423      4.177      0.000

Categorical Latent Variables

 Means
    C#1                0.080      0.069      1.157      0.247
    C#2               -0.207      0.074     -2.810      0.005
    C#3                0.222      0.072      3.088      0.002
    C#4               -0.162      0.075     -2.149      0.032
    C#5                0.402      0.068      5.891      0.000
    C#6               -0.040      0.078     -0.506      0.613

New/Additional Parameters
    DIFF12            -0.018      0.188     -0.093      0.926
    DIFF13             0.072      0.178      0.403      0.687
    DIFF23             0.089      0.183      0.486      0.627
    DIFF14            -0.010      0.194     -0.050      0.960
    DIFF24             0.008      0.197      0.039      0.969
    DIFF34            -0.081      0.184     -0.443      0.658
    DIFF15            -0.170      0.179     -0.946      0.344
    DIFF16            -0.132      0.196     -0.675      0.499
    DIFF25            -0.152      0.183     -0.831      0.406
    DIFF26            -0.115      0.198     -0.580      0.562
    DIFF35            -0.241      0.178     -1.352      0.176
    DIFF36            -0.204      0.192     -1.063      0.288
    DIFF45            -0.160      0.188     -0.850      0.395
    DIFF46            -0.122      0.202     -0.606      0.544
    DIFF56             0.037      0.193      0.193      0.847
    DIFF17            -0.092      0.169     -0.545      0.586
    DIFF27            -0.075      0.182     -0.412      0.680
    DIFF37            -0.164      0.175     -0.937      0.349
    DIFF47            -0.083      0.188     -0.439      0.661
    DIFF57             0.077      0.172      0.448      0.654
    DIFF67             0.040      0.190      0.210      0.834


RESULTS IN PROBABILITY SCALE

                    Estimate

Latent Class 1

 MUSCUL
    Category 1         0.544
    Category 2         0.456

Latent Class 2

 MUSCUL
    Category 1         0.500
    Category 2         0.500

Latent Class 3

 MUSCUL
    Category 1         0.467
    Category 2         0.533

Latent Class 4

 MUSCUL
    Category 1         0.602
    Category 2         0.398

Latent Class 5

 MUSCUL
    Category 1         0.447
    Category 2         0.553

Latent Class 6

 MUSCUL
    Category 1         0.523
    Category 2         0.477

Latent Class 7

 MUSCUL
    Category 1         0.583
    Category 2         0.417


LOGISTIC REGRESSION ODDS RATIO RESULTS

                                                95% C.I.
                    Estimate       S.E.  Lower 2.5% Upper 2.5%

Latent Class 1

 MUSCUL     ON
    FEMALE             2.084      0.179      1.762      2.465
    AGE                1.007      0.006      0.996      1.019
    PAT_INT            1.016      0.106      0.828      1.246
    PAT_HIG            0.814      0.091      0.654      1.013
    SELF_INT           1.017      0.111      0.821      1.260
    SELF_HIG           0.995      0.109      0.802      1.235
    EDU_UPP            1.061      0.122      0.848      1.328
    EDU_TER            1.090      0.166      0.809      1.470
    WEALTH_2           0.995      0.108      0.803      1.232
    WEALTH_3           0.842      0.098      0.670      1.059
    MUSCUL_4          17.747      1.778     14.584     21.597

Latent Class 2

 MUSCUL     ON
    FEMALE             2.084      0.179      1.762      2.465
    AGE                1.007      0.006      0.996      1.019
    PAT_INT            1.016      0.106      0.828      1.246
    PAT_HIG            0.814      0.091      0.654      1.013
    SELF_INT           1.017      0.111      0.821      1.260
    SELF_HIG           0.995      0.109      0.802      1.235
    EDU_UPP            1.061      0.122      0.848      1.328
    EDU_TER            1.090      0.166      0.809      1.470
    WEALTH_2           0.995      0.108      0.803      1.232
    WEALTH_3           0.842      0.098      0.670      1.059
    MUSCUL_4          17.747      1.778     14.584     21.597

Latent Class 3

 MUSCUL     ON
    FEMALE             2.084      0.179      1.762      2.465
    AGE                1.007      0.006      0.996      1.019
    PAT_INT            1.016      0.106      0.828      1.246
    PAT_HIG            0.814      0.091      0.654      1.013
    SELF_INT           1.017      0.111      0.821      1.260
    SELF_HIG           0.995      0.109      0.802      1.235
    EDU_UPP            1.061      0.122      0.848      1.328
    EDU_TER            1.090      0.166      0.809      1.470
    WEALTH_2           0.995      0.108      0.803      1.232
    WEALTH_3           0.842      0.098      0.670      1.059
    MUSCUL_4          17.747      1.778     14.584     21.597

Latent Class 4

 MUSCUL     ON
    FEMALE             2.084      0.179      1.762      2.465
    AGE                1.007      0.006      0.996      1.019
    PAT_INT            1.016      0.106      0.828      1.246
    PAT_HIG            0.814      0.091      0.654      1.013
    SELF_INT           1.017      0.111      0.821      1.260
    SELF_HIG           0.995      0.109      0.802      1.235
    EDU_UPP            1.061      0.122      0.848      1.328
    EDU_TER            1.090      0.166      0.809      1.470
    WEALTH_2           0.995      0.108      0.803      1.232
    WEALTH_3           0.842      0.098      0.670      1.059
    MUSCUL_4          17.747      1.778     14.584     21.597

Latent Class 5

 MUSCUL     ON
    FEMALE             2.084      0.179      1.762      2.465
    AGE                1.007      0.006      0.996      1.019
    PAT_INT            1.016      0.106      0.828      1.246
    PAT_HIG            0.814      0.091      0.654      1.013
    SELF_INT           1.017      0.111      0.821      1.260
    SELF_HIG           0.995      0.109      0.802      1.235
    EDU_UPP            1.061      0.122      0.848      1.328
    EDU_TER            1.090      0.166      0.809      1.470
    WEALTH_2           0.995      0.108      0.803      1.232
    WEALTH_3           0.842      0.098      0.670      1.059
    MUSCUL_4          17.747      1.778     14.584     21.597

Latent Class 6

 MUSCUL     ON
    FEMALE             2.084      0.179      1.762      2.465
    AGE                1.007      0.006      0.996      1.019
    PAT_INT            1.016      0.106      0.828      1.246
    PAT_HIG            0.814      0.091      0.654      1.013
    SELF_INT           1.017      0.111      0.821      1.260
    SELF_HIG           0.995      0.109      0.802      1.235
    EDU_UPP            1.061      0.122      0.848      1.328
    EDU_TER            1.090      0.166      0.809      1.470
    WEALTH_2           0.995      0.108      0.803      1.232
    WEALTH_3           0.842      0.098      0.670      1.059
    MUSCUL_4          17.747      1.778     14.584     21.597

Latent Class 7

 MUSCUL     ON
    FEMALE             2.084      0.179      1.762      2.465
    AGE                1.007      0.006      0.996      1.019
    PAT_INT            1.016      0.106      0.828      1.246
    PAT_HIG            0.814      0.091      0.654      1.013
    SELF_INT           1.017      0.111      0.821      1.260
    SELF_HIG           0.995      0.109      0.802      1.235
    EDU_UPP            1.061      0.122      0.848      1.328
    EDU_TER            1.090      0.166      0.809      1.470
    WEALTH_2           0.995      0.108      0.803      1.232
    WEALTH_3           0.842      0.098      0.670      1.059
    MUSCUL_4          17.747      1.778     14.584     21.597


QUALITY OF NUMERICAL RESULTS

     Condition Number for the Information Matrix              0.218E-06
       (ratio of smallest to largest eigenvalue)


RESIDUAL OUTPUT


     ESTIMATED MODEL AND RESIDUALS (OBSERVED - ESTIMATED) FOR CLASS 1


           Model Estimated Means
              FEMALE        AGE           PAT_INT       PAT_HIG       SELF_INT
              ________      ________      ________      ________      ________
                0.358        63.059         0.298         0.445         0.235


           Model Estimated Means
              SELF_HIG      EDU_UPP       EDU_TER       WEALTH_2      WEALTH_3
              ________      ________      ________      ________      ________
                0.441         0.610         0.230         0.312         0.468


           Model Estimated Means
              MUSCUL_4
              ________
                0.331


           Residuals for Means
              FEMALE        AGE           PAT_INT       PAT_HIG       SELF_INT
              ________      ________      ________      ________      ________
                0.000         0.000         0.000         0.000         0.000


           Residuals for Means
              SELF_HIG      EDU_UPP       EDU_TER       WEALTH_2      WEALTH_3
              ________      ________      ________      ________      ________
                0.000         0.000         0.000         0.000         0.000


           Residuals for Means
              MUSCUL_4
              ________
                0.000


           Model Estimated Covariances
              FEMALE        AGE           PAT_INT       PAT_HIG       SELF_INT
              ________      ________      ________      ________      ________
 FEMALE         0.230
 AGE            0.090        56.946
 PAT_INT        0.000         0.000         0.209
 PAT_HIG        0.021         0.111         0.000         0.247
 SELF_INT       0.035         0.003         0.000         0.006         0.180
 SELF_HIG       0.000         0.000         0.000         0.053         0.000
 EDU_UPP        0.001         0.000         0.011         0.000         0.019
 EDU_TER        0.000         0.000         0.000         0.048         0.000
 WEALTH_2       0.003         0.000         0.007         0.000         0.000
 WEALTH_3       0.003         0.107         0.000         0.071         0.006
 MUSCUL_4       0.029         0.470         0.000         0.000         0.005


           Model Estimated Covariances
              SELF_HIG      EDU_UPP       EDU_TER       WEALTH_2      WEALTH_3
              ________      ________      ________      ________      ________
 SELF_HIG       0.246
 EDU_UPP        0.000         0.238
 EDU_TER        0.081         0.000         0.177
 WEALTH_2       0.000         0.023         0.000         0.215
 WEALTH_3       0.068         0.000         0.052         0.000         0.249
 MUSCUL_4       0.000         0.003         0.000         0.010         0.000


           Model Estimated Covariances
              MUSCUL_4
              ________
 MUSCUL_4       0.221


           Residuals for Covariances
              FEMALE        AGE           PAT_INT       PAT_HIG       SELF_INT
              ________      ________      ________      ________      ________
 FEMALE         0.000
 AGE            0.000         0.000
 PAT_INT        0.000         0.000         0.000
 PAT_HIG        0.000         0.000         0.000         0.000
 SELF_INT       0.000         0.000         0.000         0.000         0.000
 SELF_HIG       0.000         0.000         0.000         0.000         0.000
 EDU_UPP        0.000         0.000         0.000         0.000         0.000
 EDU_TER        0.000         0.000         0.000         0.000         0.000
 WEALTH_2       0.000         0.000         0.000         0.000         0.000
 WEALTH_3       0.000         0.000         0.000         0.000         0.000
 MUSCUL_4       0.000         0.000         0.000         0.000         0.000


           Residuals for Covariances
              SELF_HIG      EDU_UPP       EDU_TER       WEALTH_2      WEALTH_3
              ________      ________      ________      ________      ________
 SELF_HIG       0.000
 EDU_UPP        0.000         0.000
 EDU_TER        0.000         0.000         0.000
 WEALTH_2       0.000         0.000         0.000         0.000
 WEALTH_3       0.000         0.000         0.000         0.000         0.000
 MUSCUL_4       0.000         0.000         0.000         0.000         0.000


           Residuals for Covariances
              MUSCUL_4
              ________
 MUSCUL_4       0.000


     ESTIMATED MODEL AND RESIDUALS (OBSERVED - ESTIMATED) FOR CLASS 2


           Model Estimated Means
              FEMALE        AGE           PAT_INT       PAT_HIG       SELF_INT
              ________      ________      ________      ________      ________
                0.551        60.876         0.397         0.248         0.221


           Model Estimated Means
              SELF_HIG      EDU_UPP       EDU_TER       WEALTH_2      WEALTH_3
              ________      ________      ________      ________      ________
                0.245         0.516         0.087         0.309         0.195


           Model Estimated Means
              MUSCUL_4
              ________
                0.358


           Residuals for Means
              FEMALE        AGE           PAT_INT       PAT_HIG       SELF_INT
              ________      ________      ________      ________      ________
                0.000         0.000         0.000         0.000         0.000


           Residuals for Means
              SELF_HIG      EDU_UPP       EDU_TER       WEALTH_2      WEALTH_3
              ________      ________      ________      ________      ________
                0.000         0.000         0.000         0.000         0.000


           Residuals for Means
              MUSCUL_4
              ________
                0.000


           Model Estimated Covariances
              FEMALE        AGE           PAT_INT       PAT_HIG       SELF_INT
              ________      ________      ________      ________      ________
 FEMALE         0.247
 AGE            0.214        49.718
 PAT_INT        0.010         0.029         0.239
 PAT_HIG        0.000         0.000         0.000         0.187
 SELF_INT       0.015         0.035         0.001         0.006         0.172
 SELF_HIG       0.000         0.000         0.007         0.028         0.000
 EDU_UPP        0.000         0.000         0.006         0.019         0.010
 EDU_TER        0.000         0.000         0.000         0.022         0.000
 WEALTH_2       0.012         0.000         0.009         0.000         0.011
 WEALTH_3       0.000         0.000         0.000         0.040         0.010
 MUSCUL_4       0.054         0.552         0.000         0.000         0.007


           Model Estimated Covariances
              SELF_HIG      EDU_UPP       EDU_TER       WEALTH_2      WEALTH_3
              ________      ________      ________      ________      ________
 SELF_HIG       0.185
 EDU_UPP        0.035         0.250
 EDU_TER        0.033         0.000         0.079
 WEALTH_2       0.000         0.010         0.000         0.214
 WEALTH_3       0.044         0.007         0.028         0.000         0.157
 MUSCUL_4       0.000         0.000         0.000         0.000         0.000


           Model Estimated Covariances
              MUSCUL_4
              ________
 MUSCUL_4       0.230


           Residuals for Covariances
              FEMALE        AGE           PAT_INT       PAT_HIG       SELF_INT
              ________      ________      ________      ________      ________
 FEMALE         0.000
 AGE            0.000         0.000
 PAT_INT        0.000         0.000         0.000
 PAT_HIG        0.000         0.000         0.000         0.000
 SELF_INT       0.000         0.000         0.000         0.000         0.000
 SELF_HIG       0.000         0.000         0.000         0.000         0.000
 EDU_UPP        0.000         0.000         0.000         0.000         0.000
 EDU_TER        0.000         0.000         0.000         0.000         0.000
 WEALTH_2       0.000         0.000         0.000         0.000         0.000
 WEALTH_3       0.000         0.000         0.000         0.000         0.000
 MUSCUL_4       0.000         0.000         0.000         0.000         0.000


           Residuals for Covariances
              SELF_HIG      EDU_UPP       EDU_TER       WEALTH_2      WEALTH_3
              ________      ________      ________      ________      ________
 SELF_HIG       0.000
 EDU_UPP        0.000         0.000
 EDU_TER        0.000         0.000         0.000
 WEALTH_2       0.000         0.000         0.000         0.000
 WEALTH_3       0.000         0.000         0.000         0.000         0.000
 MUSCUL_4       0.000         0.000         0.000         0.000         0.000


           Residuals for Covariances
              MUSCUL_4
              ________
 MUSCUL_4       0.000


     ESTIMATED MODEL AND RESIDUALS (OBSERVED - ESTIMATED) FOR CLASS 3


           Model Estimated Means
              FEMALE        AGE           PAT_INT       PAT_HIG       SELF_INT
              ________      ________      ________      ________      ________
                0.616        64.922         0.305         0.414         0.268


           Model Estimated Means
              SELF_HIG      EDU_UPP       EDU_TER       WEALTH_2      WEALTH_3
              ________      ________      ________      ________      ________
                0.346         0.599         0.154         0.365         0.365


           Model Estimated Means
              MUSCUL_4
              ________
                0.381


           Residuals for Means
              FEMALE        AGE           PAT_INT       PAT_HIG       SELF_INT
              ________      ________      ________      ________      ________
                0.000         0.000         0.000         0.000         0.000


           Residuals for Means
              SELF_HIG      EDU_UPP       EDU_TER       WEALTH_2      WEALTH_3
              ________      ________      ________      ________      ________
                0.000         0.000         0.000         0.000         0.000


           Residuals for Means
              MUSCUL_4
              ________
                0.000


           Model Estimated Covariances
              FEMALE        AGE           PAT_INT       PAT_HIG       SELF_INT
              ________      ________      ________      ________      ________
 FEMALE         0.237
 AGE            0.000        66.078
 PAT_INT        0.000         0.000         0.212
 PAT_HIG        0.016         0.053         0.000         0.243
 SELF_INT       0.025         0.173         0.000         0.006         0.196
 SELF_HIG       0.000         0.000         0.000         0.045         0.000
 EDU_UPP        0.004         0.000         0.002         0.002         0.028
 EDU_TER        0.000         0.000         0.000         0.040         0.000
 WEALTH_2       0.000         0.000         0.010         0.000         0.000
 WEALTH_3       0.001         0.000         0.000         0.066         0.022
 MUSCUL_4       0.032         0.680         0.000         0.000         0.000


           Model Estimated Covariances
              SELF_HIG      EDU_UPP       EDU_TER       WEALTH_2      WEALTH_3
              ________      ________      ________      ________      ________
 SELF_HIG       0.226
 EDU_UPP        0.000         0.240
 EDU_TER        0.066         0.000         0.131
 WEALTH_2       0.000         0.015         0.000         0.232
 WEALTH_3       0.048         0.007         0.036         0.000         0.232
 MUSCUL_4       0.000         0.000         0.000         0.007         0.000


           Model Estimated Covariances
              MUSCUL_4
              ________
 MUSCUL_4       0.236


           Residuals for Covariances
              FEMALE        AGE           PAT_INT       PAT_HIG       SELF_INT
              ________      ________      ________      ________      ________
 FEMALE         0.000
 AGE            0.000         0.000
 PAT_INT        0.000         0.000         0.000
 PAT_HIG        0.000         0.000         0.000         0.000
 SELF_INT       0.000         0.000         0.000         0.000         0.000
 SELF_HIG       0.000         0.000         0.000         0.000         0.000
 EDU_UPP        0.000         0.000         0.000         0.000         0.000
 EDU_TER        0.000         0.000         0.000         0.000         0.000
 WEALTH_2       0.000         0.000         0.000         0.000         0.000
 WEALTH_3       0.000         0.000         0.000         0.000         0.000
 MUSCUL_4       0.000         0.000         0.000         0.000         0.000


           Residuals for Covariances
              SELF_HIG      EDU_UPP       EDU_TER       WEALTH_2      WEALTH_3
              ________      ________      ________      ________      ________
 SELF_HIG       0.000
 EDU_UPP        0.000         0.000
 EDU_TER        0.000         0.000         0.000
 WEALTH_2       0.000         0.000         0.000         0.000
 WEALTH_3       0.000         0.000         0.000         0.000         0.000
 MUSCUL_4       0.000         0.000         0.000         0.000         0.000


           Residuals for Covariances
              MUSCUL_4
              ________
 MUSCUL_4       0.000


     ESTIMATED MODEL AND RESIDUALS (OBSERVED - ESTIMATED) FOR CLASS 4


           Model Estimated Means
              FEMALE        AGE           PAT_INT       PAT_HIG       SELF_INT
              ________      ________      ________      ________      ________
                0.351        60.911         0.301         0.480         0.260


           Model Estimated Means
              SELF_HIG      EDU_UPP       EDU_TER       WEALTH_2      WEALTH_3
              ________      ________      ________      ________      ________
                0.521         0.547         0.328         0.292         0.587


           Model Estimated Means
              MUSCUL_4
              ________
                0.248


           Residuals for Means
              FEMALE        AGE           PAT_INT       PAT_HIG       SELF_INT
              ________      ________      ________      ________      ________
                0.000         0.000         0.000         0.000         0.000


           Residuals for Means
              SELF_HIG      EDU_UPP       EDU_TER       WEALTH_2      WEALTH_3
              ________      ________      ________      ________      ________
                0.000         0.000         0.000         0.000         0.000


           Residuals for Means
              MUSCUL_4
              ________
                0.000


           Model Estimated Covariances
              FEMALE        AGE           PAT_INT       PAT_HIG       SELF_INT
              ________      ________      ________      ________      ________
 FEMALE         0.228
 AGE            0.000        42.145
 PAT_INT        0.000         0.001         0.211
 PAT_HIG        0.033         0.034         0.000         0.250
 SELF_INT       0.023         0.091         0.000         0.000         0.192
 SELF_HIG       0.000         0.000         0.000         0.041         0.000
 EDU_UPP        0.018         0.000         0.012         0.000         0.040
 EDU_TER        0.000         0.000         0.000         0.039         0.000
 WEALTH_2       0.001         0.000         0.014         0.000         0.006
 WEALTH_3       0.011         0.106         0.000         0.049         0.000
 MUSCUL_4       0.028         0.204         0.003         0.001         0.000


           Model Estimated Covariances
              SELF_HIG      EDU_UPP       EDU_TER       WEALTH_2      WEALTH_3
              ________      ________      ________      ________      ________
 SELF_HIG       0.250
 EDU_UPP        0.000         0.248
 EDU_TER        0.097         0.000         0.220
 WEALTH_2       0.000         0.015         0.000         0.207
 WEALTH_3       0.056         0.000         0.056         0.000         0.242
 MUSCUL_4       0.000         0.008         0.000         0.003         0.000


           Model Estimated Covariances
              MUSCUL_4
              ________
 MUSCUL_4       0.186


           Residuals for Covariances
              FEMALE        AGE           PAT_INT       PAT_HIG       SELF_INT
              ________      ________      ________      ________      ________
 FEMALE         0.000
 AGE            0.000         0.000
 PAT_INT        0.000         0.000         0.000
 PAT_HIG        0.000         0.000         0.000         0.000
 SELF_INT       0.000         0.000         0.000         0.000         0.000
 SELF_HIG       0.000         0.000         0.000         0.000         0.000
 EDU_UPP        0.000         0.000         0.000         0.000         0.000
 EDU_TER        0.000         0.000         0.000         0.000         0.000
 WEALTH_2       0.000         0.000         0.000         0.000         0.000
 WEALTH_3       0.000         0.000         0.000         0.000         0.000
 MUSCUL_4       0.000         0.000         0.000         0.000         0.000


           Residuals for Covariances
              SELF_HIG      EDU_UPP       EDU_TER       WEALTH_2      WEALTH_3
              ________      ________      ________      ________      ________
 SELF_HIG       0.000
 EDU_UPP        0.000         0.000
 EDU_TER        0.000         0.000         0.000
 WEALTH_2       0.000         0.000         0.000         0.000
 WEALTH_3       0.000         0.000         0.000         0.000         0.000
 MUSCUL_4       0.000         0.000         0.000         0.000         0.000


           Residuals for Covariances
              MUSCUL_4
              ________
 MUSCUL_4       0.000


     ESTIMATED MODEL AND RESIDUALS (OBSERVED - ESTIMATED) FOR CLASS 5


           Model Estimated Means
              FEMALE        AGE           PAT_INT       PAT_HIG       SELF_INT
              ________      ________      ________      ________      ________
                0.693        66.030         0.339         0.309         0.236


           Model Estimated Means
              SELF_HIG      EDU_UPP       EDU_TER       WEALTH_2      WEALTH_3
              ________      ________      ________      ________      ________
                0.246         0.529         0.080         0.346         0.223


           Model Estimated Means
              MUSCUL_4
              ________
                0.456


           Residuals for Means
              FEMALE        AGE           PAT_INT       PAT_HIG       SELF_INT
              ________      ________      ________      ________      ________
                0.000         0.000         0.000         0.000         0.000


           Residuals for Means
              SELF_HIG      EDU_UPP       EDU_TER       WEALTH_2      WEALTH_3
              ________      ________      ________      ________      ________
                0.000         0.000         0.000         0.000         0.000


           Residuals for Means
              MUSCUL_4
              ________
                0.000


           Model Estimated Covariances
              FEMALE        AGE           PAT_INT       PAT_HIG       SELF_INT
              ________      ________      ________      ________      ________
 FEMALE         0.213
 AGE            0.224        78.533
 PAT_INT        0.000         0.067         0.224
 PAT_HIG        0.027         0.000         0.000         0.213
 SELF_INT       0.019         0.046         0.000         0.014         0.180
 SELF_HIG       0.000         0.000         0.000         0.037         0.000
 EDU_UPP        0.000         0.000         0.000         0.034         0.023
 EDU_TER        0.000         0.000         0.000         0.020         0.000
 WEALTH_2       0.009         0.000         0.016         0.006         0.009
 WEALTH_3       0.000         0.000         0.000         0.030         0.024
 MUSCUL_4       0.048         0.912         0.007         0.000         0.000


           Model Estimated Covariances
              SELF_HIG      EDU_UPP       EDU_TER       WEALTH_2      WEALTH_3
              ________      ________      ________      ________      ________
 SELF_HIG       0.185
 EDU_UPP        0.027         0.249
 EDU_TER        0.036         0.000         0.074
 WEALTH_2       0.003         0.012         0.000         0.226
 WEALTH_3       0.027         0.016         0.013         0.000         0.173
 MUSCUL_4       0.000         0.000         0.000         0.000         0.000


           Model Estimated Covariances
              MUSCUL_4
              ________
 MUSCUL_4       0.248


           Residuals for Covariances
              FEMALE        AGE           PAT_INT       PAT_HIG       SELF_INT
              ________      ________      ________      ________      ________
 FEMALE         0.000
 AGE            0.000         0.000
 PAT_INT        0.000         0.000         0.000
 PAT_HIG        0.000         0.000         0.000         0.000
 SELF_INT       0.000         0.000         0.000         0.000         0.000
 SELF_HIG       0.000         0.000         0.000         0.000         0.000
 EDU_UPP        0.000         0.000         0.000         0.000         0.000
 EDU_TER        0.000         0.000         0.000         0.000         0.000
 WEALTH_2       0.000         0.000         0.000         0.000         0.000
 WEALTH_3       0.000         0.000         0.000         0.000         0.000
 MUSCUL_4       0.000         0.000         0.000         0.000         0.000


           Residuals for Covariances
              SELF_HIG      EDU_UPP       EDU_TER       WEALTH_2      WEALTH_3
              ________      ________      ________      ________      ________
 SELF_HIG       0.000
 EDU_UPP        0.000         0.000
 EDU_TER        0.000         0.000         0.000
 WEALTH_2       0.000         0.000         0.000         0.000
 WEALTH_3       0.000         0.000         0.000         0.000         0.000
 MUSCUL_4       0.000         0.000         0.000         0.000         0.000


           Residuals for Covariances
              MUSCUL_4
              ________
 MUSCUL_4       0.000


     ESTIMATED MODEL AND RESIDUALS (OBSERVED - ESTIMATED) FOR CLASS 6


           Model Estimated Means
              FEMALE        AGE           PAT_INT       PAT_HIG       SELF_INT
              ________      ________      ________      ________      ________
                0.519        64.807         0.365         0.337         0.270


           Model Estimated Means
              SELF_HIG      EDU_UPP       EDU_TER       WEALTH_2      WEALTH_3
              ________      ________      ________      ________      ________
                0.283         0.595         0.110         0.389         0.257


           Model Estimated Means
              MUSCUL_4
              ________
                0.354


           Residuals for Means
              FEMALE        AGE           PAT_INT       PAT_HIG       SELF_INT
              ________      ________      ________      ________      ________
                0.000         0.000         0.000         0.000         0.000


           Residuals for Means
              SELF_HIG      EDU_UPP       EDU_TER       WEALTH_2      WEALTH_3
              ________      ________      ________      ________      ________
                0.000         0.000         0.000         0.000         0.000


           Residuals for Means
              MUSCUL_4
              ________
                0.000


           Model Estimated Covariances
              FEMALE        AGE           PAT_INT       PAT_HIG       SELF_INT
              ________      ________      ________      ________      ________
 FEMALE         0.250
 AGE            0.204        75.654
 PAT_INT        0.000         0.000         0.232
 PAT_HIG        0.000         0.000         0.000         0.224
 SELF_INT       0.029         0.000         0.000         0.022         0.197
 SELF_HIG       0.000         0.000         0.000         0.026         0.000
 EDU_UPP        0.000         0.000         0.004         0.022         0.030
 EDU_TER        0.000         0.000         0.000         0.018         0.000
 WEALTH_2       0.000         0.000         0.002         0.002         0.000
 WEALTH_3       0.000         0.000         0.000         0.037         0.020
 MUSCUL_4       0.040         0.703         0.007         0.000         0.002


           Model Estimated Covariances
              SELF_HIG      EDU_UPP       EDU_TER       WEALTH_2      WEALTH_3
              ________      ________      ________      ________      ________
 SELF_HIG       0.203
 EDU_UPP        0.006         0.241
 EDU_TER        0.046         0.000         0.098
 WEALTH_2       0.015         0.032         0.000         0.238
 WEALTH_3       0.034         0.014         0.025         0.000         0.191
 MUSCUL_4       0.000         0.000         0.000         0.000         0.000


           Model Estimated Covariances
              MUSCUL_4
              ________
 MUSCUL_4       0.229


           Residuals for Covariances
              FEMALE        AGE           PAT_INT       PAT_HIG       SELF_INT
              ________      ________      ________      ________      ________
 FEMALE         0.000
 AGE            0.000         0.000
 PAT_INT        0.000         0.000         0.000
 PAT_HIG        0.000         0.000         0.000         0.000
 SELF_INT       0.000         0.000         0.000         0.000         0.000
 SELF_HIG       0.000         0.000         0.000         0.000         0.000
 EDU_UPP        0.000         0.000         0.000         0.000         0.000
 EDU_TER        0.000         0.000         0.000         0.000         0.000
 WEALTH_2       0.000         0.000         0.000         0.000         0.000
 WEALTH_3       0.000         0.000         0.000         0.000         0.000
 MUSCUL_4       0.000         0.000         0.000         0.000         0.000


           Residuals for Covariances
              SELF_HIG      EDU_UPP       EDU_TER       WEALTH_2      WEALTH_3
              ________      ________      ________      ________      ________
 SELF_HIG       0.000
 EDU_UPP        0.000         0.000
 EDU_TER        0.000         0.000         0.000
 WEALTH_2       0.000         0.000         0.000         0.000
 WEALTH_3       0.000         0.000         0.000         0.000         0.000
 MUSCUL_4       0.000         0.000         0.000         0.000         0.000


           Residuals for Covariances
              MUSCUL_4
              ________
 MUSCUL_4       0.000


     ESTIMATED MODEL AND RESIDUALS (OBSERVED - ESTIMATED) FOR CLASS 7


           Model Estimated Means
              FEMALE        AGE           PAT_INT       PAT_HIG       SELF_INT
              ________      ________      ________      ________      ________
                0.547        62.166         0.342         0.405         0.268


           Model Estimated Means
              SELF_HIG      EDU_UPP       EDU_TER       WEALTH_2      WEALTH_3
              ________      ________      ________      ________      ________
                0.386         0.579         0.239         0.353         0.455


           Model Estimated Means
              MUSCUL_4
              ________
                0.250


           Residuals for Means
              FEMALE        AGE           PAT_INT       PAT_HIG       SELF_INT
              ________      ________      ________      ________      ________
                0.000         0.000         0.000         0.000         0.000


           Residuals for Means
              SELF_HIG      EDU_UPP       EDU_TER       WEALTH_2      WEALTH_3
              ________      ________      ________      ________      ________
                0.000         0.000         0.000         0.000         0.000


           Residuals for Means
              MUSCUL_4
              ________
                0.000


           Model Estimated Covariances
              FEMALE        AGE           PAT_INT       PAT_HIG       SELF_INT
              ________      ________      ________      ________      ________
 FEMALE         0.248
 AGE            0.070        48.040
 PAT_INT        0.000         0.050         0.225
 PAT_HIG        0.019         0.000         0.000         0.241
 SELF_INT       0.014         0.001         0.011         0.000         0.196
 SELF_HIG       0.000         0.000         0.000         0.043         0.000
 EDU_UPP        0.005         0.000         0.000         0.003         0.027
 EDU_TER        0.000         0.000         0.000         0.038         0.000
 WEALTH_2       0.000         0.247         0.008         0.000         0.011
 WEALTH_3       0.014         0.000         0.000         0.038         0.001
 MUSCUL_4       0.031         0.445         0.005         0.000         0.000


           Model Estimated Covariances
              SELF_HIG      EDU_UPP       EDU_TER       WEALTH_2      WEALTH_3
              ________      ________      ________      ________      ________
 SELF_HIG       0.237
 EDU_UPP        0.000         0.244
 EDU_TER        0.094         0.000         0.182
 WEALTH_2       0.000         0.011         0.000         0.229
 WEALTH_3       0.058         0.000         0.042         0.000         0.248
 MUSCUL_4       0.000         0.011         0.000         0.002         0.000


           Model Estimated Covariances
              MUSCUL_4
              ________
 MUSCUL_4       0.188


           Residuals for Covariances
              FEMALE        AGE           PAT_INT       PAT_HIG       SELF_INT
              ________      ________      ________      ________      ________
 FEMALE         0.000
 AGE            0.000         0.000
 PAT_INT        0.000         0.000         0.000
 PAT_HIG        0.000         0.000         0.000         0.000
 SELF_INT       0.000         0.000         0.000         0.000         0.000
 SELF_HIG       0.000         0.000         0.000         0.000         0.000
 EDU_UPP        0.000         0.000         0.000         0.000         0.000
 EDU_TER        0.000         0.000         0.000         0.000         0.000
 WEALTH_2       0.000         0.000         0.000         0.000         0.000
 WEALTH_3       0.000         0.000         0.000         0.000         0.000
 MUSCUL_4       0.000         0.000         0.000         0.000         0.000


           Residuals for Covariances
              SELF_HIG      EDU_UPP       EDU_TER       WEALTH_2      WEALTH_3
              ________      ________      ________      ________      ________
 SELF_HIG       0.000
 EDU_UPP        0.000         0.000
 EDU_TER        0.000         0.000         0.000
 WEALTH_2       0.000         0.000         0.000         0.000
 WEALTH_3       0.000         0.000         0.000         0.000         0.000
 MUSCUL_4       0.000         0.000         0.000         0.000         0.000


           Residuals for Covariances
              MUSCUL_4
              ________
 MUSCUL_4       0.000


     UNIVARIATE DISTRIBUTION FIT FOR CLASS 1

     Variable          Observed      Estimated      Residual (Obs.-Est.)    Stand. Residual
     N
       Category 0        0.847          0.847                  0.000                0.000
       Category 1        0.002          0.002                  0.000                0.000
       Category 2        0.036          0.036                  0.000                0.000
       Category 3        0.044          0.044                  0.000                0.000
       Category 4        0.037          0.037                  0.000                0.000
       Category 5        0.032          0.032                  0.000                0.000
       Category 6        0.002          0.002                  0.000                0.000


     UNIVARIATE DISTRIBUTION FIT FOR CLASS 2

     Variable          Observed      Estimated      Residual (Obs.-Est.)    Stand. Residual
     N
       Category 0        0.009          0.009                  0.000                0.000
       Category 1        0.937          0.937                  0.000                0.000
       Category 2        0.005          0.005                  0.000                0.000
       Category 3        0.002          0.002                  0.000                0.000
       Category 4        0.028          0.028                  0.000                0.000
       Category 5        0.016          0.016                  0.000                0.000
       Category 6        0.004          0.004                  0.000                0.000


     UNIVARIATE DISTRIBUTION FIT FOR CLASS 3

     Variable          Observed      Estimated      Residual (Obs.-Est.)    Stand. Residual
     N
       Category 0        0.021          0.021                  0.000                0.000
       Category 1        0.001          0.001                  0.000                0.000
       Category 2        0.843          0.843                  0.000                0.000
       Category 3        0.005          0.005                  0.000                0.000
       Category 4        0.062          0.062                  0.000                0.000
       Category 5        0.028          0.028                  0.000                0.000
       Category 6        0.040          0.040                  0.000                0.000


     UNIVARIATE DISTRIBUTION FIT FOR CLASS 4

     Variable          Observed      Estimated      Residual (Obs.-Est.)    Stand. Residual
     N
       Category 0        0.076          0.076                  0.000                0.000
       Category 1        0.001          0.001                  0.000                0.000
       Category 2        0.017          0.017                  0.000                0.000
       Category 3        0.855          0.855                  0.000                0.000
       Category 4        0.002          0.002                  0.000                0.000
       Category 5        0.005          0.005                  0.000                0.000
       Category 6        0.045          0.045                  0.000                0.000


     UNIVARIATE DISTRIBUTION FIT FOR CLASS 5

     Variable          Observed      Estimated      Residual (Obs.-Est.)    Stand. Residual
     N
       Category 0        0.003          0.003                  0.000                0.000
       Category 1        0.004          0.004                  0.000                0.000
       Category 2        0.048          0.048                  0.000               -0.001
       Category 3        0.000          0.000                  0.000                0.000
       Category 4        0.890          0.890                  0.000                0.000
       Category 5        0.039          0.039                  0.000                0.000
       Category 6        0.015          0.015                  0.000                0.000


     UNIVARIATE DISTRIBUTION FIT FOR CLASS 6

     Variable          Observed      Estimated      Residual (Obs.-Est.)    Stand. Residual
     N
       Category 0        0.025          0.025                  0.000                0.000
       Category 1        0.004          0.004                  0.000                0.000
       Category 2        0.050          0.050                  0.000                0.000
       Category 3        0.006          0.006                  0.000                0.000
       Category 4        0.075          0.075                  0.000                0.000
       Category 5        0.814          0.814                  0.000                0.000
       Category 6        0.026          0.026                  0.000                0.000


     UNIVARIATE DISTRIBUTION FIT FOR CLASS 7

     Variable          Observed      Estimated      Residual (Obs.-Est.)    Stand. Residual
     N
       Category 0        0.002          0.002                  0.000                0.000
       Category 1        0.001          0.001                  0.000                0.000
       Category 2        0.054          0.054                  0.000                0.000
       Category 3        0.026          0.026                  0.000                0.000
       Category 4        0.036          0.036                  0.000                0.000
       Category 5        0.024          0.024                  0.000                0.000
       Category 6        0.857          0.857                  0.000                0.000


     UNIVARIATE DISTRIBUTION FIT FOR CLASS 1

     Variable          Observed      Estimated      Residual (Obs.-Est.)    Stand. Residual
     MUSCUL
       Category 1        0.544          0.544                  0.000                0.000
       Category 2        0.456          0.456                  0.000                0.000


     UNIVARIATE DISTRIBUTION FIT FOR CLASS 2

     Variable          Observed      Estimated      Residual (Obs.-Est.)    Stand. Residual
     MUSCUL
       Category 1        0.500          0.500                  0.000                0.000
       Category 2        0.500          0.500                  0.000                0.000


     UNIVARIATE DISTRIBUTION FIT FOR CLASS 3

     Variable          Observed      Estimated      Residual (Obs.-Est.)    Stand. Residual
     MUSCUL
       Category 1        0.467          0.467                  0.000                0.000
       Category 2        0.533          0.533                  0.000                0.000


     UNIVARIATE DISTRIBUTION FIT FOR CLASS 4

     Variable          Observed      Estimated      Residual (Obs.-Est.)    Stand. Residual
     MUSCUL
       Category 1        0.602          0.602                  0.000                0.000
       Category 2        0.398          0.398                  0.000                0.000


     UNIVARIATE DISTRIBUTION FIT FOR CLASS 5

     Variable          Observed      Estimated      Residual (Obs.-Est.)    Stand. Residual
     MUSCUL
       Category 1        0.447          0.447                  0.000                0.000
       Category 2        0.553          0.553                  0.000                0.000


     UNIVARIATE DISTRIBUTION FIT FOR CLASS 6

     Variable          Observed      Estimated      Residual (Obs.-Est.)    Stand. Residual
     MUSCUL
       Category 1        0.523          0.523                  0.000                0.000
       Category 2        0.477          0.477                  0.000                0.000


     UNIVARIATE DISTRIBUTION FIT FOR CLASS 7

     Variable          Observed      Estimated      Residual (Obs.-Est.)    Stand. Residual
     MUSCUL
       Category 1        0.583          0.583                  0.000                0.000
       Category 2        0.417          0.417                  0.000                0.000


     Beginning Time:  17:38:41
        Ending Time:  17:38:42
       Elapsed Time:  00:00:01



MUTHEN & MUTHEN
3463 Stoner Ave.
Los Angeles, CA  90066

Tel: (310) 391-9971
Fax: (310) 391-8971
Web: www.StatModel.com
Support: Support@StatModel.com

Copyright (c) 1998-2020 Muthen & Muthen
