Mplus VERSION 8.5 (Mac)
MUTHEN & MUTHEN
06/19/2023   5:37 PM

INPUT INSTRUCTIONS

  TITLE:
  Step3 - 3step LSAY - Lab9
  DATA:
  FILE = "./Step1_MPlus_Outcomes.dat";

  VARIABLE:
  NAMES = W4_SMOKE W5_SMOKE W6_SMOKE W7_SMOKE W8_SMOKE W4_DRINK W5_DRINK W6_DRINK
       W7_DRINK W8_DRINK W4_PA W5_PA W6_PA W7_PA W8_PA W4_FV W5_FV W6_FV W7_FV W8_FV
       FEMALE AGE PAT_INT PAT_HIG SELF_INT SELF_HIG EDU_UPP EDU_TER WEALTH_2 WEALTH_3
       EYE_4 CIRCUL_4 ENDOCR_4 MUSCUL_4 RESPIR_4 NEOPLA_4 NERVOU_4 MENTAL_4 MULTI_4
       CMULTI_4 LUNCAN_4 EYE CIRCUL ENDOCR MUSCUL RESPIR NEOPLA NERVOU MENTAL MULTI
       CMULTI LUNCAN CPROB1 CPROB2 CPROB3 CPROB4 CPROB5 CPROB6 CPROB7 N WEIGHTS;
   MISSING=.;
   nominal=N;
    usevar = n;
    USEOBSERVATIONS = Female NE -99 AND Age NE -99 AND
    Pat_Int NE -99 AND
  Pat_Hig NE -99 AND Self_Int NE -99 AND
  Self_Hig NE -99 AND Edu_Upp NE -99 AND
  Edu_Ter NE -99 AND
  Wealth_2 NE -99 AND Wealth_3 NE -99;
    missing are all (-99);
    classes = c(7);
    CATEGORICAL = Endocr;
    usevar = Female Age
     Pat_Int Pat_Hig Self_Int Self_Hig Edu_Upp
     Edu_Ter Wealth_2 Wealth_3 Endocr Endocr_4;
    WEIGHT  = Weights;
  ANALYSIS:
  estimator = mlr;
    type = mixture;
    starts = 0;
    ITERATIONS = 1000;
  MODEL:
  %OVERALL%

  Endocr ON Female Age
     Pat_Int Pat_Hig Self_Int Self_Hig Edu_Upp
     Edu_Ter Wealth_2 Wealth_3 Endocr_4;         ! covariate as predictor of distal

      %C#1%
      [n#1@5.894];
      [n#2@-0.212];
      [n#3@2.744];
      [n#4@2.929];
      [n#5@2.767];
      [n#6@2.614];
    [Endocr$1](m1);

     %C#2%
    [n#1@0.943];
    [n#2@5.57];
    [n#3@0.299];
    [n#4@-0.836];
    [n#5@2.064];
    [n#6@1.486];
    [Endocr$1](m2);


    %C#3%
   [n#1@-0.647];
    [n#2@-3.884];
    [n#3@3.041];
    [n#4@-2.079];
    [n#5@0.435];
    [n#6@-0.381];

    [Endocr$1](m3);


     %C#4%
    [n#1@0.517];
    [n#2@-4.099];
    [n#3@-1.011];
    [n#4@2.936];
    [n#5@-3.339];
    [n#6@-2.198];

    [Endocr$1](m4);



     %C#5%
    [n#1@-1.493];
    [n#2@-1.348];
    [n#3@1.153];
    [n#4@-4.366];
    [n#5@4.073];
    [n#6@0.948];

    [Endocr$1](m5);


      %C#6%
    [n#1@-0.017];
    [n#2@-1.78];
    [n#3@0.663];
    [n#4@-1.502];
    [n#5@1.069];
    [n#6@3.456];
      [Endocr$1](m6);

    %C#7%
    [n#1@-6.144];
    [n#2@-7.357];
    [n#3@-2.764];
    [n#4@-3.487];
    [n#5@-3.163];
    [n#6@-3.576];
    [Endocr$1](m7);
  MODEL CONSTRAINT:
  New (diff12 diff13 diff23 diff14
    diff24 diff34 diff15 diff16 diff25
    diff26 diff35 diff36 diff45
    diff46 diff56 diff17 diff27 diff37
    diff47 diff57 diff67);
    diff12 = m1-m2;  ! test pairwise distal mean differences
    diff13 = m1-m3;
    diff23 = m2-m3;
    diff14 = m1-m4;
    diff24 = m2-m4;
    diff34 = m3-m4;
    diff15 = m1-m5;
    diff16 = m1-m6;
    diff25 = m2-m5;
    diff26 = m2-m6;
    diff35 = m3-m5;
    diff36 = m3-m6;
    diff45 = m4-m5;
    diff46 = m4-m6;
    diff56 = m5-m6;
    diff17 = m1-m7;   ! additional pairwise difference
    diff27 = m2-m7;
    diff37 = m3-m7;
    diff47 = m4-m7;
    diff57 = m5-m7;
    diff67 = m6-m7;
  MODEL TEST:
  0=m1-m2;
     0=m2-m3;
     0=m3-m4; ! omnibus test of distal thresholds
     0=m4-m5;
     0=m5-m6;
     0=m6-m7;
  OUTPUT:
  sampstat residual TECH11 TECH14;



*** WARNING
  One or more observations has a value of 0 for the WEIGHT variable.
*** WARNING in OUTPUT command
  TECH11 option is not available in conjunction with nonlinear constraints
  through the use of MODEL CONSTRAINT.  Request for TECH11 is ignored.
*** WARNING in OUTPUT command
  TECH14 option is not available for TYPE=MIXTURE with weights.
  Request for TECH14 is ignored.
*** WARNING
  Data set contains cases with missing on x-variables.
  These cases were not included in the analysis.
  Number of cases with missing on x-variables:  3
   4 WARNING(S) FOUND IN THE INPUT INSTRUCTIONS




Step3 - 3step LSAY - Lab9

SUMMARY OF ANALYSIS

Number of groups                                                 1
Number of observations                                        4756

Number of dependent variables                                    2
Number of independent variables                                 11
Number of continuous latent variables                            0
Number of categorical latent variables                           1

Observed dependent variables

  Binary and ordered categorical (ordinal)
   ENDOCR

  Unordered categorical (nominal)
   N

Observed independent variables
   FEMALE      AGE         PAT_INT     PAT_HIG     SELF_INT    SELF_HIG
   EDU_UPP     EDU_TER     WEALTH_2    WEALTH_3    ENDOCR_4

Categorical latent variables
   C

Variables with special functions

  Weight variable       WEIGHTS

Estimator                                                      MLR
Information matrix                                        OBSERVED
Optimization Specifications for the Quasi-Newton Algorithm for
Continuous Outcomes
  Maximum number of iterations                                1000
  Convergence criterion                                  0.100D-05
Optimization Specifications for the EM Algorithm
  Maximum number of iterations                                 500
  Convergence criteria
    Loglikelihood change                                 0.100D-06
    Relative loglikelihood change                        0.100D-06
    Derivative                                           0.100D-05
Optimization Specifications for the M step of the EM Algorithm for
Categorical Latent variables
  Number of M step iterations                                    1
  M step convergence criterion                           0.100D-05
  Basis for M step termination                           ITERATION
Optimization Specifications for the M step of the EM Algorithm for
Censored, Binary or Ordered Categorical (Ordinal), Unordered
Categorical (Nominal) and Count Outcomes
  Number of M step iterations                                    1
  M step convergence criterion                           0.100D-05
  Basis for M step termination                           ITERATION
  Maximum value for logit thresholds                            15
  Minimum value for logit thresholds                           -15
  Minimum expected cell size for chi-square              0.100D-01
Maximum number of iterations for H1                           2000
Convergence criterion for H1                             0.100D-03
Optimization algorithm                                         EMA
Link                                                         LOGIT

Input data file(s)
  ./Step1_MPlus_Outcomes.dat
Input data format  FREE


SUMMARY OF DATA

     Number of missing data patterns             2
     Number of y missing data patterns           0
     Number of u missing data patterns           2


COVARIANCE COVERAGE OF DATA

Minimum covariance coverage value   0.100


     PROPORTION OF DATA PRESENT FOR U


           Covariance Coverage
              ENDOCR
              ________
 ENDOCR         0.999


UNIVARIATE PROPORTIONS AND COUNTS FOR CATEGORICAL VARIABLES

    ENDOCR
      Category 1    0.860         4087.700
      Category 2    0.140          665.135
    N
      Category 1    0.141          668.844
      Category 2    0.104          495.401
      Category 3    0.173          820.477
      Category 4    0.109          520.318
      Category 5    0.212         1006.763
      Category 6    0.128          606.890
      Category 7    0.134          637.308


SAMPLE STATISTICS


     SAMPLE STATISTICS


           Means
              FEMALE        AGE           PAT_INT       PAT_HIG       SELF_INT
              ________      ________      ________      ________      ________
                0.535        63.591         0.333         0.376         0.251


           Means
              SELF_HIG      EDU_UPP       EDU_TER       WEALTH_2      WEALTH_3
              ________      ________      ________      ________      ________
                0.346         0.569         0.169         0.340         0.357


           Means
              ENDOCR_4
              ________
                0.075


           Covariances
              FEMALE        AGE           PAT_INT       PAT_HIG       SELF_INT
              ________      ________      ________      ________      ________
 FEMALE         0.249
 AGE            0.261        65.126
 PAT_INT       -0.011        -0.029         0.222
 PAT_HIG        0.009        -0.154        -0.125         0.235
 SELF_INT       0.023         0.023         0.000         0.006         0.188
 SELF_HIG      -0.034        -0.444        -0.010         0.046        -0.087
 EDU_UPP       -0.004        -0.328         0.002         0.010         0.026
 EDU_TER       -0.023        -0.407        -0.014         0.037        -0.015
 WEALTH_2       0.001        -0.009         0.010        -0.009         0.005
 WEALTH_3      -0.011        -0.231        -0.018         0.057         0.013
 ENDOCR_4      -0.007         0.157         0.000        -0.007        -0.003


           Covariances
              SELF_HIG      EDU_UPP       EDU_TER       WEALTH_2      WEALTH_3
              ________      ________      ________      ________      ________
 SELF_HIG       0.226
 EDU_UPP       -0.008         0.245
 EDU_TER        0.071        -0.096         0.140
 WEALTH_2      -0.010         0.017        -0.012         0.225
 WEALTH_3       0.059         0.002         0.045        -0.121         0.229
 ENDOCR_4      -0.006        -0.003        -0.004         0.001        -0.008


           Covariances
              ENDOCR_4
              ________
 ENDOCR_4       0.070


           Correlations
              FEMALE        AGE           PAT_INT       PAT_HIG       SELF_INT
              ________      ________      ________      ________      ________
 FEMALE         1.000
 AGE            0.065         1.000
 PAT_INT       -0.045        -0.008         1.000
 PAT_HIG        0.039        -0.039        -0.549         1.000
 SELF_INT       0.107         0.007         0.001         0.030         1.000
 SELF_HIG      -0.145        -0.116        -0.044         0.199        -0.421
 EDU_UPP       -0.017        -0.082         0.010         0.040         0.120
 EDU_TER       -0.124        -0.135        -0.080         0.205        -0.094
 WEALTH_2       0.005        -0.002         0.045        -0.040         0.023
 WEALTH_3      -0.047        -0.060        -0.078         0.244         0.063
 ENDOCR_4      -0.053         0.074         0.004        -0.057        -0.025


           Correlations
              SELF_HIG      EDU_UPP       EDU_TER       WEALTH_2      WEALTH_3
              ________      ________      ________      ________      ________
 SELF_HIG       1.000
 EDU_UPP       -0.034         1.000
 EDU_TER        0.398        -0.517         1.000
 WEALTH_2      -0.044         0.074        -0.069         1.000
 WEALTH_3       0.258         0.008         0.251        -0.535         1.000
 ENDOCR_4      -0.048        -0.026        -0.038         0.011        -0.064


           Correlations
              ENDOCR_4
              ________
 ENDOCR_4       1.000


UNIVARIATE SAMPLE STATISTICS


     UNIVARIATE HIGHER-ORDER MOMENT DESCRIPTIVE STATISTICS

         Variable/         Mean/     Skewness/   Minimum/ % with                Percentiles
        Sample Size      Variance    Kurtosis    Maximum  Min/Max      20%/60%    40%/80%    Median

     FEMALE                0.535      -0.139       0.000   43.73%       0.000      0.000      1.000
            4756.000       0.249      -1.981       1.000   56.27%       1.000      1.000
     AGE                  63.591       0.607      33.000    0.02%      56.000     60.000     62.000
            4756.000      65.126      -0.423      99.000    0.02%      64.000     71.000
     PAT_INT               0.333       0.708       0.000   67.83%       0.000      0.000      0.000
            4756.000       0.222      -1.499       1.000   32.17%       0.000      1.000
     PAT_HIG               0.376       0.512       0.000   59.46%       0.000      0.000      0.000
            4756.000       0.235      -1.738       1.000   40.54%       1.000      1.000
     SELF_INT              0.251       1.147       0.000   73.82%       0.000      0.000      0.000
            4756.000       0.188      -0.684       1.000   26.18%       0.000      1.000
     SELF_HIG              0.346       0.649       0.000   60.74%       0.000      0.000      0.000
            4756.000       0.226      -1.579       1.000   39.26%       0.000      1.000
     EDU_UPP               0.569      -0.277       0.000   41.02%       0.000      0.000      1.000
            4756.000       0.245      -1.923       1.000   58.98%       1.000      1.000
     EDU_TER               0.169       1.771       0.000   79.10%       0.000      0.000      0.000
            4756.000       0.140       1.135       1.000   20.90%       0.000      1.000
     WEALTH_2              0.340       0.674       0.000   66.06%       0.000      0.000      0.000
            4756.000       0.225      -1.546       1.000   33.94%       0.000      1.000
     WEALTH_3              0.357       0.598       0.000   60.39%       0.000      0.000      0.000
            4756.000       0.229      -1.642       1.000   39.61%       0.000      1.000
     ENDOCR_4              0.075       3.214       0.000   92.98%       0.000      0.000      0.000
            4756.000       0.070       8.328       1.000    7.02%       0.000      0.000


THE MODEL ESTIMATION TERMINATED NORMALLY



MODEL FIT INFORMATION

Number of Free Parameters                       24

Loglikelihood

          H0 Value                      -10420.625
          H0 Scaling Correction Factor      1.2990
            for MLR

Information Criteria

          Akaike (AIC)                   20889.250
          Bayesian (BIC)                 21044.462
          Sample-Size Adjusted BIC       20968.199
            (n* = (n + 2) / 24)

Wald Test of Parameter Constraints

          Value                             53.201
          Degrees of Freedom                     6
          P-Value                           0.0000



FINAL CLASS COUNTS AND PROPORTIONS FOR THE LATENT CLASSES
BASED ON THE ESTIMATED MODEL

    Latent
   Classes

       1        691.98658          0.14550
       2        518.95771          0.10912
       3        798.77212          0.16795
       4        543.84849          0.11435
       5        951.60853          0.20009
       6        613.02376          0.12889
       7        637.80281          0.13410


FINAL CLASS COUNTS AND PROPORTIONS FOR THE LATENT CLASSES
BASED ON ESTIMATED POSTERIOR PROBABILITIES

    Latent
   Classes

       1        691.98658          0.14550
       2        518.95771          0.10912
       3        798.77212          0.16795
       4        543.84849          0.11435
       5        951.60853          0.20009
       6        613.02376          0.12889
       7        637.80281          0.13410


FINAL CLASS COUNTS AND PROPORTIONS FOR THE LATENT CLASSES
BASED ON THEIR MOST LIKELY LATENT CLASS MEMBERSHIP

Class Counts and Proportions

    Latent
   Classes

       1              669          0.14063
       2              495          0.10416
       3              820          0.17251
       4              520          0.10940
       5             1007          0.21168
       6              607          0.12761
       7              637          0.13400


CLASSIFICATION QUALITY

     Entropy                         0.698


Average Latent Class Probabilities for Most Likely Latent Class Membership (Row)
by Latent Class (Column)

           1        2        3        4        5        6        7

    1   0.876    0.007    0.025    0.062    0.005    0.023    0.002
    2   0.003    0.982    0.001    0.001    0.008    0.005    0.001
    3   0.031    0.003    0.821    0.011    0.056    0.037    0.042
    4   0.058    0.002    0.008    0.893    0.000    0.007    0.032
    5   0.025    0.014    0.049    0.001    0.841    0.046    0.023
    6   0.036    0.013    0.036    0.005    0.061    0.823    0.025
    7   0.003    0.003    0.051    0.039    0.023    0.025    0.858


Classification Probabilities for the Most Likely Latent Class Membership (Column)
by Latent Class (Row)

           1        2        3        4        5        6        7

    1   0.847    0.002    0.036    0.044    0.037    0.032    0.002
    2   0.009    0.937    0.005    0.002    0.028    0.016    0.004
    3   0.021    0.001    0.843    0.005    0.062    0.028    0.040
    4   0.076    0.001    0.016    0.855    0.002    0.005    0.045
    5   0.003    0.004    0.048    0.000    0.890    0.039    0.015
    6   0.025    0.004    0.050    0.006    0.075    0.814    0.026
    7   0.002    0.001    0.054    0.026    0.036    0.024    0.857


Logits for the Classification Probabilities for the Most Likely Latent Class Membership (Column)
by Latent Class (Row)

              1        2        3        4        5        6        7

    1      5.894   -0.212    2.742    2.929    2.765    2.615    0.000
    2      0.942    5.570    0.298   -0.835    2.063    1.486    0.000
    3     -0.650   -3.885    3.040   -2.077    0.434   -0.381    0.000
    4      0.516   -4.099   -1.016    2.935   -3.343   -2.194    0.000
    5     -1.499   -1.350    1.151   -4.363    4.071    0.949    0.000
    6     -0.018   -1.780    0.662   -1.501    1.068    3.456    0.000
    7     -6.144   -7.357   -2.766   -3.487   -3.165   -3.575    0.000


MODEL RESULTS

                                                    Two-Tailed
                    Estimate       S.E.  Est./S.E.    P-Value

Latent Class 1

 ENDOCR     ON
    FEMALE            -0.508      0.129     -3.938      0.000
    AGE               -0.012      0.009     -1.350      0.177
    PAT_INT            0.240      0.152      1.576      0.115
    PAT_HIG           -0.038      0.168     -0.227      0.820
    SELF_INT          -0.198      0.161     -1.232      0.218
    SELF_HIG           0.014      0.166      0.085      0.933
    EDU_UPP            0.024      0.159      0.148      0.882
    EDU_TER           -0.212      0.234     -0.903      0.367
    WEALTH_2          -0.533      0.149     -3.574      0.000
    WEALTH_3          -0.491      0.177     -2.774      0.006
    ENDOCR_4           4.380      0.194     22.528      0.000

 Means
    N#1                5.894      0.000    999.000    999.000
    N#2               -0.212      0.000    999.000    999.000
    N#3                2.744      0.000    999.000    999.000
    N#4                2.929      0.000    999.000    999.000
    N#5                2.767      0.000    999.000    999.000
    N#6                2.614      0.000    999.000    999.000

 Thresholds
    ENDOCR$1           1.787      0.606      2.951      0.003

Latent Class 2

 ENDOCR     ON
    FEMALE            -0.508      0.129     -3.938      0.000
    AGE               -0.012      0.009     -1.350      0.177
    PAT_INT            0.240      0.152      1.576      0.115
    PAT_HIG           -0.038      0.168     -0.227      0.820
    SELF_INT          -0.198      0.161     -1.232      0.218
    SELF_HIG           0.014      0.166      0.085      0.933
    EDU_UPP            0.024      0.159      0.148      0.882
    EDU_TER           -0.212      0.234     -0.903      0.367
    WEALTH_2          -0.533      0.149     -3.574      0.000
    WEALTH_3          -0.491      0.177     -2.774      0.006
    ENDOCR_4           4.380      0.194     22.528      0.000

 Means
    N#1                0.943      0.000    999.000    999.000
    N#2                5.570      0.000    999.000    999.000
    N#3                0.299      0.000    999.000    999.000
    N#4               -0.836      0.000    999.000    999.000
    N#5                2.064      0.000    999.000    999.000
    N#6                1.486      0.000    999.000    999.000

 Thresholds
    ENDOCR$1           1.109      0.598      1.854      0.064

Latent Class 3

 ENDOCR     ON
    FEMALE            -0.508      0.129     -3.938      0.000
    AGE               -0.012      0.009     -1.350      0.177
    PAT_INT            0.240      0.152      1.576      0.115
    PAT_HIG           -0.038      0.168     -0.227      0.820
    SELF_INT          -0.198      0.161     -1.232      0.218
    SELF_HIG           0.014      0.166      0.085      0.933
    EDU_UPP            0.024      0.159      0.148      0.882
    EDU_TER           -0.212      0.234     -0.903      0.367
    WEALTH_2          -0.533      0.149     -3.574      0.000
    WEALTH_3          -0.491      0.177     -2.774      0.006
    ENDOCR_4           4.380      0.194     22.528      0.000

 Means
    N#1               -0.647      0.000    999.000    999.000
    N#2               -3.884      0.000    999.000    999.000
    N#3                3.041      0.000    999.000    999.000
    N#4               -2.079      0.000    999.000    999.000
    N#5                0.435      0.000    999.000    999.000
    N#6               -0.381      0.000    999.000    999.000

 Thresholds
    ENDOCR$1           0.772      0.607      1.271      0.204

Latent Class 4

 ENDOCR     ON
    FEMALE            -0.508      0.129     -3.938      0.000
    AGE               -0.012      0.009     -1.350      0.177
    PAT_INT            0.240      0.152      1.576      0.115
    PAT_HIG           -0.038      0.168     -0.227      0.820
    SELF_INT          -0.198      0.161     -1.232      0.218
    SELF_HIG           0.014      0.166      0.085      0.933
    EDU_UPP            0.024      0.159      0.148      0.882
    EDU_TER           -0.212      0.234     -0.903      0.367
    WEALTH_2          -0.533      0.149     -3.574      0.000
    WEALTH_3          -0.491      0.177     -2.774      0.006
    ENDOCR_4           4.380      0.194     22.528      0.000

 Means
    N#1                0.517      0.000    999.000    999.000
    N#2               -4.099      0.000    999.000    999.000
    N#3               -1.011      0.000    999.000    999.000
    N#4                2.936      0.000    999.000    999.000
    N#5               -3.339      0.000    999.000    999.000
    N#6               -2.198      0.000    999.000    999.000

 Thresholds
    ENDOCR$1           2.259      0.659      3.429      0.001

Latent Class 5

 ENDOCR     ON
    FEMALE            -0.508      0.129     -3.938      0.000
    AGE               -0.012      0.009     -1.350      0.177
    PAT_INT            0.240      0.152      1.576      0.115
    PAT_HIG           -0.038      0.168     -0.227      0.820
    SELF_INT          -0.198      0.161     -1.232      0.218
    SELF_HIG           0.014      0.166      0.085      0.933
    EDU_UPP            0.024      0.159      0.148      0.882
    EDU_TER           -0.212      0.234     -0.903      0.367
    WEALTH_2          -0.533      0.149     -3.574      0.000
    WEALTH_3          -0.491      0.177     -2.774      0.006
    ENDOCR_4           4.380      0.194     22.528      0.000

 Means
    N#1               -1.493      0.000    999.000    999.000
    N#2               -1.348      0.000    999.000    999.000
    N#3                1.153      0.000    999.000    999.000
    N#4               -4.366      0.000    999.000    999.000
    N#5                4.073      0.000    999.000    999.000
    N#6                0.948      0.000    999.000    999.000

 Thresholds
    ENDOCR$1           0.449      0.629      0.714      0.475

Latent Class 6

 ENDOCR     ON
    FEMALE            -0.508      0.129     -3.938      0.000
    AGE               -0.012      0.009     -1.350      0.177
    PAT_INT            0.240      0.152      1.576      0.115
    PAT_HIG           -0.038      0.168     -0.227      0.820
    SELF_INT          -0.198      0.161     -1.232      0.218
    SELF_HIG           0.014      0.166      0.085      0.933
    EDU_UPP            0.024      0.159      0.148      0.882
    EDU_TER           -0.212      0.234     -0.903      0.367
    WEALTH_2          -0.533      0.149     -3.574      0.000
    WEALTH_3          -0.491      0.177     -2.774      0.006
    ENDOCR_4           4.380      0.194     22.528      0.000

 Means
    N#1               -0.017      0.000    999.000    999.000
    N#2               -1.780      0.000    999.000    999.000
    N#3                0.663      0.000    999.000    999.000
    N#4               -1.502      0.000    999.000    999.000
    N#5                1.069      0.000    999.000    999.000
    N#6                3.456      0.000    999.000    999.000

 Thresholds
    ENDOCR$1           1.257      0.654      1.923      0.054

Latent Class 7

 ENDOCR     ON
    FEMALE            -0.508      0.129     -3.938      0.000
    AGE               -0.012      0.009     -1.350      0.177
    PAT_INT            0.240      0.152      1.576      0.115
    PAT_HIG           -0.038      0.168     -0.227      0.820
    SELF_INT          -0.198      0.161     -1.232      0.218
    SELF_HIG           0.014      0.166      0.085      0.933
    EDU_UPP            0.024      0.159      0.148      0.882
    EDU_TER           -0.212      0.234     -0.903      0.367
    WEALTH_2          -0.533      0.149     -3.574      0.000
    WEALTH_3          -0.491      0.177     -2.774      0.006
    ENDOCR_4           4.380      0.194     22.528      0.000

 Means
    N#1               -6.144      0.000    999.000    999.000
    N#2               -7.357      0.000    999.000    999.000
    N#3               -2.764      0.000    999.000    999.000
    N#4               -3.487      0.000    999.000    999.000
    N#5               -3.163      0.000    999.000    999.000
    N#6               -3.576      0.000    999.000    999.000

 Thresholds
    ENDOCR$1           1.637      0.639      2.563      0.010

Categorical Latent Variables

 Means
    C#1                0.082      0.069      1.182      0.237
    C#2               -0.206      0.074     -2.805      0.005
    C#3                0.225      0.072      3.125      0.002
    C#4               -0.159      0.075     -2.120      0.034
    C#5                0.400      0.068      5.864      0.000
    C#6               -0.040      0.078     -0.507      0.612

New/Additional Parameters
    DIFF12             0.678      0.288      2.353      0.019
    DIFF13             1.015      0.266      3.815      0.000
    DIFF23             0.337      0.256      1.316      0.188
    DIFF14            -0.472      0.383     -1.233      0.218
    DIFF24            -1.150      0.373     -3.079      0.002
    DIFF34            -1.487      0.350     -4.249      0.000
    DIFF15             1.338      0.255      5.253      0.000
    DIFF16             0.530      0.330      1.606      0.108
    DIFF25             0.660      0.242      2.733      0.006
    DIFF26            -0.148      0.320     -0.463      0.644
    DIFF35             0.323      0.219      1.475      0.140
    DIFF36            -0.485      0.301     -1.615      0.106
    DIFF45             1.810      0.346      5.228      0.000
    DIFF46             1.002      0.401      2.500      0.012
    DIFF56            -0.808      0.294     -2.752      0.006
    DIFF17             0.151      0.316      0.477      0.633
    DIFF27            -0.528      0.325     -1.624      0.104
    DIFF37            -0.865      0.307     -2.821      0.005
    DIFF47             0.622      0.410      1.518      0.129
    DIFF57            -1.188      0.295     -4.022      0.000
    DIFF67            -0.379      0.362     -1.049      0.294


RESULTS IN PROBABILITY SCALE

                    Estimate

Latent Class 1

 ENDOCR
    Category 1         0.901
    Category 2         0.099

Latent Class 2

 ENDOCR
    Category 1         0.859
    Category 2         0.141

Latent Class 3

 ENDOCR
    Category 1         0.837
    Category 2         0.163

Latent Class 4

 ENDOCR
    Category 1         0.947
    Category 2         0.053

Latent Class 5

 ENDOCR
    Category 1         0.764
    Category 2         0.236

Latent Class 6

 ENDOCR
    Category 1         0.856
    Category 2         0.144

Latent Class 7

 ENDOCR
    Category 1         0.917
    Category 2         0.083


LOGISTIC REGRESSION ODDS RATIO RESULTS

                                                95% C.I.
                    Estimate       S.E.  Lower 2.5% Upper 2.5%

Latent Class 1

 ENDOCR     ON
    FEMALE             0.602      0.078      0.467      0.775
    AGE                0.988      0.009      0.972      1.005
    PAT_INT            1.271      0.194      0.943      1.713
    PAT_HIG            0.962      0.162      0.692      1.339
    SELF_INT           0.820      0.132      0.599      1.124
    SELF_HIG           1.014      0.168      0.733      1.404
    EDU_UPP            1.024      0.163      0.749      1.400
    EDU_TER            0.809      0.190      0.511      1.281
    WEALTH_2           0.587      0.087      0.438      0.786
    WEALTH_3           0.612      0.108      0.433      0.866
    ENDOCR_4          79.876     15.531     54.563    116.931

Latent Class 2

 ENDOCR     ON
    FEMALE             0.602      0.078      0.467      0.775
    AGE                0.988      0.009      0.972      1.005
    PAT_INT            1.271      0.194      0.943      1.713
    PAT_HIG            0.962      0.162      0.692      1.339
    SELF_INT           0.820      0.132      0.599      1.124
    SELF_HIG           1.014      0.168      0.733      1.404
    EDU_UPP            1.024      0.163      0.749      1.400
    EDU_TER            0.809      0.190      0.511      1.281
    WEALTH_2           0.587      0.087      0.438      0.786
    WEALTH_3           0.612      0.108      0.433      0.866
    ENDOCR_4          79.876     15.531     54.563    116.931

Latent Class 3

 ENDOCR     ON
    FEMALE             0.602      0.078      0.467      0.775
    AGE                0.988      0.009      0.972      1.005
    PAT_INT            1.271      0.194      0.943      1.713
    PAT_HIG            0.962      0.162      0.692      1.339
    SELF_INT           0.820      0.132      0.599      1.124
    SELF_HIG           1.014      0.168      0.733      1.404
    EDU_UPP            1.024      0.163      0.749      1.400
    EDU_TER            0.809      0.190      0.511      1.281
    WEALTH_2           0.587      0.087      0.438      0.786
    WEALTH_3           0.612      0.108      0.433      0.866
    ENDOCR_4          79.876     15.531     54.563    116.931

Latent Class 4

 ENDOCR     ON
    FEMALE             0.602      0.078      0.467      0.775
    AGE                0.988      0.009      0.972      1.005
    PAT_INT            1.271      0.194      0.943      1.713
    PAT_HIG            0.962      0.162      0.692      1.339
    SELF_INT           0.820      0.132      0.599      1.124
    SELF_HIG           1.014      0.168      0.733      1.404
    EDU_UPP            1.024      0.163      0.749      1.400
    EDU_TER            0.809      0.190      0.511      1.281
    WEALTH_2           0.587      0.087      0.438      0.786
    WEALTH_3           0.612      0.108      0.433      0.866
    ENDOCR_4          79.876     15.531     54.563    116.931

Latent Class 5

 ENDOCR     ON
    FEMALE             0.602      0.078      0.467      0.775
    AGE                0.988      0.009      0.972      1.005
    PAT_INT            1.271      0.194      0.943      1.713
    PAT_HIG            0.962      0.162      0.692      1.339
    SELF_INT           0.820      0.132      0.599      1.124
    SELF_HIG           1.014      0.168      0.733      1.404
    EDU_UPP            1.024      0.163      0.749      1.400
    EDU_TER            0.809      0.190      0.511      1.281
    WEALTH_2           0.587      0.087      0.438      0.786
    WEALTH_3           0.612      0.108      0.433      0.866
    ENDOCR_4          79.876     15.531     54.563    116.931

Latent Class 6

 ENDOCR     ON
    FEMALE             0.602      0.078      0.467      0.775
    AGE                0.988      0.009      0.972      1.005
    PAT_INT            1.271      0.194      0.943      1.713
    PAT_HIG            0.962      0.162      0.692      1.339
    SELF_INT           0.820      0.132      0.599      1.124
    SELF_HIG           1.014      0.168      0.733      1.404
    EDU_UPP            1.024      0.163      0.749      1.400
    EDU_TER            0.809      0.190      0.511      1.281
    WEALTH_2           0.587      0.087      0.438      0.786
    WEALTH_3           0.612      0.108      0.433      0.866
    ENDOCR_4          79.876     15.531     54.563    116.931

Latent Class 7

 ENDOCR     ON
    FEMALE             0.602      0.078      0.467      0.775
    AGE                0.988      0.009      0.972      1.005
    PAT_INT            1.271      0.194      0.943      1.713
    PAT_HIG            0.962      0.162      0.692      1.339
    SELF_INT           0.820      0.132      0.599      1.124
    SELF_HIG           1.014      0.168      0.733      1.404
    EDU_UPP            1.024      0.163      0.749      1.400
    EDU_TER            0.809      0.190      0.511      1.281
    WEALTH_2           0.587      0.087      0.438      0.786
    WEALTH_3           0.612      0.108      0.433      0.866
    ENDOCR_4          79.876     15.531     54.563    116.931


QUALITY OF NUMERICAL RESULTS

     Condition Number for the Information Matrix              0.460E-06
       (ratio of smallest to largest eigenvalue)


RESIDUAL OUTPUT


     ESTIMATED MODEL AND RESIDUALS (OBSERVED - ESTIMATED) FOR CLASS 1


           Model Estimated Means
              FEMALE        AGE           PAT_INT       PAT_HIG       SELF_INT
              ________      ________      ________      ________      ________
                0.358        63.058         0.297         0.446         0.235


           Model Estimated Means
              SELF_HIG      EDU_UPP       EDU_TER       WEALTH_2      WEALTH_3
              ________      ________      ________      ________      ________
                0.441         0.610         0.229         0.312         0.469


           Model Estimated Means
              ENDOCR_4
              ________
                0.072


           Residuals for Means
              FEMALE        AGE           PAT_INT       PAT_HIG       SELF_INT
              ________      ________      ________      ________      ________
                0.000         0.000         0.000         0.000         0.000


           Residuals for Means
              SELF_HIG      EDU_UPP       EDU_TER       WEALTH_2      WEALTH_3
              ________      ________      ________      ________      ________
                0.000         0.000         0.000         0.000         0.000


           Residuals for Means
              ENDOCR_4
              ________
                0.000


           Model Estimated Covariances
              FEMALE        AGE           PAT_INT       PAT_HIG       SELF_INT
              ________      ________      ________      ________      ________
 FEMALE         0.230
 AGE            0.093        56.793
 PAT_INT        0.000         0.000         0.209
 PAT_HIG        0.021         0.115         0.000         0.247
 SELF_INT       0.034         0.002         0.000         0.006         0.180
 SELF_HIG       0.000         0.000         0.000         0.053         0.000
 EDU_UPP        0.001         0.000         0.011         0.000         0.019
 EDU_TER        0.000         0.000         0.000         0.048         0.000
 WEALTH_2       0.003         0.000         0.007         0.000         0.000
 WEALTH_3       0.004         0.108         0.000         0.072         0.006
 ENDOCR_4       0.000         0.000         0.009         0.000         0.002


           Model Estimated Covariances
              SELF_HIG      EDU_UPP       EDU_TER       WEALTH_2      WEALTH_3
              ________      ________      ________      ________      ________
 SELF_HIG       0.247
 EDU_UPP        0.000         0.238
 EDU_TER        0.081         0.000         0.177
 WEALTH_2       0.000         0.023         0.000         0.215
 WEALTH_3       0.068         0.000         0.052         0.000         0.249
 ENDOCR_4       0.000         0.000         0.000         0.003         0.000


           Model Estimated Covariances
              ENDOCR_4
              ________
 ENDOCR_4       0.067


           Residuals for Covariances
              FEMALE        AGE           PAT_INT       PAT_HIG       SELF_INT
              ________      ________      ________      ________      ________
 FEMALE         0.000
 AGE            0.000         0.000
 PAT_INT        0.000         0.000         0.000
 PAT_HIG        0.000         0.000         0.000         0.000
 SELF_INT       0.000         0.000         0.000         0.000         0.000
 SELF_HIG       0.000         0.000         0.000         0.000         0.000
 EDU_UPP        0.000         0.000         0.000         0.000         0.000
 EDU_TER        0.000         0.000         0.000         0.000         0.000
 WEALTH_2       0.000         0.000         0.000         0.000         0.000
 WEALTH_3       0.000         0.000         0.000         0.000         0.000
 ENDOCR_4       0.000         0.000         0.000         0.000         0.000


           Residuals for Covariances
              SELF_HIG      EDU_UPP       EDU_TER       WEALTH_2      WEALTH_3
              ________      ________      ________      ________      ________
 SELF_HIG       0.000
 EDU_UPP        0.000         0.000
 EDU_TER        0.000         0.000         0.000
 WEALTH_2       0.000         0.000         0.000         0.000
 WEALTH_3       0.000         0.000         0.000         0.000         0.000
 ENDOCR_4       0.000         0.000         0.000         0.000         0.000


           Residuals for Covariances
              ENDOCR_4
              ________
 ENDOCR_4       0.000


     ESTIMATED MODEL AND RESIDUALS (OBSERVED - ESTIMATED) FOR CLASS 2


           Model Estimated Means
              FEMALE        AGE           PAT_INT       PAT_HIG       SELF_INT
              ________      ________      ________      ________      ________
                0.550        60.879         0.397         0.248         0.221


           Model Estimated Means
              SELF_HIG      EDU_UPP       EDU_TER       WEALTH_2      WEALTH_3
              ________      ________      ________      ________      ________
                0.245         0.516         0.087         0.309         0.195


           Model Estimated Means
              ENDOCR_4
              ________
                0.058


           Residuals for Means
              FEMALE        AGE           PAT_INT       PAT_HIG       SELF_INT
              ________      ________      ________      ________      ________
                0.000         0.000         0.000         0.000         0.000


           Residuals for Means
              SELF_HIG      EDU_UPP       EDU_TER       WEALTH_2      WEALTH_3
              ________      ________      ________      ________      ________
                0.000         0.000         0.000         0.000         0.000


           Residuals for Means
              ENDOCR_4
              ________
                0.000


           Model Estimated Covariances
              FEMALE        AGE           PAT_INT       PAT_HIG       SELF_INT
              ________      ________      ________      ________      ________
 FEMALE         0.247
 AGE            0.214        49.760
 PAT_INT        0.010         0.028         0.239
 PAT_HIG        0.000         0.000         0.000         0.186
 SELF_INT       0.015         0.034         0.001         0.006         0.172
 SELF_HIG       0.000         0.000         0.007         0.028         0.000
 EDU_UPP        0.000         0.000         0.006         0.019         0.010
 EDU_TER        0.000         0.000         0.000         0.022         0.000
 WEALTH_2       0.012         0.000         0.009         0.000         0.011
 WEALTH_3       0.000         0.000         0.000         0.040         0.010
 ENDOCR_4       0.000         0.168         0.003         0.000         0.000


           Model Estimated Covariances
              SELF_HIG      EDU_UPP       EDU_TER       WEALTH_2      WEALTH_3
              ________      ________      ________      ________      ________
 SELF_HIG       0.185
 EDU_UPP        0.035         0.250
 EDU_TER        0.033         0.000         0.079
 WEALTH_2       0.000         0.010         0.000         0.214
 WEALTH_3       0.044         0.007         0.028         0.000         0.157
 ENDOCR_4       0.000         0.000         0.000         0.005         0.001


           Model Estimated Covariances
              ENDOCR_4
              ________
 ENDOCR_4       0.054


           Residuals for Covariances
              FEMALE        AGE           PAT_INT       PAT_HIG       SELF_INT
              ________      ________      ________      ________      ________
 FEMALE         0.000
 AGE            0.000         0.000
 PAT_INT        0.000         0.000         0.000
 PAT_HIG        0.000         0.000         0.000         0.000
 SELF_INT       0.000         0.000         0.000         0.000         0.000
 SELF_HIG       0.000         0.000         0.000         0.000         0.000
 EDU_UPP        0.000         0.000         0.000         0.000         0.000
 EDU_TER        0.000         0.000         0.000         0.000         0.000
 WEALTH_2       0.000         0.000         0.000         0.000         0.000
 WEALTH_3       0.000         0.000         0.000         0.000         0.000
 ENDOCR_4       0.000         0.000         0.000         0.000         0.000


           Residuals for Covariances
              SELF_HIG      EDU_UPP       EDU_TER       WEALTH_2      WEALTH_3
              ________      ________      ________      ________      ________
 SELF_HIG       0.000
 EDU_UPP        0.000         0.000
 EDU_TER        0.000         0.000         0.000
 WEALTH_2       0.000         0.000         0.000         0.000
 WEALTH_3       0.000         0.000         0.000         0.000         0.000
 ENDOCR_4       0.000         0.000         0.000         0.000         0.000


           Residuals for Covariances
              ENDOCR_4
              ________
 ENDOCR_4       0.000


     ESTIMATED MODEL AND RESIDUALS (OBSERVED - ESTIMATED) FOR CLASS 3


           Model Estimated Means
              FEMALE        AGE           PAT_INT       PAT_HIG       SELF_INT
              ________      ________      ________      ________      ________
                0.616        64.942         0.305         0.414         0.269


           Model Estimated Means
              SELF_HIG      EDU_UPP       EDU_TER       WEALTH_2      WEALTH_3
              ________      ________      ________      ________      ________
                0.346         0.599         0.154         0.365         0.365


           Model Estimated Means
              ENDOCR_4
              ________
                0.076


           Residuals for Means
              FEMALE        AGE           PAT_INT       PAT_HIG       SELF_INT
              ________      ________      ________      ________      ________
                0.000         0.000         0.000         0.000         0.000


           Residuals for Means
              SELF_HIG      EDU_UPP       EDU_TER       WEALTH_2      WEALTH_3
              ________      ________      ________      ________      ________
                0.000         0.000         0.000         0.000         0.000


           Residuals for Means
              ENDOCR_4
              ________
                0.000


           Model Estimated Covariances
              FEMALE        AGE           PAT_INT       PAT_HIG       SELF_INT
              ________      ________      ________      ________      ________
 FEMALE         0.236
 AGE            0.003        66.202
 PAT_INT        0.000         0.000         0.212
 PAT_HIG        0.017         0.066         0.000         0.243
 SELF_INT       0.025         0.175         0.000         0.007         0.197
 SELF_HIG       0.000         0.000         0.000         0.045         0.000
 EDU_UPP        0.004         0.000         0.002         0.002         0.028
 EDU_TER        0.000         0.000         0.000         0.040         0.000
 WEALTH_2       0.000         0.000         0.010         0.000         0.000
 WEALTH_3       0.002         0.000         0.000         0.066         0.022
 ENDOCR_4       0.000         0.147         0.001         0.000         0.000


           Model Estimated Covariances
              SELF_HIG      EDU_UPP       EDU_TER       WEALTH_2      WEALTH_3
              ________      ________      ________      ________      ________
 SELF_HIG       0.226
 EDU_UPP        0.000         0.240
 EDU_TER        0.065         0.000         0.130
 WEALTH_2       0.000         0.015         0.000         0.232
 WEALTH_3       0.048         0.007         0.035         0.000         0.232
 ENDOCR_4       0.000         0.000         0.000         0.000         0.000


           Model Estimated Covariances
              ENDOCR_4
              ________
 ENDOCR_4       0.070


           Residuals for Covariances
              FEMALE        AGE           PAT_INT       PAT_HIG       SELF_INT
              ________      ________      ________      ________      ________
 FEMALE         0.000
 AGE            0.000         0.000
 PAT_INT        0.000         0.000         0.000
 PAT_HIG        0.000         0.000         0.000         0.000
 SELF_INT       0.000         0.000         0.000         0.000         0.000
 SELF_HIG       0.000         0.000         0.000         0.000         0.000
 EDU_UPP        0.000         0.000         0.000         0.000         0.000
 EDU_TER        0.000         0.000         0.000         0.000         0.000
 WEALTH_2       0.000         0.000         0.000         0.000         0.000
 WEALTH_3       0.000         0.000         0.000         0.000         0.000
 ENDOCR_4       0.000         0.000         0.000         0.000         0.000


           Residuals for Covariances
              SELF_HIG      EDU_UPP       EDU_TER       WEALTH_2      WEALTH_3
              ________      ________      ________      ________      ________
 SELF_HIG       0.000
 EDU_UPP        0.000         0.000
 EDU_TER        0.000         0.000         0.000
 WEALTH_2       0.000         0.000         0.000         0.000
 WEALTH_3       0.000         0.000         0.000         0.000         0.000
 ENDOCR_4       0.000         0.000         0.000         0.000         0.000


           Residuals for Covariances
              ENDOCR_4
              ________
 ENDOCR_4       0.000


     ESTIMATED MODEL AND RESIDUALS (OBSERVED - ESTIMATED) FOR CLASS 4


           Model Estimated Means
              FEMALE        AGE           PAT_INT       PAT_HIG       SELF_INT
              ________      ________      ________      ________      ________
                0.351        60.907         0.301         0.480         0.259


           Model Estimated Means
              SELF_HIG      EDU_UPP       EDU_TER       WEALTH_2      WEALTH_3
              ________      ________      ________      ________      ________
                0.520         0.547         0.327         0.291         0.586


           Model Estimated Means
              ENDOCR_4
              ________
                0.038


           Residuals for Means
              FEMALE        AGE           PAT_INT       PAT_HIG       SELF_INT
              ________      ________      ________      ________      ________
                0.000         0.000         0.000         0.000         0.000


           Residuals for Means
              SELF_HIG      EDU_UPP       EDU_TER       WEALTH_2      WEALTH_3
              ________      ________      ________      ________      ________
                0.000         0.000         0.000         0.000         0.000


           Residuals for Means
              ENDOCR_4
              ________
                0.000


           Model Estimated Covariances
              FEMALE        AGE           PAT_INT       PAT_HIG       SELF_INT
              ________      ________      ________      ________      ________
 FEMALE         0.228
 AGE            0.000        42.007
 PAT_INT        0.000         0.006         0.210
 PAT_HIG        0.033         0.030         0.000         0.250
 SELF_INT       0.024         0.090         0.000         0.000         0.192
 SELF_HIG       0.000         0.000         0.000         0.041         0.000
 EDU_UPP        0.018         0.000         0.012         0.000         0.040
 EDU_TER        0.000         0.000         0.000         0.040         0.000
 WEALTH_2       0.002         0.000         0.014         0.000         0.006
 WEALTH_3       0.011         0.104         0.000         0.049         0.000
 ENDOCR_4       0.000         0.104         0.000         0.000         0.002


           Model Estimated Covariances
              SELF_HIG      EDU_UPP       EDU_TER       WEALTH_2      WEALTH_3
              ________      ________      ________      ________      ________
 SELF_HIG       0.250
 EDU_UPP        0.000         0.248
 EDU_TER        0.098         0.000         0.220
 WEALTH_2       0.000         0.014         0.000         0.206
 WEALTH_3       0.057         0.000         0.056         0.000         0.243
 ENDOCR_4       0.000         0.000         0.000         0.000         0.000


           Model Estimated Covariances
              ENDOCR_4
              ________
 ENDOCR_4       0.037


           Residuals for Covariances
              FEMALE        AGE           PAT_INT       PAT_HIG       SELF_INT
              ________      ________      ________      ________      ________
 FEMALE         0.000
 AGE            0.000         0.000
 PAT_INT        0.000         0.000         0.000
 PAT_HIG        0.000         0.000         0.000         0.000
 SELF_INT       0.000         0.000         0.000         0.000         0.000
 SELF_HIG       0.000         0.000         0.000         0.000         0.000
 EDU_UPP        0.000         0.000         0.000         0.000         0.000
 EDU_TER        0.000         0.000         0.000         0.000         0.000
 WEALTH_2       0.000         0.000         0.000         0.000         0.000
 WEALTH_3       0.000         0.000         0.000         0.000         0.000
 ENDOCR_4       0.000         0.000         0.000         0.000         0.000


           Residuals for Covariances
              SELF_HIG      EDU_UPP       EDU_TER       WEALTH_2      WEALTH_3
              ________      ________      ________      ________      ________
 SELF_HIG       0.000
 EDU_UPP        0.000         0.000
 EDU_TER        0.000         0.000         0.000
 WEALTH_2       0.000         0.000         0.000         0.000
 WEALTH_3       0.000         0.000         0.000         0.000         0.000
 ENDOCR_4       0.000         0.000         0.000         0.000         0.000


           Residuals for Covariances
              ENDOCR_4
              ________
 ENDOCR_4       0.000


     ESTIMATED MODEL AND RESIDUALS (OBSERVED - ESTIMATED) FOR CLASS 5


           Model Estimated Means
              FEMALE        AGE           PAT_INT       PAT_HIG       SELF_INT
              ________      ________      ________      ________      ________
                0.693        66.028         0.340         0.309         0.236


           Model Estimated Means
              SELF_HIG      EDU_UPP       EDU_TER       WEALTH_2      WEALTH_3
              ________      ________      ________      ________      ________
                0.246         0.529         0.080         0.346         0.223


           Model Estimated Means
              ENDOCR_4
              ________
                0.118


           Residuals for Means
              FEMALE        AGE           PAT_INT       PAT_HIG       SELF_INT
              ________      ________      ________      ________      ________
                0.000         0.000         0.000         0.000         0.000


           Residuals for Means
              SELF_HIG      EDU_UPP       EDU_TER       WEALTH_2      WEALTH_3
              ________      ________      ________      ________      ________
                0.000         0.000         0.000         0.000         0.000


           Residuals for Means
              ENDOCR_4
              ________
                0.000


           Model Estimated Covariances
              FEMALE        AGE           PAT_INT       PAT_HIG       SELF_INT
              ________      ________      ________      ________      ________
 FEMALE         0.213
 AGE            0.230        78.402
 PAT_INT        0.000         0.068         0.225
 PAT_HIG        0.027         0.000         0.000         0.214
 SELF_INT       0.020         0.050         0.000         0.014         0.180
 SELF_HIG       0.000         0.000         0.000         0.036         0.000
 EDU_UPP        0.000         0.000         0.000         0.033         0.023
 EDU_TER        0.000         0.000         0.000         0.020         0.000
 WEALTH_2       0.009         0.000         0.015         0.006         0.009
 WEALTH_3       0.000         0.000         0.000         0.030         0.024
 ENDOCR_4       0.001         0.124         0.000         0.000         0.000


           Model Estimated Covariances
              SELF_HIG      EDU_UPP       EDU_TER       WEALTH_2      WEALTH_3
              ________      ________      ________      ________      ________
 SELF_HIG       0.185
 EDU_UPP        0.026         0.249
 EDU_TER        0.036         0.000         0.074
 WEALTH_2       0.003         0.013         0.000         0.226
 WEALTH_3       0.027         0.016         0.013         0.000         0.173
 ENDOCR_4       0.000         0.001         0.000         0.002         0.000


           Model Estimated Covariances
              ENDOCR_4
              ________
 ENDOCR_4       0.104


           Residuals for Covariances
              FEMALE        AGE           PAT_INT       PAT_HIG       SELF_INT
              ________      ________      ________      ________      ________
 FEMALE         0.000
 AGE            0.000         0.000
 PAT_INT        0.000         0.000         0.000
 PAT_HIG        0.000         0.000         0.000         0.000
 SELF_INT       0.000         0.000         0.000         0.000         0.000
 SELF_HIG       0.000         0.000         0.000         0.000         0.000
 EDU_UPP        0.000         0.000         0.000         0.000         0.000
 EDU_TER        0.000         0.000         0.000         0.000         0.000
 WEALTH_2       0.000         0.000         0.000         0.000         0.000
 WEALTH_3       0.000         0.000         0.000         0.000         0.000
 ENDOCR_4       0.000         0.000         0.000         0.000         0.000


           Residuals for Covariances
              SELF_HIG      EDU_UPP       EDU_TER       WEALTH_2      WEALTH_3
              ________      ________      ________      ________      ________
 SELF_HIG       0.000
 EDU_UPP        0.000         0.000
 EDU_TER        0.000         0.000         0.000
 WEALTH_2       0.000         0.000         0.000         0.000
 WEALTH_3       0.000         0.000         0.000         0.000         0.000
 ENDOCR_4       0.000         0.000         0.000         0.000         0.000


           Residuals for Covariances
              ENDOCR_4
              ________
 ENDOCR_4       0.000


     ESTIMATED MODEL AND RESIDUALS (OBSERVED - ESTIMATED) FOR CLASS 6


           Model Estimated Means
              FEMALE        AGE           PAT_INT       PAT_HIG       SELF_INT
              ________      ________      ________      ________      ________
                0.519        64.812         0.365         0.337         0.271


           Model Estimated Means
              SELF_HIG      EDU_UPP       EDU_TER       WEALTH_2      WEALTH_3
              ________      ________      ________      ________      ________
                0.282         0.595         0.110         0.389         0.257


           Model Estimated Means
              ENDOCR_4
              ________
                0.090


           Residuals for Means
              FEMALE        AGE           PAT_INT       PAT_HIG       SELF_INT
              ________      ________      ________      ________      ________
                0.000         0.000         0.000         0.000         0.000


           Residuals for Means
              SELF_HIG      EDU_UPP       EDU_TER       WEALTH_2      WEALTH_3
              ________      ________      ________      ________      ________
                0.000         0.000         0.000         0.000         0.000


           Residuals for Means
              ENDOCR_4
              ________
                0.000


           Model Estimated Covariances
              FEMALE        AGE           PAT_INT       PAT_HIG       SELF_INT
              ________      ________      ________      ________      ________
 FEMALE         0.250
 AGE            0.201        75.688
 PAT_INT        0.000         0.001         0.232
 PAT_HIG        0.000         0.000         0.000         0.223
 SELF_INT       0.029         0.000         0.000         0.022         0.197
 SELF_HIG       0.000         0.000         0.000         0.026         0.000
 EDU_UPP        0.000         0.000         0.004         0.022         0.030
 EDU_TER        0.000         0.000         0.000         0.018         0.000
 WEALTH_2       0.000         0.000         0.002         0.002         0.000
 WEALTH_3       0.000         0.000         0.000         0.038         0.020
 ENDOCR_4       0.000         0.183         0.000         0.000         0.000


           Model Estimated Covariances
              SELF_HIG      EDU_UPP       EDU_TER       WEALTH_2      WEALTH_3
              ________      ________      ________      ________      ________
 SELF_HIG       0.203
 EDU_UPP        0.006         0.241
 EDU_TER        0.046         0.000         0.098
 WEALTH_2       0.015         0.033         0.000         0.238
 WEALTH_3       0.034         0.014         0.025         0.000         0.191
 ENDOCR_4       0.000         0.000         0.001         0.000         0.000


           Model Estimated Covariances
              ENDOCR_4
              ________
 ENDOCR_4       0.082


           Residuals for Covariances
              FEMALE        AGE           PAT_INT       PAT_HIG       SELF_INT
              ________      ________      ________      ________      ________
 FEMALE         0.000
 AGE            0.000         0.000
 PAT_INT        0.000         0.000         0.000
 PAT_HIG        0.000         0.000         0.000         0.000
 SELF_INT       0.000         0.000         0.000         0.000         0.000
 SELF_HIG       0.000         0.000         0.000         0.000         0.000
 EDU_UPP        0.000         0.000         0.000         0.000         0.000
 EDU_TER        0.000         0.000         0.000         0.000         0.000
 WEALTH_2       0.000         0.000         0.000         0.000         0.000
 WEALTH_3       0.000         0.000         0.000         0.000         0.000
 ENDOCR_4       0.000         0.000         0.000         0.000         0.000


           Residuals for Covariances
              SELF_HIG      EDU_UPP       EDU_TER       WEALTH_2      WEALTH_3
              ________      ________      ________      ________      ________
 SELF_HIG       0.000
 EDU_UPP        0.000         0.000
 EDU_TER        0.000         0.000         0.000
 WEALTH_2       0.000         0.000         0.000         0.000
 WEALTH_3       0.000         0.000         0.000         0.000         0.000
 ENDOCR_4       0.000         0.000         0.000         0.000         0.000


           Residuals for Covariances
              ENDOCR_4
              ________
 ENDOCR_4       0.000


     ESTIMATED MODEL AND RESIDUALS (OBSERVED - ESTIMATED) FOR CLASS 7


           Model Estimated Means
              FEMALE        AGE           PAT_INT       PAT_HIG       SELF_INT
              ________      ________      ________      ________      ________
                0.547        62.164         0.341         0.405         0.268


           Model Estimated Means
              SELF_HIG      EDU_UPP       EDU_TER       WEALTH_2      WEALTH_3
              ________      ________      ________      ________      ________
                0.385         0.579         0.240         0.354         0.455


           Model Estimated Means
              ENDOCR_4
              ________
                0.048


           Residuals for Means
              FEMALE        AGE           PAT_INT       PAT_HIG       SELF_INT
              ________      ________      ________      ________      ________
                0.000         0.000         0.000         0.000         0.000


           Residuals for Means
              SELF_HIG      EDU_UPP       EDU_TER       WEALTH_2      WEALTH_3
              ________      ________      ________      ________      ________
                0.000         0.000         0.000         0.000         0.000


           Residuals for Means
              ENDOCR_4
              ________
                0.000


           Model Estimated Covariances
              FEMALE        AGE           PAT_INT       PAT_HIG       SELF_INT
              ________      ________      ________      ________      ________
 FEMALE         0.248
 AGE            0.068        48.024
 PAT_INT        0.000         0.056         0.225
 PAT_HIG        0.019         0.000         0.000         0.241
 SELF_INT       0.014         0.000         0.011         0.000         0.196
 SELF_HIG       0.000         0.000         0.000         0.043         0.000
 EDU_UPP        0.005         0.000         0.000         0.003         0.027
 EDU_TER        0.000         0.000         0.000         0.038         0.000
 WEALTH_2       0.000         0.247         0.009         0.000         0.011
 WEALTH_3       0.014         0.000         0.000         0.038         0.000
 ENDOCR_4       0.000         0.129         0.002         0.000         0.000


           Model Estimated Covariances
              SELF_HIG      EDU_UPP       EDU_TER       WEALTH_2      WEALTH_3
              ________      ________      ________      ________      ________
 SELF_HIG       0.237
 EDU_UPP        0.000         0.244
 EDU_TER        0.094         0.000         0.182
 WEALTH_2       0.000         0.012         0.000         0.229
 WEALTH_3       0.058         0.000         0.042         0.000         0.248
 ENDOCR_4       0.000         0.000         0.000         0.003         0.000


           Model Estimated Covariances
              ENDOCR_4
              ________
 ENDOCR_4       0.045


           Residuals for Covariances
              FEMALE        AGE           PAT_INT       PAT_HIG       SELF_INT
              ________      ________      ________      ________      ________
 FEMALE         0.000
 AGE            0.000         0.000
 PAT_INT        0.000         0.000         0.000
 PAT_HIG        0.000         0.000         0.000         0.000
 SELF_INT       0.000         0.000         0.000         0.000         0.000
 SELF_HIG       0.000         0.000         0.000         0.000         0.000
 EDU_UPP        0.000         0.000         0.000         0.000         0.000
 EDU_TER        0.000         0.000         0.000         0.000         0.000
 WEALTH_2       0.000         0.000         0.000         0.000         0.000
 WEALTH_3       0.000         0.000         0.000         0.000         0.000
 ENDOCR_4       0.000         0.000         0.000         0.000         0.000


           Residuals for Covariances
              SELF_HIG      EDU_UPP       EDU_TER       WEALTH_2      WEALTH_3
              ________      ________      ________      ________      ________
 SELF_HIG       0.000
 EDU_UPP        0.000         0.000
 EDU_TER        0.000         0.000         0.000
 WEALTH_2       0.000         0.000         0.000         0.000
 WEALTH_3       0.000         0.000         0.000         0.000         0.000
 ENDOCR_4       0.000         0.000         0.000         0.000         0.000


           Residuals for Covariances
              ENDOCR_4
              ________
 ENDOCR_4       0.000


     UNIVARIATE DISTRIBUTION FIT FOR CLASS 1

     Variable          Observed      Estimated      Residual (Obs.-Est.)    Stand. Residual
     N
       Category 0        0.847          0.847                  0.000                0.006
       Category 1        0.002          0.002                  0.000                0.000
       Category 2        0.036          0.036                  0.000               -0.011
       Category 3        0.044          0.044                  0.000                0.001
       Category 4        0.037          0.037                  0.000               -0.009
       Category 5        0.032          0.032                  0.000                0.007
       Category 6        0.002          0.002                  0.000                0.000


     UNIVARIATE DISTRIBUTION FIT FOR CLASS 2

     Variable          Observed      Estimated      Residual (Obs.-Est.)    Stand. Residual
     N
       Category 0        0.009          0.009                  0.000               -0.002
       Category 1        0.937          0.937                  0.000                0.002
       Category 2        0.005          0.005                  0.000                0.000
       Category 3        0.002          0.002                  0.000                0.001
       Category 4        0.028          0.028                  0.000               -0.002
       Category 5        0.016          0.016                  0.000                0.000
       Category 6        0.004          0.004                  0.000                0.001


     UNIVARIATE DISTRIBUTION FIT FOR CLASS 3

     Variable          Observed      Estimated      Residual (Obs.-Est.)    Stand. Residual
     N
       Category 0        0.021          0.021                  0.000               -0.010
       Category 1        0.001          0.001                  0.000                0.000
       Category 2        0.843          0.843                  0.000               -0.001
       Category 3        0.005          0.005                  0.000                0.006
       Category 4        0.062          0.062                  0.000               -0.001
       Category 5        0.028          0.028                  0.000                0.005
       Category 6        0.040          0.040                  0.000                0.005


     UNIVARIATE DISTRIBUTION FIT FOR CLASS 4

     Variable          Observed      Estimated      Residual (Obs.-Est.)    Stand. Residual
     N
       Category 0        0.076          0.076                  0.000               -0.003
       Category 1        0.001          0.001                  0.000                0.000
       Category 2        0.016          0.017                  0.000               -0.014
       Category 3        0.855          0.855                  0.000                0.003
       Category 4        0.002          0.002                  0.000               -0.003
       Category 5        0.005          0.005                  0.000                0.008
       Category 6        0.045          0.045                  0.000                0.004


     UNIVARIATE DISTRIBUTION FIT FOR CLASS 5

     Variable          Observed      Estimated      Residual (Obs.-Est.)    Stand. Residual
     N
       Category 0        0.003          0.003                  0.000               -0.008
       Category 1        0.004          0.004                  0.000                0.000
       Category 2        0.048          0.048                  0.000               -0.002
       Category 3        0.000          0.000                  0.000                0.002
       Category 4        0.890          0.890                  0.000               -0.010
       Category 5        0.039          0.039                  0.000                0.017
       Category 6        0.015          0.015                  0.000                0.007


     UNIVARIATE DISTRIBUTION FIT FOR CLASS 6

     Variable          Observed      Estimated      Residual (Obs.-Est.)    Stand. Residual
     N
       Category 0        0.025          0.025                  0.000               -0.003
       Category 1        0.004          0.004                  0.000                0.000
       Category 2        0.050          0.050                  0.000               -0.003
       Category 3        0.006          0.006                  0.000                0.002
       Category 4        0.075          0.075                  0.000               -0.005
       Category 5        0.814          0.814                  0.000                0.005
       Category 6        0.026          0.026                  0.000                0.001


     UNIVARIATE DISTRIBUTION FIT FOR CLASS 7

     Variable          Observed      Estimated      Residual (Obs.-Est.)    Stand. Residual
     N
       Category 0        0.002          0.002                  0.000                0.000
       Category 1        0.001          0.001                  0.000                0.000
       Category 2        0.054          0.054                  0.000               -0.009
       Category 3        0.026          0.026                  0.000                0.001
       Category 4        0.036          0.036                  0.000               -0.007
       Category 5        0.024          0.024                  0.000                0.003
       Category 6        0.857          0.857                  0.000                0.007


     UNIVARIATE DISTRIBUTION FIT FOR CLASS 1

     Variable          Observed      Estimated      Residual (Obs.-Est.)    Stand. Residual
     ENDOCR
       Category 1        0.901          0.901                  0.000                0.000
       Category 2        0.099          0.099                  0.000                0.000


     UNIVARIATE DISTRIBUTION FIT FOR CLASS 2

     Variable          Observed      Estimated      Residual (Obs.-Est.)    Stand. Residual
     ENDOCR
       Category 1        0.859          0.859                  0.000                0.000
       Category 2        0.141          0.141                  0.000                0.000


     UNIVARIATE DISTRIBUTION FIT FOR CLASS 3

     Variable          Observed      Estimated      Residual (Obs.-Est.)    Stand. Residual
     ENDOCR
       Category 1        0.837          0.837                  0.000               -0.002
       Category 2        0.163          0.163                  0.000                0.002


     UNIVARIATE DISTRIBUTION FIT FOR CLASS 4

     Variable          Observed      Estimated      Residual (Obs.-Est.)    Stand. Residual
     ENDOCR
       Category 1        0.947          0.947                  0.000                0.000
       Category 2        0.053          0.053                  0.000                0.000


     UNIVARIATE DISTRIBUTION FIT FOR CLASS 5

     Variable          Observed      Estimated      Residual (Obs.-Est.)    Stand. Residual
     ENDOCR
       Category 1        0.764          0.764                  0.000               -0.002
       Category 2        0.236          0.236                  0.000                0.002


     UNIVARIATE DISTRIBUTION FIT FOR CLASS 6

     Variable          Observed      Estimated      Residual (Obs.-Est.)    Stand. Residual
     ENDOCR
       Category 1        0.856          0.856                  0.000               -0.001
       Category 2        0.144          0.144                  0.000                0.001


     UNIVARIATE DISTRIBUTION FIT FOR CLASS 7

     Variable          Observed      Estimated      Residual (Obs.-Est.)    Stand. Residual
     ENDOCR
       Category 1        0.917          0.917                  0.000                0.000
       Category 2        0.083          0.083                  0.000                0.000


     Beginning Time:  17:37:10
        Ending Time:  17:37:11
       Elapsed Time:  00:00:01



MUTHEN & MUTHEN
3463 Stoner Ave.
Los Angeles, CA  90066

Tel: (310) 391-9971
Fax: (310) 391-8971
Web: www.StatModel.com
Support: Support@StatModel.com

Copyright (c) 1998-2020 Muthen & Muthen
