Mplus VERSION 8.5 (Mac)
MUTHEN & MUTHEN
06/18/2023  10:20 AM

INPUT INSTRUCTIONS

  TITLE:
  Step3 - 3step LSAY - Lab9
  DATA:
  FILE = "./Step1_MPlus_Outcomes.dat";

  VARIABLE:
  NAMES = W4_SMOKE W5_SMOKE W6_SMOKE W7_SMOKE W8_SMOKE W4_DRINK W5_DRINK W6_DRINK
       W7_DRINK W8_DRINK W4_PA W5_PA W6_PA W7_PA W8_PA W4_FV W5_FV W6_FV W7_FV W8_FV
       FEMALE AGE PAT_INT PAT_HIG SELF_INT SELF_HIG EDU_UPP EDU_TER WEALTH_2 WEALTH_3
       EYE_4 CIRCUL_4 ENDOCR_4 MUSCUL_4 RESPIR_4 NEOPLA_4 NERVOU_4 MENTAL_4 MULTI_4
       CMULTI_4 LUNCAN_4 EYE CIRCUL ENDOCR MUSCUL RESPIR NEOPLA NERVOU MENTAL MULTI
       CMULTI LUNCAN CPROB1 CPROB2 CPROB3 CPROB4 CPROB5 CPROB6 N WEIGHTS;
   MISSING=.;
   nominal=N;
    usevar = n;
    USEOBSERVATIONS = Female NE -99 AND Age NE -99 AND
    Pat_Int NE -99 AND
  Pat_Hig NE -99 AND Self_Int NE -99 AND
  Self_Hig NE -99 AND Edu_Upp NE -99 AND
  Edu_Ter NE -99 AND
  Wealth_2 NE -99 AND Wealth_3 NE -99;
    missing are all (-99);
    classes = c(6);
    CATEGORICAL = CIRCUL;
    usevar =  Female Age
     Pat_Int Pat_Hig Self_Int Self_Hig Edu_Upp
     Edu_Ter Wealth_2 Wealth_3 CIRCUL CIRCUL_4;
    WEIGHT  = Weights;
  ANALYSIS:
  estimator = mlr;
    type = mixture;
    starts = 0;
    ITERATIONS = 1000;
  MODEL:
  %OVERALL%
  CIRCUL ON Female Age
     Pat_Int Pat_Hig Self_Int Self_Hig Edu_Upp
     Edu_Ter Wealth_2 Wealth_3 CIRCUL_4;         ! covariate as predictor of distal


      %C#1%
      [n#1@5.933];
      [n#2@2.649];
      [n#3@-0.663];
      [n#4@2.911];
      [n#5@2.726];

    [CIRCUL$1](m1);

     %C#2%
    [n#1@-0.217];
    [n#2@3.291];
    [n#3@-3.355];
    [n#4@-1.244];
    [n#5@0.642];

    [CIRCUL$1](m2);


    %C#3%
   [n#1@-3.076];
    [n#2@-2.195];
    [n#3@3.177];
    [n#4@-1.41];
    [n#5@-1.438];


    [CIRCUL$1](m3);


     %C#4%
    [n#1@0.91];
    [n#2@-0.302];
    [n#3@-1.58];
    [n#4@3.583];
    [n#5@0.671];


    [CIRCUL$1](m4);



     %C#5%
    [n#1@-1.643];
    [n#2@-0.771];
    [n#3@-3.599];
    [n#4@-1.41];
    [n#5@2.36];


    [CIRCUL$1](m5);


      %C#6%
    [n#1@-5.926];
    [n#2@-3.66];
    [n#3@-5.427];
    [n#4@-4.506];
    [n#5@-2.354];

      [CIRCUL$1](m6);
  MODEL CONSTRAINT:
  New (diff12 diff13 diff23 diff14
    diff24 diff34 diff15 diff16 diff25
    diff26 diff35 diff36 diff45
    diff46 diff56);
    diff12 = m1-m2;  ! test pairwise distal mean differences
    diff13 = m1-m3;
    diff23 = m2-m3;
    diff14 = m1-m4;
    diff24 = m2-m4;
    diff34 = m3-m4;
    diff15 = m1-m5;
    diff16 = m1-m6;
    diff25 = m2-m5;
    diff26 = m2-m6;
    diff35 = m3-m5;
    diff36 = m3-m6;
    diff45 = m4-m5;
    diff46 = m4-m6;
    diff56 = m5-m6;


  MODEL TEST:
   0=m1-m2;
     0=m2-m3;
     0=m3-m4; ! omnibus test of distal thresholds
     0=m4-m5;
     0=m5-m6;
  OUTPUT:
  sampstat residual TECH11 TECH14;



*** WARNING
  One or more observations has a value of 0 for the WEIGHT variable.
*** WARNING in OUTPUT command
  TECH11 option is not available in conjunction with nonlinear constraints
  through the use of MODEL CONSTRAINT.  Request for TECH11 is ignored.
*** WARNING in OUTPUT command
  TECH14 option is not available for TYPE=MIXTURE with weights.
  Request for TECH14 is ignored.
   3 WARNING(S) FOUND IN THE INPUT INSTRUCTIONS




Step3 - 3step LSAY - Lab9

SUMMARY OF ANALYSIS

Number of groups                                                 1
Number of observations                                        4759

Number of dependent variables                                    2
Number of independent variables                                 11
Number of continuous latent variables                            0
Number of categorical latent variables                           1

Observed dependent variables

  Binary and ordered categorical (ordinal)
   CIRCUL

  Unordered categorical (nominal)
   N

Observed independent variables
   FEMALE      AGE         PAT_INT     PAT_HIG     SELF_INT    SELF_HIG
   EDU_UPP     EDU_TER     WEALTH_2    WEALTH_3    CIRCUL_4

Categorical latent variables
   C

Variables with special functions

  Weight variable       WEIGHTS

Estimator                                                      MLR
Information matrix                                        OBSERVED
Optimization Specifications for the Quasi-Newton Algorithm for
Continuous Outcomes
  Maximum number of iterations                                1000
  Convergence criterion                                  0.100D-05
Optimization Specifications for the EM Algorithm
  Maximum number of iterations                                 500
  Convergence criteria
    Loglikelihood change                                 0.100D-06
    Relative loglikelihood change                        0.100D-06
    Derivative                                           0.100D-05
Optimization Specifications for the M step of the EM Algorithm for
Categorical Latent variables
  Number of M step iterations                                    1
  M step convergence criterion                           0.100D-05
  Basis for M step termination                           ITERATION
Optimization Specifications for the M step of the EM Algorithm for
Censored, Binary or Ordered Categorical (Ordinal), Unordered
Categorical (Nominal) and Count Outcomes
  Number of M step iterations                                    1
  M step convergence criterion                           0.100D-05
  Basis for M step termination                           ITERATION
  Maximum value for logit thresholds                            15
  Minimum value for logit thresholds                           -15
  Minimum expected cell size for chi-square              0.100D-01
Maximum number of iterations for H1                           2000
Convergence criterion for H1                             0.100D-03
Optimization algorithm                                         EMA
Link                                                         LOGIT

Input data file(s)
  ./Step1_MPlus_Outcomes.dat
Input data format  FREE


SUMMARY OF DATA

     Number of missing data patterns             1
     Number of y missing data patterns           0
     Number of u missing data patterns           1


COVARIANCE COVERAGE OF DATA

Minimum covariance coverage value   0.100


UNIVARIATE PROPORTIONS AND COUNTS FOR CATEGORICAL VARIABLES

    CIRCUL
      Category 1    0.482         2293.194
      Category 2    0.518         2465.806
    N
      Category 1    0.147          697.582
      Category 2    0.174          827.032
      Category 3    0.106          502.877
      Category 4    0.117          555.467
      Category 5    0.229         1088.631
      Category 6    0.228         1087.412


SAMPLE STATISTICS


     SAMPLE STATISTICS


           Means
              FEMALE        AGE           PAT_INT       PAT_HIG       SELF_INT
              ________      ________      ________      ________      ________
                0.535        63.591         0.333         0.376         0.251


           Means
              SELF_HIG      EDU_UPP       EDU_TER       WEALTH_2      WEALTH_3
              ________      ________      ________      ________      ________
                0.346         0.569         0.169         0.340         0.357


           Means
              CIRCUL_4
              ________
                0.405


           Covariances
              FEMALE        AGE           PAT_INT       PAT_HIG       SELF_INT
              ________      ________      ________      ________      ________
 FEMALE         0.249
 AGE            0.260        65.135
 PAT_INT       -0.011        -0.029         0.222
 PAT_HIG        0.009        -0.156        -0.125         0.235
 SELF_INT       0.023         0.023         0.000         0.006         0.188
 SELF_HIG      -0.034        -0.445        -0.010         0.046        -0.087
 EDU_UPP       -0.004        -0.330         0.002         0.010         0.026
 EDU_TER       -0.023        -0.406        -0.014         0.037        -0.015
 WEALTH_2       0.001        -0.008         0.010        -0.009         0.005
 WEALTH_3      -0.011        -0.230        -0.018         0.057         0.013
 CIRCUL_4       0.002         1.027        -0.002        -0.011        -0.007


           Covariances
              SELF_HIG      EDU_UPP       EDU_TER       WEALTH_2      WEALTH_3
              ________      ________      ________      ________      ________
 SELF_HIG       0.226
 EDU_UPP       -0.008         0.245
 EDU_TER        0.071        -0.096         0.140
 WEALTH_2      -0.010         0.017        -0.012         0.225
 WEALTH_3       0.059         0.002         0.045        -0.121         0.229
 CIRCUL_4      -0.013        -0.001        -0.012         0.000        -0.025


           Covariances
              CIRCUL_4
              ________
 CIRCUL_4       0.241


           Correlations
              FEMALE        AGE           PAT_INT       PAT_HIG       SELF_INT
              ________      ________      ________      ________      ________
 FEMALE         1.000
 AGE            0.065         1.000
 PAT_INT       -0.045        -0.008         1.000
 PAT_HIG        0.039        -0.040        -0.549         1.000
 SELF_INT       0.107         0.007         0.001         0.030         1.000
 SELF_HIG      -0.144        -0.116        -0.044         0.199        -0.421
 EDU_UPP       -0.017        -0.082         0.010         0.041         0.120
 EDU_TER       -0.124        -0.134        -0.080         0.205        -0.094
 WEALTH_2       0.005        -0.002         0.045        -0.041         0.023
 WEALTH_3      -0.047        -0.060        -0.078         0.244         0.063
 CIRCUL_4       0.008         0.259        -0.007        -0.045        -0.033


           Correlations
              SELF_HIG      EDU_UPP       EDU_TER       WEALTH_2      WEALTH_3
              ________      ________      ________      ________      ________
 SELF_HIG       1.000
 EDU_UPP       -0.034         1.000
 EDU_TER        0.398        -0.517         1.000
 WEALTH_2      -0.045         0.073        -0.069         1.000
 WEALTH_3       0.257         0.008         0.251        -0.535         1.000
 CIRCUL_4      -0.057        -0.006        -0.067        -0.001        -0.106


           Correlations
              CIRCUL_4
              ________
 CIRCUL_4       1.000


UNIVARIATE SAMPLE STATISTICS


     UNIVARIATE HIGHER-ORDER MOMENT DESCRIPTIVE STATISTICS

         Variable/         Mean/     Skewness/   Minimum/ % with                Percentiles
        Sample Size      Variance    Kurtosis    Maximum  Min/Max      20%/60%    40%/80%    Median

     FEMALE                0.535      -0.140       0.000   43.73%       0.000      0.000      1.000
            4759.000       0.249      -1.980       1.000   56.27%       1.000      1.000
     AGE                  63.591       0.606      33.000    0.02%      56.000     60.000     62.000
            4759.000      65.135      -0.424      99.000    0.02%      64.000     71.000
     PAT_INT               0.333       0.709       0.000   67.85%       0.000      0.000      0.000
            4759.000       0.222      -1.498       1.000   32.15%       0.000      1.000
     PAT_HIG               0.376       0.512       0.000   59.45%       0.000      0.000      0.000
            4759.000       0.235      -1.738       1.000   40.55%       1.000      1.000
     SELF_INT              0.251       1.148       0.000   73.84%       0.000      0.000      0.000
            4759.000       0.188      -0.683       1.000   26.16%       0.000      1.000
     SELF_HIG              0.346       0.648       0.000   60.75%       0.000      0.000      0.000
            4759.000       0.226      -1.580       1.000   39.25%       0.000      1.000
     EDU_UPP               0.569      -0.277       0.000   41.02%       0.000      0.000      1.000
            4759.000       0.245      -1.923       1.000   58.98%       1.000      1.000
     EDU_TER               0.169       1.771       0.000   79.11%       0.000      0.000      0.000
            4759.000       0.140       1.137       1.000   20.89%       0.000      1.000
     WEALTH_2              0.340       0.674       0.000   66.06%       0.000      0.000      0.000
            4759.000       0.225      -1.546       1.000   33.94%       0.000      1.000
     WEALTH_3              0.357       0.599       0.000   60.41%       0.000      0.000      0.000
            4759.000       0.229      -1.641       1.000   39.59%       0.000      1.000
     CIRCUL_4              0.405       0.385       0.000   60.71%       0.000      0.000      0.000
            4759.000       0.241      -1.851       1.000   39.29%       0.000      1.000


THE MODEL ESTIMATION TERMINATED NORMALLY



MODEL FIT INFORMATION

Number of Free Parameters                       22

Loglikelihood

          H0 Value                      -10981.272
          H0 Scaling Correction Factor      1.2535
            for MLR

Information Criteria

          Akaike (AIC)                   22006.545
          Bayesian (BIC)                 22148.836
          Sample-Size Adjusted BIC       22078.928
            (n* = (n + 2) / 24)

Wald Test of Parameter Constraints

          Value                              3.502
          Degrees of Freedom                     5
          P-Value                           0.6230



FINAL CLASS COUNTS AND PROPORTIONS FOR THE LATENT CLASSES
BASED ON THE ESTIMATED MODEL

    Latent
   Classes

       1        704.17031          0.14797
       2        837.58009          0.17600
       3        525.51624          0.11043
       4        566.81196          0.11910
       5       1053.77262          0.22143
       6       1071.14878          0.22508


FINAL CLASS COUNTS AND PROPORTIONS FOR THE LATENT CLASSES
BASED ON ESTIMATED POSTERIOR PROBABILITIES

    Latent
   Classes

       1        704.17031          0.14797
       2        837.58009          0.17600
       3        525.51624          0.11043
       4        566.81196          0.11910
       5       1053.77262          0.22143
       6       1071.14878          0.22508


FINAL CLASS COUNTS AND PROPORTIONS FOR THE LATENT CLASSES
BASED ON THEIR MOST LIKELY LATENT CLASS MEMBERSHIP

Class Counts and Proportions

    Latent
   Classes

       1              698          0.14658
       2              827          0.17378
       3              503          0.10567
       4              555          0.11672
       5             1089          0.22875
       6             1087          0.22850


CLASSIFICATION QUALITY

     Entropy                         0.702


Average Latent Class Probabilities for Most Likely Latent Class Membership (Row)
by Latent Class (Column)

           1        2        3        4        5        6

    1   0.893    0.031    0.001    0.048    0.023    0.004
    2   0.028    0.881    0.003    0.012    0.047    0.029
    3   0.002    0.002    0.978    0.005    0.005    0.008
    4   0.055    0.014    0.009    0.867    0.037    0.019
    5   0.023    0.047    0.004    0.024    0.819    0.082
    6   0.002    0.025    0.019    0.012    0.077    0.865


Classification Probabilities for the Most Likely Latent Class Membership (Column)
by Latent Class (Row)

           1        2        3        4        5        6

    1   0.884    0.033    0.001    0.043    0.036    0.002
    2   0.026    0.870    0.001    0.009    0.062    0.032
    3   0.002    0.004    0.936    0.010    0.009    0.039
    4   0.059    0.017    0.005    0.849    0.046    0.024
    5   0.015    0.037    0.002    0.020    0.846    0.080
    6   0.002    0.023    0.004    0.010    0.083    0.878


Logits for the Classification Probabilities for the Most Likely Latent Class Membership (Column)
by Latent Class (Row)

              1        2        3        4        5        6

    1      5.933    2.649   -0.664    2.911    2.726    0.000
    2     -0.217    3.291   -3.355   -1.244    0.642    0.000
    3     -3.076   -2.195    3.177   -1.410   -1.438    0.000
    4      0.910   -0.302   -1.580    3.583    0.671    0.000
    5     -1.643   -0.771   -3.599   -1.410    2.360    0.000
    6     -5.926   -3.660   -5.427   -4.506   -2.354    0.000


MODEL RESULTS

                                                    Two-Tailed
                    Estimate       S.E.  Est./S.E.    P-Value

Latent Class 1

 CIRCUL     ON
    FEMALE             0.070      0.079      0.890      0.374
    AGE                0.026      0.006      4.680      0.000
    PAT_INT            0.121      0.098      1.241      0.215
    PAT_HIG           -0.083      0.099     -0.836      0.403
    SELF_INT           0.034      0.100      0.344      0.731
    SELF_HIG          -0.119      0.098     -1.205      0.228
    EDU_UPP           -0.123      0.101     -1.225      0.221
    EDU_TER            0.012      0.133      0.092      0.927
    WEALTH_2          -0.149      0.101     -1.470      0.142
    WEALTH_3          -0.169      0.108     -1.566      0.117
    CIRCUL_4           2.128      0.081     26.272      0.000

 Means
    N#1                5.933      0.000    999.000    999.000
    N#2                2.649      0.000    999.000    999.000
    N#3               -0.663      0.000    999.000    999.000
    N#4                2.911      0.000    999.000    999.000
    N#5                2.726      0.000    999.000    999.000

 Thresholds
    CIRCUL$1           2.340      0.394      5.934      0.000

Latent Class 2

 CIRCUL     ON
    FEMALE             0.070      0.079      0.890      0.374
    AGE                0.026      0.006      4.680      0.000
    PAT_INT            0.121      0.098      1.241      0.215
    PAT_HIG           -0.083      0.099     -0.836      0.403
    SELF_INT           0.034      0.100      0.344      0.731
    SELF_HIG          -0.119      0.098     -1.205      0.228
    EDU_UPP           -0.123      0.101     -1.225      0.221
    EDU_TER            0.012      0.133      0.092      0.927
    WEALTH_2          -0.149      0.101     -1.470      0.142
    WEALTH_3          -0.169      0.108     -1.566      0.117
    CIRCUL_4           2.128      0.081     26.272      0.000

 Means
    N#1               -0.217      0.000    999.000    999.000
    N#2                3.291      0.000    999.000    999.000
    N#3               -3.355      0.000    999.000    999.000
    N#4               -1.244      0.000    999.000    999.000
    N#5                0.642      0.000    999.000    999.000

 Thresholds
    CIRCUL$1           2.301      0.389      5.910      0.000

Latent Class 3

 CIRCUL     ON
    FEMALE             0.070      0.079      0.890      0.374
    AGE                0.026      0.006      4.680      0.000
    PAT_INT            0.121      0.098      1.241      0.215
    PAT_HIG           -0.083      0.099     -0.836      0.403
    SELF_INT           0.034      0.100      0.344      0.731
    SELF_HIG          -0.119      0.098     -1.205      0.228
    EDU_UPP           -0.123      0.101     -1.225      0.221
    EDU_TER            0.012      0.133      0.092      0.927
    WEALTH_2          -0.149      0.101     -1.470      0.142
    WEALTH_3          -0.169      0.108     -1.566      0.117
    CIRCUL_4           2.128      0.081     26.272      0.000

 Means
    N#1               -3.076      0.000    999.000    999.000
    N#2               -2.195      0.000    999.000    999.000
    N#3                3.177      0.000    999.000    999.000
    N#4               -1.410      0.000    999.000    999.000
    N#5               -1.438      0.000    999.000    999.000

 Thresholds
    CIRCUL$1           2.082      0.379      5.497      0.000

Latent Class 4

 CIRCUL     ON
    FEMALE             0.070      0.079      0.890      0.374
    AGE                0.026      0.006      4.680      0.000
    PAT_INT            0.121      0.098      1.241      0.215
    PAT_HIG           -0.083      0.099     -0.836      0.403
    SELF_INT           0.034      0.100      0.344      0.731
    SELF_HIG          -0.119      0.098     -1.205      0.228
    EDU_UPP           -0.123      0.101     -1.225      0.221
    EDU_TER            0.012      0.133      0.092      0.927
    WEALTH_2          -0.149      0.101     -1.470      0.142
    WEALTH_3          -0.169      0.108     -1.566      0.117
    CIRCUL_4           2.128      0.081     26.272      0.000

 Means
    N#1                0.910      0.000    999.000    999.000
    N#2               -0.302      0.000    999.000    999.000
    N#3               -1.580      0.000    999.000    999.000
    N#4                3.583      0.000    999.000    999.000
    N#5                0.671      0.000    999.000    999.000

 Thresholds
    CIRCUL$1           2.218      0.395      5.620      0.000

Latent Class 5

 CIRCUL     ON
    FEMALE             0.070      0.079      0.890      0.374
    AGE                0.026      0.006      4.680      0.000
    PAT_INT            0.121      0.098      1.241      0.215
    PAT_HIG           -0.083      0.099     -0.836      0.403
    SELF_INT           0.034      0.100      0.344      0.731
    SELF_HIG          -0.119      0.098     -1.205      0.228
    EDU_UPP           -0.123      0.101     -1.225      0.221
    EDU_TER            0.012      0.133      0.092      0.927
    WEALTH_2          -0.149      0.101     -1.470      0.142
    WEALTH_3          -0.169      0.108     -1.566      0.117
    CIRCUL_4           2.128      0.081     26.272      0.000

 Means
    N#1               -1.643      0.000    999.000    999.000
    N#2               -0.771      0.000    999.000    999.000
    N#3               -3.599      0.000    999.000    999.000
    N#4               -1.410      0.000    999.000    999.000
    N#5                2.360      0.000    999.000    999.000

 Thresholds
    CIRCUL$1           2.229      0.405      5.505      0.000

Latent Class 6

 CIRCUL     ON
    FEMALE             0.070      0.079      0.890      0.374
    AGE                0.026      0.006      4.680      0.000
    PAT_INT            0.121      0.098      1.241      0.215
    PAT_HIG           -0.083      0.099     -0.836      0.403
    SELF_INT           0.034      0.100      0.344      0.731
    SELF_HIG          -0.119      0.098     -1.205      0.228
    EDU_UPP           -0.123      0.101     -1.225      0.221
    EDU_TER            0.012      0.133      0.092      0.927
    WEALTH_2          -0.149      0.101     -1.470      0.142
    WEALTH_3          -0.169      0.108     -1.566      0.117
    CIRCUL_4           2.128      0.081     26.272      0.000

 Means
    N#1               -5.926      0.000    999.000    999.000
    N#2               -3.660      0.000    999.000    999.000
    N#3               -5.427      0.000    999.000    999.000
    N#4               -4.506      0.000    999.000    999.000
    N#5               -2.354      0.000    999.000    999.000

 Thresholds
    CIRCUL$1           2.159      0.404      5.338      0.000

Categorical Latent Variables

 Means
    C#1               -0.419      0.062     -6.795      0.000
    C#2               -0.246      0.061     -4.045      0.000
    C#3               -0.712      0.069    -10.270      0.000
    C#4               -0.636      0.070     -9.080      0.000
    C#5               -0.016      0.065     -0.251      0.802

New/Additional Parameters
    DIFF12             0.039      0.143      0.276      0.783
    DIFF13             0.258      0.163      1.588      0.112
    DIFF23             0.219      0.155      1.413      0.158
    DIFF14             0.122      0.162      0.753      0.452
    DIFF24             0.083      0.152      0.546      0.585
    DIFF34            -0.136      0.171     -0.792      0.428
    DIFF15             0.111      0.150      0.741      0.459
    DIFF16             0.182      0.153      1.187      0.235
    DIFF25             0.072      0.146      0.494      0.622
    DIFF26             0.142      0.147      0.967      0.333
    DIFF35            -0.147      0.160     -0.920      0.358
    DIFF36            -0.077      0.165     -0.463      0.643
    DIFF45            -0.011      0.161     -0.069      0.945
    DIFF46             0.059      0.165      0.359      0.719
    DIFF56             0.070      0.161      0.437      0.662


RESULTS IN PROBABILITY SCALE

                    Estimate

Latent Class 1

 CIRCUL
    Category 1         0.543
    Category 2         0.457

Latent Class 2

 CIRCUL
    Category 1         0.550
    Category 2         0.450

Latent Class 3

 CIRCUL
    Category 1         0.471
    Category 2         0.529

Latent Class 4

 CIRCUL
    Category 1         0.504
    Category 2         0.496

Latent Class 5

 CIRCUL
    Category 1         0.458
    Category 2         0.542

Latent Class 6

 CIRCUL
    Category 1         0.406
    Category 2         0.594


LOGISTIC REGRESSION ODDS RATIO RESULTS

                                                95% C.I.
                    Estimate       S.E.  Lower 2.5% Upper 2.5%

Latent Class 1

 CIRCUL     ON
    FEMALE             1.073      0.085      0.919      1.253
    AGE                1.027      0.006      1.015      1.038
    PAT_INT            1.129      0.111      0.932      1.368
    PAT_HIG            0.921      0.091      0.758      1.118
    SELF_INT           1.035      0.103      0.851      1.259
    SELF_HIG           0.888      0.087      0.732      1.077
    EDU_UPP            0.884      0.089      0.726      1.077
    EDU_TER            1.012      0.134      0.780      1.313
    WEALTH_2           0.862      0.087      0.707      1.051
    WEALTH_3           0.845      0.091      0.684      1.043
    CIRCUL_4           8.397      0.680      7.165      9.842

Latent Class 2

 CIRCUL     ON
    FEMALE             1.073      0.085      0.919      1.253
    AGE                1.027      0.006      1.015      1.038
    PAT_INT            1.129      0.111      0.932      1.368
    PAT_HIG            0.921      0.091      0.758      1.118
    SELF_INT           1.035      0.103      0.851      1.259
    SELF_HIG           0.888      0.087      0.732      1.077
    EDU_UPP            0.884      0.089      0.726      1.077
    EDU_TER            1.012      0.134      0.780      1.313
    WEALTH_2           0.862      0.087      0.707      1.051
    WEALTH_3           0.845      0.091      0.684      1.043
    CIRCUL_4           8.397      0.680      7.165      9.842

Latent Class 3

 CIRCUL     ON
    FEMALE             1.073      0.085      0.919      1.253
    AGE                1.027      0.006      1.015      1.038
    PAT_INT            1.129      0.111      0.932      1.368
    PAT_HIG            0.921      0.091      0.758      1.118
    SELF_INT           1.035      0.103      0.851      1.259
    SELF_HIG           0.888      0.087      0.732      1.077
    EDU_UPP            0.884      0.089      0.726      1.077
    EDU_TER            1.012      0.134      0.780      1.313
    WEALTH_2           0.862      0.087      0.707      1.051
    WEALTH_3           0.845      0.091      0.684      1.043
    CIRCUL_4           8.397      0.680      7.165      9.842

Latent Class 4

 CIRCUL     ON
    FEMALE             1.073      0.085      0.919      1.253
    AGE                1.027      0.006      1.015      1.038
    PAT_INT            1.129      0.111      0.932      1.368
    PAT_HIG            0.921      0.091      0.758      1.118
    SELF_INT           1.035      0.103      0.851      1.259
    SELF_HIG           0.888      0.087      0.732      1.077
    EDU_UPP            0.884      0.089      0.726      1.077
    EDU_TER            1.012      0.134      0.780      1.313
    WEALTH_2           0.862      0.087      0.707      1.051
    WEALTH_3           0.845      0.091      0.684      1.043
    CIRCUL_4           8.397      0.680      7.165      9.842

Latent Class 5

 CIRCUL     ON
    FEMALE             1.073      0.085      0.919      1.253
    AGE                1.027      0.006      1.015      1.038
    PAT_INT            1.129      0.111      0.932      1.368
    PAT_HIG            0.921      0.091      0.758      1.118
    SELF_INT           1.035      0.103      0.851      1.259
    SELF_HIG           0.888      0.087      0.732      1.077
    EDU_UPP            0.884      0.089      0.726      1.077
    EDU_TER            1.012      0.134      0.780      1.313
    WEALTH_2           0.862      0.087      0.707      1.051
    WEALTH_3           0.845      0.091      0.684      1.043
    CIRCUL_4           8.397      0.680      7.165      9.842

Latent Class 6

 CIRCUL     ON
    FEMALE             1.073      0.085      0.919      1.253
    AGE                1.027      0.006      1.015      1.038
    PAT_INT            1.129      0.111      0.932      1.368
    PAT_HIG            0.921      0.091      0.758      1.118
    SELF_INT           1.035      0.103      0.851      1.259
    SELF_HIG           0.888      0.087      0.732      1.077
    EDU_UPP            0.884      0.089      0.726      1.077
    EDU_TER            1.012      0.134      0.780      1.313
    WEALTH_2           0.862      0.087      0.707      1.051
    WEALTH_3           0.845      0.091      0.684      1.043
    CIRCUL_4           8.397      0.680      7.165      9.842


QUALITY OF NUMERICAL RESULTS

     Condition Number for the Information Matrix              0.213E-06
       (ratio of smallest to largest eigenvalue)


RESIDUAL OUTPUT


     ESTIMATED MODEL AND RESIDUALS (OBSERVED - ESTIMATED) FOR CLASS 1


           Model Estimated Means
              FEMALE        AGE           PAT_INT       PAT_HIG       SELF_INT
              ________      ________      ________      ________      ________
                0.382        62.159         0.303         0.470         0.246


           Model Estimated Means
              SELF_HIG      EDU_UPP       EDU_TER       WEALTH_2      WEALTH_3
              ________      ________      ________      ________      ________
                0.490         0.566         0.286         0.300         0.552


           Model Estimated Means
              CIRCUL_4
              ________
                0.361


           Residuals for Means
              FEMALE        AGE           PAT_INT       PAT_HIG       SELF_INT
              ________      ________      ________      ________      ________
                0.000         0.000         0.000         0.000         0.000


           Residuals for Means
              SELF_HIG      EDU_UPP       EDU_TER       WEALTH_2      WEALTH_3
              ________      ________      ________      ________      ________
                0.000         0.000         0.000         0.000         0.000


           Residuals for Means
              CIRCUL_4
              ________
                0.000


           Model Estimated Covariances
              FEMALE        AGE           PAT_INT       PAT_HIG       SELF_INT
              ________      ________      ________      ________      ________
 FEMALE         0.236
 AGE            0.023        51.416
 PAT_INT        0.000         0.000         0.211
 PAT_HIG        0.029         0.063         0.000         0.249
 SELF_INT       0.021         0.064         0.000         0.000         0.185
 SELF_HIG       0.000         0.000         0.000         0.041         0.000
 EDU_UPP        0.008         0.000         0.017         0.000         0.027
 EDU_TER        0.000         0.000         0.000         0.043         0.000
 WEALTH_2       0.000         0.000         0.009         0.000         0.006
 WEALTH_3       0.013         0.096         0.000         0.060         0.000
 CIRCUL_4       0.003         0.812         0.000         0.000         0.004


           Model Estimated Covariances
              SELF_HIG      EDU_UPP       EDU_TER       WEALTH_2      WEALTH_3
              ________      ________      ________      ________      ________
 SELF_HIG       0.250
 EDU_UPP        0.000         0.246
 EDU_TER        0.091         0.000         0.204
 WEALTH_2       0.000         0.023         0.000         0.210
 WEALTH_3       0.071         0.000         0.067         0.000         0.247
 CIRCUL_4       0.000         0.011         0.000         0.014         0.000


           Model Estimated Covariances
              CIRCUL_4
              ________
 CIRCUL_4       0.231


           Residuals for Covariances
              FEMALE        AGE           PAT_INT       PAT_HIG       SELF_INT
              ________      ________      ________      ________      ________
 FEMALE         0.000
 AGE            0.000         0.000
 PAT_INT        0.000         0.000         0.000
 PAT_HIG        0.000         0.000         0.000         0.000
 SELF_INT       0.000         0.000         0.000         0.000         0.000
 SELF_HIG       0.000         0.000         0.000         0.000         0.000
 EDU_UPP        0.000         0.000         0.000         0.000         0.000
 EDU_TER        0.000         0.000         0.000         0.000         0.000
 WEALTH_2       0.000         0.000         0.000         0.000         0.000
 WEALTH_3       0.000         0.000         0.000         0.000         0.000
 CIRCUL_4       0.000         0.000         0.000         0.000         0.000


           Residuals for Covariances
              SELF_HIG      EDU_UPP       EDU_TER       WEALTH_2      WEALTH_3
              ________      ________      ________      ________      ________
 SELF_HIG       0.000
 EDU_UPP        0.000         0.000
 EDU_TER        0.000         0.000         0.000
 WEALTH_2       0.000         0.000         0.000         0.000
 WEALTH_3       0.000         0.000         0.000         0.000         0.000
 CIRCUL_4       0.000         0.000         0.000         0.000         0.000


           Residuals for Covariances
              CIRCUL_4
              ________
 CIRCUL_4       0.000


     ESTIMATED MODEL AND RESIDUALS (OBSERVED - ESTIMATED) FOR CLASS 2


           Model Estimated Means
              FEMALE        AGE           PAT_INT       PAT_HIG       SELF_INT
              ________      ________      ________      ________      ________
                0.539        62.218         0.341         0.405         0.284


           Model Estimated Means
              SELF_HIG      EDU_UPP       EDU_TER       WEALTH_2      WEALTH_3
              ________      ________      ________      ________      ________
                0.382         0.587         0.224         0.361         0.456


           Model Estimated Means
              CIRCUL_4
              ________
                0.316


           Residuals for Means
              FEMALE        AGE           PAT_INT       PAT_HIG       SELF_INT
              ________      ________      ________      ________      ________
                0.000         0.000         0.000         0.000         0.000


           Residuals for Means
              SELF_HIG      EDU_UPP       EDU_TER       WEALTH_2      WEALTH_3
              ________      ________      ________      ________      ________
                0.000         0.000         0.000         0.000         0.000


           Residuals for Means
              CIRCUL_4
              ________
                0.000


           Model Estimated Covariances
              FEMALE        AGE           PAT_INT       PAT_HIG       SELF_INT
              ________      ________      ________      ________      ________
 FEMALE         0.248
 AGE            0.000        49.100
 PAT_INT        0.000         0.060         0.225
 PAT_HIG        0.021         0.000         0.000         0.241
 SELF_INT       0.018         0.022         0.006         0.000         0.203
 SELF_HIG       0.000         0.000         0.000         0.038         0.000
 EDU_UPP        0.002         0.000         0.000         0.005         0.032
 EDU_TER        0.000         0.000         0.000         0.036         0.000
 WEALTH_2       0.000         0.215         0.014         0.000         0.005
 WEALTH_3       0.009         0.000         0.000         0.043         0.005
 CIRCUL_4       0.000         0.668         0.001         0.000         0.000


           Model Estimated Covariances
              SELF_HIG      EDU_UPP       EDU_TER       WEALTH_2      WEALTH_3
              ________      ________      ________      ________      ________
 SELF_HIG       0.236
 EDU_UPP        0.000         0.242
 EDU_TER        0.090         0.000         0.174
 WEALTH_2       0.000         0.006         0.000         0.231
 WEALTH_3       0.052         0.000         0.036         0.000         0.248
 CIRCUL_4       0.000         0.006         0.000         0.003         0.000


           Model Estimated Covariances
              CIRCUL_4
              ________
 CIRCUL_4       0.216


           Residuals for Covariances
              FEMALE        AGE           PAT_INT       PAT_HIG       SELF_INT
              ________      ________      ________      ________      ________
 FEMALE         0.000
 AGE            0.000         0.000
 PAT_INT        0.000         0.000         0.000
 PAT_HIG        0.000         0.000         0.000         0.000
 SELF_INT       0.000         0.000         0.000         0.000         0.000
 SELF_HIG       0.000         0.000         0.000         0.000         0.000
 EDU_UPP        0.000         0.000         0.000         0.000         0.000
 EDU_TER        0.000         0.000         0.000         0.000         0.000
 WEALTH_2       0.000         0.000         0.000         0.000         0.000
 WEALTH_3       0.000         0.000         0.000         0.000         0.000
 CIRCUL_4       0.000         0.000         0.000         0.000         0.000


           Residuals for Covariances
              SELF_HIG      EDU_UPP       EDU_TER       WEALTH_2      WEALTH_3
              ________      ________      ________      ________      ________
 SELF_HIG       0.000
 EDU_UPP        0.000         0.000
 EDU_TER        0.000         0.000         0.000
 WEALTH_2       0.000         0.000         0.000         0.000
 WEALTH_3       0.000         0.000         0.000         0.000         0.000
 CIRCUL_4       0.000         0.000         0.000         0.000         0.000


           Residuals for Covariances
              CIRCUL_4
              ________
 CIRCUL_4       0.000


     ESTIMATED MODEL AND RESIDUALS (OBSERVED - ESTIMATED) FOR CLASS 3


           Model Estimated Means
              FEMALE        AGE           PAT_INT       PAT_HIG       SELF_INT
              ________      ________      ________      ________      ________
                0.553        60.917         0.402         0.244         0.220


           Model Estimated Means
              SELF_HIG      EDU_UPP       EDU_TER       WEALTH_2      WEALTH_3
              ________      ________      ________      ________      ________
                0.254         0.518         0.092         0.300         0.207


           Model Estimated Means
              CIRCUL_4
              ________
                0.370


           Residuals for Means
              FEMALE        AGE           PAT_INT       PAT_HIG       SELF_INT
              ________      ________      ________      ________      ________
                0.000         0.000         0.000         0.000         0.000


           Residuals for Means
              SELF_HIG      EDU_UPP       EDU_TER       WEALTH_2      WEALTH_3
              ________      ________      ________      ________      ________
                0.000         0.000         0.000         0.000         0.000


           Residuals for Means
              CIRCUL_4
              ________
                0.000


           Model Estimated Covariances
              FEMALE        AGE           PAT_INT       PAT_HIG       SELF_INT
              ________      ________      ________      ________      ________
 FEMALE         0.247
 AGE            0.224        49.681
 PAT_INT        0.010         0.024         0.240
 PAT_HIG        0.000         0.004         0.000         0.184
 SELF_INT       0.017         0.036         0.007         0.004         0.171
 SELF_HIG       0.000         0.000         0.002         0.029         0.000
 EDU_UPP        0.000         0.000         0.010         0.016         0.012
 EDU_TER        0.000         0.000         0.000         0.022         0.000
 WEALTH_2       0.014         0.000         0.014         0.000         0.012
 WEALTH_3       0.000         0.000         0.000         0.044         0.007
 CIRCUL_4       0.000         0.836         0.000         0.000         0.000


           Model Estimated Covariances
              SELF_HIG      EDU_UPP       EDU_TER       WEALTH_2      WEALTH_3
              ________      ________      ________      ________      ________
 SELF_HIG       0.189
 EDU_UPP        0.033         0.250
 EDU_TER        0.037         0.000         0.084
 WEALTH_2       0.000         0.009         0.000         0.210
 WEALTH_3       0.048         0.007         0.032         0.000         0.164
 CIRCUL_4       0.000         0.002         0.000         0.000         0.000


           Model Estimated Covariances
              CIRCUL_4
              ________
 CIRCUL_4       0.233


           Residuals for Covariances
              FEMALE        AGE           PAT_INT       PAT_HIG       SELF_INT
              ________      ________      ________      ________      ________
 FEMALE         0.000
 AGE            0.000         0.000
 PAT_INT        0.000         0.000         0.000
 PAT_HIG        0.000         0.000         0.000         0.000
 SELF_INT       0.000         0.000         0.000         0.000         0.000
 SELF_HIG       0.000         0.000         0.000         0.000         0.000
 EDU_UPP        0.000         0.000         0.000         0.000         0.000
 EDU_TER        0.000         0.000         0.000         0.000         0.000
 WEALTH_2       0.000         0.000         0.000         0.000         0.000
 WEALTH_3       0.000         0.000         0.000         0.000         0.000
 CIRCUL_4       0.000         0.000         0.000         0.000         0.000


           Residuals for Covariances
              SELF_HIG      EDU_UPP       EDU_TER       WEALTH_2      WEALTH_3
              ________      ________      ________      ________      ________
 SELF_HIG       0.000
 EDU_UPP        0.000         0.000
 EDU_TER        0.000         0.000         0.000
 WEALTH_2       0.000         0.000         0.000         0.000
 WEALTH_3       0.000         0.000         0.000         0.000         0.000
 CIRCUL_4       0.000         0.000         0.000         0.000         0.000


           Residuals for Covariances
              CIRCUL_4
              ________
 CIRCUL_4       0.000


     ESTIMATED MODEL AND RESIDUALS (OBSERVED - ESTIMATED) FOR CLASS 4


           Model Estimated Means
              FEMALE        AGE           PAT_INT       PAT_HIG       SELF_INT
              ________      ________      ________      ________      ________
                0.323        62.480         0.298         0.445         0.235


           Model Estimated Means
              SELF_HIG      EDU_UPP       EDU_TER       WEALTH_2      WEALTH_3
              ________      ________      ________      ________      ________
                0.450         0.588         0.243         0.329         0.425


           Model Estimated Means
              CIRCUL_4
              ________
                0.388


           Residuals for Means
              FEMALE        AGE           PAT_INT       PAT_HIG       SELF_INT
              ________      ________      ________      ________      ________
                0.000         0.000         0.000         0.000         0.000


           Residuals for Means
              SELF_HIG      EDU_UPP       EDU_TER       WEALTH_2      WEALTH_3
              ________      ________      ________      ________      ________
                0.000         0.000         0.000         0.000         0.000


           Residuals for Means
              CIRCUL_4
              ________
                0.000


           Model Estimated Covariances
              FEMALE        AGE           PAT_INT       PAT_HIG       SELF_INT
              ________      ________      ________      ________      ________
 FEMALE         0.219
 AGE            0.177        56.273
 PAT_INT        0.000         0.067         0.209
 PAT_HIG        0.007         0.000         0.000         0.247
 SELF_INT       0.039         0.000         0.005         0.003         0.180
 SELF_HIG       0.000         0.000         0.000         0.065         0.000
 EDU_UPP        0.006         0.000         0.010         0.000         0.017
 EDU_TER        0.000         0.000         0.000         0.048         0.000
 WEALTH_2       0.000         0.000         0.002         0.000         0.001
 WEALTH_3       0.000         0.000         0.000         0.067         0.001
 CIRCUL_4       0.000         1.055         0.000         0.000         0.000


           Model Estimated Covariances
              SELF_HIG      EDU_UPP       EDU_TER       WEALTH_2      WEALTH_3
              ________      ________      ________      ________      ________
 SELF_HIG       0.247
 EDU_UPP        0.000         0.242
 EDU_TER        0.084         0.000         0.184
 WEALTH_2       0.000         0.022         0.000         0.221
 WEALTH_3       0.061         0.000         0.051         0.000         0.244
 CIRCUL_4       0.000         0.000         0.000         0.004         0.000


           Model Estimated Covariances
              CIRCUL_4
              ________
 CIRCUL_4       0.237


           Residuals for Covariances
              FEMALE        AGE           PAT_INT       PAT_HIG       SELF_INT
              ________      ________      ________      ________      ________
 FEMALE         0.000
 AGE            0.000         0.000
 PAT_INT        0.000         0.000         0.000
 PAT_HIG        0.000         0.000         0.000         0.000
 SELF_INT       0.000         0.000         0.000         0.000         0.000
 SELF_HIG       0.000         0.000         0.000         0.000         0.000
 EDU_UPP        0.000         0.000         0.000         0.000         0.000
 EDU_TER        0.000         0.000         0.000         0.000         0.000
 WEALTH_2       0.000         0.000         0.000         0.000         0.000
 WEALTH_3       0.000         0.000         0.000         0.000         0.000
 CIRCUL_4       0.000         0.000         0.000         0.000         0.000


           Residuals for Covariances
              SELF_HIG      EDU_UPP       EDU_TER       WEALTH_2      WEALTH_3
              ________      ________      ________      ________      ________
 SELF_HIG       0.000
 EDU_UPP        0.000         0.000
 EDU_TER        0.000         0.000         0.000
 WEALTH_2       0.000         0.000         0.000         0.000
 WEALTH_3       0.000         0.000         0.000         0.000         0.000
 CIRCUL_4       0.000         0.000         0.000         0.000         0.000


           Residuals for Covariances
              CIRCUL_4
              ________
 CIRCUL_4       0.000


     ESTIMATED MODEL AND RESIDUALS (OBSERVED - ESTIMATED) FOR CLASS 5


           Model Estimated Means
              FEMALE        AGE           PAT_INT       PAT_HIG       SELF_INT
              ________      ________      ________      ________      ________
                0.585        65.214         0.317         0.386         0.265


           Model Estimated Means
              SELF_HIG      EDU_UPP       EDU_TER       WEALTH_2      WEALTH_3
              ________      ________      ________      ________      ________
                0.311         0.601         0.128         0.358         0.312


           Model Estimated Means
              CIRCUL_4
              ________
                0.438


           Residuals for Means
              FEMALE        AGE           PAT_INT       PAT_HIG       SELF_INT
              ________      ________      ________      ________      ________
                0.000         0.000         0.000         0.000         0.000


           Residuals for Means
              SELF_HIG      EDU_UPP       EDU_TER       WEALTH_2      WEALTH_3
              ________      ________      ________      ________      ________
                0.000         0.000         0.000         0.000         0.000


           Residuals for Means
              CIRCUL_4
              ________
                0.000


           Model Estimated Covariances
              FEMALE        AGE           PAT_INT       PAT_HIG       SELF_INT
              ________      ________      ________      ________      ________
 FEMALE         0.243
 AGE            0.092        72.433
 PAT_INT        0.000         0.000         0.216
 PAT_HIG        0.018         0.000         0.000         0.237
 SELF_INT       0.026         0.011         0.000         0.012         0.195
 SELF_HIG       0.000         0.000         0.000         0.036         0.000
 EDU_UPP        0.000         0.000         0.001         0.018         0.028
 EDU_TER        0.000         0.000         0.000         0.029         0.000
 WEALTH_2       0.000         0.000         0.008         0.000         0.000
 WEALTH_3       0.001         0.000         0.000         0.052         0.028
 CIRCUL_4       0.000         0.932         0.000         0.000         0.000


           Model Estimated Covariances
              SELF_HIG      EDU_UPP       EDU_TER       WEALTH_2      WEALTH_3
              ________      ________      ________      ________      ________
 SELF_HIG       0.214
 EDU_UPP        0.000         0.240
 EDU_TER        0.055         0.000         0.112
 WEALTH_2       0.003         0.021         0.000         0.230
 WEALTH_3       0.044         0.010         0.030         0.000         0.215
 CIRCUL_4       0.000         0.000         0.000         0.000         0.000


           Model Estimated Covariances
              CIRCUL_4
              ________
 CIRCUL_4       0.246


           Residuals for Covariances
              FEMALE        AGE           PAT_INT       PAT_HIG       SELF_INT
              ________      ________      ________      ________      ________
 FEMALE         0.000
 AGE            0.000         0.000
 PAT_INT        0.000         0.000         0.000
 PAT_HIG        0.000         0.000         0.000         0.000
 SELF_INT       0.000         0.000         0.000         0.000         0.000
 SELF_HIG       0.000         0.000         0.000         0.000         0.000
 EDU_UPP        0.000         0.000         0.000         0.000         0.000
 EDU_TER        0.000         0.000         0.000         0.000         0.000
 WEALTH_2       0.000         0.000         0.000         0.000         0.000
 WEALTH_3       0.000         0.000         0.000         0.000         0.000
 CIRCUL_4       0.000         0.000         0.000         0.000         0.000


           Residuals for Covariances
              SELF_HIG      EDU_UPP       EDU_TER       WEALTH_2      WEALTH_3
              ________      ________      ________      ________      ________
 SELF_HIG       0.000
 EDU_UPP        0.000         0.000
 EDU_TER        0.000         0.000         0.000
 WEALTH_2       0.000         0.000         0.000         0.000
 WEALTH_3       0.000         0.000         0.000         0.000         0.000
 CIRCUL_4       0.000         0.000         0.000         0.000         0.000


           Residuals for Covariances
              CIRCUL_4
              ________
 CIRCUL_4       0.000


     ESTIMATED MODEL AND RESIDUALS (OBSERVED - ESTIMATED) FOR CLASS 6


           Model Estimated Means
              FEMALE        AGE           PAT_INT       PAT_HIG       SELF_INT
              ________      ________      ________      ________      ________
                0.686        65.908         0.347         0.311         0.239


           Model Estimated Means
              SELF_HIG      EDU_UPP       EDU_TER       WEALTH_2      WEALTH_3
              ________      ________      ________      ________      ________
                0.247         0.539         0.086         0.359         0.232


           Model Estimated Means
              CIRCUL_4
              ________
                0.499


           Residuals for Means
              FEMALE        AGE           PAT_INT       PAT_HIG       SELF_INT
              ________      ________      ________      ________      ________
                0.000         0.000         0.000         0.000         0.000


           Residuals for Means
              SELF_HIG      EDU_UPP       EDU_TER       WEALTH_2      WEALTH_3
              ________      ________      ________      ________      ________
                0.000         0.000         0.000         0.000         0.000


           Residuals for Means
              CIRCUL_4
              ________
                0.000


           Model Estimated Covariances
              FEMALE        AGE           PAT_INT       PAT_HIG       SELF_INT
              ________      ________      ________      ________      ________
 FEMALE         0.215
 AGE            0.202        76.845
 PAT_INT        0.000         0.105         0.226
 PAT_HIG        0.023         0.000         0.000         0.214
 SELF_INT       0.018         0.025         0.000         0.014         0.182
 SELF_HIG       0.000         0.000         0.000         0.037         0.000
 EDU_UPP        0.000         0.000         0.000         0.027         0.027
 EDU_TER        0.000         0.000         0.000         0.023         0.000
 WEALTH_2       0.005         0.000         0.013         0.003         0.007
 WEALTH_3       0.000         0.000         0.000         0.036         0.023
 CIRCUL_4       0.006         1.159         0.000         0.000         0.000


           Model Estimated Covariances
              SELF_HIG      EDU_UPP       EDU_TER       WEALTH_2      WEALTH_3
              ________      ________      ________      ________      ________
 SELF_HIG       0.186
 EDU_UPP        0.024         0.248
 EDU_TER        0.039         0.000         0.079
 WEALTH_2       0.002         0.018         0.000         0.230
 WEALTH_3       0.029         0.015         0.016         0.000         0.178
 CIRCUL_4       0.000         0.000         0.000         0.000         0.000


           Model Estimated Covariances
              CIRCUL_4
              ________
 CIRCUL_4       0.250


           Residuals for Covariances
              FEMALE        AGE           PAT_INT       PAT_HIG       SELF_INT
              ________      ________      ________      ________      ________
 FEMALE         0.000
 AGE            0.000         0.000
 PAT_INT        0.000         0.000         0.000
 PAT_HIG        0.000         0.000         0.000         0.000
 SELF_INT       0.000         0.000         0.000         0.000         0.000
 SELF_HIG       0.000         0.000         0.000         0.000         0.000
 EDU_UPP        0.000         0.000         0.000         0.000         0.000
 EDU_TER        0.000         0.000         0.000         0.000         0.000
 WEALTH_2       0.000         0.000         0.000         0.000         0.000
 WEALTH_3       0.000         0.000         0.000         0.000         0.000
 CIRCUL_4       0.000         0.000         0.000         0.000         0.000


           Residuals for Covariances
              SELF_HIG      EDU_UPP       EDU_TER       WEALTH_2      WEALTH_3
              ________      ________      ________      ________      ________
 SELF_HIG       0.000
 EDU_UPP        0.000         0.000
 EDU_TER        0.000         0.000         0.000
 WEALTH_2       0.000         0.000         0.000         0.000
 WEALTH_3       0.000         0.000         0.000         0.000         0.000
 CIRCUL_4       0.000         0.000         0.000         0.000         0.000


           Residuals for Covariances
              CIRCUL_4
              ________
 CIRCUL_4       0.000


     UNIVARIATE DISTRIBUTION FIT FOR CLASS 1

     Variable          Observed      Estimated      Residual (Obs.-Est.)    Stand. Residual
     N
       Category 0        0.884          0.884                  0.000                0.000
       Category 1        0.033          0.033                  0.000                0.000
       Category 2        0.001          0.001                  0.000                0.000
       Category 3        0.043          0.043                  0.000               -0.001
       Category 4        0.036          0.036                  0.000                0.000
       Category 5        0.002          0.002                  0.000                0.000


     UNIVARIATE DISTRIBUTION FIT FOR CLASS 2

     Variable          Observed      Estimated      Residual (Obs.-Est.)    Stand. Residual
     N
       Category 0        0.026          0.026                  0.000                0.000
       Category 1        0.870          0.870                  0.000                0.000
       Category 2        0.001          0.001                  0.000                0.000
       Category 3        0.009          0.009                  0.000                0.000
       Category 4        0.062          0.062                  0.000                0.000
       Category 5        0.032          0.032                  0.000                0.001


     UNIVARIATE DISTRIBUTION FIT FOR CLASS 3

     Variable          Observed      Estimated      Residual (Obs.-Est.)    Stand. Residual
     N
       Category 0        0.002          0.002                  0.000                0.000
       Category 1        0.004          0.004                  0.000                0.000
       Category 2        0.936          0.936                  0.000                0.000
       Category 3        0.010          0.010                  0.000                0.000
       Category 4        0.009          0.009                  0.000                0.000
       Category 5        0.039          0.039                  0.000                0.000


     UNIVARIATE DISTRIBUTION FIT FOR CLASS 4

     Variable          Observed      Estimated      Residual (Obs.-Est.)    Stand. Residual
     N
       Category 0        0.059          0.059                  0.000                0.000
       Category 1        0.017          0.017                  0.000                0.000
       Category 2        0.005          0.005                  0.000                0.000
       Category 3        0.849          0.849                  0.000                0.000
       Category 4        0.046          0.046                  0.000                0.000
       Category 5        0.024          0.024                  0.000                0.000


     UNIVARIATE DISTRIBUTION FIT FOR CLASS 5

     Variable          Observed      Estimated      Residual (Obs.-Est.)    Stand. Residual
     N
       Category 0        0.015          0.015                  0.000                0.000
       Category 1        0.037          0.037                  0.000                0.000
       Category 2        0.002          0.002                  0.000                0.000
       Category 3        0.020          0.020                  0.000                0.000
       Category 4        0.846          0.846                  0.000                0.000
       Category 5        0.080          0.080                  0.000                0.000


     UNIVARIATE DISTRIBUTION FIT FOR CLASS 6

     Variable          Observed      Estimated      Residual (Obs.-Est.)    Stand. Residual
     N
       Category 0        0.002          0.002                  0.000                0.000
       Category 1        0.023          0.023                  0.000                0.000
       Category 2        0.004          0.004                  0.000                0.000
       Category 3        0.010          0.010                  0.000                0.000
       Category 4        0.083          0.083                  0.000                0.000
       Category 5        0.878          0.878                  0.000                0.000


     UNIVARIATE DISTRIBUTION FIT FOR CLASS 1

     Variable          Observed      Estimated      Residual (Obs.-Est.)    Stand. Residual
     CIRCUL
       Category 1        0.543          0.543                  0.000                0.000
       Category 2        0.457          0.457                  0.000                0.000


     UNIVARIATE DISTRIBUTION FIT FOR CLASS 2

     Variable          Observed      Estimated      Residual (Obs.-Est.)    Stand. Residual
     CIRCUL
       Category 1        0.550          0.550                  0.000                0.000
       Category 2        0.450          0.450                  0.000                0.000


     UNIVARIATE DISTRIBUTION FIT FOR CLASS 3

     Variable          Observed      Estimated      Residual (Obs.-Est.)    Stand. Residual
     CIRCUL
       Category 1        0.471          0.471                  0.000                0.000
       Category 2        0.529          0.529                  0.000                0.000


     UNIVARIATE DISTRIBUTION FIT FOR CLASS 4

     Variable          Observed      Estimated      Residual (Obs.-Est.)    Stand. Residual
     CIRCUL
       Category 1        0.504          0.504                  0.000                0.000
       Category 2        0.496          0.496                  0.000                0.000


     UNIVARIATE DISTRIBUTION FIT FOR CLASS 5

     Variable          Observed      Estimated      Residual (Obs.-Est.)    Stand. Residual
     CIRCUL
       Category 1        0.458          0.458                  0.000                0.000
       Category 2        0.542          0.542                  0.000                0.000


     UNIVARIATE DISTRIBUTION FIT FOR CLASS 6

     Variable          Observed      Estimated      Residual (Obs.-Est.)    Stand. Residual
     CIRCUL
       Category 1        0.406          0.406                  0.000                0.000
       Category 2        0.594          0.594                  0.000                0.000


     Beginning Time:  10:20:07
        Ending Time:  10:20:08
       Elapsed Time:  00:00:01



MUTHEN & MUTHEN
3463 Stoner Ave.
Los Angeles, CA  90066

Tel: (310) 391-9971
Fax: (310) 391-8971
Web: www.StatModel.com
Support: Support@StatModel.com

Copyright (c) 1998-2020 Muthen & Muthen
