Mplus VERSION 8.5 (Mac)
MUTHEN & MUTHEN
06/18/2023  10:20 AM

INPUT INSTRUCTIONS

  TITLE:
  Step3 - 3step LSAY - Lab9
  DATA:
  FILE = "./Step1_MPlus_Outcomes.dat";

  VARIABLE:
  NAMES = W4_SMOKE W5_SMOKE W6_SMOKE W7_SMOKE W8_SMOKE W4_DRINK W5_DRINK W6_DRINK
       W7_DRINK W8_DRINK W4_PA W5_PA W6_PA W7_PA W8_PA W4_FV W5_FV W6_FV W7_FV W8_FV
       FEMALE AGE PAT_INT PAT_HIG SELF_INT SELF_HIG EDU_UPP EDU_TER WEALTH_2 WEALTH_3
       EYE_4 CIRCUL_4 ENDOCR_4 MUSCUL_4 RESPIR_4 NEOPLA_4 NERVOU_4 MENTAL_4 MULTI_4
       CMULTI_4 LUNCAN_4 EYE CIRCUL ENDOCR MUSCUL RESPIR NEOPLA NERVOU MENTAL MULTI
       CMULTI LUNCAN CPROB1 CPROB2 CPROB3 CPROB4 CPROB5 CPROB6 N WEIGHTS;
   MISSING=.;
   nominal=N;
    usevar = n;
    USEOBSERVATIONS = Female NE -99 AND Age NE -99 AND
    Pat_Int NE -99 AND
  Pat_Hig NE -99 AND Self_Int NE -99 AND
  Self_Hig NE -99 AND Edu_Upp NE -99 AND
  Edu_Ter NE -99 AND
  Wealth_2 NE -99 AND Wealth_3 NE -99;
    missing are all (-99);
    classes = c(6);
    CATEGORICAL = Multi;
    usevar =  Multi Female;
    WEIGHT  = Weights;
  ANALYSIS:
  estimator = mlr;
    type = mixture;
    starts = 0;
    ITERATIONS = 1000;
  MODEL:
  %OVERALL%

     %C#1%
     [n#1@5.933];
     [n#2@2.649];
     [n#3@-0.663];
     [n#4@2.911];
     [n#5@2.726];

   [Multi$1](m1);

    %C#2%
   [n#1@-0.217];
   [n#2@3.291];
   [n#3@-3.355];
   [n#4@-1.244];
   [n#5@0.642];

   [Multi$1](m2);


   %C#3%
  [n#1@-3.076];
   [n#2@-2.195];
   [n#3@3.177];
   [n#4@-1.41];
   [n#5@-1.438];


   [Multi$1](m3);


    %C#4%
   [n#1@0.91];
   [n#2@-0.302];
   [n#3@-1.58];
   [n#4@3.583];
   [n#5@0.671];


   [Multi$1](m4);



    %C#5%
   [n#1@-1.643];
   [n#2@-0.771];
   [n#3@-3.599];
   [n#4@-1.41];
   [n#5@2.36];


   [Multi$1](m5);


     %C#6%
   [n#1@-5.926];
   [n#2@-3.66];
   [n#3@-5.427];
   [n#4@-4.506];
   [n#5@-2.354];

     [Multi$1](m6);
  MODEL CONSTRAINT:
  New (diff12 diff13 diff23 diff14
    diff24 diff34 diff15 diff16 diff25
    diff26 diff35 diff36 diff45
    diff46 diff56);
    diff12 = m1-m2;  ! test pairwise distal mean differences
    diff13 = m1-m3;
    diff23 = m2-m3;
    diff14 = m1-m4;
    diff24 = m2-m4;
    diff34 = m3-m4;
    diff15 = m1-m5;
    diff16 = m1-m6;
    diff25 = m2-m5;
    diff26 = m2-m6;
    diff35 = m3-m5;
    diff36 = m3-m6;
    diff45 = m4-m5;
    diff46 = m4-m6;
    diff56 = m5-m6;


  MODEL TEST:
   0=m1-m2;
     0=m2-m3;
     0=m3-m4; ! omnibus test of distal thresholds
     0=m4-m5;
     0=m5-m6;
  OUTPUT:
  sampstat residual TECH11 TECH14;



*** WARNING in MODEL command
  All variables are uncorrelated with all other variables within class.
  Check that this is what is intended.
*** WARNING
  One or more observations has a value of 0 for the WEIGHT variable.
*** WARNING in OUTPUT command
  TECH11 option is not available in conjunction with nonlinear constraints
  through the use of MODEL CONSTRAINT.  Request for TECH11 is ignored.
*** WARNING in OUTPUT command
  TECH14 option is not available for TYPE=MIXTURE with weights.
  Request for TECH14 is ignored.
   4 WARNING(S) FOUND IN THE INPUT INSTRUCTIONS




Step3 - 3step LSAY - Lab9

SUMMARY OF ANALYSIS

Number of groups                                                 1
Number of observations                                        4759

Number of dependent variables                                    3
Number of independent variables                                  0
Number of continuous latent variables                            0
Number of categorical latent variables                           1

Observed dependent variables

  Continuous
   FEMALE

  Binary and ordered categorical (ordinal)
   MULTI

  Unordered categorical (nominal)
   N

Categorical latent variables
   C

Variables with special functions

  Weight variable       WEIGHTS

Estimator                                                      MLR
Information matrix                                        OBSERVED
Optimization Specifications for the Quasi-Newton Algorithm for
Continuous Outcomes
  Maximum number of iterations                                1000
  Convergence criterion                                  0.100D-05
Optimization Specifications for the EM Algorithm
  Maximum number of iterations                                 500
  Convergence criteria
    Loglikelihood change                                 0.100D-06
    Relative loglikelihood change                        0.100D-06
    Derivative                                           0.100D-05
Optimization Specifications for the M step of the EM Algorithm for
Categorical Latent variables
  Number of M step iterations                                    1
  M step convergence criterion                           0.100D-05
  Basis for M step termination                           ITERATION
Optimization Specifications for the M step of the EM Algorithm for
Censored, Binary or Ordered Categorical (Ordinal), Unordered
Categorical (Nominal) and Count Outcomes
  Number of M step iterations                                    1
  M step convergence criterion                           0.100D-05
  Basis for M step termination                           ITERATION
  Maximum value for logit thresholds                            15
  Minimum value for logit thresholds                           -15
  Minimum expected cell size for chi-square              0.100D-01
Maximum number of iterations for H1                           2000
Convergence criterion for H1                             0.100D-03
Optimization algorithm                                         EMA
Link                                                         LOGIT

Input data file(s)
  ./Step1_MPlus_Outcomes.dat
Input data format  FREE


SUMMARY OF DATA

     Number of missing data patterns             1
     Number of y missing data patterns           1
     Number of u missing data patterns           1


COVARIANCE COVERAGE OF DATA

Minimum covariance coverage value   0.100


     PROPORTION OF DATA PRESENT FOR Y


           Covariance Coverage
              FEMALE
              ________
 FEMALE         1.000


UNIVARIATE PROPORTIONS AND COUNTS FOR CATEGORICAL VARIABLES

    MULTI
      Category 1    0.408         1940.010
      Category 2    0.592         2818.990
    N
      Category 1    0.147          697.582
      Category 2    0.174          827.032
      Category 3    0.106          502.877
      Category 4    0.117          555.467
      Category 5    0.229         1088.631
      Category 6    0.228         1087.412


SAMPLE STATISTICS


     ESTIMATED SAMPLE STATISTICS


           Means
              FEMALE
              ________
                0.535


           Covariances
              FEMALE
              ________
 FEMALE         0.249


           Correlations
              FEMALE
              ________
 FEMALE         1.000


     MAXIMUM LOG-LIKELIHOOD VALUE FOR THE UNRESTRICTED (H1) MODEL IS -3442.434


UNIVARIATE SAMPLE STATISTICS


     UNIVARIATE HIGHER-ORDER MOMENT DESCRIPTIVE STATISTICS

         Variable/         Mean/     Skewness/   Minimum/ % with                Percentiles
        Sample Size      Variance    Kurtosis    Maximum  Min/Max      20%/60%    40%/80%    Median

     FEMALE                0.535      -0.140       0.000   43.73%       0.000      0.000      1.000
            4759.000       0.249      -1.980       1.000   56.27%       1.000      1.000

     THE STANDARD ERRORS OF THE MODEL PARAMETER ESTIMATES MAY NOT BE
     TRUSTWORTHY FOR SOME PARAMETERS DUE TO A NON-POSITIVE DEFINITE
     FIRST-ORDER DERIVATIVE PRODUCT MATRIX.  THIS MAY BE DUE TO THE STARTING
     VALUES BUT MAY ALSO BE AN INDICATION OF MODEL NONIDENTIFICATION.  THE
     CONDITION NUMBER IS       0.343D-15.  PROBLEM INVOLVING THE FOLLOWING PARAMETER:
     Parameter 18, [ C#5 ]


THE MODEL ESTIMATION TERMINATED NORMALLY



MODEL FIT INFORMATION

Number of Free Parameters                       18

Loglikelihood

          H0 Value                      -14720.629
          H0 Scaling Correction Factor      1.2180
            for MLR

Information Criteria

          Akaike (AIC)                   29477.258
          Bayesian (BIC)                 29593.678
          Sample-Size Adjusted BIC       29536.481
            (n* = (n + 2) / 24)

Chi-Square Test of Model Fit for the Binary and Ordered Categorical
(Ordinal) Outcomes

          Pearson Chi-Square

          Value                              0.000
          Degrees of freedom cannot be computed for this model part.

          Likelihood Ratio Chi-Square

          Value                              0.000
          Degrees of freedom cannot be computed for this model part.

Wald Test of Parameter Constraints

          Value                            114.899
          Degrees of Freedom                     5
          P-Value                           0.0000



FINAL CLASS COUNTS AND PROPORTIONS FOR THE LATENT CLASSES
BASED ON THE ESTIMATED MODEL

    Latent
   Classes

       1        703.79513          0.14789
       2        837.54035          0.17599
       3        525.49782          0.11042
       4        568.43642          0.11944
       5       1053.60045          0.22139
       6       1070.12983          0.22486


FINAL CLASS COUNTS AND PROPORTIONS FOR THE LATENT CLASSES
BASED ON ESTIMATED POSTERIOR PROBABILITIES

    Latent
   Classes

       1        703.79513          0.14789
       2        837.54035          0.17599
       3        525.49782          0.11042
       4        568.43642          0.11944
       5       1053.60045          0.22139
       6       1070.12983          0.22486


FINAL CLASS COUNTS AND PROPORTIONS FOR THE LATENT CLASSES
BASED ON THEIR MOST LIKELY LATENT CLASS MEMBERSHIP

Class Counts and Proportions

    Latent
   Classes

       1              698          0.14658
       2              827          0.17378
       3              503          0.10567
       4              555          0.11672
       5             1089          0.22875
       6             1087          0.22850


CLASSIFICATION QUALITY

     Entropy                         0.710


Average Latent Class Probabilities for Most Likely Latent Class Membership (Row)
by Latent Class (Column)

           1        2        3        4        5        6

    1   0.892    0.031    0.001    0.048    0.024    0.004
    2   0.028    0.880    0.003    0.012    0.047    0.030
    3   0.002    0.002    0.978    0.006    0.005    0.008
    4   0.054    0.014    0.009    0.866    0.037    0.019
    5   0.023    0.047    0.004    0.025    0.818    0.082
    6   0.002    0.025    0.019    0.013    0.077    0.864


Classification Probabilities for the Most Likely Latent Class Membership (Column)
by Latent Class (Row)

           1        2        3        4        5        6

    1   0.884    0.033    0.001    0.043    0.036    0.002
    2   0.026    0.869    0.001    0.009    0.062    0.033
    3   0.002    0.004    0.936    0.010    0.009    0.039
    4   0.059    0.018    0.005    0.847    0.047    0.025
    5   0.016    0.037    0.002    0.020    0.845    0.080
    6   0.002    0.023    0.004    0.010    0.083    0.877


Logits for the Classification Probabilities for the Most Likely Latent Class Membership (Column)
by Latent Class (Row)

              1        2        3        4        5        6

    1      5.891    2.611   -0.688    2.865    2.697    0.000
    2     -0.233    3.271   -3.374   -1.270    0.623    0.000
    3     -3.074   -2.205    3.167   -1.421   -1.447    0.000
    4      0.850   -0.351   -1.610    3.522    0.634    0.000
    5     -1.616   -0.768   -3.594   -1.404    2.360    0.000
    6     -5.873   -3.646   -5.402   -4.487   -2.354    0.000


MODEL RESULTS

                                                    Two-Tailed
                    Estimate       S.E.  Est./S.E.    P-Value

Latent Class 1

 Means
    FEMALE             0.360      0.022     16.488      0.000

 Means
    N#1                5.933      0.000    999.000    999.000
    N#2                2.649      0.000    999.000    999.000
    N#3               -0.663      0.000    999.000    999.000
    N#4                2.911      0.000    999.000    999.000
    N#5                2.726      0.000    999.000    999.000

 Thresholds
    MULTI$1           -0.034      0.092     -0.368      0.713

 Variances
    FEMALE             0.225      0.003     80.543      0.000

Latent Class 2

 Means
    FEMALE             0.536      0.022     24.418      0.000

 Means
    N#1               -0.217      0.000    999.000    999.000
    N#2                3.291      0.000    999.000    999.000
    N#3               -3.355      0.000    999.000    999.000
    N#4               -1.244      0.000    999.000    999.000
    N#5                0.642      0.000    999.000    999.000

 Thresholds
    MULTI$1            0.137      0.085      1.617      0.106

 Variances
    FEMALE             0.225      0.003     80.543      0.000

Latent Class 3

 Means
    FEMALE             0.549      0.027     20.189      0.000

 Means
    N#1               -3.076      0.000    999.000    999.000
    N#2               -2.195      0.000    999.000    999.000
    N#3                3.177      0.000    999.000    999.000
    N#4               -1.410      0.000    999.000    999.000
    N#5               -1.438      0.000    999.000    999.000

 Thresholds
    MULTI$1           -0.283      0.109     -2.590      0.010

 Variances
    FEMALE             0.225      0.003     80.543      0.000

Latent Class 4

 Means
    FEMALE             0.253      0.023     10.812      0.000

 Means
    N#1                0.910      0.000    999.000    999.000
    N#2               -0.302      0.000    999.000    999.000
    N#3               -1.580      0.000    999.000    999.000
    N#4                3.583      0.000    999.000    999.000
    N#5                0.671      0.000    999.000    999.000

 Thresholds
    MULTI$1           -0.009      0.110     -0.078      0.938

 Variances
    FEMALE             0.225      0.003     80.543      0.000

Latent Class 5

 Means
    FEMALE             0.595      0.022     26.904      0.000

 Means
    N#1               -1.643      0.000    999.000    999.000
    N#2               -0.771      0.000    999.000    999.000
    N#3               -3.599      0.000    999.000    999.000
    N#4               -1.410      0.000    999.000    999.000
    N#5                2.360      0.000    999.000    999.000

 Thresholds
    MULTI$1           -0.753      0.093     -8.068      0.000

 Variances
    FEMALE             0.225      0.003     80.543      0.000

Latent Class 6

 Means
    FEMALE             0.733      0.019     37.849      0.000

 Means
    N#1               -5.926      0.000    999.000    999.000
    N#2               -3.660      0.000    999.000    999.000
    N#3               -5.427      0.000    999.000    999.000
    N#4               -4.506      0.000    999.000    999.000
    N#5               -2.354      0.000    999.000    999.000

 Thresholds
    MULTI$1           -0.941      0.096     -9.751      0.000

 Variances
    FEMALE             0.225      0.003     80.543      0.000

Categorical Latent Variables

 Means
    C#1               -0.419      0.062     -6.783      0.000
    C#2               -0.245      0.061     -4.027      0.000
    C#3               -0.711      0.069    -10.252      0.000
    C#4               -0.633      0.070     -9.031      0.000
    C#5               -0.016      0.065     -0.239      0.811

New/Additional Parameters
    DIFF12            -0.171      0.129     -1.328      0.184
    DIFF13             0.250      0.143      1.747      0.081
    DIFF23             0.420      0.139      3.032      0.002
    DIFF14            -0.025      0.151     -0.166      0.868
    DIFF24             0.146      0.140      1.038      0.299
    DIFF34            -0.275      0.157     -1.755      0.079
    DIFF15             0.719      0.134      5.380      0.000
    DIFF16             0.907      0.133      6.838      0.000
    DIFF25             0.890      0.132      6.735      0.000
    DIFF26             1.078      0.131      8.208      0.000
    DIFF35             0.469      0.144      3.254      0.001
    DIFF36             0.657      0.148      4.428      0.000
    DIFF45             0.744      0.149      5.010      0.000
    DIFF46             0.932      0.148      6.289      0.000
    DIFF56             0.188      0.146      1.287      0.198


RESULTS IN PROBABILITY SCALE

Latent Class 1

 MULTI
    Category 1         0.492      0.023     21.455      0.000
    Category 2         0.508      0.023     22.191      0.000

Latent Class 2

 MULTI
    Category 1         0.534      0.021     25.334      0.000
    Category 2         0.466      0.021     22.089      0.000

Latent Class 3

 MULTI
    Category 1         0.430      0.027     16.020      0.000
    Category 2         0.570      0.027     21.269      0.000

Latent Class 4

 MULTI
    Category 1         0.498      0.028     18.050      0.000
    Category 2         0.502      0.028     18.205      0.000

Latent Class 5

 MULTI
    Category 1         0.320      0.020     15.769      0.000
    Category 2         0.680      0.020     33.473      0.000

Latent Class 6

 MULTI
    Category 1         0.281      0.019     14.414      0.000
    Category 2         0.719      0.019     36.922      0.000


LATENT CLASS ODDS RATIO RESULTS

                                                95% C.I.
                    Estimate       S.E.  Lower 2.5% Upper 2.5%

Latent Class 1 Compared to Latent Class 2

 MULTI
    Category > 1       1.186      0.153      0.922      1.527

Latent Class 1 Compared to Latent Class 3

 MULTI
    Category > 1       0.779      0.111      0.589      1.031

Latent Class 1 Compared to Latent Class 4

 MULTI
    Category > 1       1.025      0.155      0.762      1.379

Latent Class 1 Compared to Latent Class 5

 MULTI
    Category > 1       0.487      0.065      0.375      0.633

Latent Class 1 Compared to Latent Class 6

 MULTI
    Category > 1       0.404      0.054      0.311      0.524

Latent Class 2 Compared to Latent Class 3

 MULTI
    Category > 1       0.657      0.091      0.500      0.862

Latent Class 2 Compared to Latent Class 4

 MULTI
    Category > 1       0.864      0.121      0.657      1.138

Latent Class 2 Compared to Latent Class 5

 MULTI
    Category > 1       0.411      0.054      0.317      0.532

Latent Class 2 Compared to Latent Class 6

 MULTI
    Category > 1       0.340      0.045      0.263      0.440

Latent Class 3 Compared to Latent Class 4

 MULTI
    Category > 1       1.316      0.206      0.968      1.789

Latent Class 3 Compared to Latent Class 5

 MULTI
    Category > 1       0.625      0.090      0.471      0.830

Latent Class 3 Compared to Latent Class 6

 MULTI
    Category > 1       0.518      0.077      0.387      0.693

Latent Class 4 Compared to Latent Class 5

 MULTI
    Category > 1       0.475      0.071      0.355      0.636

Latent Class 4 Compared to Latent Class 6

 MULTI
    Category > 1       0.394      0.058      0.294      0.526

Latent Class 5 Compared to Latent Class 6

 MULTI
    Category > 1       0.829      0.121      0.622      1.103


QUALITY OF NUMERICAL RESULTS

     Condition Number for the Information Matrix              0.343E-15
       (ratio of smallest to largest eigenvalue)


RESIDUAL OUTPUT


     ESTIMATED MODEL AND RESIDUALS (OBSERVED - ESTIMATED) FOR CLASS 1


           Model Estimated Means
              FEMALE
              ________
                0.360


           Residuals for Means
              FEMALE
              ________
                0.000


           Model Estimated Covariances
              FEMALE
              ________
 FEMALE         0.225


           Residuals for Covariances
              FEMALE
              ________
 FEMALE         0.005


     ESTIMATED MODEL AND RESIDUALS (OBSERVED - ESTIMATED) FOR CLASS 2


           Model Estimated Means
              FEMALE
              ________
                0.536


           Residuals for Means
              FEMALE
              ________
                0.000


           Model Estimated Covariances
              FEMALE
              ________
 FEMALE         0.225


           Residuals for Covariances
              FEMALE
              ________
 FEMALE         0.024


     ESTIMATED MODEL AND RESIDUALS (OBSERVED - ESTIMATED) FOR CLASS 3


           Model Estimated Means
              FEMALE
              ________
                0.549


           Residuals for Means
              FEMALE
              ________
                0.000


           Model Estimated Covariances
              FEMALE
              ________
 FEMALE         0.225


           Residuals for Covariances
              FEMALE
              ________
 FEMALE         0.023


     ESTIMATED MODEL AND RESIDUALS (OBSERVED - ESTIMATED) FOR CLASS 4


           Model Estimated Means
              FEMALE
              ________
                0.253


           Residuals for Means
              FEMALE
              ________
                0.000


           Model Estimated Covariances
              FEMALE
              ________
 FEMALE         0.225


           Residuals for Covariances
              FEMALE
              ________
 FEMALE        -0.036


     ESTIMATED MODEL AND RESIDUALS (OBSERVED - ESTIMATED) FOR CLASS 5


           Model Estimated Means
              FEMALE
              ________
                0.595


           Residuals for Means
              FEMALE
              ________
                0.000


           Model Estimated Covariances
              FEMALE
              ________
 FEMALE         0.225


           Residuals for Covariances
              FEMALE
              ________
 FEMALE         0.016


     ESTIMATED MODEL AND RESIDUALS (OBSERVED - ESTIMATED) FOR CLASS 6


           Model Estimated Means
              FEMALE
              ________
                0.733


           Residuals for Means
              FEMALE
              ________
                0.000


           Model Estimated Covariances
              FEMALE
              ________
 FEMALE         0.225


           Residuals for Covariances
              FEMALE
              ________
 FEMALE        -0.029


     UNIVARIATE DISTRIBUTION FIT FOR CLASS 1

     Variable          Observed      Estimated      Residual (Obs.-Est.)    Stand. Residual
     N
       Category 0        0.884          0.884                  0.000               -0.040
       Category 1        0.033          0.033                  0.000                0.018
       Category 2        0.001          0.001                  0.000                0.015
       Category 3        0.043          0.043                  0.000               -0.027
       Category 4        0.036          0.036                  0.000                0.065
       Category 5        0.002          0.002                  0.000                0.054


     UNIVARIATE DISTRIBUTION FIT FOR CLASS 2

     Variable          Observed      Estimated      Residual (Obs.-Est.)    Stand. Residual
     N
       Category 0        0.026          0.026                  0.000                0.015
       Category 1        0.869          0.870                 -0.001               -0.057
       Category 2        0.001          0.001                  0.000                0.000
       Category 3        0.009          0.009                  0.000               -0.018
       Category 4        0.062          0.062                  0.000                0.000
       Category 5        0.033          0.032                  0.001                0.104


     UNIVARIATE DISTRIBUTION FIT FOR CLASS 3

     Variable          Observed      Estimated      Residual (Obs.-Est.)    Stand. Residual
     N
       Category 0        0.002          0.002                  0.000                0.011
       Category 1        0.004          0.004                  0.000                0.000
       Category 2        0.936          0.936                  0.000               -0.034
       Category 3        0.010          0.010                  0.000               -0.004
       Category 4        0.009          0.009                  0.000                0.000
       Category 5        0.039          0.039                  0.000                0.043


     UNIVARIATE DISTRIBUTION FIT FOR CLASS 4

     Variable          Observed      Estimated      Residual (Obs.-Est.)    Stand. Residual
     N
       Category 0        0.059          0.059                  0.000               -0.011
       Category 1        0.018          0.017                  0.000                0.027
       Category 2        0.005          0.005                  0.000                0.047
       Category 3        0.847          0.849                 -0.003               -0.170
       Category 4        0.047          0.046                  0.001                0.111
       Category 5        0.025          0.024                  0.001                0.220


     UNIVARIATE DISTRIBUTION FIT FOR CLASS 5

     Variable          Observed      Estimated      Residual (Obs.-Est.)    Stand. Residual
     N
       Category 0        0.016          0.015                  0.000                0.108
       Category 1        0.037          0.037                  0.000                0.018
       Category 2        0.002          0.002                  0.000                0.007
       Category 3        0.020          0.020                  0.000                0.026
       Category 4        0.845          0.846                 -0.001               -0.054
       Category 5        0.080          0.080                  0.000               -0.004


     UNIVARIATE DISTRIBUTION FIT FOR CLASS 6

     Variable          Observed      Estimated      Residual (Obs.-Est.)    Stand. Residual
     N
       Category 0        0.002          0.002                  0.000                0.084
       Category 1        0.023          0.023                  0.000                0.066
       Category 2        0.004          0.004                  0.000                0.050
       Category 3        0.010          0.010                  0.000                0.059
       Category 4        0.083          0.083                  0.000               -0.008
       Category 5        0.877          0.878                 -0.001               -0.063


     UNIVARIATE DISTRIBUTION FIT FOR CLASS 1

     Variable          Observed      Estimated      Residual (Obs.-Est.)    Stand. Residual
     MULTI
       Category 1        0.492          0.492                  0.000                0.000
       Category 2        0.508          0.508                  0.000                0.000


     UNIVARIATE DISTRIBUTION FIT FOR CLASS 2

     Variable          Observed      Estimated      Residual (Obs.-Est.)    Stand. Residual
     MULTI
       Category 1        0.534          0.534                  0.000                0.000
       Category 2        0.466          0.466                  0.000                0.000


     UNIVARIATE DISTRIBUTION FIT FOR CLASS 3

     Variable          Observed      Estimated      Residual (Obs.-Est.)    Stand. Residual
     MULTI
       Category 1        0.430          0.430                  0.000                0.000
       Category 2        0.570          0.570                  0.000                0.000


     UNIVARIATE DISTRIBUTION FIT FOR CLASS 4

     Variable          Observed      Estimated      Residual (Obs.-Est.)    Stand. Residual
     MULTI
       Category 1        0.498          0.498                  0.000                0.000
       Category 2        0.502          0.502                  0.000                0.000


     UNIVARIATE DISTRIBUTION FIT FOR CLASS 5

     Variable          Observed      Estimated      Residual (Obs.-Est.)    Stand. Residual
     MULTI
       Category 1        0.320          0.320                  0.000                0.000
       Category 2        0.680          0.680                  0.000                0.000


     UNIVARIATE DISTRIBUTION FIT FOR CLASS 6

     Variable          Observed      Estimated      Residual (Obs.-Est.)    Stand. Residual
     MULTI
       Category 1        0.281          0.281                  0.000                0.000
       Category 2        0.719          0.719                  0.000                0.000


TECHNICAL 1 OUTPUT


     PARAMETER SPECIFICATION FOR LATENT CLASS 1


           NU
              FEMALE
              ________
                    1


           THETA
              FEMALE
              ________
 FEMALE             2


     PARAMETER SPECIFICATION FOR LATENT CLASS 2


           NU
              FEMALE
              ________
                    3


           THETA
              FEMALE
              ________
 FEMALE             2


     PARAMETER SPECIFICATION FOR LATENT CLASS 3


           NU
              FEMALE
              ________
                    4


           THETA
              FEMALE
              ________
 FEMALE             2


     PARAMETER SPECIFICATION FOR LATENT CLASS 4


           NU
              FEMALE
              ________
                    5


           THETA
              FEMALE
              ________
 FEMALE             2


     PARAMETER SPECIFICATION FOR LATENT CLASS 5


           NU
              FEMALE
              ________
                    6


           THETA
              FEMALE
              ________
 FEMALE             2


     PARAMETER SPECIFICATION FOR LATENT CLASS 6


           NU
              FEMALE
              ________
                    7


           THETA
              FEMALE
              ________
 FEMALE             2


     PARAMETER SPECIFICATION FOR LATENT CLASS INDICATOR MODEL PART


           TAU(U) FOR LATENT CLASS 1
              MULTI$1
              ________
                    8


           TAU(U) FOR LATENT CLASS 2
              MULTI$1
              ________
                    9


           TAU(U) FOR LATENT CLASS 3
              MULTI$1
              ________
                   10


           TAU(U) FOR LATENT CLASS 4
              MULTI$1
              ________
                   11


           TAU(U) FOR LATENT CLASS 5
              MULTI$1
              ________
                   12


           TAU(U) FOR LATENT CLASS 6
              MULTI$1
              ________
                   13


     PARAMETER SPECIFICATION FOR LATENT CLASS REGRESSION MODEL PART


           ALPHA(C)
              C#1           C#2           C#3           C#4           C#5
              ________      ________      ________      ________      ________
                   14            15            16            17            18


           ALPHA(C)
              C#6
              ________
                    0


     PARAMETER SPECIFICATION FOR THE CENSORED/NOMINAL/COUNT MODEL PART


           NU(P) FOR LATENT CLASS 1
              N#1           N#2           N#3           N#4           N#5
              ________      ________      ________      ________      ________
                    0             0             0             0             0


           NU(P) FOR LATENT CLASS 2
              N#1           N#2           N#3           N#4           N#5
              ________      ________      ________      ________      ________
                    0             0             0             0             0


           NU(P) FOR LATENT CLASS 3
              N#1           N#2           N#3           N#4           N#5
              ________      ________      ________      ________      ________
                    0             0             0             0             0


           NU(P) FOR LATENT CLASS 4
              N#1           N#2           N#3           N#4           N#5
              ________      ________      ________      ________      ________
                    0             0             0             0             0


           NU(P) FOR LATENT CLASS 5
              N#1           N#2           N#3           N#4           N#5
              ________      ________      ________      ________      ________
                    0             0             0             0             0


           NU(P) FOR LATENT CLASS 6
              N#1           N#2           N#3           N#4           N#5
              ________      ________      ________      ________      ________
                    0             0             0             0             0


     PARAMETER SPECIFICATION FOR THE ADDITIONAL PARAMETERS


           NEW/ADDITIONAL PARAMETERS
              DIFF12        DIFF13        DIFF23        DIFF14        DIFF24
              ________      ________      ________      ________      ________
                   19            20            21            22            23


           NEW/ADDITIONAL PARAMETERS
              DIFF34        DIFF15        DIFF16        DIFF25        DIFF26
              ________      ________      ________      ________      ________
                   24            25            26            27            28


           NEW/ADDITIONAL PARAMETERS
              DIFF35        DIFF36        DIFF45        DIFF46        DIFF56
              ________      ________      ________      ________      ________
                   29            30            31            32            33


     STARTING VALUES FOR LATENT CLASS 1


           NU
              FEMALE
              ________
               -0.463


           THETA
              FEMALE
              ________
 FEMALE         0.124


     STARTING VALUES FOR LATENT CLASS 2


           NU
              FEMALE
              ________
                0.036


           THETA
              FEMALE
              ________
 FEMALE         0.124


     STARTING VALUES FOR LATENT CLASS 3


           NU
              FEMALE
              ________
                0.535


           THETA
              FEMALE
              ________
 FEMALE         0.124


     STARTING VALUES FOR LATENT CLASS 4


           NU
              FEMALE
              ________
                0.535


           THETA
              FEMALE
              ________
 FEMALE         0.124


     STARTING VALUES FOR LATENT CLASS 5


           NU
              FEMALE
              ________
                1.034


           THETA
              FEMALE
              ________
 FEMALE         0.124


     STARTING VALUES FOR LATENT CLASS 6


           NU
              FEMALE
              ________
                1.532


           THETA
              FEMALE
              ________
 FEMALE         0.124


     STARTING VALUES FOR LATENT CLASS INDICATOR MODEL PART


           TAU(U) FOR LATENT CLASS 1
              MULTI$1
              ________
               -2.374


           TAU(U) FOR LATENT CLASS 2
              MULTI$1
              ________
               -1.374


           TAU(U) FOR LATENT CLASS 3
              MULTI$1
              ________
               -0.374


           TAU(U) FOR LATENT CLASS 4
              MULTI$1
              ________
               -0.374


           TAU(U) FOR LATENT CLASS 5
              MULTI$1
              ________
                0.626


           TAU(U) FOR LATENT CLASS 6
              MULTI$1
              ________
                1.626


     STARTING VALUES FOR LATENT CLASS REGRESSION MODEL PART


           ALPHA(C)
              C#1           C#2           C#3           C#4           C#5
              ________      ________      ________      ________      ________
                0.000         0.000         0.000         0.000         0.000


           ALPHA(C)
              C#6
              ________
                0.000


     STARTING VALUES FOR THE CENSORED/NOMINAL/COUNT MODEL PART


           NU(P) FOR LATENT CLASS 1
              N#1           N#2           N#3           N#4           N#5
              ________      ________      ________      ________      ________
                5.933         2.649        -0.663         2.911         2.726


           NU(P) FOR LATENT CLASS 2
              N#1           N#2           N#3           N#4           N#5
              ________      ________      ________      ________      ________
               -0.217         3.291        -3.355        -1.244         0.642


           NU(P) FOR LATENT CLASS 3
              N#1           N#2           N#3           N#4           N#5
              ________      ________      ________      ________      ________
               -3.076        -2.195         3.177        -1.410        -1.438


           NU(P) FOR LATENT CLASS 4
              N#1           N#2           N#3           N#4           N#5
              ________      ________      ________      ________      ________
                0.910        -0.302        -1.580         3.583         0.671


           NU(P) FOR LATENT CLASS 5
              N#1           N#2           N#3           N#4           N#5
              ________      ________      ________      ________      ________
               -1.643        -0.771        -3.599        -1.410         2.360


           NU(P) FOR LATENT CLASS 6
              N#1           N#2           N#3           N#4           N#5
              ________      ________      ________      ________      ________
               -5.926        -3.660        -5.427        -4.506        -2.354


     STARTING VALUES FOR THE ADDITIONAL PARAMETERS


           NEW/ADDITIONAL PARAMETERS
              DIFF12        DIFF13        DIFF23        DIFF14        DIFF24
              ________      ________      ________      ________      ________
                0.500         0.500         0.500         0.500         0.500


           NEW/ADDITIONAL PARAMETERS
              DIFF34        DIFF15        DIFF16        DIFF25        DIFF26
              ________      ________      ________      ________      ________
                0.500         0.500         0.500         0.500         0.500


           NEW/ADDITIONAL PARAMETERS
              DIFF35        DIFF36        DIFF45        DIFF46        DIFF56
              ________      ________      ________      ________      ________
                0.500         0.500         0.500         0.500         0.500


     Beginning Time:  10:20:01
        Ending Time:  10:20:01
       Elapsed Time:  00:00:00



MUTHEN & MUTHEN
3463 Stoner Ave.
Los Angeles, CA  90066

Tel: (310) 391-9971
Fax: (310) 391-8971
Web: www.StatModel.com
Support: Support@StatModel.com

Copyright (c) 1998-2020 Muthen & Muthen
