Mplus VERSION 8.5 (Mac)
MUTHEN & MUTHEN
06/18/2023  10:20 AM

INPUT INSTRUCTIONS

  TITLE:
  Step3 - 3step LSAY - Lab9
  DATA:
  FILE = "./Step1_MPlus_Outcomes.dat";

  VARIABLE:
  NAMES = W4_SMOKE W5_SMOKE W6_SMOKE W7_SMOKE W8_SMOKE W4_DRINK W5_DRINK W6_DRINK
       W7_DRINK W8_DRINK W4_PA W5_PA W6_PA W7_PA W8_PA W4_FV W5_FV W6_FV W7_FV W8_FV
       FEMALE AGE PAT_INT PAT_HIG SELF_INT SELF_HIG EDU_UPP EDU_TER WEALTH_2 WEALTH_3
       EYE_4 CIRCUL_4 ENDOCR_4 MUSCUL_4 RESPIR_4 NEOPLA_4 NERVOU_4 MENTAL_4 MULTI_4
       CMULTI_4 LUNCAN_4 EYE CIRCUL ENDOCR MUSCUL RESPIR NEOPLA NERVOU MENTAL MULTI
       CMULTI LUNCAN CPROB1 CPROB2 CPROB3 CPROB4 CPROB5 CPROB6 N WEIGHTS;
   MISSING=.;
   nominal=N;
    usevar = n;
    USEOBSERVATIONS = Female NE -99 AND Age NE -99 AND
    Pat_Int NE -99 AND
  Pat_Hig NE -99 AND Self_Int NE -99 AND
  Self_Hig NE -99 AND Edu_Upp NE -99 AND
  Edu_Ter NE -99 AND
  Wealth_2 NE -99 AND Wealth_3 NE -99;
    missing are all (-99);
    classes = c(6);
    CATEGORICAL = ENDOCR;
    usevar =  Female Age
     Pat_Int Pat_Hig Self_Int Self_Hig Edu_Upp
     Edu_Ter Wealth_2 Wealth_3 ENDOCR ENDOCR_4;
    WEIGHT  = Weights;
  ANALYSIS:
  estimator = mlr;
    type = mixture;
    starts = 0;
    ITERATIONS = 1000;
  MODEL:
  %OVERALL%
  ENDOCR ON Female Age
     Pat_Int Pat_Hig Self_Int Self_Hig Edu_Upp
     Edu_Ter Wealth_2 Wealth_3 ENDOCR_4;         ! covariate as predictor of distal


      %C#1%
      [n#1@5.933];
      [n#2@2.649];
      [n#3@-0.663];
      [n#4@2.911];
      [n#5@2.726];

    [ENDOCR$1](m1);

     %C#2%
    [n#1@-0.217];
    [n#2@3.291];
    [n#3@-3.355];
    [n#4@-1.244];
    [n#5@0.642];

    [ENDOCR$1](m2);


    %C#3%
   [n#1@-3.076];
    [n#2@-2.195];
    [n#3@3.177];
    [n#4@-1.41];
    [n#5@-1.438];


    [ENDOCR$1](m3);


     %C#4%
    [n#1@0.91];
    [n#2@-0.302];
    [n#3@-1.58];
    [n#4@3.583];
    [n#5@0.671];


    [ENDOCR$1](m4);



     %C#5%
    [n#1@-1.643];
    [n#2@-0.771];
    [n#3@-3.599];
    [n#4@-1.41];
    [n#5@2.36];


    [ENDOCR$1](m5);


      %C#6%
    [n#1@-5.926];
    [n#2@-3.66];
    [n#3@-5.427];
    [n#4@-4.506];
    [n#5@-2.354];

      [ENDOCR$1](m6);
  MODEL CONSTRAINT:
  New (diff12 diff13 diff23 diff14
    diff24 diff34 diff15 diff16 diff25
    diff26 diff35 diff36 diff45
    diff46 diff56);
    diff12 = m1-m2;  ! test pairwise distal mean differences
    diff13 = m1-m3;
    diff23 = m2-m3;
    diff14 = m1-m4;
    diff24 = m2-m4;
    diff34 = m3-m4;
    diff15 = m1-m5;
    diff16 = m1-m6;
    diff25 = m2-m5;
    diff26 = m2-m6;
    diff35 = m3-m5;
    diff36 = m3-m6;
    diff45 = m4-m5;
    diff46 = m4-m6;
    diff56 = m5-m6;


  MODEL TEST:
   0=m1-m2;
     0=m2-m3;
     0=m3-m4; ! omnibus test of distal thresholds
     0=m4-m5;
     0=m5-m6;
  OUTPUT:
  sampstat residual TECH11 TECH14;



*** WARNING
  One or more observations has a value of 0 for the WEIGHT variable.
*** WARNING in OUTPUT command
  TECH11 option is not available in conjunction with nonlinear constraints
  through the use of MODEL CONSTRAINT.  Request for TECH11 is ignored.
*** WARNING in OUTPUT command
  TECH14 option is not available for TYPE=MIXTURE with weights.
  Request for TECH14 is ignored.
*** WARNING
  Data set contains cases with missing on x-variables.
  These cases were not included in the analysis.
  Number of cases with missing on x-variables:  3
   4 WARNING(S) FOUND IN THE INPUT INSTRUCTIONS




Step3 - 3step LSAY - Lab9

SUMMARY OF ANALYSIS

Number of groups                                                 1
Number of observations                                        4756

Number of dependent variables                                    2
Number of independent variables                                 11
Number of continuous latent variables                            0
Number of categorical latent variables                           1

Observed dependent variables

  Binary and ordered categorical (ordinal)
   ENDOCR

  Unordered categorical (nominal)
   N

Observed independent variables
   FEMALE      AGE         PAT_INT     PAT_HIG     SELF_INT    SELF_HIG
   EDU_UPP     EDU_TER     WEALTH_2    WEALTH_3    ENDOCR_4

Categorical latent variables
   C

Variables with special functions

  Weight variable       WEIGHTS

Estimator                                                      MLR
Information matrix                                        OBSERVED
Optimization Specifications for the Quasi-Newton Algorithm for
Continuous Outcomes
  Maximum number of iterations                                1000
  Convergence criterion                                  0.100D-05
Optimization Specifications for the EM Algorithm
  Maximum number of iterations                                 500
  Convergence criteria
    Loglikelihood change                                 0.100D-06
    Relative loglikelihood change                        0.100D-06
    Derivative                                           0.100D-05
Optimization Specifications for the M step of the EM Algorithm for
Categorical Latent variables
  Number of M step iterations                                    1
  M step convergence criterion                           0.100D-05
  Basis for M step termination                           ITERATION
Optimization Specifications for the M step of the EM Algorithm for
Censored, Binary or Ordered Categorical (Ordinal), Unordered
Categorical (Nominal) and Count Outcomes
  Number of M step iterations                                    1
  M step convergence criterion                           0.100D-05
  Basis for M step termination                           ITERATION
  Maximum value for logit thresholds                            15
  Minimum value for logit thresholds                           -15
  Minimum expected cell size for chi-square              0.100D-01
Maximum number of iterations for H1                           2000
Convergence criterion for H1                             0.100D-03
Optimization algorithm                                         EMA
Link                                                         LOGIT

Input data file(s)
  ./Step1_MPlus_Outcomes.dat
Input data format  FREE


SUMMARY OF DATA

     Number of missing data patterns             2
     Number of y missing data patterns           0
     Number of u missing data patterns           2


COVARIANCE COVERAGE OF DATA

Minimum covariance coverage value   0.100


     PROPORTION OF DATA PRESENT FOR U


           Covariance Coverage
              ENDOCR
              ________
 ENDOCR         0.999


UNIVARIATE PROPORTIONS AND COUNTS FOR CATEGORICAL VARIABLES

    ENDOCR
      Category 1    0.860         4087.700
      Category 2    0.140          665.135
    N
      Category 1    0.147          697.398
      Category 2    0.174          826.813
      Category 3    0.106          502.744
      Category 4    0.117          555.320
      Category 5    0.229         1088.343
      Category 6    0.228         1085.381


SAMPLE STATISTICS


     SAMPLE STATISTICS


           Means
              FEMALE        AGE           PAT_INT       PAT_HIG       SELF_INT
              ________      ________      ________      ________      ________
                0.535        63.591         0.333         0.376         0.251


           Means
              SELF_HIG      EDU_UPP       EDU_TER       WEALTH_2      WEALTH_3
              ________      ________      ________      ________      ________
                0.346         0.569         0.169         0.340         0.357


           Means
              ENDOCR_4
              ________
                0.075


           Covariances
              FEMALE        AGE           PAT_INT       PAT_HIG       SELF_INT
              ________      ________      ________      ________      ________
 FEMALE         0.249
 AGE            0.261        65.126
 PAT_INT       -0.011        -0.029         0.222
 PAT_HIG        0.009        -0.154        -0.125         0.235
 SELF_INT       0.023         0.023         0.000         0.006         0.188
 SELF_HIG      -0.034        -0.444        -0.010         0.046        -0.087
 EDU_UPP       -0.004        -0.328         0.002         0.010         0.026
 EDU_TER       -0.023        -0.407        -0.014         0.037        -0.015
 WEALTH_2       0.001        -0.009         0.010        -0.009         0.005
 WEALTH_3      -0.011        -0.231        -0.018         0.057         0.013
 ENDOCR_4      -0.007         0.157         0.000        -0.007        -0.003


           Covariances
              SELF_HIG      EDU_UPP       EDU_TER       WEALTH_2      WEALTH_3
              ________      ________      ________      ________      ________
 SELF_HIG       0.226
 EDU_UPP       -0.008         0.245
 EDU_TER        0.071        -0.096         0.140
 WEALTH_2      -0.010         0.017        -0.012         0.225
 WEALTH_3       0.059         0.002         0.045        -0.121         0.229
 ENDOCR_4      -0.006        -0.003        -0.004         0.001        -0.008


           Covariances
              ENDOCR_4
              ________
 ENDOCR_4       0.070


           Correlations
              FEMALE        AGE           PAT_INT       PAT_HIG       SELF_INT
              ________      ________      ________      ________      ________
 FEMALE         1.000
 AGE            0.065         1.000
 PAT_INT       -0.045        -0.008         1.000
 PAT_HIG        0.039        -0.039        -0.549         1.000
 SELF_INT       0.107         0.007         0.001         0.030         1.000
 SELF_HIG      -0.145        -0.116        -0.044         0.199        -0.421
 EDU_UPP       -0.017        -0.082         0.010         0.040         0.120
 EDU_TER       -0.124        -0.135        -0.080         0.205        -0.094
 WEALTH_2       0.005        -0.002         0.045        -0.040         0.023
 WEALTH_3      -0.047        -0.060        -0.078         0.244         0.063
 ENDOCR_4      -0.053         0.074         0.004        -0.057        -0.025


           Correlations
              SELF_HIG      EDU_UPP       EDU_TER       WEALTH_2      WEALTH_3
              ________      ________      ________      ________      ________
 SELF_HIG       1.000
 EDU_UPP       -0.034         1.000
 EDU_TER        0.398        -0.517         1.000
 WEALTH_2      -0.044         0.074        -0.069         1.000
 WEALTH_3       0.258         0.008         0.251        -0.535         1.000
 ENDOCR_4      -0.048        -0.026        -0.038         0.011        -0.064


           Correlations
              ENDOCR_4
              ________
 ENDOCR_4       1.000


UNIVARIATE SAMPLE STATISTICS


     UNIVARIATE HIGHER-ORDER MOMENT DESCRIPTIVE STATISTICS

         Variable/         Mean/     Skewness/   Minimum/ % with                Percentiles
        Sample Size      Variance    Kurtosis    Maximum  Min/Max      20%/60%    40%/80%    Median

     FEMALE                0.535      -0.139       0.000   43.73%       0.000      0.000      1.000
            4756.000       0.249      -1.981       1.000   56.27%       1.000      1.000
     AGE                  63.591       0.607      33.000    0.02%      56.000     60.000     62.000
            4756.000      65.126      -0.423      99.000    0.02%      64.000     71.000
     PAT_INT               0.333       0.708       0.000   67.83%       0.000      0.000      0.000
            4756.000       0.222      -1.499       1.000   32.17%       0.000      1.000
     PAT_HIG               0.376       0.512       0.000   59.46%       0.000      0.000      0.000
            4756.000       0.235      -1.738       1.000   40.54%       1.000      1.000
     SELF_INT              0.251       1.147       0.000   73.82%       0.000      0.000      0.000
            4756.000       0.188      -0.684       1.000   26.18%       0.000      1.000
     SELF_HIG              0.346       0.649       0.000   60.74%       0.000      0.000      0.000
            4756.000       0.226      -1.579       1.000   39.26%       0.000      1.000
     EDU_UPP               0.569      -0.277       0.000   41.02%       0.000      0.000      1.000
            4756.000       0.245      -1.923       1.000   58.98%       1.000      1.000
     EDU_TER               0.169       1.771       0.000   79.10%       0.000      0.000      0.000
            4756.000       0.140       1.135       1.000   20.90%       0.000      1.000
     WEALTH_2              0.340       0.674       0.000   66.06%       0.000      0.000      0.000
            4756.000       0.225      -1.546       1.000   33.94%       0.000      1.000
     WEALTH_3              0.357       0.598       0.000   60.39%       0.000      0.000      0.000
            4756.000       0.229      -1.642       1.000   39.61%       0.000      1.000
     ENDOCR_4              0.075       3.214       0.000   92.98%       0.000      0.000      0.000
            4756.000       0.070       8.328       1.000    7.02%       0.000      0.000


THE MODEL ESTIMATION TERMINATED NORMALLY



MODEL FIT INFORMATION

Number of Free Parameters                       22

Loglikelihood

          H0 Value                       -9620.193
          H0 Scaling Correction Factor      1.2878
            for MLR

Information Criteria

          Akaike (AIC)                   19284.386
          Bayesian (BIC)                 19426.664
          Sample-Size Adjusted BIC       19356.756
            (n* = (n + 2) / 24)

Wald Test of Parameter Constraints

          Value                             51.068
          Degrees of Freedom                     5
          P-Value                           0.0000



FINAL CLASS COUNTS AND PROPORTIONS FOR THE LATENT CLASSES
BASED ON THE ESTIMATED MODEL

    Latent
   Classes

       1        704.09171          0.14804
       2        837.22452          0.17604
       3        525.36483          0.11046
       4        566.91160          0.11920
       5       1053.48174          0.22151
       6       1068.92561          0.22475


FINAL CLASS COUNTS AND PROPORTIONS FOR THE LATENT CLASSES
BASED ON ESTIMATED POSTERIOR PROBABILITIES

    Latent
   Classes

       1        704.09171          0.14804
       2        837.22452          0.17604
       3        525.36483          0.11046
       4        566.91160          0.11920
       5       1053.48174          0.22151
       6       1068.92561          0.22475


FINAL CLASS COUNTS AND PROPORTIONS FOR THE LATENT CLASSES
BASED ON THEIR MOST LIKELY LATENT CLASS MEMBERSHIP

Class Counts and Proportions

    Latent
   Classes

       1              697          0.14664
       2              827          0.17385
       3              503          0.10571
       4              555          0.11676
       5             1088          0.22884
       6             1085          0.22821


CLASSIFICATION QUALITY

     Entropy                         0.703


Average Latent Class Probabilities for Most Likely Latent Class Membership (Row)
by Latent Class (Column)

           1        2        3        4        5        6

    1   0.893    0.031    0.001    0.048    0.023    0.004
    2   0.028    0.881    0.003    0.012    0.047    0.029
    3   0.002    0.002    0.978    0.005    0.005    0.008
    4   0.055    0.014    0.009    0.867    0.037    0.019
    5   0.023    0.047    0.004    0.024    0.819    0.082
    6   0.002    0.025    0.019    0.012    0.078    0.865


Classification Probabilities for the Most Likely Latent Class Membership (Column)
by Latent Class (Row)

           1        2        3        4        5        6

    1   0.884    0.033    0.001    0.043    0.036    0.002
    2   0.026    0.870    0.001    0.009    0.062    0.032
    3   0.002    0.004    0.936    0.010    0.009    0.039
    4   0.059    0.017    0.005    0.849    0.046    0.024
    5   0.015    0.037    0.002    0.019    0.846    0.080
    6   0.002    0.023    0.004    0.010    0.083    0.878


Logits for the Classification Probabilities for the Most Likely Latent Class Membership (Column)
by Latent Class (Row)

              1        2        3        4        5        6

    1      5.933    2.650   -0.662    2.911    2.727    0.000
    2     -0.217    3.291   -3.355   -1.244    0.643    0.000
    3     -3.077   -2.194    3.177   -1.412   -1.438    0.000
    4      0.910   -0.301   -1.579    3.583    0.672    0.000
    5     -1.645   -0.770   -3.599   -1.414    2.360    0.000
    6     -5.931   -3.657   -5.427   -4.514   -2.354    0.000


MODEL RESULTS

                                                    Two-Tailed
                    Estimate       S.E.  Est./S.E.    P-Value

Latent Class 1

 ENDOCR     ON
    FEMALE            -0.499      0.127     -3.929      0.000
    AGE               -0.011      0.009     -1.247      0.212
    PAT_INT            0.230      0.152      1.511      0.131
    PAT_HIG           -0.033      0.167     -0.199      0.842
    SELF_INT          -0.196      0.161     -1.218      0.223
    SELF_HIG           0.039      0.166      0.232      0.816
    EDU_UPP            0.012      0.160      0.078      0.938
    EDU_TER           -0.236      0.234     -1.008      0.314
    WEALTH_2          -0.534      0.149     -3.587      0.000
    WEALTH_3          -0.499      0.175     -2.850      0.004
    ENDOCR_4           4.376      0.196     22.288      0.000

 Means
    N#1                5.933      0.000    999.000    999.000
    N#2                2.649      0.000    999.000    999.000
    N#3               -0.663      0.000    999.000    999.000
    N#4                2.911      0.000    999.000    999.000
    N#5                2.726      0.000    999.000    999.000

 Thresholds
    ENDOCR$1           2.068      0.616      3.360      0.001

Latent Class 2

 ENDOCR     ON
    FEMALE            -0.499      0.127     -3.929      0.000
    AGE               -0.011      0.009     -1.247      0.212
    PAT_INT            0.230      0.152      1.511      0.131
    PAT_HIG           -0.033      0.167     -0.199      0.842
    SELF_INT          -0.196      0.161     -1.218      0.223
    SELF_HIG           0.039      0.166      0.232      0.816
    EDU_UPP            0.012      0.160      0.078      0.938
    EDU_TER           -0.236      0.234     -1.008      0.314
    WEALTH_2          -0.534      0.149     -3.587      0.000
    WEALTH_3          -0.499      0.175     -2.850      0.004
    ENDOCR_4           4.376      0.196     22.288      0.000

 Means
    N#1               -0.217      0.000    999.000    999.000
    N#2                3.291      0.000    999.000    999.000
    N#3               -3.355      0.000    999.000    999.000
    N#4               -1.244      0.000    999.000    999.000
    N#5                0.642      0.000    999.000    999.000

 Thresholds
    ENDOCR$1           1.580      0.613      2.578      0.010

Latent Class 3

 ENDOCR     ON
    FEMALE            -0.499      0.127     -3.929      0.000
    AGE               -0.011      0.009     -1.247      0.212
    PAT_INT            0.230      0.152      1.511      0.131
    PAT_HIG           -0.033      0.167     -0.199      0.842
    SELF_INT          -0.196      0.161     -1.218      0.223
    SELF_HIG           0.039      0.166      0.232      0.816
    EDU_UPP            0.012      0.160      0.078      0.938
    EDU_TER           -0.236      0.234     -1.008      0.314
    WEALTH_2          -0.534      0.149     -3.587      0.000
    WEALTH_3          -0.499      0.175     -2.850      0.004
    ENDOCR_4           4.376      0.196     22.288      0.000

 Means
    N#1               -3.076      0.000    999.000    999.000
    N#2               -2.195      0.000    999.000    999.000
    N#3                3.177      0.000    999.000    999.000
    N#4               -1.410      0.000    999.000    999.000
    N#5               -1.438      0.000    999.000    999.000

 Thresholds
    ENDOCR$1           1.159      0.596      1.945      0.052

Latent Class 4

 ENDOCR     ON
    FEMALE            -0.499      0.127     -3.929      0.000
    AGE               -0.011      0.009     -1.247      0.212
    PAT_INT            0.230      0.152      1.511      0.131
    PAT_HIG           -0.033      0.167     -0.199      0.842
    SELF_INT          -0.196      0.161     -1.218      0.223
    SELF_HIG           0.039      0.166      0.232      0.816
    EDU_UPP            0.012      0.160      0.078      0.938
    EDU_TER           -0.236      0.234     -1.008      0.314
    WEALTH_2          -0.534      0.149     -3.587      0.000
    WEALTH_3          -0.499      0.175     -2.850      0.004
    ENDOCR_4           4.376      0.196     22.288      0.000

 Means
    N#1                0.910      0.000    999.000    999.000
    N#2               -0.302      0.000    999.000    999.000
    N#3               -1.580      0.000    999.000    999.000
    N#4                3.583      0.000    999.000    999.000
    N#5                0.671      0.000    999.000    999.000

 Thresholds
    ENDOCR$1           1.990      0.610      3.261      0.001

Latent Class 5

 ENDOCR     ON
    FEMALE            -0.499      0.127     -3.929      0.000
    AGE               -0.011      0.009     -1.247      0.212
    PAT_INT            0.230      0.152      1.511      0.131
    PAT_HIG           -0.033      0.167     -0.199      0.842
    SELF_INT          -0.196      0.161     -1.218      0.223
    SELF_HIG           0.039      0.166      0.232      0.816
    EDU_UPP            0.012      0.160      0.078      0.938
    EDU_TER           -0.236      0.234     -1.008      0.314
    WEALTH_2          -0.534      0.149     -3.587      0.000
    WEALTH_3          -0.499      0.175     -2.850      0.004
    ENDOCR_4           4.376      0.196     22.288      0.000

 Means
    N#1               -1.643      0.000    999.000    999.000
    N#2               -0.771      0.000    999.000    999.000
    N#3               -3.599      0.000    999.000    999.000
    N#4               -1.410      0.000    999.000    999.000
    N#5                2.360      0.000    999.000    999.000

 Thresholds
    ENDOCR$1           0.955      0.607      1.572      0.116

Latent Class 6

 ENDOCR     ON
    FEMALE            -0.499      0.127     -3.929      0.000
    AGE               -0.011      0.009     -1.247      0.212
    PAT_INT            0.230      0.152      1.511      0.131
    PAT_HIG           -0.033      0.167     -0.199      0.842
    SELF_INT          -0.196      0.161     -1.218      0.223
    SELF_HIG           0.039      0.166      0.232      0.816
    EDU_UPP            0.012      0.160      0.078      0.938
    EDU_TER           -0.236      0.234     -1.008      0.314
    WEALTH_2          -0.534      0.149     -3.587      0.000
    WEALTH_3          -0.499      0.175     -2.850      0.004
    ENDOCR_4           4.376      0.196     22.288      0.000

 Means
    N#1               -5.926      0.000    999.000    999.000
    N#2               -3.660      0.000    999.000    999.000
    N#3               -5.427      0.000    999.000    999.000
    N#4               -4.506      0.000    999.000    999.000
    N#5               -2.354      0.000    999.000    999.000

 Thresholds
    ENDOCR$1           0.564      0.624      0.904      0.366

Categorical Latent Variables

 Means
    C#1               -0.418      0.062     -6.759      0.000
    C#2               -0.244      0.061     -4.015      0.000
    C#3               -0.710      0.069    -10.238      0.000
    C#4               -0.634      0.070     -9.045      0.000
    C#5               -0.015      0.065     -0.223      0.824

New/Additional Parameters
    DIFF12             0.489      0.305      1.603      0.109
    DIFF13             0.910      0.299      3.039      0.002
    DIFF23             0.421      0.289      1.456      0.145
    DIFF14             0.078      0.325      0.240      0.810
    DIFF24            -0.411      0.312     -1.316      0.188
    DIFF34            -0.832      0.312     -2.662      0.008
    DIFF15             1.113      0.276      4.032      0.000
    DIFF16             1.504      0.262      5.744      0.000
    DIFF25             0.624      0.269      2.323      0.020
    DIFF26             1.015      0.253      4.021      0.000
    DIFF35             0.203      0.250      0.813      0.416
    DIFF36             0.594      0.239      2.487      0.013
    DIFF45             1.035      0.292      3.546      0.000
    DIFF46             1.426      0.279      5.117      0.000
    DIFF56             0.391      0.214      1.822      0.068


RESULTS IN PROBABILITY SCALE

                    Estimate

Latent Class 1

 ENDOCR
    Category 1         0.926
    Category 2         0.074

Latent Class 2

 ENDOCR
    Category 1         0.907
    Category 2         0.093

Latent Class 3

 ENDOCR
    Category 1         0.861
    Category 2         0.139

Latent Class 4

 ENDOCR
    Category 1         0.915
    Category 2         0.085

Latent Class 5

 ENDOCR
    Category 1         0.841
    Category 2         0.159

Latent Class 6

 ENDOCR
    Category 1         0.769
    Category 2         0.231


LOGISTIC REGRESSION ODDS RATIO RESULTS

                                                95% C.I.
                    Estimate       S.E.  Lower 2.5% Upper 2.5%

Latent Class 1

 ENDOCR     ON
    FEMALE             0.607      0.077      0.474      0.779
    AGE                0.989      0.009      0.973      1.006
    PAT_INT            1.258      0.191      0.934      1.695
    PAT_HIG            0.967      0.161      0.698      1.341
    SELF_INT           0.822      0.132      0.600      1.127
    SELF_HIG           1.039      0.173      0.751      1.439
    EDU_UPP            1.012      0.162      0.741      1.384
    EDU_TER            0.790      0.185      0.499      1.250
    WEALTH_2           0.586      0.087      0.438      0.785
    WEALTH_3           0.607      0.106      0.431      0.856
    ENDOCR_4          79.482     15.604     54.096    116.782

Latent Class 2

 ENDOCR     ON
    FEMALE             0.607      0.077      0.474      0.779
    AGE                0.989      0.009      0.973      1.006
    PAT_INT            1.258      0.191      0.934      1.695
    PAT_HIG            0.967      0.161      0.698      1.341
    SELF_INT           0.822      0.132      0.600      1.127
    SELF_HIG           1.039      0.173      0.751      1.439
    EDU_UPP            1.012      0.162      0.741      1.384
    EDU_TER            0.790      0.185      0.499      1.250
    WEALTH_2           0.586      0.087      0.438      0.785
    WEALTH_3           0.607      0.106      0.431      0.856
    ENDOCR_4          79.482     15.604     54.096    116.782

Latent Class 3

 ENDOCR     ON
    FEMALE             0.607      0.077      0.474      0.779
    AGE                0.989      0.009      0.973      1.006
    PAT_INT            1.258      0.191      0.934      1.695
    PAT_HIG            0.967      0.161      0.698      1.341
    SELF_INT           0.822      0.132      0.600      1.127
    SELF_HIG           1.039      0.173      0.751      1.439
    EDU_UPP            1.012      0.162      0.741      1.384
    EDU_TER            0.790      0.185      0.499      1.250
    WEALTH_2           0.586      0.087      0.438      0.785
    WEALTH_3           0.607      0.106      0.431      0.856
    ENDOCR_4          79.482     15.604     54.096    116.782

Latent Class 4

 ENDOCR     ON
    FEMALE             0.607      0.077      0.474      0.779
    AGE                0.989      0.009      0.973      1.006
    PAT_INT            1.258      0.191      0.934      1.695
    PAT_HIG            0.967      0.161      0.698      1.341
    SELF_INT           0.822      0.132      0.600      1.127
    SELF_HIG           1.039      0.173      0.751      1.439
    EDU_UPP            1.012      0.162      0.741      1.384
    EDU_TER            0.790      0.185      0.499      1.250
    WEALTH_2           0.586      0.087      0.438      0.785
    WEALTH_3           0.607      0.106      0.431      0.856
    ENDOCR_4          79.482     15.604     54.096    116.782

Latent Class 5

 ENDOCR     ON
    FEMALE             0.607      0.077      0.474      0.779
    AGE                0.989      0.009      0.973      1.006
    PAT_INT            1.258      0.191      0.934      1.695
    PAT_HIG            0.967      0.161      0.698      1.341
    SELF_INT           0.822      0.132      0.600      1.127
    SELF_HIG           1.039      0.173      0.751      1.439
    EDU_UPP            1.012      0.162      0.741      1.384
    EDU_TER            0.790      0.185      0.499      1.250
    WEALTH_2           0.586      0.087      0.438      0.785
    WEALTH_3           0.607      0.106      0.431      0.856
    ENDOCR_4          79.482     15.604     54.096    116.782

Latent Class 6

 ENDOCR     ON
    FEMALE             0.607      0.077      0.474      0.779
    AGE                0.989      0.009      0.973      1.006
    PAT_INT            1.258      0.191      0.934      1.695
    PAT_HIG            0.967      0.161      0.698      1.341
    SELF_INT           0.822      0.132      0.600      1.127
    SELF_HIG           1.039      0.173      0.751      1.439
    EDU_UPP            1.012      0.162      0.741      1.384
    EDU_TER            0.790      0.185      0.499      1.250
    WEALTH_2           0.586      0.087      0.438      0.785
    WEALTH_3           0.607      0.106      0.431      0.856
    ENDOCR_4          79.482     15.604     54.096    116.782


QUALITY OF NUMERICAL RESULTS

     Condition Number for the Information Matrix              0.525E-06
       (ratio of smallest to largest eigenvalue)


RESIDUAL OUTPUT


     ESTIMATED MODEL AND RESIDUALS (OBSERVED - ESTIMATED) FOR CLASS 1


           Model Estimated Means
              FEMALE        AGE           PAT_INT       PAT_HIG       SELF_INT
              ________      ________      ________      ________      ________
                0.382        62.155         0.303         0.470         0.246


           Model Estimated Means
              SELF_HIG      EDU_UPP       EDU_TER       WEALTH_2      WEALTH_3
              ________      ________      ________      ________      ________
                0.490         0.565         0.286         0.299         0.552


           Model Estimated Means
              ENDOCR_4
              ________
                0.055


           Residuals for Means
              FEMALE        AGE           PAT_INT       PAT_HIG       SELF_INT
              ________      ________      ________      ________      ________
                0.000         0.000         0.000         0.000         0.000


           Residuals for Means
              SELF_HIG      EDU_UPP       EDU_TER       WEALTH_2      WEALTH_3
              ________      ________      ________      ________      ________
                0.000         0.000         0.000         0.000         0.000


           Residuals for Means
              ENDOCR_4
              ________
                0.000


           Model Estimated Covariances
              FEMALE        AGE           PAT_INT       PAT_HIG       SELF_INT
              ________      ________      ________      ________      ________
 FEMALE         0.236
 AGE            0.018        51.342
 PAT_INT        0.000         0.000         0.211
 PAT_HIG        0.029         0.062         0.000         0.249
 SELF_INT       0.021         0.063         0.000         0.000         0.185
 SELF_HIG       0.000         0.000         0.000         0.041         0.000
 EDU_UPP        0.008         0.000         0.017         0.000         0.028
 EDU_TER        0.000         0.000         0.000         0.043         0.000
 WEALTH_2       0.000         0.000         0.009         0.000         0.006
 WEALTH_3       0.012         0.097         0.000         0.060         0.000
 ENDOCR_4       0.000         0.048         0.004         0.000         0.002


           Model Estimated Covariances
              SELF_HIG      EDU_UPP       EDU_TER       WEALTH_2      WEALTH_3
              ________      ________      ________      ________      ________
 SELF_HIG       0.250
 EDU_UPP        0.000         0.246
 EDU_TER        0.091         0.000         0.204
 WEALTH_2       0.000         0.023         0.000         0.210
 WEALTH_3       0.072         0.000         0.067         0.000         0.247
 ENDOCR_4       0.000         0.000         0.000         0.004         0.000


           Model Estimated Covariances
              ENDOCR_4
              ________
 ENDOCR_4       0.052


           Residuals for Covariances
              FEMALE        AGE           PAT_INT       PAT_HIG       SELF_INT
              ________      ________      ________      ________      ________
 FEMALE         0.000
 AGE            0.000         0.000
 PAT_INT        0.000         0.000         0.000
 PAT_HIG        0.000         0.000         0.000         0.000
 SELF_INT       0.000         0.000         0.000         0.000         0.000
 SELF_HIG       0.000         0.000         0.000         0.000         0.000
 EDU_UPP        0.000         0.000         0.000         0.000         0.000
 EDU_TER        0.000         0.000         0.000         0.000         0.000
 WEALTH_2       0.000         0.000         0.000         0.000         0.000
 WEALTH_3       0.000         0.000         0.000         0.000         0.000
 ENDOCR_4       0.000         0.000         0.000         0.000         0.000


           Residuals for Covariances
              SELF_HIG      EDU_UPP       EDU_TER       WEALTH_2      WEALTH_3
              ________      ________      ________      ________      ________
 SELF_HIG       0.000
 EDU_UPP        0.000         0.000
 EDU_TER        0.000         0.000         0.000
 WEALTH_2       0.000         0.000         0.000         0.000
 WEALTH_3       0.000         0.000         0.000         0.000         0.000
 ENDOCR_4       0.000         0.000         0.000         0.000         0.000


           Residuals for Covariances
              ENDOCR_4
              ________
 ENDOCR_4       0.000


     ESTIMATED MODEL AND RESIDUALS (OBSERVED - ESTIMATED) FOR CLASS 2


           Model Estimated Means
              FEMALE        AGE           PAT_INT       PAT_HIG       SELF_INT
              ________      ________      ________      ________      ________
                0.539        62.214         0.341         0.405         0.284


           Model Estimated Means
              SELF_HIG      EDU_UPP       EDU_TER       WEALTH_2      WEALTH_3
              ________      ________      ________      ________      ________
                0.382         0.587         0.224         0.361         0.456


           Model Estimated Means
              ENDOCR_4
              ________
                0.053


           Residuals for Means
              FEMALE        AGE           PAT_INT       PAT_HIG       SELF_INT
              ________      ________      ________      ________      ________
                0.000         0.000         0.000         0.000         0.000


           Residuals for Means
              SELF_HIG      EDU_UPP       EDU_TER       WEALTH_2      WEALTH_3
              ________      ________      ________      ________      ________
                0.000         0.000         0.000         0.000         0.000


           Residuals for Means
              ENDOCR_4
              ________
                0.000


           Model Estimated Covariances
              FEMALE        AGE           PAT_INT       PAT_HIG       SELF_INT
              ________      ________      ________      ________      ________
 FEMALE         0.248
 AGE            0.000        49.017
 PAT_INT        0.000         0.062         0.225
 PAT_HIG        0.021         0.000         0.000         0.241
 SELF_INT       0.018         0.020         0.006         0.000         0.203
 SELF_HIG       0.000         0.000         0.000         0.038         0.000
 EDU_UPP        0.002         0.000         0.000         0.005         0.032
 EDU_TER        0.000         0.000         0.000         0.036         0.000
 WEALTH_2       0.000         0.218         0.014         0.000         0.005
 WEALTH_3       0.009         0.000         0.000         0.043         0.004
 ENDOCR_4       0.000         0.107         0.004         0.000         0.000


           Model Estimated Covariances
              SELF_HIG      EDU_UPP       EDU_TER       WEALTH_2      WEALTH_3
              ________      ________      ________      ________      ________
 SELF_HIG       0.236
 EDU_UPP        0.000         0.242
 EDU_TER        0.090         0.000         0.174
 WEALTH_2       0.000         0.006         0.000         0.231
 WEALTH_3       0.052         0.000         0.036         0.000         0.248
 ENDOCR_4       0.000         0.000         0.000         0.000         0.000


           Model Estimated Covariances
              ENDOCR_4
              ________
 ENDOCR_4       0.051


           Residuals for Covariances
              FEMALE        AGE           PAT_INT       PAT_HIG       SELF_INT
              ________      ________      ________      ________      ________
 FEMALE         0.000
 AGE            0.000         0.000
 PAT_INT        0.000         0.000         0.000
 PAT_HIG        0.000         0.000         0.000         0.000
 SELF_INT       0.000         0.000         0.000         0.000         0.000
 SELF_HIG       0.000         0.000         0.000         0.000         0.000
 EDU_UPP        0.000         0.000         0.000         0.000         0.000
 EDU_TER        0.000         0.000         0.000         0.000         0.000
 WEALTH_2       0.000         0.000         0.000         0.000         0.000
 WEALTH_3       0.000         0.000         0.000         0.000         0.000
 ENDOCR_4       0.000         0.000         0.000         0.000         0.000


           Residuals for Covariances
              SELF_HIG      EDU_UPP       EDU_TER       WEALTH_2      WEALTH_3
              ________      ________      ________      ________      ________
 SELF_HIG       0.000
 EDU_UPP        0.000         0.000
 EDU_TER        0.000         0.000         0.000
 WEALTH_2       0.000         0.000         0.000         0.000
 WEALTH_3       0.000         0.000         0.000         0.000         0.000
 ENDOCR_4       0.000         0.000         0.000         0.000         0.000


           Residuals for Covariances
              ENDOCR_4
              ________
 ENDOCR_4       0.000


     ESTIMATED MODEL AND RESIDUALS (OBSERVED - ESTIMATED) FOR CLASS 3


           Model Estimated Means
              FEMALE        AGE           PAT_INT       PAT_HIG       SELF_INT
              ________      ________      ________      ________      ________
                0.553        60.921         0.402         0.244         0.220


           Model Estimated Means
              SELF_HIG      EDU_UPP       EDU_TER       WEALTH_2      WEALTH_3
              ________      ________      ________      ________      ________
                0.253         0.518         0.092         0.300         0.207


           Model Estimated Means
              ENDOCR_4
              ________
                0.055


           Residuals for Means
              FEMALE        AGE           PAT_INT       PAT_HIG       SELF_INT
              ________      ________      ________      ________      ________
                0.000         0.000         0.000         0.000         0.000


           Residuals for Means
              SELF_HIG      EDU_UPP       EDU_TER       WEALTH_2      WEALTH_3
              ________      ________      ________      ________      ________
                0.000         0.000         0.000         0.000         0.000


           Residuals for Means
              ENDOCR_4
              ________
                0.000


           Model Estimated Covariances
              FEMALE        AGE           PAT_INT       PAT_HIG       SELF_INT
              ________      ________      ________      ________      ________
 FEMALE         0.247
 AGE            0.224        49.737
 PAT_INT        0.010         0.023         0.240
 PAT_HIG        0.000         0.005         0.000         0.184
 SELF_INT       0.017         0.036         0.007         0.004         0.171
 SELF_HIG       0.000         0.000         0.002         0.029         0.000
 EDU_UPP        0.000         0.000         0.010         0.016         0.012
 EDU_TER        0.000         0.000         0.000         0.022         0.000
 WEALTH_2       0.014         0.000         0.014         0.000         0.012
 WEALTH_3       0.000         0.000         0.000         0.044         0.007
 ENDOCR_4       0.000         0.150         0.003         0.000         0.000


           Model Estimated Covariances
              SELF_HIG      EDU_UPP       EDU_TER       WEALTH_2      WEALTH_3
              ________      ________      ________      ________      ________
 SELF_HIG       0.189
 EDU_UPP        0.033         0.250
 EDU_TER        0.037         0.000         0.084
 WEALTH_2       0.000         0.009         0.000         0.210
 WEALTH_3       0.048         0.007         0.032         0.000         0.164
 ENDOCR_4       0.000         0.000         0.000         0.006         0.001


           Model Estimated Covariances
              ENDOCR_4
              ________
 ENDOCR_4       0.052


           Residuals for Covariances
              FEMALE        AGE           PAT_INT       PAT_HIG       SELF_INT
              ________      ________      ________      ________      ________
 FEMALE         0.000
 AGE            0.000         0.000
 PAT_INT        0.000         0.000         0.000
 PAT_HIG        0.000         0.000         0.000         0.000
 SELF_INT       0.000         0.000         0.000         0.000         0.000
 SELF_HIG       0.000         0.000         0.000         0.000         0.000
 EDU_UPP        0.000         0.000         0.000         0.000         0.000
 EDU_TER        0.000         0.000         0.000         0.000         0.000
 WEALTH_2       0.000         0.000         0.000         0.000         0.000
 WEALTH_3       0.000         0.000         0.000         0.000         0.000
 ENDOCR_4       0.000         0.000         0.000         0.000         0.000


           Residuals for Covariances
              SELF_HIG      EDU_UPP       EDU_TER       WEALTH_2      WEALTH_3
              ________      ________      ________      ________      ________
 SELF_HIG       0.000
 EDU_UPP        0.000         0.000
 EDU_TER        0.000         0.000         0.000
 WEALTH_2       0.000         0.000         0.000         0.000
 WEALTH_3       0.000         0.000         0.000         0.000         0.000
 ENDOCR_4       0.000         0.000         0.000         0.000         0.000


           Residuals for Covariances
              ENDOCR_4
              ________
 ENDOCR_4       0.000


     ESTIMATED MODEL AND RESIDUALS (OBSERVED - ESTIMATED) FOR CLASS 4


           Model Estimated Means
              FEMALE        AGE           PAT_INT       PAT_HIG       SELF_INT
              ________      ________      ________      ________      ________
                0.323        62.465         0.297         0.445         0.235


           Model Estimated Means
              SELF_HIG      EDU_UPP       EDU_TER       WEALTH_2      WEALTH_3
              ________      ________      ________      ________      ________
                0.450         0.587         0.243         0.330         0.425


           Model Estimated Means
              ENDOCR_4
              ________
                0.063


           Residuals for Means
              FEMALE        AGE           PAT_INT       PAT_HIG       SELF_INT
              ________      ________      ________      ________      ________
                0.000         0.000         0.000         0.000         0.000


           Residuals for Means
              SELF_HIG      EDU_UPP       EDU_TER       WEALTH_2      WEALTH_3
              ________      ________      ________      ________      ________
                0.000         0.000         0.000         0.000         0.000


           Residuals for Means
              ENDOCR_4
              ________
                0.000


           Model Estimated Covariances
              FEMALE        AGE           PAT_INT       PAT_HIG       SELF_INT
              ________      ________      ________      ________      ________
 FEMALE         0.219
 AGE            0.174        56.126
 PAT_INT        0.000         0.067         0.209
 PAT_HIG        0.007         0.000         0.000         0.247
 SELF_INT       0.039         0.000         0.005         0.003         0.180
 SELF_HIG       0.000         0.000         0.000         0.065         0.000
 EDU_UPP        0.006         0.000         0.010         0.000         0.018
 EDU_TER        0.000         0.000         0.000         0.047         0.000
 WEALTH_2       0.000         0.000         0.002         0.000         0.001
 WEALTH_3       0.000         0.000         0.000         0.067         0.000
 ENDOCR_4       0.000         0.182         0.000         0.000         0.001


           Model Estimated Covariances
              SELF_HIG      EDU_UPP       EDU_TER       WEALTH_2      WEALTH_3
              ________      ________      ________      ________      ________
 SELF_HIG       0.248
 EDU_UPP        0.000         0.242
 EDU_TER        0.084         0.000         0.184
 WEALTH_2       0.000         0.022         0.000         0.221
 WEALTH_3       0.061         0.000         0.051         0.000         0.244
 ENDOCR_4       0.000         0.000         0.000         0.000         0.000


           Model Estimated Covariances
              ENDOCR_4
              ________
 ENDOCR_4       0.059


           Residuals for Covariances
              FEMALE        AGE           PAT_INT       PAT_HIG       SELF_INT
              ________      ________      ________      ________      ________
 FEMALE         0.000
 AGE            0.000         0.000
 PAT_INT        0.000         0.000         0.000
 PAT_HIG        0.000         0.000         0.000         0.000
 SELF_INT       0.000         0.000         0.000         0.000         0.000
 SELF_HIG       0.000         0.000         0.000         0.000         0.000
 EDU_UPP        0.000         0.000         0.000         0.000         0.000
 EDU_TER        0.000         0.000         0.000         0.000         0.000
 WEALTH_2       0.000         0.000         0.000         0.000         0.000
 WEALTH_3       0.000         0.000         0.000         0.000         0.000
 ENDOCR_4       0.000         0.000         0.000         0.000         0.000


           Residuals for Covariances
              SELF_HIG      EDU_UPP       EDU_TER       WEALTH_2      WEALTH_3
              ________      ________      ________      ________      ________
 SELF_HIG       0.000
 EDU_UPP        0.000         0.000
 EDU_TER        0.000         0.000         0.000
 WEALTH_2       0.000         0.000         0.000         0.000
 WEALTH_3       0.000         0.000         0.000         0.000         0.000
 ENDOCR_4       0.000         0.000         0.000         0.000         0.000


           Residuals for Covariances
              ENDOCR_4
              ________
 ENDOCR_4       0.000


     ESTIMATED MODEL AND RESIDUALS (OBSERVED - ESTIMATED) FOR CLASS 5


           Model Estimated Means
              FEMALE        AGE           PAT_INT       PAT_HIG       SELF_INT
              ________      ________      ________      ________      ________
                0.585        65.225         0.317         0.385         0.265


           Model Estimated Means
              SELF_HIG      EDU_UPP       EDU_TER       WEALTH_2      WEALTH_3
              ________      ________      ________      ________      ________
                0.311         0.601         0.128         0.358         0.312


           Model Estimated Means
              ENDOCR_4
              ________
                0.079


           Residuals for Means
              FEMALE        AGE           PAT_INT       PAT_HIG       SELF_INT
              ________      ________      ________      ________      ________
                0.000         0.000         0.000         0.000         0.000


           Residuals for Means
              SELF_HIG      EDU_UPP       EDU_TER       WEALTH_2      WEALTH_3
              ________      ________      ________      ________      ________
                0.000         0.000         0.000         0.000         0.000


           Residuals for Means
              ENDOCR_4
              ________
                0.000


           Model Estimated Covariances
              FEMALE        AGE           PAT_INT       PAT_HIG       SELF_INT
              ________      ________      ________      ________      ________
 FEMALE         0.243
 AGE            0.094        72.421
 PAT_INT        0.000         0.000         0.217
 PAT_HIG        0.018         0.000         0.000         0.237
 SELF_INT       0.026         0.010         0.000         0.012         0.195
 SELF_HIG       0.000         0.000         0.000         0.036         0.000
 EDU_UPP        0.000         0.000         0.001         0.018         0.028
 EDU_TER        0.000         0.000         0.000         0.029         0.000
 WEALTH_2       0.000         0.000         0.008         0.000         0.000
 WEALTH_3       0.001         0.000         0.000         0.052         0.028
 ENDOCR_4       0.000         0.093         0.003         0.000         0.000


           Model Estimated Covariances
              SELF_HIG      EDU_UPP       EDU_TER       WEALTH_2      WEALTH_3
              ________      ________      ________      ________      ________
 SELF_HIG       0.214
 EDU_UPP        0.000         0.240
 EDU_TER        0.054         0.000         0.111
 WEALTH_2       0.004         0.021         0.000         0.230
 WEALTH_3       0.044         0.010         0.030         0.000         0.215
 ENDOCR_4       0.000         0.000         0.000         0.000         0.000


           Model Estimated Covariances
              ENDOCR_4
              ________
 ENDOCR_4       0.073


           Residuals for Covariances
              FEMALE        AGE           PAT_INT       PAT_HIG       SELF_INT
              ________      ________      ________      ________      ________
 FEMALE         0.000
 AGE            0.000         0.000
 PAT_INT        0.000         0.000         0.000
 PAT_HIG        0.000         0.000         0.000         0.000
 SELF_INT       0.000         0.000         0.000         0.000         0.000
 SELF_HIG       0.000         0.000         0.000         0.000         0.000
 EDU_UPP        0.000         0.000         0.000         0.000         0.000
 EDU_TER        0.000         0.000         0.000         0.000         0.000
 WEALTH_2       0.000         0.000         0.000         0.000         0.000
 WEALTH_3       0.000         0.000         0.000         0.000         0.000
 ENDOCR_4       0.000         0.000         0.000         0.000         0.000


           Residuals for Covariances
              SELF_HIG      EDU_UPP       EDU_TER       WEALTH_2      WEALTH_3
              ________      ________      ________      ________      ________
 SELF_HIG       0.000
 EDU_UPP        0.000         0.000
 EDU_TER        0.000         0.000         0.000
 WEALTH_2       0.000         0.000         0.000         0.000
 WEALTH_3       0.000         0.000         0.000         0.000         0.000
 ENDOCR_4       0.000         0.000         0.000         0.000         0.000


           Residuals for Covariances
              ENDOCR_4
              ________
 ENDOCR_4       0.000


     ESTIMATED MODEL AND RESIDUALS (OBSERVED - ESTIMATED) FOR CLASS 6


           Model Estimated Means
              FEMALE        AGE           PAT_INT       PAT_HIG       SELF_INT
              ________      ________      ________      ________      ________
                0.686        65.915         0.347         0.311         0.240


           Model Estimated Means
              SELF_HIG      EDU_UPP       EDU_TER       WEALTH_2      WEALTH_3
              ________      ________      ________      ________      ________
                0.247         0.539         0.086         0.359         0.232


           Model Estimated Means
              ENDOCR_4
              ________
                0.120


           Residuals for Means
              FEMALE        AGE           PAT_INT       PAT_HIG       SELF_INT
              ________      ________      ________      ________      ________
                0.000         0.000         0.000         0.000         0.000


           Residuals for Means
              SELF_HIG      EDU_UPP       EDU_TER       WEALTH_2      WEALTH_3
              ________      ________      ________      ________      ________
                0.000         0.000         0.000         0.000         0.000


           Residuals for Means
              ENDOCR_4
              ________
                0.000


           Model Estimated Covariances
              FEMALE        AGE           PAT_INT       PAT_HIG       SELF_INT
              ________      ________      ________      ________      ________
 FEMALE         0.216
 AGE            0.204        76.920
 PAT_INT        0.000         0.100         0.227
 PAT_HIG        0.023         0.000         0.000         0.214
 SELF_INT       0.018         0.026         0.000         0.015         0.182
 SELF_HIG       0.000         0.000         0.000         0.037         0.000
 EDU_UPP        0.000         0.000         0.000         0.026         0.027
 EDU_TER        0.000         0.000         0.000         0.023         0.000
 WEALTH_2       0.005         0.000         0.012         0.004         0.007
 WEALTH_3       0.000         0.000         0.000         0.036         0.023
 ENDOCR_4       0.000         0.134         0.000         0.000         0.000


           Model Estimated Covariances
              SELF_HIG      EDU_UPP       EDU_TER       WEALTH_2      WEALTH_3
              ________      ________      ________      ________      ________
 SELF_HIG       0.186
 EDU_UPP        0.024         0.248
 EDU_TER        0.039         0.000         0.079
 WEALTH_2       0.002         0.018         0.000         0.230
 WEALTH_3       0.029         0.015         0.016         0.000         0.178
 ENDOCR_4       0.000         0.000         0.000         0.003         0.000


           Model Estimated Covariances
              ENDOCR_4
              ________
 ENDOCR_4       0.106


           Residuals for Covariances
              FEMALE        AGE           PAT_INT       PAT_HIG       SELF_INT
              ________      ________      ________      ________      ________
 FEMALE         0.000
 AGE            0.000         0.000
 PAT_INT        0.000         0.000         0.000
 PAT_HIG        0.000         0.000         0.000         0.000
 SELF_INT       0.000         0.000         0.000         0.000         0.000
 SELF_HIG       0.000         0.000         0.000         0.000         0.000
 EDU_UPP        0.000         0.000         0.000         0.000         0.000
 EDU_TER        0.000         0.000         0.000         0.000         0.000
 WEALTH_2       0.000         0.000         0.000         0.000         0.000
 WEALTH_3       0.000         0.000         0.000         0.000         0.000
 ENDOCR_4       0.000         0.000         0.000         0.000         0.000


           Residuals for Covariances
              SELF_HIG      EDU_UPP       EDU_TER       WEALTH_2      WEALTH_3
              ________      ________      ________      ________      ________
 SELF_HIG       0.000
 EDU_UPP        0.000         0.000
 EDU_TER        0.000         0.000         0.000
 WEALTH_2       0.000         0.000         0.000         0.000
 WEALTH_3       0.000         0.000         0.000         0.000         0.000
 ENDOCR_4       0.000         0.000         0.000         0.000         0.000


           Residuals for Covariances
              ENDOCR_4
              ________
 ENDOCR_4       0.000


     UNIVARIATE DISTRIBUTION FIT FOR CLASS 1

     Variable          Observed      Estimated      Residual (Obs.-Est.)    Stand. Residual
     N
       Category 0        0.884          0.884                  0.000               -0.004
       Category 1        0.033          0.033                  0.000                0.003
       Category 2        0.001          0.001                  0.000                0.000
       Category 3        0.043          0.043                  0.000                0.000
       Category 4        0.036          0.036                  0.000                0.005
       Category 5        0.002          0.002                  0.000               -0.001


     UNIVARIATE DISTRIBUTION FIT FOR CLASS 2

     Variable          Observed      Estimated      Residual (Obs.-Est.)    Stand. Residual
     N
       Category 0        0.026          0.026                  0.000               -0.002
       Category 1        0.870          0.870                  0.000                0.000
       Category 2        0.001          0.001                  0.000                0.000
       Category 3        0.009          0.009                  0.000               -0.002
       Category 4        0.062          0.062                  0.000                0.003
       Category 5        0.032          0.032                  0.000               -0.002


     UNIVARIATE DISTRIBUTION FIT FOR CLASS 3

     Variable          Observed      Estimated      Residual (Obs.-Est.)    Stand. Residual
     N
       Category 0        0.002          0.002                  0.000               -0.002
       Category 1        0.004          0.004                  0.000                0.001
       Category 2        0.936          0.936                  0.000                0.003
       Category 3        0.010          0.010                  0.000               -0.005
       Category 4        0.009          0.009                  0.000                0.000
       Category 5        0.039          0.039                  0.000               -0.001


     UNIVARIATE DISTRIBUTION FIT FOR CLASS 4

     Variable          Observed      Estimated      Residual (Obs.-Est.)    Stand. Residual
     N
       Category 0        0.059          0.059                  0.000                0.000
       Category 1        0.017          0.017                  0.000                0.001
       Category 2        0.005          0.005                  0.000                0.001
       Category 3        0.849          0.849                  0.000               -0.002
       Category 4        0.046          0.046                  0.000                0.005
       Category 5        0.024          0.024                  0.000               -0.002


     UNIVARIATE DISTRIBUTION FIT FOR CLASS 5

     Variable          Observed      Estimated      Residual (Obs.-Est.)    Stand. Residual
     N
       Category 0        0.015          0.015                  0.000               -0.010
       Category 1        0.037          0.037                  0.000                0.008
       Category 2        0.002          0.002                  0.000                0.000
       Category 3        0.019          0.020                  0.000               -0.018
       Category 4        0.846          0.846                  0.000                0.007
       Category 5        0.080          0.080                  0.000               -0.001


     UNIVARIATE DISTRIBUTION FIT FOR CLASS 6

     Variable          Observed      Estimated      Residual (Obs.-Est.)    Stand. Residual
     N
       Category 0        0.002          0.002                  0.000               -0.007
       Category 1        0.023          0.023                  0.000                0.016
       Category 2        0.004          0.004                  0.000                0.001
       Category 3        0.010          0.010                  0.000               -0.026
       Category 4        0.083          0.083                  0.000                0.002
       Category 5        0.878          0.878                  0.000               -0.001


     UNIVARIATE DISTRIBUTION FIT FOR CLASS 1

     Variable          Observed      Estimated      Residual (Obs.-Est.)    Stand. Residual
     ENDOCR
       Category 1        0.926          0.926                  0.000                0.000
       Category 2        0.074          0.074                  0.000                0.000


     UNIVARIATE DISTRIBUTION FIT FOR CLASS 2

     Variable          Observed      Estimated      Residual (Obs.-Est.)    Stand. Residual
     ENDOCR
       Category 1        0.907          0.907                  0.000                0.000
       Category 2        0.093          0.093                  0.000                0.000


     UNIVARIATE DISTRIBUTION FIT FOR CLASS 3

     Variable          Observed      Estimated      Residual (Obs.-Est.)    Stand. Residual
     ENDOCR
       Category 1        0.861          0.861                  0.000                0.000
       Category 2        0.139          0.139                  0.000                0.000


     UNIVARIATE DISTRIBUTION FIT FOR CLASS 4

     Variable          Observed      Estimated      Residual (Obs.-Est.)    Stand. Residual
     ENDOCR
       Category 1        0.915          0.915                  0.000                0.000
       Category 2        0.085          0.085                  0.000                0.000


     UNIVARIATE DISTRIBUTION FIT FOR CLASS 5

     Variable          Observed      Estimated      Residual (Obs.-Est.)    Stand. Residual
     ENDOCR
       Category 1        0.841          0.841                  0.000               -0.004
       Category 2        0.159          0.159                  0.000                0.004


     UNIVARIATE DISTRIBUTION FIT FOR CLASS 6

     Variable          Observed      Estimated      Residual (Obs.-Est.)    Stand. Residual
     ENDOCR
       Category 1        0.769          0.769                  0.000               -0.002
       Category 2        0.231          0.231                  0.000                0.002


     Beginning Time:  10:20:08
        Ending Time:  10:20:09
       Elapsed Time:  00:00:01



MUTHEN & MUTHEN
3463 Stoner Ave.
Los Angeles, CA  90066

Tel: (310) 391-9971
Fax: (310) 391-8971
Web: www.StatModel.com
Support: Support@StatModel.com

Copyright (c) 1998-2020 Muthen & Muthen
